<?xml version="1.0" encoding="utf-8"?>
<test-run id="2" testcasecount="120" result="Failed(Child)" total="120" passed="109" failed="11" inconclusive="0" skipped="0" asserts="0" engine-version="3.5.0.0" clr-version="4.0.30319.42000" start-time="2025-10-14 02:23:02Z" end-time="2025-10-14 02:23:04Z" duration="1.9782874">
  <test-suite type="TestSuite" id="1169" name="TWG-MetVanDamn" fullname="TWG-MetVanDamn" runstate="Runnable" testcasecount="120" result="Failed" site="Child" start-time="2025-10-14 02:23:02Z" end-time="2025-10-14 02:23:04Z" duration="1.978287" total="120" passed="109" failed="11" inconclusive="0" skipped="0" asserts="0">
    <properties>
      <property name="platform" value="PlayMode" />
    </properties>
    <failure>
      <message><![CDATA[One or more child tests had errors]]></message>
    </failure>
    <test-suite type="Assembly" id="1013" name="TinyWalnutGames.MetVD.Biome.Tests.dll" fullname="E:/Tiny_Walnut_Games/TWG-MetVanDamn/Library/ScriptAssemblies/TinyWalnutGames.MetVD.Biome.Tests.dll" runstate="Runnable" testcasecount="10" result="Failed" site="Child" start-time="2025-10-14 02:23:02Z" end-time="2025-10-14 02:23:02Z" duration="0.237225" total="10" passed="3" failed="7" inconclusive="0" skipped="0" asserts="0">
      <properties>
        <property name="_PID" value="84052" />
        <property name="_APPDOMAIN" value="Unity Child Domain" />
        <property name="platform" value="PlayMode" />
        <property name="EditorOnly" value="False" />
      </properties>
      <failure>
        <message><![CDATA[One or more child tests had errors]]></message>
      </failure>
      <test-suite type="TestSuite" id="1014" name="TinyWalnutGames" fullname="TinyWalnutGames" runstate="Runnable" testcasecount="10" result="Failed" site="Child" start-time="2025-10-14 02:23:02Z" end-time="2025-10-14 02:23:02Z" duration="0.229003" total="10" passed="3" failed="7" inconclusive="0" skipped="0" asserts="0">
        <properties />
        <failure>
          <message><![CDATA[One or more child tests had errors]]></message>
        </failure>
        <test-suite type="TestSuite" id="1015" name="MetVD" fullname="TinyWalnutGames.MetVD" runstate="Runnable" testcasecount="10" result="Failed" site="Child" start-time="2025-10-14 02:23:02Z" end-time="2025-10-14 02:23:02Z" duration="0.222067" total="10" passed="3" failed="7" inconclusive="0" skipped="0" asserts="0">
          <properties />
          <failure>
            <message><![CDATA[One or more child tests had errors]]></message>
          </failure>
          <test-suite type="TestSuite" id="1016" name="Tests" fullname="TinyWalnutGames.MetVD.Tests" runstate="Runnable" testcasecount="10" result="Failed" site="Child" start-time="2025-10-14 02:23:02Z" end-time="2025-10-14 02:23:02Z" duration="0.214941" total="10" passed="3" failed="7" inconclusive="0" skipped="0" asserts="0">
            <properties />
            <failure>
              <message><![CDATA[One or more child tests had errors]]></message>
            </failure>
            <test-suite type="TestSuite" id="1017" name="Biome" fullname="TinyWalnutGames.MetVD.Tests.Biome" runstate="Runnable" testcasecount="10" result="Failed" site="Child" start-time="2025-10-14 02:23:02Z" end-time="2025-10-14 02:23:02Z" duration="0.208139" total="10" passed="3" failed="7" inconclusive="0" skipped="0" asserts="0">
              <properties />
              <failure>
                <message><![CDATA[One or more child tests had errors]]></message>
              </failure>
              <test-suite type="TestFixture" id="1001" name="BiomeFieldSystemTests" fullname="TinyWalnutGames.MetVD.Tests.Biome.BiomeFieldSystemTests" classname="TinyWalnutGames.MetVD.Tests.Biome.BiomeFieldSystemTests" runstate="Runnable" testcasecount="6" result="Failed" site="Child" start-time="2025-10-14 02:23:02Z" end-time="2025-10-14 02:23:02Z" duration="0.143048" total="6" passed="0" failed="6" inconclusive="0" skipped="0" asserts="0">
                <properties />
                <failure>
                  <message><![CDATA[One or more child tests had errors]]></message>
                </failure>
                <test-case id="1003" name="AssignBiomeType_SunPolarity_NegativeY_SetsSolarPlains" fullname="TinyWalnutGames.MetVD.Tests.Biome.BiomeFieldSystemTests.AssignBiomeType_SunPolarity_NegativeY_SetsSolarPlains" methodname="AssignBiomeType_SunPolarity_NegativeY_SetsSolarPlains" classname="TinyWalnutGames.MetVD.Tests.Biome.BiomeFieldSystemTests" runstate="Runnable" seed="591235831" result="Failed" start-time="2025-10-14 02:23:02Z" end-time="2025-10-14 02:23:02Z" duration="0.077339" asserts="0">
                  <properties>
                    <property name="retryIteration" value="0" />
                    <property name="repeatIteration" value="0" />
                  </properties>
                  <failure>
                    <message><![CDATA[  Expected: SolarPlains
  But was:  Unknown
]]></message>
                    <stack-trace><![CDATA[at TinyWalnutGames.MetVD.Tests.Biome.BiomeFieldSystemTests.AssignBiomeType_SunPolarity_NegativeY_SetsSolarPlains () [0x00033] in .\Packages\com.tinywalnutgames.metvd.biome\Tests\Runtime\BiomeFieldSystemTests.cs:63
]]></stack-trace>
                  </failure>
                  <output><![CDATA[InvalidOperationException: BiomeFieldJob.JobData.BiomeLookup is not declared [ReadOnly] in a IJobParallelFor job. The container does not support parallel writing. Please use a more suitable container type.
Unity.Entities.WorldUnmanagedImpl+UnmanagedUpdate_00001677$BurstDirectCall.Invoke (System.Void* pSystemState) (at <f283b4913ea449279abbb9992ffd5f5f>:0)
Unity.Entities.WorldUnmanagedImpl.UnmanagedUpdate (System.Void* pSystemState) <0x232cc4b6ea0 + 0x00052> in <f283b4913ea449279abbb9992ffd5f5f>:0
Unity.Entities.WorldUnmanagedImpl.UpdateSystem (Unity.Entities.SystemHandle sh) (at ./Library/PackageCache/com.unity.entities@e581b903be8e/Unity.Entities/WorldUnmanaged.cs:910)
Unity.Entities.ComponentSystemGroup.UpdateAllSystems () (at ./Library/PackageCache/com.unity.entities@e581b903be8e/Unity.Entities/ComponentSystemGroup.cs:717)
UnityEngine.Debug:LogException(Exception)
Unity.Debug:LogException(Exception) (at ./Library/PackageCache/com.unity.entities@e581b903be8e/Unity.Entities/Stubs/Unity/Debug.cs:17)
Unity.Entities.ComponentSystemGroup:UpdateAllSystems() (at ./Library/PackageCache/com.unity.entities@e581b903be8e/Unity.Entities/ComponentSystemGroup.cs:728)
Unity.Entities.ComponentSystemGroup:OnUpdate() (at ./Library/PackageCache/com.unity.entities@e581b903be8e/Unity.Entities/ComponentSystemGroup.cs:681)
Unity.Entities.SystemBase:Update() (at ./Library/PackageCache/com.unity.entities@e581b903be8e/Unity.Entities/SystemBase.cs:418)
TinyWalnutGames.MetVD.Tests.Biome.BiomeFieldSystemTests:AssignBiomeType_SunPolarity_NegativeY_SetsSolarPlains() (at ./Packages/com.tinywalnutgames.metvd.biome/Tests/Runtime/BiomeFieldSystemTests.cs:61)
System.Reflection.MethodBase:Invoke(Object, Object[])
NUnit.Framework.Internal.Reflect:InvokeMethod(MethodInfo, Object, Object[])
NUnit.Framework.Internal.MethodWrapper:Invoke(Object, Object[])
NUnit.Framework.Internal.Commands.TestMethodCommand:RunNonAsyncTestMethod(ITestExecutionContext)
NUnit.Framework.Internal.Commands.TestMethodCommand:RunTestMethod(ITestExecutionContext)
NUnit.Framework.Internal.Commands.TestMethodCommand:Execute(ITestExecutionContext)
UnityEngine.SetupCoroutine:InvokeMoveNext(IEnumerator, IntPtr)

]]></output>
                </test-case>
                <test-case id="1002" name="AssignBiomeType_SunPolarity_PositiveY_SetsSkyGardens" fullname="TinyWalnutGames.MetVD.Tests.Biome.BiomeFieldSystemTests.AssignBiomeType_SunPolarity_PositiveY_SetsSkyGardens" methodname="AssignBiomeType_SunPolarity_PositiveY_SetsSkyGardens" classname="TinyWalnutGames.MetVD.Tests.Biome.BiomeFieldSystemTests" runstate="Runnable" seed="631277625" result="Failed" start-time="2025-10-14 02:23:02Z" end-time="2025-10-14 02:23:02Z" duration="0.006753" asserts="0">
                  <properties>
                    <property name="retryIteration" value="0" />
                    <property name="repeatIteration" value="0" />
                  </properties>
                  <failure>
                    <message><![CDATA[  Expected: SkyGardens
  But was:  Unknown
]]></message>
                    <stack-trace><![CDATA[at TinyWalnutGames.MetVD.Tests.Biome.BiomeFieldSystemTests.AssignBiomeType_SunPolarity_PositiveY_SetsSkyGardens () [0x00032] in .\Packages\com.tinywalnutgames.metvd.biome\Tests\Runtime\BiomeFieldSystemTests.cs:54
]]></stack-trace>
                  </failure>
                  <output><![CDATA[InvalidOperationException: BiomeFieldJob.JobData.BiomeLookup is not declared [ReadOnly] in a IJobParallelFor job. The container does not support parallel writing. Please use a more suitable container type.
Unity.Entities.WorldUnmanagedImpl+UnmanagedUpdate_00001677$BurstDirectCall.Invoke (System.Void* pSystemState) (at <f283b4913ea449279abbb9992ffd5f5f>:0)
Unity.Entities.WorldUnmanagedImpl.UnmanagedUpdate (System.Void* pSystemState) <0x232cc4b6ea0 + 0x00052> in <f283b4913ea449279abbb9992ffd5f5f>:0
Unity.Entities.WorldUnmanagedImpl.UpdateSystem (Unity.Entities.SystemHandle sh) (at ./Library/PackageCache/com.unity.entities@e581b903be8e/Unity.Entities/WorldUnmanaged.cs:910)
Unity.Entities.ComponentSystemGroup.UpdateAllSystems () (at ./Library/PackageCache/com.unity.entities@e581b903be8e/Unity.Entities/ComponentSystemGroup.cs:717)
UnityEngine.Debug:LogException(Exception)
Unity.Debug:LogException(Exception) (at ./Library/PackageCache/com.unity.entities@e581b903be8e/Unity.Entities/Stubs/Unity/Debug.cs:17)
Unity.Entities.ComponentSystemGroup:UpdateAllSystems() (at ./Library/PackageCache/com.unity.entities@e581b903be8e/Unity.Entities/ComponentSystemGroup.cs:728)
Unity.Entities.ComponentSystemGroup:OnUpdate() (at ./Library/PackageCache/com.unity.entities@e581b903be8e/Unity.Entities/ComponentSystemGroup.cs:681)
Unity.Entities.SystemBase:Update() (at ./Library/PackageCache/com.unity.entities@e581b903be8e/Unity.Entities/SystemBase.cs:418)
TinyWalnutGames.MetVD.Tests.Biome.BiomeFieldSystemTests:AssignBiomeType_SunPolarity_PositiveY_SetsSkyGardens() (at ./Packages/com.tinywalnutgames.metvd.biome/Tests/Runtime/BiomeFieldSystemTests.cs:52)
System.Reflection.MethodBase:Invoke(Object, Object[])
NUnit.Framework.Internal.Reflect:InvokeMethod(MethodInfo, Object, Object[])
NUnit.Framework.Internal.MethodWrapper:Invoke(Object, Object[])
NUnit.Framework.Internal.Commands.TestMethodCommand:RunNonAsyncTestMethod(ITestExecutionContext)
NUnit.Framework.Internal.Commands.TestMethodCommand:RunTestMethod(ITestExecutionContext)
NUnit.Framework.Internal.Commands.TestMethodCommand:Execute(ITestExecutionContext)
UnityEngine.SetupCoroutine:InvokeMoveNext(IEnumerator, IntPtr)

]]></output>
                </test-case>
                <test-case id="1007" name="DifficultyModifier_Smoothing_IncreasesOverUpdates" fullname="TinyWalnutGames.MetVD.Tests.Biome.BiomeFieldSystemTests.DifficultyModifier_Smoothing_IncreasesOverUpdates" methodname="DifficultyModifier_Smoothing_IncreasesOverUpdates" classname="TinyWalnutGames.MetVD.Tests.Biome.BiomeFieldSystemTests" runstate="Runnable" seed="1910085326" result="Failed" start-time="2025-10-14 02:23:02Z" end-time="2025-10-14 02:23:02Z" duration="0.011137" asserts="0">
                  <properties>
                    <property name="retryIteration" value="0" />
                    <property name="repeatIteration" value="0" />
                  </properties>
                  <failure>
                    <message><![CDATA[Unhandled log message: '[Exception] InvalidOperationException: BiomeFieldJob.JobData.BiomeLookup is not declared [ReadOnly] in a IJobParallelFor job. The container does not support parallel writing. Please use a more suitable container type.'. Use UnityEngine.TestTools.LogAssert.Expect]]></message>
                    <stack-trace><![CDATA[Unity.Entities.WorldUnmanagedImpl+UnmanagedUpdate_00001677$BurstDirectCall.Invoke (System.Void* pSystemState) (at <f283b4913ea449279abbb9992ffd5f5f>:0)
Unity.Entities.WorldUnmanagedImpl.UnmanagedUpdate (System.Void* pSystemState) <0x232cc4b6ea0 + 0x00052> in <f283b4913ea449279abbb9992ffd5f5f>:0
Unity.Entities.WorldUnmanagedImpl.UpdateSystem (Unity.Entities.SystemHandle sh) (at ./Library/PackageCache/com.unity.entities@e581b903be8e/Unity.Entities/WorldUnmanaged.cs:910)
Unity.Entities.ComponentSystemGroup.UpdateAllSystems () (at ./Library/PackageCache/com.unity.entities@e581b903be8e/Unity.Entities/ComponentSystemGroup.cs:717)
Unity.Debug:LogException(Exception) (at ./Library/PackageCache/com.unity.entities@e581b903be8e/Unity.Entities/Stubs/Unity/Debug.cs:17)
Unity.Entities.ComponentSystemGroup:UpdateAllSystems() (at ./Library/PackageCache/com.unity.entities@e581b903be8e/Unity.Entities/ComponentSystemGroup.cs:728)
Unity.Entities.ComponentSystemGroup:OnUpdate() (at ./Library/PackageCache/com.unity.entities@e581b903be8e/Unity.Entities/ComponentSystemGroup.cs:681)
Unity.Entities.SystemBase:Update() (at ./Library/PackageCache/com.unity.entities@e581b903be8e/Unity.Entities/SystemBase.cs:418)
TinyWalnutGames.MetVD.Tests.Biome.BiomeFieldSystemTests:DifficultyModifier_Smoothing_IncreasesOverUpdates() (at ./Packages/com.tinywalnutgames.metvd.biome/Tests/Runtime/BiomeFieldSystemTests.cs:116)
System.Reflection.MethodBase:Invoke(Object, Object[])
NUnit.Framework.Internal.Reflect:InvokeMethod(MethodInfo, Object, Object[])
NUnit.Framework.Internal.MethodWrapper:Invoke(Object, Object[])
NUnit.Framework.Internal.Commands.TestMethodCommand:RunNonAsyncTestMethod(ITestExecutionContext)
NUnit.Framework.Internal.Commands.TestMethodCommand:RunTestMethod(ITestExecutionContext)
NUnit.Framework.Internal.Commands.TestMethodCommand:Execute(ITestExecutionContext)
UnityEngine.SetupCoroutine:InvokeMoveNext(IEnumerator, IntPtr)

]]></stack-trace>
                  </failure>
                  <output><![CDATA[InvalidOperationException: BiomeFieldJob.JobData.BiomeLookup is not declared [ReadOnly] in a IJobParallelFor job. The container does not support parallel writing. Please use a more suitable container type.
Unity.Entities.WorldUnmanagedImpl+UnmanagedUpdate_00001677$BurstDirectCall.Invoke (System.Void* pSystemState) (at <f283b4913ea449279abbb9992ffd5f5f>:0)
Unity.Entities.WorldUnmanagedImpl.UnmanagedUpdate (System.Void* pSystemState) <0x232cc4b6ea0 + 0x00052> in <f283b4913ea449279abbb9992ffd5f5f>:0
Unity.Entities.WorldUnmanagedImpl.UpdateSystem (Unity.Entities.SystemHandle sh) (at ./Library/PackageCache/com.unity.entities@e581b903be8e/Unity.Entities/WorldUnmanaged.cs:910)
Unity.Entities.ComponentSystemGroup.UpdateAllSystems () (at ./Library/PackageCache/com.unity.entities@e581b903be8e/Unity.Entities/ComponentSystemGroup.cs:717)
UnityEngine.Debug:LogException(Exception)
Unity.Debug:LogException(Exception) (at ./Library/PackageCache/com.unity.entities@e581b903be8e/Unity.Entities/Stubs/Unity/Debug.cs:17)
Unity.Entities.ComponentSystemGroup:UpdateAllSystems() (at ./Library/PackageCache/com.unity.entities@e581b903be8e/Unity.Entities/ComponentSystemGroup.cs:728)
Unity.Entities.ComponentSystemGroup:OnUpdate() (at ./Library/PackageCache/com.unity.entities@e581b903be8e/Unity.Entities/ComponentSystemGroup.cs:681)
Unity.Entities.SystemBase:Update() (at ./Library/PackageCache/com.unity.entities@e581b903be8e/Unity.Entities/SystemBase.cs:418)
TinyWalnutGames.MetVD.Tests.Biome.BiomeFieldSystemTests:DifficultyModifier_Smoothing_IncreasesOverUpdates() (at ./Packages/com.tinywalnutgames.metvd.biome/Tests/Runtime/BiomeFieldSystemTests.cs:116)
System.Reflection.MethodBase:Invoke(Object, Object[])
NUnit.Framework.Internal.Reflect:InvokeMethod(MethodInfo, Object, Object[])
NUnit.Framework.Internal.MethodWrapper:Invoke(Object, Object[])
NUnit.Framework.Internal.Commands.TestMethodCommand:RunNonAsyncTestMethod(ITestExecutionContext)
NUnit.Framework.Internal.Commands.TestMethodCommand:RunTestMethod(ITestExecutionContext)
NUnit.Framework.Internal.Commands.TestMethodCommand:Execute(ITestExecutionContext)
UnityEngine.SetupCoroutine:InvokeMoveNext(IEnumerator, IntPtr)

InvalidOperationException: BiomeFieldJob.JobData.BiomeLookup is not declared [ReadOnly] in a IJobParallelFor job. The container does not support parallel writing. Please use a more suitable container type.
Unity.Entities.WorldUnmanagedImpl+UnmanagedUpdate_00001677$BurstDirectCall.Invoke (System.Void* pSystemState) (at <f283b4913ea449279abbb9992ffd5f5f>:0)
Unity.Entities.WorldUnmanagedImpl.UnmanagedUpdate (System.Void* pSystemState) <0x232cc4b6ea0 + 0x00052> in <f283b4913ea449279abbb9992ffd5f5f>:0
Unity.Entities.WorldUnmanagedImpl.UpdateSystem (Unity.Entities.SystemHandle sh) (at ./Library/PackageCache/com.unity.entities@e581b903be8e/Unity.Entities/WorldUnmanaged.cs:910)
Unity.Entities.ComponentSystemGroup.UpdateAllSystems () (at ./Library/PackageCache/com.unity.entities@e581b903be8e/Unity.Entities/ComponentSystemGroup.cs:717)
UnityEngine.Debug:LogException(Exception)
Unity.Debug:LogException(Exception) (at ./Library/PackageCache/com.unity.entities@e581b903be8e/Unity.Entities/Stubs/Unity/Debug.cs:17)
Unity.Entities.ComponentSystemGroup:UpdateAllSystems() (at ./Library/PackageCache/com.unity.entities@e581b903be8e/Unity.Entities/ComponentSystemGroup.cs:728)
Unity.Entities.ComponentSystemGroup:OnUpdate() (at ./Library/PackageCache/com.unity.entities@e581b903be8e/Unity.Entities/ComponentSystemGroup.cs:681)
Unity.Entities.SystemBase:Update() (at ./Library/PackageCache/com.unity.entities@e581b903be8e/Unity.Entities/SystemBase.cs:418)
TinyWalnutGames.MetVD.Tests.Biome.BiomeFieldSystemTests:DifficultyModifier_Smoothing_IncreasesOverUpdates() (at ./Packages/com.tinywalnutgames.metvd.biome/Tests/Runtime/BiomeFieldSystemTests.cs:118)
System.Reflection.MethodBase:Invoke(Object, Object[])
NUnit.Framework.Internal.Reflect:InvokeMethod(MethodInfo, Object, Object[])
NUnit.Framework.Internal.MethodWrapper:Invoke(Object, Object[])
NUnit.Framework.Internal.Commands.TestMethodCommand:RunNonAsyncTestMethod(ITestExecutionContext)
NUnit.Framework.Internal.Commands.TestMethodCommand:RunTestMethod(ITestExecutionContext)
NUnit.Framework.Internal.Commands.TestMethodCommand:Execute(ITestExecutionContext)
UnityEngine.SetupCoroutine:InvokeMoveNext(IEnumerator, IntPtr)

]]></output>
                </test-case>
                <test-case id="1004" name="PolarityStrength_CenterWeaker_OuterStronger" fullname="TinyWalnutGames.MetVD.Tests.Biome.BiomeFieldSystemTests.PolarityStrength_CenterWeaker_OuterStronger" methodname="PolarityStrength_CenterWeaker_OuterStronger" classname="TinyWalnutGames.MetVD.Tests.Biome.BiomeFieldSystemTests" runstate="Runnable" seed="1850490561" result="Failed" start-time="2025-10-14 02:23:02Z" end-time="2025-10-14 02:23:02Z" duration="0.005289" asserts="0">
                  <properties>
                    <property name="retryIteration" value="0" />
                    <property name="repeatIteration" value="0" />
                  </properties>
                  <failure>
                    <message><![CDATA[  Center polarity strength should be lower than far edge.
  Expected: less than 0.0f
  But was:  0.0f
]]></message>
                    <stack-trace><![CDATA[at TinyWalnutGames.MetVD.Tests.Biome.BiomeFieldSystemTests.PolarityStrength_CenterWeaker_OuterStronger () [0x0004d] in .\Packages\com.tinywalnutgames.metvd.biome\Tests\Runtime\BiomeFieldSystemTests.cs:75
]]></stack-trace>
                  </failure>
                  <output><![CDATA[InvalidOperationException: BiomeFieldJob.JobData.BiomeLookup is not declared [ReadOnly] in a IJobParallelFor job. The container does not support parallel writing. Please use a more suitable container type.
Unity.Entities.WorldUnmanagedImpl+UnmanagedUpdate_00001677$BurstDirectCall.Invoke (System.Void* pSystemState) (at <f283b4913ea449279abbb9992ffd5f5f>:0)
Unity.Entities.WorldUnmanagedImpl.UnmanagedUpdate (System.Void* pSystemState) <0x232cc4b6ea0 + 0x00052> in <f283b4913ea449279abbb9992ffd5f5f>:0
Unity.Entities.WorldUnmanagedImpl.UpdateSystem (Unity.Entities.SystemHandle sh) (at ./Library/PackageCache/com.unity.entities@e581b903be8e/Unity.Entities/WorldUnmanaged.cs:910)
Unity.Entities.ComponentSystemGroup.UpdateAllSystems () (at ./Library/PackageCache/com.unity.entities@e581b903be8e/Unity.Entities/ComponentSystemGroup.cs:717)
UnityEngine.Debug:LogException(Exception)
Unity.Debug:LogException(Exception) (at ./Library/PackageCache/com.unity.entities@e581b903be8e/Unity.Entities/Stubs/Unity/Debug.cs:17)
Unity.Entities.ComponentSystemGroup:UpdateAllSystems() (at ./Library/PackageCache/com.unity.entities@e581b903be8e/Unity.Entities/ComponentSystemGroup.cs:728)
Unity.Entities.ComponentSystemGroup:OnUpdate() (at ./Library/PackageCache/com.unity.entities@e581b903be8e/Unity.Entities/ComponentSystemGroup.cs:681)
Unity.Entities.SystemBase:Update() (at ./Library/PackageCache/com.unity.entities@e581b903be8e/Unity.Entities/SystemBase.cs:418)
TinyWalnutGames.MetVD.Tests.Biome.BiomeFieldSystemTests:PolarityStrength_CenterWeaker_OuterStronger() (at ./Packages/com.tinywalnutgames.metvd.biome/Tests/Runtime/BiomeFieldSystemTests.cs:71)
System.Reflection.MethodBase:Invoke(Object, Object[])
NUnit.Framework.Internal.Reflect:InvokeMethod(MethodInfo, Object, Object[])
NUnit.Framework.Internal.MethodWrapper:Invoke(Object, Object[])
NUnit.Framework.Internal.Commands.TestMethodCommand:RunNonAsyncTestMethod(ITestExecutionContext)
NUnit.Framework.Internal.Commands.TestMethodCommand:RunTestMethod(ITestExecutionContext)
NUnit.Framework.Internal.Commands.TestMethodCommand:Execute(ITestExecutionContext)
UnityEngine.SetupCoroutine:InvokeMoveNext(IEnumerator, IntPtr)

]]></output>
                </test-case>
                <test-case id="1005" name="PolarityStrength_LevelInfluence_IncreasesWithLevel" fullname="TinyWalnutGames.MetVD.Tests.Biome.BiomeFieldSystemTests.PolarityStrength_LevelInfluence_IncreasesWithLevel" methodname="PolarityStrength_LevelInfluence_IncreasesWithLevel" classname="TinyWalnutGames.MetVD.Tests.Biome.BiomeFieldSystemTests" runstate="Runnable" seed="1345549462" result="Failed" start-time="2025-10-14 02:23:02Z" end-time="2025-10-14 02:23:02Z" duration="0.009250" asserts="0">
                  <properties>
                    <property name="retryIteration" value="0" />
                    <property name="repeatIteration" value="0" />
                  </properties>
                  <failure>
                    <message><![CDATA[  Higher level should amplify polarity strength.
  Expected: greater than 0.0f
  But was:  0.0f
]]></message>
                    <stack-trace><![CDATA[at TinyWalnutGames.MetVD.Tests.Biome.BiomeFieldSystemTests.PolarityStrength_LevelInfluence_IncreasesWithLevel () [0x0004c] in .\Packages\com.tinywalnutgames.metvd.biome\Tests\Runtime\BiomeFieldSystemTests.cs:88
]]></stack-trace>
                  </failure>
                  <output><![CDATA[InvalidOperationException: BiomeFieldJob.JobData.BiomeLookup is not declared [ReadOnly] in a IJobParallelFor job. The container does not support parallel writing. Please use a more suitable container type.
Unity.Entities.WorldUnmanagedImpl+UnmanagedUpdate_00001677$BurstDirectCall.Invoke (System.Void* pSystemState) (at <f283b4913ea449279abbb9992ffd5f5f>:0)
Unity.Entities.WorldUnmanagedImpl.UnmanagedUpdate (System.Void* pSystemState) <0x232cc4b6ea0 + 0x00052> in <f283b4913ea449279abbb9992ffd5f5f>:0
Unity.Entities.WorldUnmanagedImpl.UpdateSystem (Unity.Entities.SystemHandle sh) (at ./Library/PackageCache/com.unity.entities@e581b903be8e/Unity.Entities/WorldUnmanaged.cs:910)
Unity.Entities.ComponentSystemGroup.UpdateAllSystems () (at ./Library/PackageCache/com.unity.entities@e581b903be8e/Unity.Entities/ComponentSystemGroup.cs:717)
UnityEngine.Debug:LogException(Exception)
Unity.Debug:LogException(Exception) (at ./Library/PackageCache/com.unity.entities@e581b903be8e/Unity.Entities/Stubs/Unity/Debug.cs:17)
Unity.Entities.ComponentSystemGroup:UpdateAllSystems() (at ./Library/PackageCache/com.unity.entities@e581b903be8e/Unity.Entities/ComponentSystemGroup.cs:728)
Unity.Entities.ComponentSystemGroup:OnUpdate() (at ./Library/PackageCache/com.unity.entities@e581b903be8e/Unity.Entities/ComponentSystemGroup.cs:681)
Unity.Entities.SystemBase:Update() (at ./Library/PackageCache/com.unity.entities@e581b903be8e/Unity.Entities/SystemBase.cs:418)
TinyWalnutGames.MetVD.Tests.Biome.BiomeFieldSystemTests:PolarityStrength_LevelInfluence_IncreasesWithLevel() (at ./Packages/com.tinywalnutgames.metvd.biome/Tests/Runtime/BiomeFieldSystemTests.cs:84)
System.Reflection.MethodBase:Invoke(Object, Object[])
NUnit.Framework.Internal.Reflect:InvokeMethod(MethodInfo, Object, Object[])
NUnit.Framework.Internal.MethodWrapper:Invoke(Object, Object[])
NUnit.Framework.Internal.Commands.TestMethodCommand:RunNonAsyncTestMethod(ITestExecutionContext)
NUnit.Framework.Internal.Commands.TestMethodCommand:RunTestMethod(ITestExecutionContext)
NUnit.Framework.Internal.Commands.TestMethodCommand:Execute(ITestExecutionContext)
UnityEngine.SetupCoroutine:InvokeMoveNext(IEnumerator, IntPtr)

]]></output>
                </test-case>
                <test-case id="1006" name="SecondaryPolarity_OnlyForTransitionZone" fullname="TinyWalnutGames.MetVD.Tests.Biome.BiomeFieldSystemTests.SecondaryPolarity_OnlyForTransitionZone" methodname="SecondaryPolarity_OnlyForTransitionZone" classname="TinyWalnutGames.MetVD.Tests.Biome.BiomeFieldSystemTests" runstate="Runnable" seed="1887572973" result="Failed" start-time="2025-10-14 02:23:02Z" end-time="2025-10-14 02:23:02Z" duration="0.005250" asserts="0">
                  <properties>
                    <property name="retryIteration" value="0" />
                    <property name="repeatIteration" value="0" />
                  </properties>
                  <failure>
                    <message><![CDATA[Unhandled log message: '[Exception] InvalidOperationException: BiomeFieldJob.JobData.BiomeLookup is not declared [ReadOnly] in a IJobParallelFor job. The container does not support parallel writing. Please use a more suitable container type.'. Use UnityEngine.TestTools.LogAssert.Expect]]></message>
                    <stack-trace><![CDATA[Unity.Entities.WorldUnmanagedImpl+UnmanagedUpdate_00001677$BurstDirectCall.Invoke (System.Void* pSystemState) (at <f283b4913ea449279abbb9992ffd5f5f>:0)
Unity.Entities.WorldUnmanagedImpl.UnmanagedUpdate (System.Void* pSystemState) <0x232cc4b6ea0 + 0x00052> in <f283b4913ea449279abbb9992ffd5f5f>:0
Unity.Entities.WorldUnmanagedImpl.UpdateSystem (Unity.Entities.SystemHandle sh) (at ./Library/PackageCache/com.unity.entities@e581b903be8e/Unity.Entities/WorldUnmanaged.cs:910)
Unity.Entities.ComponentSystemGroup.UpdateAllSystems () (at ./Library/PackageCache/com.unity.entities@e581b903be8e/Unity.Entities/ComponentSystemGroup.cs:717)
Unity.Debug:LogException(Exception) (at ./Library/PackageCache/com.unity.entities@e581b903be8e/Unity.Entities/Stubs/Unity/Debug.cs:17)
Unity.Entities.ComponentSystemGroup:UpdateAllSystems() (at ./Library/PackageCache/com.unity.entities@e581b903be8e/Unity.Entities/ComponentSystemGroup.cs:728)
Unity.Entities.ComponentSystemGroup:OnUpdate() (at ./Library/PackageCache/com.unity.entities@e581b903be8e/Unity.Entities/ComponentSystemGroup.cs:681)
Unity.Entities.SystemBase:Update() (at ./Library/PackageCache/com.unity.entities@e581b903be8e/Unity.Entities/SystemBase.cs:418)
TinyWalnutGames.MetVD.Tests.Biome.BiomeFieldSystemTests:SecondaryPolarity_OnlyForTransitionZone() (at ./Packages/com.tinywalnutgames.metvd.biome/Tests/Runtime/BiomeFieldSystemTests.cs:97)
System.Reflection.MethodBase:Invoke(Object, Object[])
NUnit.Framework.Internal.Reflect:InvokeMethod(MethodInfo, Object, Object[])
NUnit.Framework.Internal.MethodWrapper:Invoke(Object, Object[])
NUnit.Framework.Internal.Commands.TestMethodCommand:RunNonAsyncTestMethod(ITestExecutionContext)
NUnit.Framework.Internal.Commands.TestMethodCommand:RunTestMethod(ITestExecutionContext)
NUnit.Framework.Internal.Commands.TestMethodCommand:Execute(ITestExecutionContext)
UnityEngine.SetupCoroutine:InvokeMoveNext(IEnumerator, IntPtr)

]]></stack-trace>
                  </failure>
                  <output><![CDATA[InvalidOperationException: BiomeFieldJob.JobData.BiomeLookup is not declared [ReadOnly] in a IJobParallelFor job. The container does not support parallel writing. Please use a more suitable container type.
Unity.Entities.WorldUnmanagedImpl+UnmanagedUpdate_00001677$BurstDirectCall.Invoke (System.Void* pSystemState) (at <f283b4913ea449279abbb9992ffd5f5f>:0)
Unity.Entities.WorldUnmanagedImpl.UnmanagedUpdate (System.Void* pSystemState) <0x232cc4b6ea0 + 0x00052> in <f283b4913ea449279abbb9992ffd5f5f>:0
Unity.Entities.WorldUnmanagedImpl.UpdateSystem (Unity.Entities.SystemHandle sh) (at ./Library/PackageCache/com.unity.entities@e581b903be8e/Unity.Entities/WorldUnmanaged.cs:910)
Unity.Entities.ComponentSystemGroup.UpdateAllSystems () (at ./Library/PackageCache/com.unity.entities@e581b903be8e/Unity.Entities/ComponentSystemGroup.cs:717)
UnityEngine.Debug:LogException(Exception)
Unity.Debug:LogException(Exception) (at ./Library/PackageCache/com.unity.entities@e581b903be8e/Unity.Entities/Stubs/Unity/Debug.cs:17)
Unity.Entities.ComponentSystemGroup:UpdateAllSystems() (at ./Library/PackageCache/com.unity.entities@e581b903be8e/Unity.Entities/ComponentSystemGroup.cs:728)
Unity.Entities.ComponentSystemGroup:OnUpdate() (at ./Library/PackageCache/com.unity.entities@e581b903be8e/Unity.Entities/ComponentSystemGroup.cs:681)
Unity.Entities.SystemBase:Update() (at ./Library/PackageCache/com.unity.entities@e581b903be8e/Unity.Entities/SystemBase.cs:418)
TinyWalnutGames.MetVD.Tests.Biome.BiomeFieldSystemTests:SecondaryPolarity_OnlyForTransitionZone() (at ./Packages/com.tinywalnutgames.metvd.biome/Tests/Runtime/BiomeFieldSystemTests.cs:97)
System.Reflection.MethodBase:Invoke(Object, Object[])
NUnit.Framework.Internal.Reflect:InvokeMethod(MethodInfo, Object, Object[])
NUnit.Framework.Internal.MethodWrapper:Invoke(Object, Object[])
NUnit.Framework.Internal.Commands.TestMethodCommand:RunNonAsyncTestMethod(ITestExecutionContext)
NUnit.Framework.Internal.Commands.TestMethodCommand:RunTestMethod(ITestExecutionContext)
NUnit.Framework.Internal.Commands.TestMethodCommand:Execute(ITestExecutionContext)
UnityEngine.SetupCoroutine:InvokeMoveNext(IEnumerator, IntPtr)

]]></output>
                </test-case>
              </test-suite>
              <test-suite type="TestFixture" id="1008" name="BiomeValidationSystemTests" fullname="TinyWalnutGames.MetVD.Tests.Biome.BiomeValidationSystemTests" classname="TinyWalnutGames.MetVD.Tests.Biome.BiomeValidationSystemTests" runstate="Runnable" testcasecount="4" result="Failed" site="Child" start-time="2025-10-14 02:23:02Z" end-time="2025-10-14 02:23:02Z" duration="0.056606" total="4" passed="3" failed="1" inconclusive="0" skipped="0" asserts="0">
                <properties />
                <failure>
                  <message><![CDATA[One or more child tests had errors]]></message>
                </failure>
                <test-case id="1011" name="BiomeTypeAssignment_Mismatch_AddsRecord" fullname="TinyWalnutGames.MetVD.Tests.Biome.BiomeValidationSystemTests.BiomeTypeAssignment_Mismatch_AddsRecord" methodname="BiomeTypeAssignment_Mismatch_AddsRecord" classname="TinyWalnutGames.MetVD.Tests.Biome.BiomeValidationSystemTests" runstate="Runnable" seed="1079070234" result="Passed" start-time="2025-10-14 02:23:02Z" end-time="2025-10-14 02:23:02Z" duration="0.021245" asserts="0">
                  <properties>
                    <property name="retryIteration" value="0" />
                    <property name="repeatIteration" value="0" />
                  </properties>
                  <output><![CDATA[BiomeValidation: Initialized 1 validation buffers for biome coherence tracking
]]></output>
                </test-case>
                <test-case id="1009" name="BufferSetup_AddsValidationBuffer" fullname="TinyWalnutGames.MetVD.Tests.Biome.BiomeValidationSystemTests.BufferSetup_AddsValidationBuffer" methodname="BufferSetup_AddsValidationBuffer" classname="TinyWalnutGames.MetVD.Tests.Biome.BiomeValidationSystemTests" runstate="Runnable" seed="497205316" result="Failed" start-time="2025-10-14 02:23:02Z" end-time="2025-10-14 02:23:02Z" duration="0.011844" asserts="0">
                  <properties>
                    <property name="retryIteration" value="0" />
                    <property name="repeatIteration" value="0" />
                  </properties>
                  <failure>
                    <message><![CDATA[  No records expected for valid biome.
  Expected: 0
  But was:  1
]]></message>
                    <stack-trace><![CDATA[at TinyWalnutGames.MetVD.Tests.Biome.BiomeValidationSystemTests.BufferSetup_AddsValidationBuffer () [0x0007a] in .\Packages\com.tinywalnutgames.metvd.biome\Tests\Runtime\BiomeValidationSystemTests.cs:58
]]></stack-trace>
                  </failure>
                  <output><![CDATA[BiomeValidation: Initialized 1 validation buffers for biome coherence tracking
]]></output>
                </test-case>
                <test-case id="1012" name="DifficultyProgression_ExtremeValue_AddsRecord" fullname="TinyWalnutGames.MetVD.Tests.Biome.BiomeValidationSystemTests.DifficultyProgression_ExtremeValue_AddsRecord" methodname="DifficultyProgression_ExtremeValue_AddsRecord" classname="TinyWalnutGames.MetVD.Tests.Biome.BiomeValidationSystemTests" runstate="Runnable" seed="753929743" result="Passed" start-time="2025-10-14 02:23:02Z" end-time="2025-10-14 02:23:02Z" duration="0.005757" asserts="0">
                  <properties>
                    <property name="retryIteration" value="0" />
                    <property name="repeatIteration" value="0" />
                  </properties>
                  <output><![CDATA[BiomeValidation: Initialized 1 validation buffers for biome coherence tracking
]]></output>
                </test-case>
                <test-case id="1010" name="PolarityCoherence_Invalid_PrimaryNoneSecondarySet_AddsRecord" fullname="TinyWalnutGames.MetVD.Tests.Biome.BiomeValidationSystemTests.PolarityCoherence_Invalid_PrimaryNoneSecondarySet_AddsRecord" methodname="PolarityCoherence_Invalid_PrimaryNoneSecondarySet_AddsRecord" classname="TinyWalnutGames.MetVD.Tests.Biome.BiomeValidationSystemTests" runstate="Runnable" seed="1424560799" result="Passed" start-time="2025-10-14 02:23:02Z" end-time="2025-10-14 02:23:02Z" duration="0.005534" asserts="0">
                  <properties>
                    <property name="retryIteration" value="0" />
                    <property name="repeatIteration" value="0" />
                  </properties>
                  <output><![CDATA[BiomeValidation: Initialized 1 validation buffers for biome coherence tracking
]]></output>
                </test-case>
              </test-suite>
            </test-suite>
          </test-suite>
        </test-suite>
      </test-suite>
    </test-suite>
    <test-suite type="Assembly" id="1050" name="TinyWalnutGames.MetVD.Core.Tests.dll" fullname="E:/Tiny_Walnut_Games/TWG-MetVanDamn/Library/ScriptAssemblies/TinyWalnutGames.MetVD.Core.Tests.dll" runstate="Runnable" testcasecount="28" result="Passed" start-time="2025-10-14 02:23:02Z" end-time="2025-10-14 02:23:03Z" duration="0.240766" total="28" passed="28" failed="0" inconclusive="0" skipped="0" asserts="0">
      <properties>
        <property name="_PID" value="84052" />
        <property name="_APPDOMAIN" value="Unity Child Domain" />
        <property name="platform" value="PlayMode" />
        <property name="EditorOnly" value="False" />
      </properties>
      <test-suite type="TestSuite" id="1051" name="TinyWalnutGames" fullname="TinyWalnutGames" runstate="Runnable" testcasecount="28" result="Passed" start-time="2025-10-14 02:23:02Z" end-time="2025-10-14 02:23:03Z" duration="0.222977" total="28" passed="28" failed="0" inconclusive="0" skipped="0" asserts="0">
        <properties />
        <test-suite type="TestSuite" id="1052" name="MetVD" fullname="TinyWalnutGames.MetVD" runstate="Runnable" testcasecount="28" result="Passed" start-time="2025-10-14 02:23:02Z" end-time="2025-10-14 02:23:03Z" duration="0.208444" total="28" passed="28" failed="0" inconclusive="0" skipped="0" asserts="0">
          <properties />
          <test-suite type="TestSuite" id="1054" name="Core" fullname="TinyWalnutGames.MetVD.Core" runstate="Runnable" testcasecount="16" result="Passed" start-time="2025-10-14 02:23:02Z" end-time="2025-10-14 02:23:03Z" duration="0.128439" total="16" passed="16" failed="0" inconclusive="0" skipped="0" asserts="0">
            <properties />
            <test-suite type="TestSuite" id="1055" name="Tests" fullname="TinyWalnutGames.MetVD.Core.Tests" runstate="Runnable" testcasecount="16" result="Passed" start-time="2025-10-14 02:23:02Z" end-time="2025-10-14 02:23:03Z" duration="0.122386" total="16" passed="16" failed="0" inconclusive="0" skipped="0" asserts="0">
              <properties />
              <test-suite type="TestFixture" id="1032" name="EnemyNamingIntegrationTests" fullname="TinyWalnutGames.MetVD.Core.Tests.EnemyNamingIntegrationTests" classname="TinyWalnutGames.MetVD.Core.Tests.EnemyNamingIntegrationTests" runstate="Runnable" testcasecount="7" result="Passed" start-time="2025-10-14 02:23:02Z" end-time="2025-10-14 02:23:02Z" duration="0.068457" total="7" passed="7" failed="0" inconclusive="0" skipped="0" asserts="0">
                <properties />
                <test-case id="1037" name="Affix_Database_Query_Functions_Work" fullname="TinyWalnutGames.MetVD.Core.Tests.EnemyNamingIntegrationTests.Affix_Database_Query_Functions_Work" methodname="Affix_Database_Query_Functions_Work" classname="TinyWalnutGames.MetVD.Core.Tests.EnemyNamingIntegrationTests" runstate="Runnable" seed="444111529" result="Passed" start-time="2025-10-14 02:23:02Z" end-time="2025-10-14 02:23:02Z" duration="0.017047" asserts="0">
                  <properties>
                    <property name="retryIteration" value="0" />
                    <property name="repeatIteration" value="0" />
                  </properties>
                </test-case>
                <test-case id="1035" name="Boss_Progression_Shows_Name_Complexity_Increase" fullname="TinyWalnutGames.MetVD.Core.Tests.EnemyNamingIntegrationTests.Boss_Progression_Shows_Name_Complexity_Increase" methodname="Boss_Progression_Shows_Name_Complexity_Increase" classname="TinyWalnutGames.MetVD.Core.Tests.EnemyNamingIntegrationTests" runstate="Runnable" seed="956635023" result="Passed" start-time="2025-10-14 02:23:02Z" end-time="2025-10-14 02:23:02Z" duration="0.018934" asserts="0">
                  <properties>
                    <property name="retryIteration" value="0" />
                    <property name="repeatIteration" value="0" />
                  </properties>
                </test-case>
                <test-case id="1033" name="Complete_Enemy_Creation_Workflow" fullname="TinyWalnutGames.MetVD.Core.Tests.EnemyNamingIntegrationTests.Complete_Enemy_Creation_Workflow" methodname="Complete_Enemy_Creation_Workflow" classname="TinyWalnutGames.MetVD.Core.Tests.EnemyNamingIntegrationTests" runstate="Runnable" seed="726483909" result="Passed" start-time="2025-10-14 02:23:02Z" end-time="2025-10-14 02:23:02Z" duration="0.004048" asserts="0">
                  <properties>
                    <property name="retryIteration" value="0" />
                    <property name="repeatIteration" value="0" />
                  </properties>
                </test-case>
                <test-case id="1036" name="Configuration_Changes_Affect_All_Entities" fullname="TinyWalnutGames.MetVD.Core.Tests.EnemyNamingIntegrationTests.Configuration_Changes_Affect_All_Entities" methodname="Configuration_Changes_Affect_All_Entities" classname="TinyWalnutGames.MetVD.Core.Tests.EnemyNamingIntegrationTests" runstate="Runnable" seed="1646982368" result="Passed" start-time="2025-10-14 02:23:02Z" end-time="2025-10-14 02:23:02Z" duration="0.006298" asserts="0">
                  <properties>
                    <property name="retryIteration" value="0" />
                    <property name="repeatIteration" value="0" />
                  </properties>
                </test-case>
                <test-case id="1039" name="Consistent_Names_With_Same_Seed" fullname="TinyWalnutGames.MetVD.Core.Tests.EnemyNamingIntegrationTests.Consistent_Names_With_Same_Seed" methodname="Consistent_Names_With_Same_Seed" classname="TinyWalnutGames.MetVD.Core.Tests.EnemyNamingIntegrationTests" runstate="Runnable" seed="316475067" result="Passed" start-time="2025-10-14 02:23:02Z" end-time="2025-10-14 02:23:02Z" duration="0.003473" asserts="0">
                  <properties>
                    <property name="retryIteration" value="0" />
                    <property name="repeatIteration" value="0" />
                  </properties>
                </test-case>
                <test-case id="1034" name="Multiple_Enemy_Types_Generate_Correctly" fullname="TinyWalnutGames.MetVD.Core.Tests.EnemyNamingIntegrationTests.Multiple_Enemy_Types_Generate_Correctly" methodname="Multiple_Enemy_Types_Generate_Correctly" classname="TinyWalnutGames.MetVD.Core.Tests.EnemyNamingIntegrationTests" runstate="Runnable" seed="699916978" result="Passed" start-time="2025-10-14 02:23:02Z" end-time="2025-10-14 02:23:02Z" duration="0.005096" asserts="0">
                  <properties>
                    <property name="retryIteration" value="0" />
                    <property name="repeatIteration" value="0" />
                  </properties>
                </test-case>
                <test-case id="1038" name="System_Handles_Entities_Without_Affixes_Gracefully" fullname="TinyWalnutGames.MetVD.Core.Tests.EnemyNamingIntegrationTests.System_Handles_Entities_Without_Affixes_Gracefully" methodname="System_Handles_Entities_Without_Affixes_Gracefully" classname="TinyWalnutGames.MetVD.Core.Tests.EnemyNamingIntegrationTests" runstate="Runnable" seed="319690584" result="Passed" start-time="2025-10-14 02:23:02Z" end-time="2025-10-14 02:23:02Z" duration="0.004653" asserts="0">
                  <properties>
                    <property name="retryIteration" value="0" />
                    <property name="repeatIteration" value="0" />
                  </properties>
                </test-case>
              </test-suite>
              <test-suite type="TestFixture" id="1040" name="EnemyNamingSystemTests" fullname="TinyWalnutGames.MetVD.Core.Tests.EnemyNamingSystemTests" classname="TinyWalnutGames.MetVD.Core.Tests.EnemyNamingSystemTests" runstate="Runnable" testcasecount="9" result="Passed" start-time="2025-10-14 02:23:02Z" end-time="2025-10-14 02:23:03Z" duration="0.046058" total="9" passed="9" failed="0" inconclusive="0" skipped="0" asserts="0">
                <properties />
                <test-case id="1047" name="Affix_Assignment_Respects_Rarity_Rules" fullname="TinyWalnutGames.MetVD.Core.Tests.EnemyNamingSystemTests.Affix_Assignment_Respects_Rarity_Rules" methodname="Affix_Assignment_Respects_Rarity_Rules" classname="TinyWalnutGames.MetVD.Core.Tests.EnemyNamingSystemTests" runstate="Runnable" seed="928251003" result="Passed" start-time="2025-10-14 02:23:02Z" end-time="2025-10-14 02:23:02Z" duration="0.004127" asserts="0">
                  <properties>
                    <property name="retryIteration" value="0" />
                    <property name="repeatIteration" value="0" />
                  </properties>
                </test-case>
                <test-case id="1044" name="Boss_Generates_Procedural_Name_From_Syllables" fullname="TinyWalnutGames.MetVD.Core.Tests.EnemyNamingSystemTests.Boss_Generates_Procedural_Name_From_Syllables" methodname="Boss_Generates_Procedural_Name_From_Syllables" classname="TinyWalnutGames.MetVD.Core.Tests.EnemyNamingSystemTests" runstate="Runnable" seed="2145087402" result="Passed" start-time="2025-10-14 02:23:02Z" end-time="2025-10-14 02:23:03Z" duration="0.004073" asserts="0">
                  <properties>
                    <property name="retryIteration" value="0" />
                    <property name="repeatIteration" value="0" />
                  </properties>
                </test-case>
                <test-case id="1048" name="Boss_Syllable_Concatenation_Is_Readable" fullname="TinyWalnutGames.MetVD.Core.Tests.EnemyNamingSystemTests.Boss_Syllable_Concatenation_Is_Readable" methodname="Boss_Syllable_Concatenation_Is_Readable" classname="TinyWalnutGames.MetVD.Core.Tests.EnemyNamingSystemTests" runstate="Runnable" seed="2076088388" result="Passed" start-time="2025-10-14 02:23:03Z" end-time="2025-10-14 02:23:03Z" duration="0.003488" asserts="0">
                  <properties>
                    <property name="retryIteration" value="0" />
                    <property name="repeatIteration" value="0" />
                  </properties>
                </test-case>
                <test-case id="1041" name="Common_Enemy_Shows_BaseType_Only" fullname="TinyWalnutGames.MetVD.Core.Tests.EnemyNamingSystemTests.Common_Enemy_Shows_BaseType_Only" methodname="Common_Enemy_Shows_BaseType_Only" classname="TinyWalnutGames.MetVD.Core.Tests.EnemyNamingSystemTests" runstate="Runnable" seed="716523424" result="Passed" start-time="2025-10-14 02:23:03Z" end-time="2025-10-14 02:23:03Z" duration="0.003786" asserts="0">
                  <properties>
                    <property name="retryIteration" value="0" />
                    <property name="repeatIteration" value="0" />
                  </properties>
                </test-case>
                <test-case id="1049" name="Database_Initialization_Creates_All_Expected_Affixes" fullname="TinyWalnutGames.MetVD.Core.Tests.EnemyNamingSystemTests.Database_Initialization_Creates_All_Expected_Affixes" methodname="Database_Initialization_Creates_All_Expected_Affixes" classname="TinyWalnutGames.MetVD.Core.Tests.EnemyNamingSystemTests" runstate="Runnable" seed="1402363543" result="Passed" start-time="2025-10-14 02:23:03Z" end-time="2025-10-14 02:23:03Z" duration="0.006471" asserts="0">
                  <properties>
                    <property name="retryIteration" value="0" />
                    <property name="repeatIteration" value="0" />
                  </properties>
                </test-case>
                <test-case id="1046" name="Icon_Display_Respects_Global_Configuration" fullname="TinyWalnutGames.MetVD.Core.Tests.EnemyNamingSystemTests.Icon_Display_Respects_Global_Configuration" methodname="Icon_Display_Respects_Global_Configuration" classname="TinyWalnutGames.MetVD.Core.Tests.EnemyNamingSystemTests" runstate="Runnable" seed="1135311728" result="Passed" start-time="2025-10-14 02:23:03Z" end-time="2025-10-14 02:23:03Z" duration="0.004682" asserts="0">
                  <properties>
                    <property name="retryIteration" value="0" />
                    <property name="repeatIteration" value="0" />
                  </properties>
                </test-case>
                <test-case id="1045" name="MiniBoss_Uses_Fewer_Syllables_Than_Boss" fullname="TinyWalnutGames.MetVD.Core.Tests.EnemyNamingSystemTests.MiniBoss_Uses_Fewer_Syllables_Than_Boss" methodname="MiniBoss_Uses_Fewer_Syllables_Than_Boss" classname="TinyWalnutGames.MetVD.Core.Tests.EnemyNamingSystemTests" runstate="Runnable" seed="1410792197" result="Passed" start-time="2025-10-14 02:23:03Z" end-time="2025-10-14 02:23:03Z" duration="0.003730" asserts="0">
                  <properties>
                    <property name="retryIteration" value="0" />
                    <property name="repeatIteration" value="0" />
                  </properties>
                </test-case>
                <test-case id="1043" name="Rare_Enemy_Shows_Full_Name" fullname="TinyWalnutGames.MetVD.Core.Tests.EnemyNamingSystemTests.Rare_Enemy_Shows_Full_Name" methodname="Rare_Enemy_Shows_Full_Name" classname="TinyWalnutGames.MetVD.Core.Tests.EnemyNamingSystemTests" runstate="Runnable" seed="1704152866" result="Passed" start-time="2025-10-14 02:23:03Z" end-time="2025-10-14 02:23:03Z" duration="0.003647" asserts="0">
                  <properties>
                    <property name="retryIteration" value="0" />
                    <property name="repeatIteration" value="0" />
                  </properties>
                </test-case>
                <test-case id="1042" name="Uncommon_Enemy_Shows_BaseType_Only" fullname="TinyWalnutGames.MetVD.Core.Tests.EnemyNamingSystemTests.Uncommon_Enemy_Shows_BaseType_Only" methodname="Uncommon_Enemy_Shows_BaseType_Only" classname="TinyWalnutGames.MetVD.Core.Tests.EnemyNamingSystemTests" runstate="Runnable" seed="1002842328" result="Passed" start-time="2025-10-14 02:23:03Z" end-time="2025-10-14 02:23:03Z" duration="0.002959" asserts="0">
                  <properties>
                    <property name="retryIteration" value="0" />
                    <property name="repeatIteration" value="0" />
                  </properties>
                </test-case>
              </test-suite>
            </test-suite>
          </test-suite>
          <test-suite type="TestSuite" id="1053" name="Tests" fullname="TinyWalnutGames.MetVD.Tests" runstate="Runnable" testcasecount="12" result="Passed" start-time="2025-10-14 02:23:03Z" end-time="2025-10-14 02:23:03Z" duration="0.072127" total="12" passed="12" failed="0" inconclusive="0" skipped="0" asserts="0">
            <properties />
            <test-suite type="TestFixture" id="1018" name="GateConditionTests" fullname="TinyWalnutGames.MetVD.Tests.GateConditionTests" classname="TinyWalnutGames.MetVD.Tests.GateConditionTests" runstate="Runnable" testcasecount="7" result="Passed" start-time="2025-10-14 02:23:03Z" end-time="2025-10-14 02:23:03Z" duration="0.026198" total="7" passed="7" failed="0" inconclusive="0" skipped="0" asserts="0">
              <properties />
              <test-case id="1025" name="AnyPolarityRequirement_PassesWithAny" fullname="TinyWalnutGames.MetVD.Tests.GateConditionTests.AnyPolarityRequirement_PassesWithAny" methodname="AnyPolarityRequirement_PassesWithAny" classname="TinyWalnutGames.MetVD.Tests.GateConditionTests" runstate="Runnable" seed="1867822710" result="Passed" start-time="2025-10-14 02:23:03Z" end-time="2025-10-14 02:23:03Z" duration="0.001235" asserts="0">
                <properties>
                  <property name="retryIteration" value="0" />
                  <property name="repeatIteration" value="0" />
                </properties>
              </test-case>
              <test-case id="1020" name="CanPass_ActiveHardGate_RequiresAll" fullname="TinyWalnutGames.MetVD.Tests.GateConditionTests.CanPass_ActiveHardGate_RequiresAll" methodname="CanPass_ActiveHardGate_RequiresAll" classname="TinyWalnutGames.MetVD.Tests.GateConditionTests" runstate="Runnable" seed="138049882" result="Passed" start-time="2025-10-14 02:23:03Z" end-time="2025-10-14 02:23:03Z" duration="0.000427" asserts="0">
                <properties>
                  <property name="retryIteration" value="0" />
                  <property name="repeatIteration" value="0" />
                </properties>
              </test-case>
              <test-case id="1021" name="CanPass_InactiveOrUnlocked_AlwaysTrue" fullname="TinyWalnutGames.MetVD.Tests.GateConditionTests.CanPass_InactiveOrUnlocked_AlwaysTrue" methodname="CanPass_InactiveOrUnlocked_AlwaysTrue" classname="TinyWalnutGames.MetVD.Tests.GateConditionTests" runstate="Runnable" seed="717796019" result="Passed" start-time="2025-10-14 02:23:03Z" end-time="2025-10-14 02:23:03Z" duration="0.000391" asserts="0">
                <properties>
                  <property name="retryIteration" value="0" />
                  <property name="repeatIteration" value="0" />
                </properties>
              </test-case>
              <test-case id="1022" name="CanPass_SoftGate_BypassesWithSkill" fullname="TinyWalnutGames.MetVD.Tests.GateConditionTests.CanPass_SoftGate_BypassesWithSkill" methodname="CanPass_SoftGate_BypassesWithSkill" classname="TinyWalnutGames.MetVD.Tests.GateConditionTests" runstate="Runnable" seed="1231608576" result="Passed" start-time="2025-10-14 02:23:03Z" end-time="2025-10-14 02:23:03Z" duration="0.000298" asserts="0">
                <properties>
                  <property name="retryIteration" value="0" />
                  <property name="repeatIteration" value="0" />
                </properties>
              </test-case>
              <test-case id="1023" name="CanPass_TrivialGate_EasyBypass" fullname="TinyWalnutGames.MetVD.Tests.GateConditionTests.CanPass_TrivialGate_EasyBypass" methodname="CanPass_TrivialGate_EasyBypass" classname="TinyWalnutGames.MetVD.Tests.GateConditionTests" runstate="Runnable" seed="266250071" result="Passed" start-time="2025-10-14 02:23:03Z" end-time="2025-10-14 02:23:03Z" duration="0.000615" asserts="0">
                <properties>
                  <property name="retryIteration" value="0" />
                  <property name="repeatIteration" value="0" />
                </properties>
              </test-case>
              <test-case id="1024" name="GetMissingRequirements_ReturnsExpectedMasks" fullname="TinyWalnutGames.MetVD.Tests.GateConditionTests.GetMissingRequirements_ReturnsExpectedMasks" methodname="GetMissingRequirements_ReturnsExpectedMasks" classname="TinyWalnutGames.MetVD.Tests.GateConditionTests" runstate="Runnable" seed="810686238" result="Passed" start-time="2025-10-14 02:23:03Z" end-time="2025-10-14 02:23:03Z" duration="0.000780" asserts="0">
                <properties>
                  <property name="retryIteration" value="0" />
                  <property name="repeatIteration" value="0" />
                </properties>
              </test-case>
              <test-case id="1019" name="Polarity_AllSinglePairs_FormExpectedDualMask" fullname="TinyWalnutGames.MetVD.Tests.GateConditionTests.Polarity_AllSinglePairs_FormExpectedDualMask" methodname="Polarity_AllSinglePairs_FormExpectedDualMask" classname="TinyWalnutGames.MetVD.Tests.GateConditionTests" runstate="Runnable" seed="513503867" result="Passed" start-time="2025-10-14 02:23:03Z" end-time="2025-10-14 02:23:03Z" duration="0.000433" asserts="0">
                <properties>
                  <property name="retryIteration" value="0" />
                  <property name="repeatIteration" value="0" />
                </properties>
              </test-case>
            </test-suite>
            <test-suite type="TestFixture" id="1026" name="PolaritySystemTests" fullname="TinyWalnutGames.MetVD.Tests.PolaritySystemTests" classname="TinyWalnutGames.MetVD.Tests.PolaritySystemTests" runstate="Runnable" testcasecount="5" result="Passed" start-time="2025-10-14 02:23:03Z" end-time="2025-10-14 02:23:03Z" duration="0.028609" total="5" passed="5" failed="0" inconclusive="0" skipped="0" asserts="0">
              <properties />
              <test-case id="1028" name="PolarityAny_ShouldOrAllPoles" fullname="TinyWalnutGames.MetVD.Tests.PolaritySystemTests.PolarityAny_ShouldOrAllPoles" methodname="PolarityAny_ShouldOrAllPoles" classname="TinyWalnutGames.MetVD.Tests.PolaritySystemTests" runstate="Runnable" seed="2018693806" result="Passed" start-time="2025-10-14 02:23:03Z" end-time="2025-10-14 02:23:03Z" duration="0.001222" asserts="0">
                <properties>
                  <property name="retryIteration" value="0" />
                  <property name="repeatIteration" value="0" />
                </properties>
              </test-case>
              <test-case id="1029" name="PolarityBitmasks_DualPolarityGates_ShouldWorkCorrectly" fullname="TinyWalnutGames.MetVD.Tests.PolaritySystemTests.PolarityBitmasks_DualPolarityGates_ShouldWorkCorrectly" methodname="PolarityBitmasks_DualPolarityGates_ShouldWorkCorrectly" classname="TinyWalnutGames.MetVD.Tests.PolaritySystemTests" runstate="Runnable" seed="2126097629" result="Passed" start-time="2025-10-14 02:23:03Z" end-time="2025-10-14 02:23:03Z" duration="0.000580" asserts="0">
                <properties>
                  <property name="retryIteration" value="0" />
                  <property name="repeatIteration" value="0" />
                </properties>
              </test-case>
              <test-case id="1027" name="PolarityEnum_NoCollisions_ShouldHaveUniqueValues" fullname="TinyWalnutGames.MetVD.Tests.PolaritySystemTests.PolarityEnum_NoCollisions_ShouldHaveUniqueValues" methodname="PolarityEnum_NoCollisions_ShouldHaveUniqueValues" classname="TinyWalnutGames.MetVD.Tests.PolaritySystemTests" runstate="Runnable" seed="372430477" result="Passed" start-time="2025-10-14 02:23:03Z" end-time="2025-10-14 02:23:03Z" duration="0.000909" asserts="0">
                <properties>
                  <property name="retryIteration" value="0" />
                  <property name="repeatIteration" value="0" />
                </properties>
              </test-case>
              <test-case id="1030" name="PolarityMatching_SingleVsDualPoles_ShouldMatchCorrectly" fullname="TinyWalnutGames.MetVD.Tests.PolaritySystemTests.PolarityMatching_SingleVsDualPoles_ShouldMatchCorrectly" methodname="PolarityMatching_SingleVsDualPoles_ShouldMatchCorrectly" classname="TinyWalnutGames.MetVD.Tests.PolaritySystemTests" runstate="Runnable" seed="1596195768" result="Passed" start-time="2025-10-14 02:23:03Z" end-time="2025-10-14 02:23:03Z" duration="0.000658" asserts="0">
                <properties>
                  <property name="retryIteration" value="0" />
                  <property name="repeatIteration" value="0" />
                </properties>
              </test-case>
              <test-case id="1031" name="PolarityNone_ShouldBeZero" fullname="TinyWalnutGames.MetVD.Tests.PolaritySystemTests.PolarityNone_ShouldBeZero" methodname="PolarityNone_ShouldBeZero" classname="TinyWalnutGames.MetVD.Tests.PolaritySystemTests" runstate="Runnable" seed="1427633516" result="Passed" start-time="2025-10-14 02:23:03Z" end-time="2025-10-14 02:23:03Z" duration="0.000597" asserts="0">
                <properties>
                  <property name="retryIteration" value="0" />
                  <property name="repeatIteration" value="0" />
                </properties>
              </test-case>
            </test-suite>
          </test-suite>
        </test-suite>
      </test-suite>
    </test-suite>
    <test-suite type="Assembly" id="1126" name="TinyWalnutGames.MetVD.Graph.Tests.dll" fullname="E:/Tiny_Walnut_Games/TWG-MetVanDamn/Library/ScriptAssemblies/TinyWalnutGames.MetVD.Graph.Tests.dll" runstate="Runnable" testcasecount="60" result="Passed" start-time="2025-10-14 02:23:03Z" end-time="2025-10-14 02:23:04Z" duration="1.247122" total="60" passed="60" failed="0" inconclusive="0" skipped="0" asserts="0">
      <properties>
        <property name="_PID" value="84052" />
        <property name="_APPDOMAIN" value="Unity Child Domain" />
        <property name="platform" value="PlayMode" />
        <property name="EditorOnly" value="False" />
      </properties>
      <test-suite type="TestSuite" id="1127" name="TinyWalnutGames" fullname="TinyWalnutGames" runstate="Runnable" testcasecount="60" result="Passed" start-time="2025-10-14 02:23:03Z" end-time="2025-10-14 02:23:04Z" duration="1.219219" total="60" passed="60" failed="0" inconclusive="0" skipped="0" asserts="0">
        <properties />
        <test-suite type="TestSuite" id="1128" name="MetVD" fullname="TinyWalnutGames.MetVD" runstate="Runnable" testcasecount="60" result="Passed" start-time="2025-10-14 02:23:03Z" end-time="2025-10-14 02:23:04Z" duration="1.186381" total="60" passed="60" failed="0" inconclusive="0" skipped="0" asserts="0">
          <properties />
          <test-suite type="TestSuite" id="1130" name="Graph" fullname="TinyWalnutGames.MetVD.Graph" runstate="Runnable" testcasecount="40" result="Passed" start-time="2025-10-14 02:23:03Z" end-time="2025-10-14 02:23:03Z" duration="0.496735" total="40" passed="40" failed="0" inconclusive="0" skipped="0" asserts="0">
            <properties />
            <test-suite type="TestSuite" id="1131" name="Tests" fullname="TinyWalnutGames.MetVD.Graph.Tests" runstate="Runnable" testcasecount="40" result="Passed" start-time="2025-10-14 02:23:03Z" end-time="2025-10-14 02:23:03Z" duration="0.437502" total="40" passed="40" failed="0" inconclusive="0" skipped="0" asserts="0">
              <properties />
              <test-suite type="TestFixture" id="1081" name="DistrictSectorRoomFeaturesTests" fullname="TinyWalnutGames.MetVD.Graph.Tests.DistrictSectorRoomFeaturesTests" classname="TinyWalnutGames.MetVD.Graph.Tests.DistrictSectorRoomFeaturesTests" runstate="Runnable" testcasecount="7" result="Passed" start-time="2025-10-14 02:23:03Z" end-time="2025-10-14 02:23:03Z" duration="0.071997" total="7" passed="7" failed="0" inconclusive="0" skipped="0" asserts="0">
                <properties />
                <test-case id="1082" name="DistrictLayoutSystem_RespectsTargetSectors" fullname="TinyWalnutGames.MetVD.Graph.Tests.DistrictSectorRoomFeaturesTests.DistrictLayoutSystem_RespectsTargetSectors" methodname="DistrictLayoutSystem_RespectsTargetSectors" classname="TinyWalnutGames.MetVD.Graph.Tests.DistrictSectorRoomFeaturesTests" runstate="Runnable" seed="277998729" result="Passed" start-time="2025-10-14 02:23:03Z" end-time="2025-10-14 02:23:03Z" duration="0.007298" asserts="0">
                  <properties>
                    <property name="retryIteration" value="0" />
                    <property name="repeatIteration" value="0" />
                  </properties>
                </test-case>
                <test-case id="1086" name="HierarchicalNodeIds_CreateUniqueIds" fullname="TinyWalnutGames.MetVD.Graph.Tests.DistrictSectorRoomFeaturesTests.HierarchicalNodeIds_CreateUniqueIds" methodname="HierarchicalNodeIds_CreateUniqueIds" classname="TinyWalnutGames.MetVD.Graph.Tests.DistrictSectorRoomFeaturesTests" runstate="Runnable" seed="1149775070" result="Passed" start-time="2025-10-14 02:23:03Z" end-time="2025-10-14 02:23:03Z" duration="0.007702" asserts="0">
                  <properties>
                    <property name="retryIteration" value="0" />
                    <property name="repeatIteration" value="0" />
                  </properties>
                </test-case>
                <test-case id="1087" name="RoomFeatures_SupportDifferentTypes" fullname="TinyWalnutGames.MetVD.Graph.Tests.DistrictSectorRoomFeaturesTests.RoomFeatures_SupportDifferentTypes" methodname="RoomFeatures_SupportDifferentTypes" classname="TinyWalnutGames.MetVD.Graph.Tests.DistrictSectorRoomFeaturesTests" runstate="Runnable" seed="16037153" result="Passed" start-time="2025-10-14 02:23:03Z" end-time="2025-10-14 02:23:03Z" duration="0.002751" asserts="0">
                  <properties>
                    <property name="retryIteration" value="0" />
                    <property name="repeatIteration" value="0" />
                  </properties>
                </test-case>
                <test-case id="1084" name="RoomHierarchyData_SupportsDifferentRoomTypes" fullname="TinyWalnutGames.MetVD.Graph.Tests.DistrictSectorRoomFeaturesTests.RoomHierarchyData_SupportsDifferentRoomTypes" methodname="RoomHierarchyData_SupportsDifferentRoomTypes" classname="TinyWalnutGames.MetVD.Graph.Tests.DistrictSectorRoomFeaturesTests" runstate="Runnable" seed="1720168707" result="Passed" start-time="2025-10-14 02:23:03Z" end-time="2025-10-14 02:23:03Z" duration="0.001424" asserts="0">
                  <properties>
                    <property name="retryIteration" value="0" />
                    <property name="repeatIteration" value="0" />
                  </properties>
                </test-case>
                <test-case id="1085" name="RoomManagement_CreatesProperFeatures" fullname="TinyWalnutGames.MetVD.Graph.Tests.DistrictSectorRoomFeaturesTests.RoomManagement_CreatesProperFeatures" methodname="RoomManagement_CreatesProperFeatures" classname="TinyWalnutGames.MetVD.Graph.Tests.DistrictSectorRoomFeaturesTests" runstate="Runnable" seed="636940015" result="Passed" start-time="2025-10-14 02:23:03Z" end-time="2025-10-14 02:23:03Z" duration="0.004124" asserts="0">
                  <properties>
                    <property name="retryIteration" value="0" />
                    <property name="repeatIteration" value="0" />
                  </properties>
                </test-case>
                <test-case id="1083" name="SectorHierarchyData_CreatesProperlyStructuredSectors" fullname="TinyWalnutGames.MetVD.Graph.Tests.DistrictSectorRoomFeaturesTests.SectorHierarchyData_CreatesProperlyStructuredSectors" methodname="SectorHierarchyData_CreatesProperlyStructuredSectors" classname="TinyWalnutGames.MetVD.Graph.Tests.DistrictSectorRoomFeaturesTests" runstate="Runnable" seed="376140463" result="Passed" start-time="2025-10-14 02:23:03Z" end-time="2025-10-14 02:23:03Z" duration="0.001623" asserts="0">
                  <properties>
                    <property name="retryIteration" value="0" />
                    <property name="repeatIteration" value="0" />
                  </properties>
                </test-case>
                <test-case id="1088" name="WorldConfiguration_TargetSectorsNowUsed" fullname="TinyWalnutGames.MetVD.Graph.Tests.DistrictSectorRoomFeaturesTests.WorldConfiguration_TargetSectorsNowUsed" methodname="WorldConfiguration_TargetSectorsNowUsed" classname="TinyWalnutGames.MetVD.Graph.Tests.DistrictSectorRoomFeaturesTests" runstate="Runnable" seed="1254007746" result="Passed" start-time="2025-10-14 02:23:03Z" end-time="2025-10-14 02:23:03Z" duration="0.002303" asserts="0">
                  <properties>
                    <property name="retryIteration" value="0" />
                    <property name="repeatIteration" value="0" />
                  </properties>
                </test-case>
              </test-suite>
              <test-suite type="TestFixture" id="1089" name="ProceduralLayoutSystemTests" fullname="TinyWalnutGames.MetVD.Graph.Tests.ProceduralLayoutSystemTests" classname="TinyWalnutGames.MetVD.Graph.Tests.ProceduralLayoutSystemTests" runstate="Runnable" testcasecount="5" result="Passed" start-time="2025-10-14 02:23:03Z" end-time="2025-10-14 02:23:03Z" duration="0.121756" total="5" passed="5" failed="0" inconclusive="0" skipped="0" asserts="0">
                <properties />
                <test-case id="1090" name="DistrictLayoutSystem_WithUnplacedDistricts_ShouldAssignCoordinates" fullname="TinyWalnutGames.MetVD.Graph.Tests.ProceduralLayoutSystemTests.DistrictLayoutSystem_WithUnplacedDistricts_ShouldAssignCoordinates" methodname="DistrictLayoutSystem_WithUnplacedDistricts_ShouldAssignCoordinates" classname="TinyWalnutGames.MetVD.Graph.Tests.ProceduralLayoutSystemTests" runstate="Runnable" seed="815941511" result="Passed" start-time="2025-10-14 02:23:03Z" end-time="2025-10-14 02:23:03Z" duration="0.038730" asserts="0">
                  <properties>
                    <property name="retryIteration" value="0" />
                    <property name="repeatIteration" value="0" />
                  </properties>
                  <output><![CDATA[Initial coordinates: District1=int2(0, 0), District2=int2(0, 0)
Final coordinates: District1=int2(24, 12), District2=int2(5, 24)
DistrictLayoutDoneTag entities: 1
Test result: District1 moved: True, District2 moved: True, Layout done created: True
]]></output>
                </test-case>
                <test-case id="1093" name="RuleRandomizationSystem_WithFullMode_ShouldRandomizeEverything" fullname="TinyWalnutGames.MetVD.Graph.Tests.ProceduralLayoutSystemTests.RuleRandomizationSystem_WithFullMode_ShouldRandomizeEverything" methodname="RuleRandomizationSystem_WithFullMode_ShouldRandomizeEverything" classname="TinyWalnutGames.MetVD.Graph.Tests.ProceduralLayoutSystemTests" runstate="Runnable" seed="318132526" result="Passed" start-time="2025-10-14 02:23:03Z" end-time="2025-10-14 02:23:03Z" duration="0.013667" asserts="0">
                  <properties>
                    <property name="retryIteration" value="0" />
                    <property name="repeatIteration" value="0" />
                  </properties>
                  <output><![CDATA['TinyWalnutGames.MetVD.Graph.ConnectionBuilderSystem' creates a query during OnUpdate. Please create queries in OnCreate and store them in the system for use in OnUpdate instead. This is significantly faster.
]]></output>
                </test-case>
                <test-case id="1094" name="RuleRandomizationSystem_WithNoneMode_ShouldUseCuratedRules" fullname="TinyWalnutGames.MetVD.Graph.Tests.ProceduralLayoutSystemTests.RuleRandomizationSystem_WithNoneMode_ShouldUseCuratedRules" methodname="RuleRandomizationSystem_WithNoneMode_ShouldUseCuratedRules" classname="TinyWalnutGames.MetVD.Graph.Tests.ProceduralLayoutSystemTests" runstate="Runnable" seed="1748972849" result="Passed" start-time="2025-10-14 02:23:03Z" end-time="2025-10-14 02:23:03Z" duration="0.007567" asserts="0">
                  <properties>
                    <property name="retryIteration" value="0" />
                    <property name="repeatIteration" value="0" />
                  </properties>
                  <output><![CDATA['TinyWalnutGames.MetVD.Graph.ConnectionBuilderSystem' creates a query during OnUpdate. Please create queries in OnCreate and store them in the system for use in OnUpdate instead. This is significantly faster.
]]></output>
                </test-case>
                <test-case id="1092" name="RuleRandomizationSystem_WithPartialMode_ShouldRandomizeBiomes" fullname="TinyWalnutGames.MetVD.Graph.Tests.ProceduralLayoutSystemTests.RuleRandomizationSystem_WithPartialMode_ShouldRandomizeBiomes" methodname="RuleRandomizationSystem_WithPartialMode_ShouldRandomizeBiomes" classname="TinyWalnutGames.MetVD.Graph.Tests.ProceduralLayoutSystemTests" runstate="Runnable" seed="944656577" result="Passed" start-time="2025-10-14 02:23:03Z" end-time="2025-10-14 02:23:03Z" duration="0.024984" asserts="0">
                  <properties>
                    <property name="retryIteration" value="0" />
                    <property name="repeatIteration" value="0" />
                  </properties>
                  <output><![CDATA['TinyWalnutGames.MetVD.Graph.ConnectionBuilderSystem' creates a query during OnUpdate. Please create queries in OnCreate and store them in the system for use in OnUpdate instead. This is significantly faster.
WorldConfiguration entities: 1
DistrictLayoutDoneTag entities: 1
WorldRuleSet entities: 1
RuleRandomizationDoneTag entities: 1
]]></output>
                </test-case>
                <test-case id="1091" name="SectorRoomHierarchySystem_GeneratesSectorsAndRooms" fullname="TinyWalnutGames.MetVD.Graph.Tests.ProceduralLayoutSystemTests.SectorRoomHierarchySystem_GeneratesSectorsAndRooms" methodname="SectorRoomHierarchySystem_GeneratesSectorsAndRooms" classname="TinyWalnutGames.MetVD.Graph.Tests.ProceduralLayoutSystemTests" runstate="Runnable" seed="1203153583" result="Passed" start-time="2025-10-14 02:23:03Z" end-time="2025-10-14 02:23:03Z" duration="0.004400" asserts="0">
                  <properties>
                    <property name="retryIteration" value="0" />
                    <property name="repeatIteration" value="0" />
                  </properties>
                </test-case>
              </test-suite>
              <test-suite type="TestFixture" id="1095" name="ProceduralRoomGenerationIntegrationTests" fullname="TinyWalnutGames.MetVD.Graph.Tests.ProceduralRoomGenerationIntegrationTests" classname="TinyWalnutGames.MetVD.Graph.Tests.ProceduralRoomGenerationIntegrationTests" runstate="Runnable" testcasecount="11" result="Passed" start-time="2025-10-14 02:23:03Z" end-time="2025-10-14 02:23:03Z" duration="0.055371" total="11" passed="11" failed="0" inconclusive="0" skipped="0" asserts="0">
                <properties />
                <test-case id="1103" name="BiomePolarity_MatchesRoomContent" fullname="TinyWalnutGames.MetVD.Graph.Tests.ProceduralRoomGenerationIntegrationTests.BiomePolarity_MatchesRoomContent" methodname="BiomePolarity_MatchesRoomContent" classname="TinyWalnutGames.MetVD.Graph.Tests.ProceduralRoomGenerationIntegrationTests" runstate="Runnable" seed="717178362" result="Passed" start-time="2025-10-14 02:23:03Z" end-time="2025-10-14 02:23:03Z" duration="0.007964" asserts="0">
                  <properties>
                    <property name="retryIteration" value="0" />
                    <property name="repeatIteration" value="0" />
                  </properties>
                </test-case>
                <test-case id="1096" name="BossRoom_SkillChallenge_GeneratesCorrectly" fullname="TinyWalnutGames.MetVD.Graph.Tests.ProceduralRoomGenerationIntegrationTests.BossRoom_SkillChallenge_GeneratesCorrectly" methodname="BossRoom_SkillChallenge_GeneratesCorrectly" classname="TinyWalnutGames.MetVD.Graph.Tests.ProceduralRoomGenerationIntegrationTests" runstate="Runnable" seed="934657389" result="Passed" start-time="2025-10-14 02:23:03Z" end-time="2025-10-14 02:23:03Z" duration="0.004723" asserts="0">
                  <properties>
                    <property name="retryIteration" value="0" />
                    <property name="repeatIteration" value="0" />
                  </properties>
                </test-case>
                <test-case id="1106" name="DifferentGenerators_ProduceUniqueContent" fullname="TinyWalnutGames.MetVD.Graph.Tests.ProceduralRoomGenerationIntegrationTests.DifferentGenerators_ProduceUniqueContent" methodname="DifferentGenerators_ProduceUniqueContent" classname="TinyWalnutGames.MetVD.Graph.Tests.ProceduralRoomGenerationIntegrationTests" runstate="Runnable" seed="917707227" result="Passed" start-time="2025-10-14 02:23:03Z" end-time="2025-10-14 02:23:03Z" duration="0.004906" asserts="0">
                  <properties>
                    <property name="retryIteration" value="0" />
                    <property name="repeatIteration" value="0" />
                  </properties>
                </test-case>
                <test-case id="1099" name="HorizontalRoom_CorridorFlow_GeneratesRhythm" fullname="TinyWalnutGames.MetVD.Graph.Tests.ProceduralRoomGenerationIntegrationTests.HorizontalRoom_CorridorFlow_GeneratesRhythm" methodname="HorizontalRoom_CorridorFlow_GeneratesRhythm" classname="TinyWalnutGames.MetVD.Graph.Tests.ProceduralRoomGenerationIntegrationTests" runstate="Runnable" seed="478995857" result="Passed" start-time="2025-10-14 02:23:03Z" end-time="2025-10-14 02:23:03Z" duration="0.001894" asserts="0">
                  <properties>
                    <property name="retryIteration" value="0" />
                    <property name="repeatIteration" value="0" />
                  </properties>
                </test-case>
                <test-case id="1105" name="JumpArcSolver_ValidatesRoomConnectivity" fullname="TinyWalnutGames.MetVD.Graph.Tests.ProceduralRoomGenerationIntegrationTests.JumpArcSolver_ValidatesRoomConnectivity" methodname="JumpArcSolver_ValidatesRoomConnectivity" classname="TinyWalnutGames.MetVD.Graph.Tests.ProceduralRoomGenerationIntegrationTests" runstate="Runnable" seed="419323159" result="Passed" start-time="2025-10-14 02:23:03Z" end-time="2025-10-14 02:23:03Z" duration="0.007097" asserts="0">
                  <properties>
                    <property name="retryIteration" value="0" />
                    <property name="repeatIteration" value="0" />
                  </properties>
                </test-case>
                <test-case id="1104" name="Pipeline_SixSteps_CompletesCorrectly" fullname="TinyWalnutGames.MetVD.Graph.Tests.ProceduralRoomGenerationIntegrationTests.Pipeline_SixSteps_CompletesCorrectly" methodname="Pipeline_SixSteps_CompletesCorrectly" classname="TinyWalnutGames.MetVD.Graph.Tests.ProceduralRoomGenerationIntegrationTests" runstate="Runnable" seed="1704204208" result="Passed" start-time="2025-10-14 02:23:03Z" end-time="2025-10-14 02:23:03Z" duration="0.002287" asserts="0">
                  <properties>
                    <property name="retryIteration" value="0" />
                    <property name="repeatIteration" value="0" />
                  </properties>
                </test-case>
                <test-case id="1102" name="SaveRoom_SafeArea_UsesWeightedGeneration" fullname="TinyWalnutGames.MetVD.Graph.Tests.ProceduralRoomGenerationIntegrationTests.SaveRoom_SafeArea_UsesWeightedGeneration" methodname="SaveRoom_SafeArea_UsesWeightedGeneration" classname="TinyWalnutGames.MetVD.Graph.Tests.ProceduralRoomGenerationIntegrationTests" runstate="Runnable" seed="1841426221" result="Passed" start-time="2025-10-14 02:23:03Z" end-time="2025-10-14 02:23:03Z" duration="0.002338" asserts="0">
                  <properties>
                    <property name="retryIteration" value="0" />
                    <property name="repeatIteration" value="0" />
                  </properties>
                </test-case>
                <test-case id="1101" name="SecretAreas_WithBombSkill_GeneratesDestructibleWalls" fullname="TinyWalnutGames.MetVD.Graph.Tests.ProceduralRoomGenerationIntegrationTests.SecretAreas_WithBombSkill_GeneratesDestructibleWalls" methodname="SecretAreas_WithBombSkill_GeneratesDestructibleWalls" classname="TinyWalnutGames.MetVD.Graph.Tests.ProceduralRoomGenerationIntegrationTests" runstate="Runnable" seed="2048185947" result="Passed" start-time="2025-10-14 02:23:03Z" end-time="2025-10-14 02:23:03Z" duration="0.001903" asserts="0">
                  <properties>
                    <property name="retryIteration" value="0" />
                    <property name="repeatIteration" value="0" />
                  </properties>
                </test-case>
                <test-case id="1098" name="SkyBiome_CloudPlatforms_GeneratesMotion" fullname="TinyWalnutGames.MetVD.Graph.Tests.ProceduralRoomGenerationIntegrationTests.SkyBiome_CloudPlatforms_GeneratesMotion" methodname="SkyBiome_CloudPlatforms_GeneratesMotion" classname="TinyWalnutGames.MetVD.Graph.Tests.ProceduralRoomGenerationIntegrationTests" runstate="Runnable" seed="189114712" result="Passed" start-time="2025-10-14 02:23:03Z" end-time="2025-10-14 02:23:03Z" duration="0.001626" asserts="0">
                  <properties>
                    <property name="retryIteration" value="0" />
                    <property name="repeatIteration" value="0" />
                  </properties>
                </test-case>
                <test-case id="1097" name="TreasureRoom_JumpTesting_ValidatesPhysics" fullname="TinyWalnutGames.MetVD.Graph.Tests.ProceduralRoomGenerationIntegrationTests.TreasureRoom_JumpTesting_ValidatesPhysics" methodname="TreasureRoom_JumpTesting_ValidatesPhysics" classname="TinyWalnutGames.MetVD.Graph.Tests.ProceduralRoomGenerationIntegrationTests" runstate="Runnable" seed="1083924595" result="Passed" start-time="2025-10-14 02:23:03Z" end-time="2025-10-14 02:23:03Z" duration="0.002637" asserts="0">
                  <properties>
                    <property name="retryIteration" value="0" />
                    <property name="repeatIteration" value="0" />
                  </properties>
                </test-case>
                <test-case id="1100" name="VerticalRoom_StackedSegments_EnsuresConnectivity" fullname="TinyWalnutGames.MetVD.Graph.Tests.ProceduralRoomGenerationIntegrationTests.VerticalRoom_StackedSegments_EnsuresConnectivity" methodname="VerticalRoom_StackedSegments_EnsuresConnectivity" classname="TinyWalnutGames.MetVD.Graph.Tests.ProceduralRoomGenerationIntegrationTests" runstate="Runnable" seed="774715254" result="Passed" start-time="2025-10-14 02:23:03Z" end-time="2025-10-14 02:23:03Z" duration="0.001426" asserts="0">
                  <properties>
[...]
                    <property name="retryIteration" value="0" />
                    <property name="repeatIteration" value="0" />
                  </properties>
                </test-case>
                <test-case id="1147" name="BoneHierarchyUtility_ValidatesHierarchyCorrectly" fullname="TinyWalnutGames.MetVD.QuadRig.Tests.QuadRigHumanoidTests.BoneHierarchyUtility_ValidatesHierarchyCorrectly" methodname="BoneHierarchyUtility_ValidatesHierarchyCorrectly" classname="TinyWalnutGames.MetVD.QuadRig.Tests.QuadRigHumanoidTests" runstate="Runnable" seed="1493311206" result="Passed" start-time="2025-10-14 02:23:04Z" end-time="2025-10-14 02:23:04Z" duration="0.002018" asserts="0">
                  <properties>
                    <property name="retryIteration" value="0" />
                    <property name="repeatIteration" value="0" />
                  </properties>
                </test-case>
                <test-case id="1150" name="Entity_CanBeCreatedWithAllComponents" fullname="TinyWalnutGames.MetVD.QuadRig.Tests.QuadRigHumanoidTests.Entity_CanBeCreatedWithAllComponents" methodname="Entity_CanBeCreatedWithAllComponents" classname="TinyWalnutGames.MetVD.QuadRig.Tests.QuadRigHumanoidTests" runstate="Runnable" seed="1880950039" result="Passed" start-time="2025-10-14 02:23:04Z" end-time="2025-10-14 02:23:04Z" duration="0.012533" asserts="0">
                  <properties>
                    <property name="retryIteration" value="0" />
                    <property name="repeatIteration" value="0" />
                  </properties>
                </test-case>
                <test-case id="1137" name="QuadMeshPart_StoresAllRequiredData" fullname="TinyWalnutGames.MetVD.QuadRig.Tests.QuadRigHumanoidTests.QuadMeshPart_StoresAllRequiredData" methodname="QuadMeshPart_StoresAllRequiredData" classname="TinyWalnutGames.MetVD.QuadRig.Tests.QuadRigHumanoidTests" runstate="Runnable" seed="712119202" result="Passed" start-time="2025-10-14 02:23:04Z" end-time="2025-10-14 02:23:04Z" duration="0.002821" asserts="0">
                  <properties>
                    <property name="retryIteration" value="0" />
                    <property name="repeatIteration" value="0" />
                  </properties>
                </test-case>
                <test-case id="1145" name="QuadMeshUtility_CreatesCompleteHumanoidParts" fullname="TinyWalnutGames.MetVD.QuadRig.Tests.QuadRigHumanoidTests.QuadMeshUtility_CreatesCompleteHumanoidParts" methodname="QuadMeshUtility_CreatesCompleteHumanoidParts" classname="TinyWalnutGames.MetVD.QuadRig.Tests.QuadRigHumanoidTests" runstate="Runnable" seed="2088026700" result="Passed" start-time="2025-10-14 02:23:04Z" end-time="2025-10-14 02:23:04Z" duration="0.008184" asserts="0">
                  <properties>
                    <property name="retryIteration" value="0" />
                    <property name="repeatIteration" value="0" />
                  </properties>
                </test-case>
                <test-case id="1144" name="QuadMeshUtility_CreatesStandardAtlasUVs" fullname="TinyWalnutGames.MetVD.QuadRig.Tests.QuadRigHumanoidTests.QuadMeshUtility_CreatesStandardAtlasUVs" methodname="QuadMeshUtility_CreatesStandardAtlasUVs" classname="TinyWalnutGames.MetVD.QuadRig.Tests.QuadRigHumanoidTests" runstate="Runnable" seed="340985438" result="Passed" start-time="2025-10-14 02:23:04Z" end-time="2025-10-14 02:23:04Z" duration="0.002360" asserts="0">
                  <properties>
                    <property name="retryIteration" value="0" />
                    <property name="repeatIteration" value="0" />
                  </properties>
                </test-case>
                <test-case id="1143" name="QuadMeshUtility_CreatesStandardPartSizes" fullname="TinyWalnutGames.MetVD.QuadRig.Tests.QuadRigHumanoidTests.QuadMeshUtility_CreatesStandardPartSizes" methodname="QuadMeshUtility_CreatesStandardPartSizes" classname="TinyWalnutGames.MetVD.QuadRig.Tests.QuadRigHumanoidTests" runstate="Runnable" seed="911411165" result="Passed" start-time="2025-10-14 02:23:04Z" end-time="2025-10-14 02:23:04Z" duration="0.003706" asserts="0">
                  <properties>
                    <property name="retryIteration" value="0" />
                    <property name="repeatIteration" value="0" />
                  </properties>
                </test-case>
                <test-case id="1134" name="QuadRigHumanoid_ClampsScaleToMinimum" fullname="TinyWalnutGames.MetVD.QuadRig.Tests.QuadRigHumanoidTests.QuadRigHumanoid_ClampsScaleToMinimum" methodname="QuadRigHumanoid_ClampsScaleToMinimum" classname="TinyWalnutGames.MetVD.QuadRig.Tests.QuadRigHumanoidTests" runstate="Runnable" seed="1624368529" result="Passed" start-time="2025-10-14 02:23:04Z" end-time="2025-10-14 02:23:04Z" duration="0.001996" asserts="0">
                  <properties>
                    <property name="retryIteration" value="0" />
                    <property name="repeatIteration" value="0" />
                  </properties>
                </test-case>
                <test-case id="1133" name="QuadRigHumanoid_CreatesWithValidDefaults" fullname="TinyWalnutGames.MetVD.QuadRig.Tests.QuadRigHumanoidTests.QuadRigHumanoid_CreatesWithValidDefaults" methodname="QuadRigHumanoid_CreatesWithValidDefaults" classname="TinyWalnutGames.MetVD.QuadRig.Tests.QuadRigHumanoidTests" runstate="Runnable" seed="126673550" result="Passed" start-time="2025-10-14 02:23:04Z" end-time="2025-10-14 02:23:04Z" duration="0.002276" asserts="0">
                  <properties>
                    <property name="retryIteration" value="0" />
                    <property name="repeatIteration" value="0" />
                  </properties>
                </test-case>
                <test-case id="1151" name="StoryTest_ComponentsPassAllValidationChecks" fullname="TinyWalnutGames.MetVD.QuadRig.Tests.QuadRigHumanoidTests.StoryTest_ComponentsPassAllValidationChecks" methodname="StoryTest_ComponentsPassAllValidationChecks" classname="TinyWalnutGames.MetVD.QuadRig.Tests.QuadRigHumanoidTests" runstate="Runnable" seed="314861500" result="Passed" start-time="2025-10-14 02:23:04Z" end-time="2025-10-14 02:23:04Z" duration="0.002383" asserts="0">
                  <properties>
                    <property name="retryIteration" value="0" />
                    <property name="repeatIteration" value="0" />
                  </properties>
                </test-case>
                <test-case id="1138" name="TextureAtlasData_ValidatesCorrectly" fullname="TinyWalnutGames.MetVD.QuadRig.Tests.QuadRigHumanoidTests.TextureAtlasData_ValidatesCorrectly" methodname="TextureAtlasData_ValidatesCorrectly" classname="TinyWalnutGames.MetVD.QuadRig.Tests.QuadRigHumanoidTests" runstate="Runnable" seed="1054635362" result="Passed" start-time="2025-10-14 02:23:04Z" end-time="2025-10-14 02:23:04Z" duration="0.001885" asserts="0">
                  <properties>
                    <property name="retryIteration" value="0" />
                    <property name="repeatIteration" value="0" />
                  </properties>
                </test-case>
              </test-suite>
            </test-suite>
          </test-suite>
        </test-suite>
      </test-suite>
    </test-suite>
    <test-suite type="Assembly" id="1161" name="TinyWalnutGames.MetVD.Utility.Tests.dll" fullname="E:/Tiny_Walnut_Games/TWG-MetVanDamn/Library/ScriptAssemblies/TinyWalnutGames.MetVD.Utility.Tests.dll" runstate="Runnable" testcasecount="3" result="Failed" site="Child" start-time="2025-10-14 02:23:04Z" end-time="2025-10-14 02:23:04Z" duration="0.091031" total="3" passed="0" failed="3" inconclusive="0" skipped="0" asserts="0">
      <properties>
        <property name="_PID" value="84052" />
        <property name="_APPDOMAIN" value="Unity Child Domain" />
        <property name="platform" value="PlayMode" />
        <property name="EditorOnly" value="False" />
      </properties>
      <failure>
        <message><![CDATA[One or more child tests had errors]]></message>
      </failure>
      <test-suite type="TestSuite" id="1162" name="TinyWalnutGames" fullname="TinyWalnutGames" runstate="Runnable" testcasecount="3" result="Failed" site="Child" start-time="2025-10-14 02:23:04Z" end-time="2025-10-14 02:23:04Z" duration="0.069398" total="3" passed="0" failed="3" inconclusive="0" skipped="0" asserts="0">
        <properties />
        <failure>
          <message><![CDATA[One or more child tests had errors]]></message>
        </failure>
        <test-suite type="TestSuite" id="1163" name="MetVD" fullname="TinyWalnutGames.MetVD" runstate="Runnable" testcasecount="3" result="Failed" site="Child" start-time="2025-10-14 02:23:04Z" end-time="2025-10-14 02:23:04Z" duration="0.055219" total="3" passed="0" failed="3" inconclusive="0" skipped="0" asserts="0">
          <properties />
          <failure>
            <message><![CDATA[One or more child tests had errors]]></message>
          </failure>
          <test-suite type="TestSuite" id="1164" name="Tests" fullname="TinyWalnutGames.MetVD.Tests" runstate="Runnable" testcasecount="3" result="Failed" site="Child" start-time="2025-10-14 02:23:04Z" end-time="2025-10-14 02:23:04Z" duration="0.046055" total="3" passed="0" failed="3" inconclusive="0" skipped="0" asserts="0">
            <properties />
            <failure>
              <message><![CDATA[One or more child tests had errors]]></message>
            </failure>
            <test-suite type="TestSuite" id="1165" name="Utility" fullname="TinyWalnutGames.MetVD.Tests.Utility" runstate="Runnable" testcasecount="3" result="Failed" site="Child" start-time="2025-10-14 02:23:04Z" end-time="2025-10-14 02:23:04Z" duration="0.036183" total="3" passed="0" failed="3" inconclusive="0" skipped="0" asserts="0">
              <properties />
              <failure>
                <message><![CDATA[One or more child tests had errors]]></message>
              </failure>
              <test-suite type="TestFixture" id="1157" name="AggregatorSystemTests" fullname="TinyWalnutGames.MetVD.Tests.Utility.AggregatorSystemTests" classname="TinyWalnutGames.MetVD.Tests.Utility.AggregatorSystemTests" runstate="Runnable" testcasecount="3" result="Failed" site="Child" start-time="2025-10-14 02:23:04Z" end-time="2025-10-14 02:23:04Z" duration="0.023811" total="3" passed="0" failed="3" inconclusive="0" skipped="0" asserts="0">
                <properties />
                <failure>
                  <message><![CDATA[One or more child tests had errors]]></message>
                </failure>
                <test-case id="1158" name="EmptyWorld_YieldsZero" fullname="TinyWalnutGames.MetVD.Tests.Utility.AggregatorSystemTests.EmptyWorld_YieldsZero" methodname="EmptyWorld_YieldsZero" classname="TinyWalnutGames.MetVD.Tests.Utility.AggregatorSystemTests" runstate="Runnable" seed="1563452207" result="Failed" label="Error" start-time="2025-10-14 02:23:04Z" end-time="2025-10-14 02:23:04Z" duration="0.005928" asserts="0">
                  <properties>
                    <property name="retryIteration" value="0" />
                    <property name="repeatIteration" value="0" />
                  </properties>
                  <failure>
                    <message><![CDATA[System.ArgumentException : Unknown Type:`TinyWalnutGames.MetVD.Utility.AggregatorSystem`1[TinyWalnutGames.MetVD.Core.Biome]` All ComponentType must be known at compile time. For generic components, each concrete type must be registered with [RegisterGenericComponentType].]]></message>
                    <stack-trace><![CDATA[  at Unity.Entities.TypeManager.ManagedException (System.Type type) [0x0003a] in .\Library\PackageCache\com.unity.entities@e581b903be8e\Unity.Entities\Types\TypeManager.cs:1776 
  at Unity.Entities.TypeManager.ManagedException[T] () [0x00001] in .\Library\PackageCache\com.unity.entities@e581b903be8e\Unity.Entities\Types\TypeManager.cs:1757 
  at Unity.Entities.TypeManager.GetSystemTypeIndex[T] () [0x00019] in .\Library\PackageCache\com.unity.entities@e581b903be8e\Unity.Entities\Types\TypeManagerSystems.cs:1017 
  at Unity.Entities.WorldUnmanagedImpl.CreateUnmanagedSystem[T] (Unity.Entities.World self, System.Boolean callOnCreate) [0x00001] in .\Library\PackageCache\com.unity.entities@e581b903be8e\Unity.Entities\WorldUnmanaged.cs:560 
  at Unity.Entities.WorldUnmanagedImpl.GetOrCreateUnmanagedSystem[T] (System.Boolean callOnCreate) [0x00020] in .\Library\PackageCache\com.unity.entities@e581b903be8e\Unity.Entities\WorldUnmanaged.cs:648 
  at Unity.Entities.WorldUnmanaged.GetOrCreateUnmanagedSystem[T] () [0x00000] in .\Library\PackageCache\com.unity.entities@e581b903be8e\Unity.Entities\WorldUnmanaged.cs:1097 
  at Unity.Entities.WorldExtensions.GetOrCreateSystem[T] (Unity.Entities.World self) [0x00001] in .\Library\PackageCache\com.unity.entities@e581b903be8e\Unity.Entities\World.cs:1554 
  at TinyWalnutGames.MetVD.Tests.Utility.AggregatorSystemTests.EmptyWorld_YieldsZero () [0x00001] in .\Packages\com.tinywalnutgames.metvd.utility\Tests\Runtime\AggregatorSystemTests.cs:30 
  at (wrapper managed-to-native) System.Reflection.RuntimeMethodInfo.InternalInvoke(System.Reflection.RuntimeMethodInfo,object,object[],System.Exception&)
  at System.Reflection.RuntimeMethodInfo.Invoke (System.Object obj, System.Reflection.BindingFlags invokeAttr, System.Reflection.Binder binder, System.Object[] parameters, System.Globalization.CultureInfo culture) [0x0006a] in <59bd7c40c082431db25e1e728ab62789>:0 ]]></stack-trace>
                  </failure>
                </test-case>
                <test-case id="1160" name="MultipleFrames_ClearAndRecapture" fullname="TinyWalnutGames.MetVD.Tests.Utility.AggregatorSystemTests.MultipleFrames_ClearAndRecapture" methodname="MultipleFrames_ClearAndRecapture" classname="TinyWalnutGames.MetVD.Tests.Utility.AggregatorSystemTests" runstate="Runnable" seed="1107023953" result="Failed" label="Error" start-time="2025-10-14 02:23:04Z" end-time="2025-10-14 02:23:04Z" duration="0.002871" asserts="0">
                  <properties>
                    <property name="retryIteration" value="0" />
                    <property name="repeatIteration" value="0" />
                  </properties>
                  <failure>
                    <message><![CDATA[System.ArgumentException : Unknown Type:`TinyWalnutGames.MetVD.Utility.AggregatorSystem`1[TinyWalnutGames.MetVD.Core.Biome]` All ComponentType must be known at compile time. For generic components, each concrete type must be registered with [RegisterGenericComponentType].]]></message>
                    <stack-trace><![CDATA[  at Unity.Entities.TypeManager.ManagedException (System.Type type) [0x0003a] in .\Library\PackageCache\com.unity.entities@e581b903be8e\Unity.Entities\Types\TypeManager.cs:1776 
  at Unity.Entities.TypeManager.ManagedException[T] () [0x00001] in .\Library\PackageCache\com.unity.entities@e581b903be8e\Unity.Entities\Types\TypeManager.cs:1757 
  at Unity.Entities.TypeManager.GetSystemTypeIndex[T] () [0x00019] in .\Library\PackageCache\com.unity.entities@e581b903be8e\Unity.Entities\Types\TypeManagerSystems.cs:1017 
  at Unity.Entities.WorldUnmanagedImpl.CreateUnmanagedSystem[T] (Unity.Entities.World self, System.Boolean callOnCreate) [0x00001] in .\Library\PackageCache\com.unity.entities@e581b903be8e\Unity.Entities\WorldUnmanaged.cs:560 
  at Unity.Entities.WorldUnmanagedImpl.GetOrCreateUnmanagedSystem[T] (System.Boolean callOnCreate) [0x00020] in .\Library\PackageCache\com.unity.entities@e581b903be8e\Unity.Entities\WorldUnmanaged.cs:648 
  at Unity.Entities.WorldUnmanaged.GetOrCreateUnmanagedSystem[T] () [0x00000] in .\Library\PackageCache\com.unity.entities@e581b903be8e\Unity.Entities\WorldUnmanaged.cs:1097 
  at Unity.Entities.WorldExtensions.GetOrCreateSystem[T] (Unity.Entities.World self) [0x00001] in .\Library\PackageCache\com.unity.entities@e581b903be8e\Unity.Entities\World.cs:1554 
  at TinyWalnutGames.MetVD.Tests.Utility.AggregatorSystemTests.MultipleFrames_ClearAndRecapture () [0x0000d] in .\Packages\com.tinywalnutgames.metvd.utility\Tests\Runtime\AggregatorSystemTests.cs:57 
  at (wrapper managed-to-native) System.Reflection.RuntimeMethodInfo.InternalInvoke(System.Reflection.RuntimeMethodInfo,object,object[],System.Exception&)
  at System.Reflection.RuntimeMethodInfo.Invoke (System.Object obj, System.Reflection.BindingFlags invokeAttr, System.Reflection.Binder binder, System.Object[] parameters, System.Globalization.CultureInfo culture) [0x0006a] in <59bd7c40c082431db25e1e728ab62789>:0 ]]></stack-trace>
                  </failure>
                </test-case>
                <test-case id="1159" name="PopulatedWorld_CountMatchesEntities" fullname="TinyWalnutGames.MetVD.Tests.Utility.AggregatorSystemTests.PopulatedWorld_CountMatchesEntities" methodname="PopulatedWorld_CountMatchesEntities" classname="TinyWalnutGames.MetVD.Tests.Utility.AggregatorSystemTests" runstate="Runnable" seed="40749467" result="Failed" label="Error" start-time="2025-10-14 02:23:04Z" end-time="2025-10-14 02:23:04Z" duration="0.003126" asserts="0">
                  <properties>
                    <property name="retryIteration" value="0" />
                    <property name="repeatIteration" value="0" />
                  </properties>
                  <failure>
                    <message><![CDATA[System.ArgumentException : Unknown Type:`TinyWalnutGames.MetVD.Utility.AggregatorSystem`1[TinyWalnutGames.MetVD.Core.Biome]` All ComponentType must be known at compile time. For generic components, each concrete type must be registered with [RegisterGenericComponentType].]]></message>
                    <stack-trace><![CDATA[  at Unity.Entities.TypeManager.ManagedException (System.Type type) [0x0003a] in .\Library\PackageCache\com.unity.entities@e581b903be8e\Unity.Entities\Types\TypeManager.cs:1776 
  at Unity.Entities.TypeManager.ManagedException[T] () [0x00001] in .\Library\PackageCache\com.unity.entities@e581b903be8e\Unity.Entities\Types\TypeManager.cs:1757 
  at Unity.Entities.TypeManager.GetSystemTypeIndex[T] () [0x00019] in .\Library\PackageCache\com.unity.entities@e581b903be8e\Unity.Entities\Types\TypeManagerSystems.cs:1017 
  at Unity.Entities.WorldUnmanagedImpl.CreateUnmanagedSystem[T] (Unity.Entities.World self, System.Boolean callOnCreate) [0x00001] in .\Library\PackageCache\com.unity.entities@e581b903be8e\Unity.Entities\WorldUnmanaged.cs:560 
  at Unity.Entities.WorldUnmanagedImpl.GetOrCreateUnmanagedSystem[T] (System.Boolean callOnCreate) [0x00020] in .\Library\PackageCache\com.unity.entities@e581b903be8e\Unity.Entities\WorldUnmanaged.cs:648 
  at Unity.Entities.WorldUnmanaged.GetOrCreateUnmanagedSystem[T] () [0x00000] in .\Library\PackageCache\com.unity.entities@e581b903be8e\Unity.Entities\WorldUnmanaged.cs:1097 
  at Unity.Entities.WorldExtensions.GetOrCreateSystem[T] (Unity.Entities.World self) [0x00001] in .\Library\PackageCache\com.unity.entities@e581b903be8e\Unity.Entities\World.cs:1554 
  at TinyWalnutGames.MetVD.Tests.Utility.AggregatorSystemTests.PopulatedWorld_CountMatchesEntities () [0x0006c] in .\Packages\com.tinywalnutgames.metvd.utility\Tests\Runtime\AggregatorSystemTests.cs:46 
  at (wrapper managed-to-native) System.Reflection.RuntimeMethodInfo.InternalInvoke(System.Reflection.RuntimeMethodInfo,object,object[],System.Exception&)
  at System.Reflection.RuntimeMethodInfo.Invoke (System.Object obj, System.Reflection.BindingFlags invokeAttr, System.Reflection.Binder binder, System.Object[] parameters, System.Globalization.CultureInfo culture) [0x0006a] in <59bd7c40c082431db25e1e728ab62789>:0 ]]></stack-trace>
                  </failure>
                  <output><![CDATA[Saving results to: C:/Users/Jerry/AppData/LocalLow/Tiny Walnut Games/TWG-MetVanDamn\TestResults.xml
]]></output>
                </test-case>
              </test-suite>
            </test-suite>
          </test-suite>
        </test-suite>
      </test-suite>
    </test-suite>
  </test-suite>
</test-run>