<?xml version="1.0" encoding="utf-8"?>
<test-run id="2" testcasecount="149" result="Failed(Child)" total="149" passed="136" failed="13" inconclusive="0" skipped="0" asserts="0" engine-version="3.5.0.0" clr-version="4.0.30319.42000" start-time="2025-09-18 20:43:08Z" end-time="2025-09-18 20:43:13Z" duration="5.6931579">
  <test-suite type="TestSuite" id="1193" name="TWG-MetVanDamn" fullname="TWG-MetVanDamn" runstate="Runnable" testcasecount="149" result="Failed" site="Child" start-time="2025-09-18 20:43:08Z" end-time="2025-09-18 20:43:13Z" duration="5.693158" total="149" passed="136" failed="13" inconclusive="0" skipped="0" asserts="0">
    <properties>
      <property name="platform" value="EditMode" />
    </properties>
    <failure>
      <message><![CDATA[One or more child tests had errors]]></message>
    </failure>
    <test-suite type="Assembly" id="1163" name="TinyWalnutGames.MetVD.Authoring.Tests.dll" fullname="E:/Tiny_Walnut_Games/TWG-MetVanDamn/Library/ScriptAssemblies/TinyWalnutGames.MetVD.Authoring.Tests.dll" runstate="Runnable" testcasecount="142" result="Failed" site="Child" start-time="2025-09-18 20:43:08Z" end-time="2025-09-18 20:43:13Z" duration="5.447711" total="142" passed="129" failed="13" inconclusive="0" skipped="0" asserts="0">
      <properties>
        <property name="_PID" value="62024" />
        <property name="_APPDOMAIN" value="Unity Child Domain" />
        <property name="platform" value="EditMode" />
        <property name="EditorOnly" value="True" />
      </properties>
      <failure>
        <message><![CDATA[One or more child tests had errors]]></message>
      </failure>
      <test-suite type="TestFixture" id="1001" name="SudoActionDispatcherAndResolverPlayModeTests" fullname="SudoActionDispatcherAndResolverPlayModeTests" classname="SudoActionDispatcherAndResolverPlayModeTests" runstate="Runnable" testcasecount="3" result="Passed" start-time="2025-09-18 20:43:08Z" end-time="2025-09-18 20:43:08Z" duration="0.640254" total="3" passed="3" failed="0" inconclusive="0" skipped="0" asserts="0">
        <properties />
        <test-case id="1002" name="Dispatcher_Emits_Once_For_OneOff_Hint" fullname="SudoActionDispatcherAndResolverPlayModeTests.Dispatcher_Emits_Once_For_OneOff_Hint" methodname="Dispatcher_Emits_Once_For_OneOff_Hint" classname="SudoActionDispatcherAndResolverPlayModeTests" runstate="Runnable" seed="1116435559" result="Passed" start-time="2025-09-18 20:43:08Z" end-time="2025-09-18 20:43:08Z" duration="0.482134" asserts="0">
          <properties>
            <property name="_JOINTYPE" value="UnityCombinatorial" />
            <property name="retryIteration" value="0" />
            <property name="repeatIteration" value="0" />
          </properties>
        </test-case>
        <test-case id="1003" name="Dispatcher_Is_Deterministic_For_Same_Seed_And_Key" fullname="SudoActionDispatcherAndResolverPlayModeTests.Dispatcher_Is_Deterministic_For_Same_Seed_And_Key" methodname="Dispatcher_Is_Deterministic_For_Same_Seed_And_Key" classname="SudoActionDispatcherAndResolverPlayModeTests" runstate="Runnable" seed="1614695969" result="Passed" start-time="2025-09-18 20:43:08Z" end-time="2025-09-18 20:43:08Z" duration="0.054677" asserts="0">
          <properties>
            <property name="_JOINTYPE" value="UnityCombinatorial" />
            <property name="retryIteration" value="0" />
            <property name="repeatIteration" value="0" />
          </properties>
        </test-case>
        <test-case id="1004" name="Resolver_ORs_Hints_And_Does_Not_Overwrite_Existing_Masks" fullname="SudoActionDispatcherAndResolverPlayModeTests.Resolver_ORs_Hints_And_Does_Not_Overwrite_Existing_Masks" methodname="Resolver_ORs_Hints_And_Does_Not_Overwrite_Existing_Masks" classname="SudoActionDispatcherAndResolverPlayModeTests" runstate="Runnable" seed="1205428089" result="Passed" start-time="2025-09-18 20:43:08Z" end-time="2025-09-18 20:43:08Z" duration="0.071486" asserts="0">
          <properties>
            <property name="_JOINTYPE" value="UnityCombinatorial" />
            <property name="retryIteration" value="0" />
            <property name="repeatIteration" value="0" />
          </properties>
          <output><![CDATA[Ignoring invalid [Unity.Entities.UpdateBeforeAttribute] attribute on TinyWalnutGames.MetVD.Authoring.BiomeElevationResolverSystem targeting TinyWalnutGames.MetVD.Authoring.BiomeArtAutoAssignmentSystem.
This attribute can only order systems that are members of the same ComponentSystemGroup instance.
Make sure that both systems are in the same system group with [UpdateInGroup(typeof(Unity.Entities.InitializationSystemGroup))],
or by manually adding both systems to the same group's update list.
]]></output>
        </test-case>
      </test-suite>
      <test-suite type="TestSuite" id="1164" name="TinyWalnutGames" fullname="TinyWalnutGames" runstate="Runnable" testcasecount="139" result="Failed" site="Child" start-time="2025-09-18 20:43:08Z" end-time="2025-09-18 20:43:13Z" duration="4.793844" total="139" passed="126" failed="13" inconclusive="0" skipped="0" asserts="0">
        <properties />
        <failure>
          <message><![CDATA[One or more child tests had errors]]></message>
        </failure>
        <test-suite type="TestSuite" id="1165" name="MetVanDAMN" fullname="TinyWalnutGames.MetVanDAMN" runstate="Runnable" testcasecount="37" result="Failed" site="Child" start-time="2025-09-18 20:43:09Z" end-time="2025-09-18 20:43:10Z" duration="1.724781" total="37" passed="24" failed="13" inconclusive="0" skipped="0" asserts="0">
          <properties />
          <failure>
            <message><![CDATA[One or more child tests had errors]]></message>
          </failure>
          <test-suite type="TestSuite" id="1166" name="Authoring" fullname="TinyWalnutGames.MetVanDAMN.Authoring" runstate="Runnable" testcasecount="37" result="Failed" site="Child" start-time="2025-09-18 20:43:09Z" end-time="2025-09-18 20:43:10Z" duration="1.702968" total="37" passed="24" failed="13" inconclusive="0" skipped="0" asserts="0">
            <properties />
            <failure>
              <message><![CDATA[One or more child tests had errors]]></message>
            </failure>
            <test-suite type="TestSuite" id="1167" name="Tests" fullname="TinyWalnutGames.MetVanDAMN.Authoring.Tests" runstate="Runnable" testcasecount="37" result="Failed" site="Child" start-time="2025-09-18 20:43:09Z" end-time="2025-09-18 20:43:10Z" duration="1.689544" total="37" passed="24" failed="13" inconclusive="0" skipped="0" asserts="0">
              <properties />
              <failure>
                <message><![CDATA[One or more child tests had errors]]></message>
              </failure>
              <test-suite type="TestFixture" id="1005" name="DungeonDelveModeTests" fullname="TinyWalnutGames.MetVanDAMN.Authoring.Tests.DungeonDelveModeTests" classname="TinyWalnutGames.MetVanDAMN.Authoring.Tests.DungeonDelveModeTests" runstate="Runnable" testcasecount="32" result="Failed" site="Child" start-time="2025-09-18 20:43:09Z" end-time="2025-09-18 20:43:10Z" duration="1.566463" total="32" passed="19" failed="13" inconclusive="0" skipped="0" asserts="0">
                <properties />
                <failure>
                  <message><![CDATA[One or more child tests had errors]]></message>
                </failure>
                <test-case id="1032" name="DungeonDelveMode_BiomeProgressionMakesNarrativeSense" fullname="TinyWalnutGames.MetVanDAMN.Authoring.Tests.DungeonDelveModeTests.DungeonDelveMode_BiomeProgressionMakesNarrativeSense" methodname="DungeonDelveMode_BiomeProgressionMakesNarrativeSense" classname="TinyWalnutGames.MetVanDAMN.Authoring.Tests.DungeonDelveModeTests" runstate="Runnable" seed="536144562" result="Passed" start-time="2025-09-18 20:43:09Z" end-time="2025-09-18 20:43:09Z" duration="0.016258" asserts="0">
                  <properties>
                    <property name="retryIteration" value="0" />
                    <property name="repeatIteration" value="0" />
                  </properties>
                  <output><![CDATA[🚪 Dungeon Delve session aborted
]]></output>
                </test-case>
                <test-case id="1014" name="DungeonDelveMode_BossesHaveBiomeTheming" fullname="TinyWalnutGames.MetVanDAMN.Authoring.Tests.DungeonDelveModeTests.DungeonDelveMode_BossesHaveBiomeTheming" methodname="DungeonDelveMode_BossesHaveBiomeTheming" classname="TinyWalnutGames.MetVanDAMN.Authoring.Tests.DungeonDelveModeTests" runstate="Runnable" seed="1619090525" result="Passed" start-time="2025-09-18 20:43:09Z" end-time="2025-09-18 20:43:09Z" duration="0.012764" asserts="0">
                  <properties>
                    <property name="retryIteration" value="0" />
                    <property name="repeatIteration" value="0" />
                  </properties>
                  <output><![CDATA[🚪 Dungeon Delve session aborted
]]></output>
                </test-case>
                <test-case id="1033" name="DungeonDelveMode_BossesMatchBiomeThemes" fullname="TinyWalnutGames.MetVanDAMN.Authoring.Tests.DungeonDelveModeTests.DungeonDelveMode_BossesMatchBiomeThemes" methodname="DungeonDelveMode_BossesMatchBiomeThemes" classname="TinyWalnutGames.MetVanDAMN.Authoring.Tests.DungeonDelveModeTests" runstate="Runnable" seed="340138509" result="Passed" start-time="2025-09-18 20:43:09Z" end-time="2025-09-18 20:43:09Z" duration="0.005510" asserts="0">
                  <properties>
                    <property name="retryIteration" value="0" />
                    <property name="repeatIteration" value="0" />
                  </properties>
                  <output><![CDATA[🚪 Dungeon Delve session aborted
]]></output>
                </test-case>
                <test-case id="1008" name="DungeonDelveMode_CanAbortDungeon" fullname="TinyWalnutGames.MetVanDAMN.Authoring.Tests.DungeonDelveModeTests.DungeonDelveMode_CanAbortDungeon" methodname="DungeonDelveMode_CanAbortDungeon" classname="TinyWalnutGames.MetVanDAMN.Authoring.Tests.DungeonDelveModeTests" runstate="Runnable" seed="977156173" result="Failed" start-time="2025-09-18 20:43:09Z" end-time="2025-09-18 20:43:09Z" duration="0.053181" asserts="0">
                  <properties>
                    <property name="retryIteration" value="0" />
                    <property name="repeatIteration" value="0" />
                  </properties>
                  <failure>
                    <message><![CDATA[Unhandled log message: '[Exception] NullReferenceException: Object reference not set to an instance of an object'. Use UnityEngine.TestTools.LogAssert.Expect]]></message>
                    <stack-trace><![CDATA[Unity.Collections.LowLevel.Unsafe.AtomicSafetyHandle.CheckWriteAndThrow (Unity.Collections.LowLevel.Unsafe.AtomicSafetyHandle handle) (at <98fbc9de20ae47d9bb2559ab79ec6643>:0)
Unity.Entities.EntityManager.GetCheckedEntityDataAccess () (at ./Library/PackageCache/com.unity.entities@e581b903be8e/Unity.Entities/EntityManager.cs:87)
Unity.Entities.EntityManager.CreateEntity () (at ./Library/PackageCache/com.unity.entities@e581b903be8e/Unity.Entities/EntityManager.cs:3289)
TinyWalnutGames.MetVanDAMN.Authoring.DungeonDelveMode+<GenerateFloorLayout>d__70.MoveNext () (at Assets/MetVanDAMN/Authoring/DungeonDelveMode.cs:279)
UnityEngine.SetupCoroutine.InvokeMoveNext (System.Collections.IEnumerator enumerator, System.IntPtr returnValueAddress) (at <98fbc9de20ae47d9bb2559ab79ec6643>:0)
UnityEngine.MonoBehaviour:StartCoroutine(IEnumerator)
TinyWalnutGames.MetVanDAMN.Authoring.<GenerateFloor>d__69:MoveNext() (at Assets/MetVanDAMN/Authoring/DungeonDelveMode.cs:262)
UnityEngine.MonoBehaviour:StartCoroutine(IEnumerator)
TinyWalnutGames.MetVanDAMN.Authoring.<GenerateAllFloors>d__68:MoveNext() (at Assets/MetVanDAMN/Authoring/DungeonDelveMode.cs:239)
UnityEngine.MonoBehaviour:StartCoroutine(IEnumerator)
TinyWalnutGames.MetVanDAMN.Authoring.<InitializeDungeonDelve>d__65:MoveNext() (at Assets/MetVanDAMN/Authoring/DungeonDelveMode.cs:170)
UnityEngine.MonoBehaviour:StartCoroutine(IEnumerator)
TinyWalnutGames.MetVanDAMN.Authoring.DungeonDelveMode:StartDungeonDelve() (at Assets/MetVanDAMN/Authoring/DungeonDelveMode.cs:161)
TinyWalnutGames.MetVanDAMN.Authoring.Tests.DungeonDelveModeTests:DungeonDelveMode_CanAbortDungeon() (at Assets/MetVanDAMN/Authoring/Tests/DungeonDelveModeTests.cs:108)
System.Reflection.MethodBase:Invoke(Object, Object[])
NUnit.Framework.Internal.Reflect:InvokeMethod(MethodInfo, Object, Object[])
NUnit.Framework.Internal.MethodWrapper:Invoke(Object, Object[])
NUnit.Framework.Internal.Commands.TestMethodCommand:RunNonAsyncTestMethod(ITestExecutionContext)
NUnit.Framework.Internal.Commands.TestMethodCommand:RunTestMethod(ITestExecutionContext)
NUnit.Framework.Internal.Commands.TestMethodCommand:Execute(ITestExecutionContext)
UnityEditor.EditorApplication:Internal_CallUpdateFunctions()

]]></stack-trace>
                  </failure>
                  <output><![CDATA[🚀 Starting Dungeon Delve Mode with seed 42
🔨 Generating dungeon floors...
🔨 Generating floor 1: Crystal Caverns
NullReferenceException: Object reference not set to an instance of an object
Unity.Collections.LowLevel.Unsafe.AtomicSafetyHandle.CheckWriteAndThrow (Unity.Collections.LowLevel.Unsafe.AtomicSafetyHandle handle) (at <98fbc9de20ae47d9bb2559ab79ec6643>:0)
Unity.Entities.EntityManager.GetCheckedEntityDataAccess () (at ./Library/PackageCache/com.unity.entities@e581b903be8e/Unity.Entities/EntityManager.cs:87)
Unity.Entities.EntityManager.CreateEntity () (at ./Library/PackageCache/com.unity.entities@e581b903be8e/Unity.Entities/EntityManager.cs:3289)
TinyWalnutGames.MetVanDAMN.Authoring.DungeonDelveMode+<GenerateFloorLayout>d__70.MoveNext () (at Assets/MetVanDAMN/Authoring/DungeonDelveMode.cs:279)
UnityEngine.SetupCoroutine.InvokeMoveNext (System.Collections.IEnumerator enumerator, System.IntPtr returnValueAddress) (at <98fbc9de20ae47d9bb2559ab79ec6643>:0)
UnityEngine.MonoBehaviour:StartCoroutine(IEnumerator)
TinyWalnutGames.MetVanDAMN.Authoring.<GenerateFloor>d__69:MoveNext() (at Assets/MetVanDAMN/Authoring/DungeonDelveMode.cs:262)
UnityEngine.MonoBehaviour:StartCoroutine(IEnumerator)
TinyWalnutGames.MetVanDAMN.Authoring.<GenerateAllFloors>d__68:MoveNext() (at Assets/MetVanDAMN/Authoring/DungeonDelveMode.cs:239)
UnityEngine.MonoBehaviour:StartCoroutine(IEnumerator)
TinyWalnutGames.MetVanDAMN.Authoring.<InitializeDungeonDelve>d__65:MoveNext() (at Assets/MetVanDAMN/Authoring/DungeonDelveMode.cs:170)
UnityEngine.MonoBehaviour:StartCoroutine(IEnumerator)
TinyWalnutGames.MetVanDAMN.Authoring.DungeonDelveMode:StartDungeonDelve() (at Assets/MetVanDAMN/Authoring/DungeonDelveMode.cs:161)
TinyWalnutGames.MetVanDAMN.Authoring.Tests.DungeonDelveModeTests:DungeonDelveMode_CanAbortDungeon() (at Assets/MetVanDAMN/Authoring/Tests/DungeonDelveModeTests.cs:108)
System.Reflection.MethodBase:Invoke(Object, Object[])
NUnit.Framework.Internal.Reflect:InvokeMethod(MethodInfo, Object, Object[])
NUnit.Framework.Internal.MethodWrapper:Invoke(Object, Object[])
NUnit.Framework.Internal.Commands.TestMethodCommand:RunNonAsyncTestMethod(ITestExecutionContext)
NUnit.Framework.Internal.Commands.TestMethodCommand:RunTestMethod(ITestExecutionContext)
NUnit.Framework.Internal.Commands.TestMethodCommand:Execute(ITestExecutionContext)
UnityEditor.EditorApplication:Internal_CallUpdateFunctions()

🚪 Dungeon Delve session aborted
🚪 Dungeon Delve session aborted
]]></output>
                </test-case>
                <test-case id="1022" name="DungeonDelveMode_CanCollectPickups" fullname="TinyWalnutGames.MetVanDAMN.Authoring.Tests.DungeonDelveModeTests.DungeonDelveMode_CanCollectPickups" methodname="DungeonDelveMode_CanCollectPickups" classname="TinyWalnutGames.MetVanDAMN.Authoring.Tests.DungeonDelveModeTests" runstate="Runnable" seed="775605184" result="Passed" start-time="2025-09-18 20:43:09Z" end-time="2025-09-18 20:43:09Z" duration="0.014745" asserts="0">
                  <properties>
                    <property name="retryIteration" value="0" />
                    <property name="repeatIteration" value="0" />
                  </properties>
                  <reason>
                    <message><![CDATA[Pickup collection mechanism validated]]></message>
                  </reason>
                  <output><![CDATA[💎 Pickup collected: Health
💎 Pickup collected: Mana
💎 Pickup collected: Currency
🚪 Dungeon Delve session aborted
]]></output>
                </test-case>
                <test-case id="1020" name="DungeonDelveMode_CanDiscoverSecrets" fullname="TinyWalnutGames.MetVanDAMN.Authoring.Tests.DungeonDelveModeTests.DungeonDelveMode_CanDiscoverSecrets" methodname="DungeonDelveMode_CanDiscoverSecrets" classname="TinyWalnutGames.MetVanDAMN.Authoring.Tests.DungeonDelveModeTests" runstate="Runnable" seed="626135879" result="Passed" start-time="2025-09-18 20:43:09Z" end-time="2025-09-18 20:43:09Z" duration="0.023764" asserts="0">
                  <properties>
                    <property name="retryIteration" value="0" />
                    <property name="repeatIteration" value="0" />
                  </properties>
                  <output><![CDATA[🔍 Secret discovered on floor 1! Total secrets found: 1
🔍 Secret discovered on floor 2! Total secrets found: 2
🔍 Secret discovered on floor 2! Total secrets found: 3
🔍 Secret discovered on floor 3! Total secrets found: 4
🔍 Secret discovered on floor 3! Total secrets found: 5
🔍 Secret discovered on floor 3! Total secrets found: 6
🚪 Dungeon Delve session aborted
]]></output>
                </test-case>
                <test-case id="1009" name="DungeonDelveMode_CanResetForNewSession" fullname="TinyWalnutGames.MetVanDAMN.Authoring.Tests.DungeonDelveModeTests.DungeonDelveMode_CanResetForNewSession" methodname="DungeonDelveMode_CanResetForNewSession" classname="TinyWalnutGames.MetVanDAMN.Authoring.Tests.DungeonDelveModeTests" runstate="Runnable" seed="422545285" result="Failed" start-time="2025-09-18 20:43:09Z" end-time="2025-09-18 20:43:09Z" duration="0.031699" asserts="0">
                  <properties>
                    <property name="retryIteration" value="0" />
                    <property name="repeatIteration" value="0" />
                  </properties>
                  <failure>
                    <message><![CDATA[Unhandled log message: '[Exception] NullReferenceException: Object reference not set to an instance of an object'. Use UnityEngine.TestTools.LogAssert.Expect]]></message>
                    <stack-trace><![CDATA[Unity.Collections.LowLevel.Unsafe.AtomicSafetyHandle.CheckWriteAndThrow (Unity.Collections.LowLevel.Unsafe.AtomicSafetyHandle handle) (at <98fbc9de20ae47d9bb2559ab79ec6643>:0)
Unity.Entities.EntityManager.GetCheckedEntityDataAccess () (at ./Library/PackageCache/com.unity.entities@e581b903be8e/Unity.Entities/EntityManager.cs:87)
Unity.Entities.EntityManager.CreateEntity () (at ./Library/PackageCache/com.unity.entities@e581b903be8e/Unity.Entities/EntityManager.cs:3289)
TinyWalnutGames.MetVanDAMN.Authoring.DungeonDelveMode+<GenerateFloorLayout>d__70.MoveNext () (at Assets/MetVanDAMN/Authoring/DungeonDelveMode.cs:279)
UnityEngine.SetupCoroutine.InvokeMoveNext (System.Collections.IEnumerator enumerator, System.IntPtr returnValueAddress) (at <98fbc9de20ae47d9bb2559ab79ec6643>:0)
UnityEngine.MonoBehaviour:StartCoroutine(IEnumerator)
TinyWalnutGames.MetVanDAMN.Authoring.<GenerateFloor>d__69:MoveNext() (at Assets/MetVanDAMN/Authoring/DungeonDelveMode.cs:262)
UnityEngine.MonoBehaviour:StartCoroutine(IEnumerator)
TinyWalnutGames.MetVanDAMN.Authoring.<GenerateAllFloors>d__68:MoveNext() (at Assets/MetVanDAMN/Authoring/DungeonDelveMode.cs:239)
UnityEngine.MonoBehaviour:StartCoroutine(IEnumerator)
TinyWalnutGames.MetVanDAMN.Authoring.<InitializeDungeonDelve>d__65:MoveNext() (at Assets/MetVanDAMN/Authoring/DungeonDelveMode.cs:170)
UnityEngine.MonoBehaviour:StartCoroutine(IEnumerator)
TinyWalnutGames.MetVanDAMN.Authoring.DungeonDelveMode:StartDungeonDelve() (at Assets/MetVanDAMN/Authoring/DungeonDelveMode.cs:161)
TinyWalnutGames.MetVanDAMN.Authoring.Tests.DungeonDelveModeTests:DungeonDelveMode_CanResetForNewSession() (at Assets/MetVanDAMN/Authoring/Tests/DungeonDelveModeTests.cs:121)
System.Reflection.MethodBase:Invoke(Object, Object[])
NUnit.Framework.Internal.Reflect:InvokeMethod(MethodInfo, Object, Object[])
NUnit.Framework.Internal.MethodWrapper:Invoke(Object, Object[])
NUnit.Framework.Internal.Commands.TestMethodCommand:RunNonAsyncTestMethod(ITestExecutionContext)
NUnit.Framework.Internal.Commands.TestMethodCommand:RunTestMethod(ITestExecutionContext)
NUnit.Framework.Internal.Commands.TestMethodCommand:Execute(ITestExecutionContext)
UnityEditor.EditorApplication:Internal_CallUpdateFunctions()

]]></stack-trace>
                  </failure>
                  <output><![CDATA[🚀 Starting Dungeon Delve Mode with seed 42
🔨 Generating dungeon floors...
🔨 Generating floor 1: Crystal Caverns
NullReferenceException: Object reference not set to an instance of an object
Unity.Collections.LowLevel.Unsafe.AtomicSafetyHandle.CheckWriteAndThrow (Unity.Collections.LowLevel.Unsafe.AtomicSafetyHandle handle) (at <98fbc9de20ae47d9bb2559ab79ec6643>:0)
Unity.Entities.EntityManager.GetCheckedEntityDataAccess () (at ./Library/PackageCache/com.unity.entities@e581b903be8e/Unity.Entities/EntityManager.cs:87)
Unity.Entities.EntityManager.CreateEntity () (at ./Library/PackageCache/com.unity.entities@e581b903be8e/Unity.Entities/EntityManager.cs:3289)
TinyWalnutGames.MetVanDAMN.Authoring.DungeonDelveMode+<GenerateFloorLayout>d__70.MoveNext () (at Assets/MetVanDAMN/Authoring/DungeonDelveMode.cs:279)
UnityEngine.SetupCoroutine.InvokeMoveNext (System.Collections.IEnumerator enumerator, System.IntPtr returnValueAddress) (at <98fbc9de20ae47d9bb2559ab79ec6643>:0)
UnityEngine.MonoBehaviour:StartCoroutine(IEnumerator)
TinyWalnutGames.MetVanDAMN.Authoring.<GenerateFloor>d__69:MoveNext() (at Assets/MetVanDAMN/Authoring/DungeonDelveMode.cs:262)
UnityEngine.MonoBehaviour:StartCoroutine(IEnumerator)
TinyWalnutGames.MetVanDAMN.Authoring.<GenerateAllFloors>d__68:MoveNext() (at Assets/MetVanDAMN/Authoring/DungeonDelveMode.cs:239)
UnityEngine.MonoBehaviour:StartCoroutine(IEnumerator)
TinyWalnutGames.MetVanDAMN.Authoring.<InitializeDungeonDelve>d__65:MoveNext() (at Assets/MetVanDAMN/Authoring/DungeonDelveMode.cs:170)
UnityEngine.MonoBehaviour:StartCoroutine(IEnumerator)
TinyWalnutGames.MetVanDAMN.Authoring.DungeonDelveMode:StartDungeonDelve() (at Assets/MetVanDAMN/Authoring/DungeonDelveMode.cs:161)
TinyWalnutGames.MetVanDAMN.Authoring.Tests.DungeonDelveModeTests:DungeonDelveMode_CanResetForNewSession() (at Assets/MetVanDAMN/Authoring/Tests/DungeonDelveModeTests.cs:121)
System.Reflection.MethodBase:Invoke(Object, Object[])
NUnit.Framework.Internal.Reflect:InvokeMethod(MethodInfo, Object, Object[])
NUnit.Framework.Internal.MethodWrapper:Invoke(Object, Object[])
NUnit.Framework.Internal.Commands.TestMethodCommand:RunNonAsyncTestMethod(ITestExecutionContext)
NUnit.Framework.Internal.Commands.TestMethodCommand:RunTestMethod(ITestExecutionContext)
NUnit.Framework.Internal.Commands.TestMethodCommand:Execute(ITestExecutionContext)
UnityEditor.EditorApplication:Internal_CallUpdateFunctions()

🚪 Dungeon Delve session aborted
🚪 Dungeon Delve session aborted
🔄 Ready for new Dungeon Delve session with seed 404018310
🚪 Dungeon Delve session aborted
]]></output>
                </test-case>
                <test-case id="1007" name="DungeonDelveMode_CanStartDungeon" fullname="TinyWalnutGames.MetVanDAMN.Authoring.Tests.DungeonDelveModeTests.DungeonDelveMode_CanStartDungeon" methodname="DungeonDelveMode_CanStartDungeon" classname="TinyWalnutGames.MetVanDAMN.Authoring.Tests.DungeonDelveModeTests" runstate="Runnable" seed="310347873" result="Failed" start-time="2025-09-18 20:43:09Z" end-time="2025-09-18 20:43:09Z" duration="0.024150" asserts="0">
                  <properties>
                    <property name="retryIteration" value="0" />
                    <property name="repeatIteration" value="0" />
                  </properties>
                  <failure>
                    <message><![CDATA[Unhandled log message: '[Exception] NullReferenceException: Object reference not set to an instance of an object'. Use UnityEngine.TestTools.LogAssert.Expect]]></message>
                    <stack-trace><![CDATA[Unity.Collections.LowLevel.Unsafe.AtomicSafetyHandle.CheckWriteAndThrow (Unity.Collections.LowLevel.Unsafe.AtomicSafetyHandle handle) (at <98fbc9de20ae47d9bb2559ab79ec6643>:0)
Unity.Entities.EntityManager.GetCheckedEntityDataAccess () (at ./Library/PackageCache/com.unity.entities@e581b903be8e/Unity.Entities/EntityManager.cs:87)
Unity.Entities.EntityManager.CreateEntity () (at ./Library/PackageCache/com.unity.entities@e581b903be8e/Unity.Entities/EntityManager.cs:3289)
TinyWalnutGames.MetVanDAMN.Authoring.DungeonDelveMode+<GenerateFloorLayout>d__70.MoveNext () (at Assets/MetVanDAMN/Authoring/DungeonDelveMode.cs:279)
UnityEngine.SetupCoroutine.InvokeMoveNext (System.Collections.IEnumerator enumerator, System.IntPtr returnValueAddress) (at <98fbc9de20ae47d9bb2559ab79ec6643>:0)
UnityEngine.MonoBehaviour:StartCoroutine(IEnumerator)
TinyWalnutGames.MetVanDAMN.Authoring.<GenerateFloor>d__69:MoveNext() (at Assets/MetVanDAMN/Authoring/DungeonDelveMode.cs:262)
UnityEngine.MonoBehaviour:StartCoroutine(IEnumerator)
TinyWalnutGames.MetVanDAMN.Authoring.<GenerateAllFloors>d__68:MoveNext() (at Assets/MetVanDAMN/Authoring/DungeonDelveMode.cs:239)
UnityEngine.MonoBehaviour:StartCoroutine(IEnumerator)
TinyWalnutGames.MetVanDAMN.Authoring.<InitializeDungeonDelve>d__65:MoveNext() (at Assets/MetVanDAMN/Authoring/DungeonDelveMode.cs:170)
UnityEngine.MonoBehaviour:StartCoroutine(IEnumerator)
TinyWalnutGames.MetVanDAMN.Authoring.DungeonDelveMode:StartDungeonDelve() (at Assets/MetVanDAMN/Authoring/DungeonDelveMode.cs:161)
TinyWalnutGames.MetVanDAMN.Authoring.Tests.DungeonDelveModeTests:DungeonDelveMode_CanStartDungeon() (at Assets/MetVanDAMN/Authoring/Tests/DungeonDelveModeTests.cs:97)
System.Reflection.MethodBase:Invoke(Object, Object[])
NUnit.Framework.Internal.Reflect:InvokeMethod(MethodInfo, Object, Object[])
NUnit.Framework.Internal.MethodWrapper:Invoke(Object, Object[])
NUnit.Framework.Internal.Commands.TestMethodCommand:RunNonAsyncTestMethod(ITestExecutionContext)
NUnit.Framework.Internal.Commands.TestMethodCommand:RunTestMethod(ITestExecutionContext)
NUnit.Framework.Internal.Commands.TestMethodCommand:Execute(ITestExecutionContext)
UnityEditor.EditorApplication:Internal_CallUpdateFunctions()

]]></stack-trace>
                  </failure>
                  <output><![CDATA[🚀 Starting Dungeon Delve Mode with seed 42
🔨 Generating dungeon floors...
🔨 Generating floor 1: Crystal Caverns
NullReferenceException: Object reference not set to an instance of an object
Unity.Collections.LowLevel.Unsafe.AtomicSafetyHandle.CheckWriteAndThrow (Unity.Collections.LowLevel.Unsafe.AtomicSafetyHandle handle) (at <98fbc9de20ae47d9bb2559ab79ec6643>:0)
Unity.Entities.EntityManager.GetCheckedEntityDataAccess () (at ./Library/PackageCache/com.unity.entities@e581b903be8e/Unity.Entities/EntityManager.cs:87)
Unity.Entities.EntityManager.CreateEntity () (at ./Library/PackageCache/com.unity.entities@e581b903be8e/Unity.Entities/EntityManager.cs:3289)
TinyWalnutGames.MetVanDAMN.Authoring.DungeonDelveMode+<GenerateFloorLayout>d__70.MoveNext () (at Assets/MetVanDAMN/Authoring/DungeonDelveMode.cs:279)
UnityEngine.SetupCoroutine.InvokeMoveNext (System.Collections.IEnumerator enumerator, System.IntPtr returnValueAddress) (at <98fbc9de20ae47d9bb2559ab79ec6643>:0)
UnityEngine.MonoBehaviour:StartCoroutine(IEnumerator)
TinyWalnutGames.MetVanDAMN.Authoring.<GenerateFloor>d__69:MoveNext() (at Assets/MetVanDAMN/Authoring/DungeonDelveMode.cs:262)
UnityEngine.MonoBehaviour:StartCoroutine(IEnumerator)
TinyWalnutGames.MetVanDAMN.Authoring.<GenerateAllFloors>d__68:MoveNext() (at Assets/MetVanDAMN/Authoring/DungeonDelveMode.cs:239)
UnityEngine.MonoBehaviour:StartCoroutine(IEnumerator)
TinyWalnutGames.MetVanDAMN.Authoring.<InitializeDungeonDelve>d__65:MoveNext() (at Assets/MetVanDAMN/Authoring/DungeonDelveMode.cs:170)
UnityEngine.MonoBehaviour:StartCoroutine(IEnumerator)
TinyWalnutGames.MetVanDAMN.Authoring.DungeonDelveMode:StartDungeonDelve() (at Assets/MetVanDAMN/Authoring/DungeonDelveMode.cs:161)
TinyWalnutGames.MetVanDAMN.Authoring.Tests.DungeonDelveModeTests:DungeonDelveMode_CanStartDungeon() (at Assets/MetVanDAMN/Authoring/Tests/DungeonDelveModeTests.cs:97)
System.Reflection.MethodBase:Invoke(Object, Object[])
NUnit.Framework.Internal.Reflect:InvokeMethod(MethodInfo, Object, Object[])
NUnit.Framework.Internal.MethodWrapper:Invoke(Object, Object[])
NUnit.Framework.Internal.Commands.TestMethodCommand:RunNonAsyncTestMethod(ITestExecutionContext)
NUnit.Framework.Internal.Commands.TestMethodCommand:RunTestMethod(ITestExecutionContext)
NUnit.Framework.Internal.Commands.TestMethodCommand:Execute(ITestExecutionContext)
UnityEditor.EditorApplication:Internal_CallUpdateFunctions()

🚪 Dungeon Delve session aborted
]]></output>
                </test-case>
                <test-case id="1018" name="DungeonDelveMode_CanUnlockProgressionLocks" fullname="TinyWalnutGames.MetVanDAMN.Authoring.Tests.DungeonDelveModeTests.DungeonDelveMode_CanUnlockProgressionLocks" methodname="DungeonDelveMode_CanUnlockProgressionLocks" classname="TinyWalnutGames.MetVanDAMN.Authoring.Tests.DungeonDelveModeTests" runstate="Runnable" seed="1815563436" result="Passed" start-time="2025-09-18 20:43:09Z" end-time="2025-09-18 20:43:09Z" duration="0.013647" asserts="0">
                  <properties>
                    <property name="retryIteration" value="0" />
                    <property name="repeatIteration" value="0" />
                  </properties>
                  <reason>
                    <message><![CDATA[Progression lock unlock mechanism validated]]></message>
                  </reason>
                  <output><![CDATA[🔓 Progression lock unlocked: Crystal Key
🔓 Progression lock unlocked: Flame Essence
🔓 Progression lock unlocked: Void Core
🚪 Dungeon Delve session aborted
]]></output>
                </test-case>
                <test-case id="1023" name="DungeonDelveMode_DifferentSeedsProduceDifferentLayouts" fullname="TinyWalnutGames.MetVanDAMN.Authoring.Tests.DungeonDelveModeTests.DungeonDelveMode_DifferentSeedsProduceDifferentLayouts" methodname="DungeonDelveMode_DifferentSeedsProduceDifferentLayouts" classname="TinyWalnutGames.MetVanDAMN.Authoring.Tests.DungeonDelveModeTests" runstate="Runnable" seed="599145412" result="Passed" start-time="2025-09-18 20:43:09Z" end-time="2025-09-18 20:43:09Z" duration="0.006432" asserts="0">
                  <properties>
                    <property name="retryIteration" value="0" />
                    <property name="repeatIteration" value="0" />
                  </properties>
                  <output><![CDATA[🚪 Dungeon Delve session aborted
]]></output>
                </test-case>
                <test-case id="1015" name="DungeonDelveMode_FinalBossIsStronger" fullname="TinyWalnutGames.MetVanDAMN.Authoring.Tests.DungeonDelveModeTests.DungeonDelveMode_FinalBossIsStronger" methodname="DungeonDelveMode_FinalBossIsStronger" classname="TinyWalnutGames.MetVanDAMN.Authoring.Tests.DungeonDelveModeTests" runstate="Runnable" seed="1225582120" result="Passed" start-time="2025-09-18 20:43:09Z" end-time="2025-09-18 20:43:09Z" duration="0.004570" asserts="0">
                  <properties>
                    <property name="retryIteration" value="0" />
                    <property name="repeatIteration" value="0" />
                  </properties>
                  <output><![CDATA[🚪 Dungeon Delve session aborted
]]></output>
                </test-case>
                <test-case id="1012" name="DungeonDelveMode_FloorsHaveUniqueBiomes" fullname="TinyWalnutGames.MetVanDAMN.Authoring.Tests.DungeonDelveModeTests.DungeonDelveMode_FloorsHaveUniqueBiomes" methodname="DungeonDelveMode_FloorsHaveUniqueBiomes" classname="TinyWalnutGames.MetVanDAMN.Authoring.Tests.DungeonDelveModeTests" runstate="Runnable" seed="379624623" result="Passed" start-time="2025-09-18 20:43:09Z" end-time="2025-09-18 20:43:09Z" duration="0.006077" asserts="0">
                  <properties>
                    <property name="retryIteration" value="0" />
                    <property name="repeatIteration" value="0" />
                  </properties>
                  <output><![CDATA[🚪 Dungeon Delve session aborted
]]></output>
                </test-case>
                <test-case id="1010" name="DungeonDelveMode_GeneratesThreeFloors" fullname="TinyWalnutGames.MetVanDAMN.Authoring.Tests.DungeonDelveModeTests.DungeonDelveMode_GeneratesThreeFloors" methodname="DungeonDelveMode_GeneratesThreeFloors" classname="TinyWalnutGames.MetVanDAMN.Authoring.Tests.DungeonDelveModeTests" runstate="Runnable" seed="1548410526" result="Failed" start-time="2025-09-18 20:43:09Z" end-time="2025-09-18 20:43:09Z" duration="0.059124" asserts="0">
                  <properties>
                    <property name="_JOINTYPE" value="UnityCombinatorial" />
                    <property name="retryIteration" value="0" />
                    <property name="repeatIteration" value="0" />
                  </properties>
                  <failure>
                    <message><![CDATA[Unhandled log message: '[Exception] NullReferenceException: Object reference not set to an instance of an object'. Use UnityEngine.TestTools.LogAssert.Expect]]></message>
                    <stack-trace><![CDATA[Unity.Collections.LowLevel.Unsafe.AtomicSafetyHandle.CheckWriteAndThrow (Unity.Collections.LowLevel.Unsafe.AtomicSafetyHandle handle) (at <98fbc9de20ae47d9bb2559ab79ec6643>:0)
Unity.Entities.EntityManager.GetCheckedEntityDataAccess () (at ./Library/PackageCache/com.unity.entities@e581b903be8e/Unity.Entities/EntityManager.cs:87)
Unity.Entities.EntityManager.CreateEntity () (at ./Library/PackageCache/com.unity.entities@e581b903be8e/Unity.Entities/EntityManager.cs:3289)
TinyWalnutGames.MetVanDAMN.Authoring.DungeonDelveMode+<GenerateFloorLayout>d__70.MoveNext () (at Assets/MetVanDAMN/Authoring/DungeonDelveMode.cs:279)
UnityEngine.SetupCoroutine.InvokeMoveNext (System.Collections.IEnumerator enumerator, System.IntPtr returnValueAddress) (at <98fbc9de20ae47d9bb2559ab79ec6643>:0)
UnityEngine.MonoBehaviour:StartCoroutine(IEnumerator)
TinyWalnutGames.MetVanDAMN.Authoring.<GenerateFloor>d__69:MoveNext() (at Assets/MetVanDAMN/Authoring/DungeonDelveMode.cs:262)
UnityEngine.MonoBehaviour:StartCoroutine(IEnumerator)
TinyWalnutGames.MetVanDAMN.Authoring.<GenerateAllFloors>d__68:MoveNext() (at Assets/MetVanDAMN/Authoring/DungeonDelveMode.cs:239)
UnityEngine.MonoBehaviour:StartCoroutine(IEnumerator)
TinyWalnutGames.MetVanDAMN.Authoring.<InitializeDungeonDelve>d__65:MoveNext() (at Assets/MetVanDAMN/Authoring/DungeonDelveMode.cs:170)
UnityEngine.MonoBehaviour:StartCoroutine(IEnumerator)
TinyWalnutGames.MetVanDAMN.Authoring.DungeonDelveMode:StartDungeonDelve() (at Assets/MetVanDAMN/Authoring/DungeonDelveMode.cs:161)
TinyWalnutGames.MetVanDAMN.Authoring.Tests.<DungeonDelveMode_GeneratesThreeFloors>d__11:MoveNext() (at Assets/MetVanDAMN/Authoring/Tests/DungeonDelveModeTests.cs:142)
UnityEditor.EditorApplication:Internal_CallUpdateFunctions()

]]></stack-trace>
                  </failure>
                  <output><![CDATA[🚀 Starting Dungeon Delve Mode with seed 42
🔨 Generating dungeon floors...
🔨 Generating floor 1: Crystal Caverns
NullReferenceException: Object reference not set to an instance of an object
Unity.Collections.LowLevel.Unsafe.AtomicSafetyHandle.CheckWriteAndThrow (Unity.Collections.LowLevel.Unsafe.AtomicSafetyHandle handle) (at <98fbc9de20ae47d9bb2559ab79ec6643>:0)
Unity.Entities.EntityManager.GetCheckedEntityDataAccess () (at ./Library/PackageCache/com.unity.entities@e581b903be8e/Unity.Entities/EntityManager.cs:87)
Unity.Entities.EntityManager.CreateEntity () (at ./Library/PackageCache/com.unity.entities@e581b903be8e/Unity.Entities/EntityManager.cs:3289)
TinyWalnutGames.MetVanDAMN.Authoring.DungeonDelveMode+<GenerateFloorLayout>d__70.MoveNext () (at Assets/MetVanDAMN/Authoring/DungeonDelveMode.cs:279)
UnityEngine.SetupCoroutine.InvokeMoveNext (System.Collections.IEnumerator enumerator, System.IntPtr returnValueAddress) (at <98fbc9de20ae47d9bb2559ab79ec6643>:0)
UnityEngine.MonoBehaviour:StartCoroutine(IEnumerator)
TinyWalnutGames.MetVanDAMN.Authoring.<GenerateFloor>d__69:MoveNext() (at Assets/MetVanDAMN/Authoring/DungeonDelveMode.cs:262)
UnityEngine.MonoBehaviour:StartCoroutine(IEnumerator)
TinyWalnutGames.MetVanDAMN.Authoring.<GenerateAllFloors>d__68:MoveNext() (at Assets/MetVanDAMN/Authoring/DungeonDelveMode.cs:239)
UnityEngine.MonoBehaviour:StartCoroutine(IEnumerator)
TinyWalnutGames.MetVanDAMN.Authoring.<InitializeDungeonDelve>d__65:MoveNext() (at Assets/MetVanDAMN/Authoring/DungeonDelveMode.cs:170)
UnityEngine.MonoBehaviour:StartCoroutine(IEnumerator)
TinyWalnutGames.MetVanDAMN.Authoring.DungeonDelveMode:StartDungeonDelve() (at Assets/MetVanDAMN/Authoring/DungeonDelveMode.cs:161)
TinyWalnutGames.MetVanDAMN.Authoring.Tests.<DungeonDelveMode_GeneratesThreeFloors>d__11:MoveNext() (at Assets/MetVanDAMN/Authoring/Tests/DungeonDelveModeTests.cs:142)
UnityEditor.EditorApplication:Internal_CallUpdateFunctions()

🚪 Dungeon Delve session aborted
]]></output>
                </test-case>
                <test-case id="1011" name="DungeonDelveMode_GeneratesUniqueFloorSeeds" fullname="TinyWalnutGames.MetVanDAMN.Authoring.Tests.DungeonDelveModeTests.DungeonDelveMode_GeneratesUniqueFloorSeeds" methodname="DungeonDelveMode_GeneratesUniqueFloorSeeds" classname="TinyWalnutGames.MetVanDAMN.Authoring.Tests.DungeonDelveModeTests" runstate="Runnable" seed="967694442" result="Failed" start-time="2025-09-18 20:43:09Z" end-time="2025-09-18 20:43:09Z" duration="0.379897" asserts="0">
                  <properties>
                    <property name="retryIteration" value="0" />
                    <property name="repeatIteration" value="0" />
                  </properties>
                  <failure>
                    <message><![CDATA[Unhandled log message: '[Exception] NullReferenceException: Object reference not set to an instance of an object'. Use UnityEngine.TestTools.LogAssert.Expect]]></message>
                    <stack-trace><![CDATA[Unity.Collections.LowLevel.Unsafe.AtomicSafetyHandle.CheckWriteAndThrow (Unity.Collections.LowLevel.Unsafe.AtomicSafetyHandle handle) (at <98fbc9de20ae47d9bb2559ab79ec6643>:0)
Unity.Entities.EntityManager.GetCheckedEntityDataAccess () (at ./Library/PackageCache/com.unity.entities@e581b903be8e/Unity.Entities/EntityManager.cs:87)
Unity.Entities.EntityManager.CreateEntity () (at ./Library/PackageCache/com.unity.entities@e581b903be8e/Unity.Entities/EntityManager.cs:3289)
TinyWalnutGames.MetVanDAMN.Authoring.DungeonDelveMode+<GenerateFloorLayout>d__70.MoveNext () (at Assets/MetVanDAMN/Authoring/DungeonDelveMode.cs:279)
UnityEngine.SetupCoroutine.InvokeMoveNext (System.Collections.IEnumerator enumerator, System.IntPtr returnValueAddress) (at <98fbc9de20ae47d9bb2559ab79ec6643>:0)
UnityEngine.MonoBehaviour:StartCoroutine(IEnumerator)
TinyWalnutGames.MetVanDAMN.Authoring.<GenerateFloor>d__69:MoveNext() (at Assets/MetVanDAMN/Authoring/DungeonDelveMode.cs:262)
UnityEngine.MonoBehaviour:StartCoroutine(IEnumerator)
TinyWalnutGames.MetVanDAMN.Authoring.<GenerateAllFloors>d__68:MoveNext() (at Assets/MetVanDAMN/Authoring/DungeonDelveMode.cs:239)
UnityEngine.MonoBehaviour:StartCoroutine(IEnumerator)
TinyWalnutGames.MetVanDAMN.Authoring.<InitializeDungeonDelve>d__65:MoveNext() (at Assets/MetVanDAMN/Authoring/DungeonDelveMode.cs:170)
UnityEngine.MonoBehaviour:StartCoroutine(IEnumerator)
TinyWalnutGames.MetVanDAMN.Authoring.DungeonDelveMode:StartDungeonDelve() (at Assets/MetVanDAMN/Authoring/DungeonDelveMode.cs:161)
TinyWalnutGames.MetVanDAMN.Authoring.Tests.DungeonDelveModeTests:DungeonDelveMode_GeneratesUniqueFloorSeeds() (at Assets/MetVanDAMN/Authoring/Tests/DungeonDelveModeTests.cs:195)
System.Reflection.MethodBase:Invoke(Object, Object[])
NUnit.Framework.Internal.Reflect:InvokeMethod(MethodInfo, Object, Object[])
NUnit.Framework.Internal.MethodWrapper:Invoke(Object, Object[])
NUnit.Framework.Internal.Commands.TestMethodCommand:RunNonAsyncTestMethod(ITestExecutionContext)
NUnit.Framework.Internal.Commands.TestMethodCommand:RunTestMethod(ITestExecutionContext)
NUnit.Framework.Internal.Commands.TestMethodCommand:Execute(ITestExecutionContext)
UnityEditor.EditorApplication:Internal_CallUpdateFunctions()

]]></stack-trace>
                  </failure>
                  <output><![CDATA[🚀 Starting Dungeon Delve Mode with seed 42
🔨 Generating dungeon floors...
🔨 Generating floor 1: Crystal Caverns
NullReferenceException: Object reference not set to an instance of an object
Unity.Collections.LowLevel.Unsafe.AtomicSafetyHandle.CheckWriteAndThrow (Unity.Collections.LowLevel.Unsafe.AtomicSafetyHandle handle) (at <98fbc9de20ae47d9bb2559ab79ec6643>:0)
Unity.Entities.EntityManager.GetCheckedEntityDataAccess () (at ./Library/PackageCache/com.unity.entities@e581b903be8e/Unity.Entities/EntityManager.cs:87)
Unity.Entities.EntityManager.CreateEntity () (at ./Library/PackageCache/com.unity.entities@e581b903be8e/Unity.Entities/EntityManager.cs:3289)
TinyWalnutGames.MetVanDAMN.Authoring.DungeonDelveMode+<GenerateFloorLayout>d__70.MoveNext () (at Assets/MetVanDAMN/Authoring/DungeonDelveMode.cs:279)
UnityEngine.SetupCoroutine.InvokeMoveNext (System.Collections.IEnumerator enumerator, System.IntPtr returnValueAddress) (at <98fbc9de20ae47d9bb2559ab79ec6643>:0)
UnityEngine.MonoBehaviour:StartCoroutine(IEnumerator)
TinyWalnutGames.MetVanDAMN.Authoring.<GenerateFloor>d__69:MoveNext() (at Assets/MetVanDAMN/Authoring/DungeonDelveMode.cs:262)
UnityEngine.MonoBehaviour:StartCoroutine(IEnumerator)
TinyWalnutGames.MetVanDAMN.Authoring.<GenerateAllFloors>d__68:MoveNext() (at Assets/MetVanDAMN/Authoring/DungeonDelveMode.cs:239)
UnityEngine.MonoBehaviour:StartCoroutine(IEnumerator)
TinyWalnutGames.MetVanDAMN.Authoring.<InitializeDungeonDelve>d__65:MoveNext() (at Assets/MetVanDAMN/Authoring/DungeonDelveMode.cs:170)
UnityEngine.MonoBehaviour:StartCoroutine(IEnumerator)
TinyWalnutGames.MetVanDAMN.Authoring.DungeonDelveMode:StartDungeonDelve() (at Assets/MetVanDAMN/Authoring/DungeonDelveMode.cs:161)
TinyWalnutGames.MetVanDAMN.Authoring.Tests.DungeonDelveModeTests:DungeonDelveMode_GeneratesUniqueFloorSeeds() (at Assets/MetVanDAMN/Authoring/Tests/DungeonDelveModeTests.cs:195)
System.Reflection.MethodBase:Invoke(Object, Object[])
NUnit.Framework.Internal.Reflect:InvokeMethod(MethodInfo, Object, Object[])
NUnit.Framework.Internal.MethodWrapper:Invoke(Object, Object[])
NUnit.Framework.Internal.Commands.TestMethodCommand:RunNonAsyncTestMethod(ITestExecutionContext)
NUnit.Framework.Internal.Commands.TestMethodCommand:RunTestMethod(ITestExecutionContext)
NUnit.Framework.Internal.Commands.TestMethodCommand:Execute(ITestExecutionContext)
UnityEditor.EditorApplication:Internal_CallUpdateFunctions()

🚀 Starting Dungeon Delve Mode with seed 123
🔨 Generating dungeon floors...
🔨 Generating floor 1: Crystal Caverns
NullReferenceException: Object reference not set to an instance of an object
Unity.Collections.LowLevel.Unsafe.AtomicSafetyHandle.CheckWriteAndThrow (Unity.Collections.LowLevel.Unsafe.AtomicSafetyHandle handle) (at <98fbc9de20ae47d9bb2559ab79ec6643>:0)
Unity.Entities.EntityManager.GetCheckedEntityDataAccess () (at ./Library/PackageCache/com.unity.entities@e581b903be8e/Unity.Entities/EntityManager.cs:87)
Unity.Entities.EntityManager.CreateEntity () (at ./Library/PackageCache/com.unity.entities@e581b903be8e/Unity.Entities/EntityManager.cs:3289)
TinyWalnutGames.MetVanDAMN.Authoring.DungeonDelveMode+<GenerateFloorLayout>d__70.MoveNext () (at Assets/MetVanDAMN/Authoring/DungeonDelveMode.cs:279)
UnityEngine.SetupCoroutine.InvokeMoveNext (System.Collections.IEnumerator enumerator, System.IntPtr returnValueAddress) (at <98fbc9de20ae47d9bb2559ab79ec6643>:0)
UnityEngine.MonoBehaviour:StartCoroutine(IEnumerator)
TinyWalnutGames.MetVanDAMN.Authoring.<GenerateFloor>d__69:MoveNext() (at Assets/MetVanDAMN/Authoring/DungeonDelveMode.cs:262)
UnityEngine.MonoBehaviour:StartCoroutine(IEnumerator)
TinyWalnutGames.MetVanDAMN.Authoring.<GenerateAllFloors>d__68:MoveNext() (at Assets/MetVanDAMN/Authoring/DungeonDelveMode.cs:239)
UnityEngine.MonoBehaviour:StartCoroutine(IEnumerator)
TinyWalnutGames.MetVanDAMN.Authoring.<InitializeDungeonDelve>d__65:MoveNext() (at Assets/MetVanDAMN/Authoring/DungeonDelveMode.cs:170)
UnityEngine.MonoBehaviour:StartCoroutine(IEnumerator)
TinyWalnutGames.MetVanDAMN.Authoring.DungeonDelveMode:StartDungeonDelve() (at Assets/MetVanDAMN/Authoring/DungeonDelveMode.cs:161)
TinyWalnutGames.MetVanDAMN.Authoring.Tests.DungeonDelveModeTests:DungeonDelveMode_GeneratesUniqueFloorSeeds() (at Assets/MetVanDAMN/Authoring/Tests/DungeonDelveModeTests.cs:195)
System.Reflection.MethodBase:Invoke(Object, Object[])
NUnit.Framework.Internal.Reflect:InvokeMethod(MethodInfo, Object, Object[])
NUnit.Framework.Internal.MethodWrapper:Invoke(Object, Object[])
NUnit.Framework.Internal.Commands.TestMethodCommand:RunNonAsyncTestMethod(ITestExecutionContext)
NUnit.Framework.Internal.Commands.TestMethodCommand:RunTestMethod(ITestExecutionContext)
NUnit.Framework.Internal.Commands.TestMethodCommand:Execute(ITestExecutionContext)
UnityEditor.EditorApplication:Internal_CallUpdateFunctions()

🚀 Starting Dungeon Delve Mode with seed 456
🔨 Generating dungeon floors...
🔨 Generating floor 1: Crystal Caverns
NullReferenceException: Object reference not set to an instance of an object
Unity.Collections.LowLevel.Unsafe.AtomicSafetyHandle.CheckWriteAndThrow (Unity.Collections.LowLevel.Unsafe.AtomicSafetyHandle handle) (at <98fbc9de20ae47d9bb2559ab79ec6643>:0)
Unity.Entities.EntityManager.GetCheckedEntityDataAccess () (at ./Library/PackageCache/com.unity.entities@e581b903be8e/Unity.Entities/EntityManager.cs:87)
Unity.Entities.EntityManager.CreateEntity () (at ./Library/PackageCache/com.unity.entities@e581b903be8e/Unity.Entities/EntityManager.cs:3289)
TinyWalnutGames.MetVanDAMN.Authoring.DungeonDelveMode+<GenerateFloorLayout>d__70.MoveNext () (at Assets/MetVanDAMN/Authoring/DungeonDelveMode.cs:279)
UnityEngine.SetupCoroutine.InvokeMoveNext (System.Collections.IEnumerator enumerator, System.IntPtr returnValueAddress) (at <98fbc9de20ae47d9bb2559ab79ec6643>:0)
UnityEngine.MonoBehaviour:StartCoroutine(IEnumerator)
TinyWalnutGames.MetVanDAMN.Authoring.<GenerateFloor>d__69:MoveNext() (at Assets/MetVanDAMN/Authoring/DungeonDelveMode.cs:262)
UnityEngine.MonoBehaviour:StartCoroutine(IEnumerator)
TinyWalnutGames.MetVanDAMN.Authoring.<GenerateAllFloors>d__68:MoveNext() (at Assets/MetVanDAMN/Authoring/DungeonDelveMode.cs:239)
UnityEngine.MonoBehaviour:StartCoroutine(IEnumerator)
TinyWalnutGames.MetVanDAMN.Authoring.<InitializeDungeonDelve>d__65:MoveNext() (at Assets/MetVanDAMN/Authoring/DungeonDelveMode.cs:170)
UnityEngine.MonoBehaviour:StartCoroutine(IEnumerator)
TinyWalnutGames.MetVanDAMN.Authoring.DungeonDelveMode:StartDungeonDelve() (at Assets/MetVanDAMN/Authoring/DungeonDelveMode.cs:161)
TinyWalnutGames.MetVanDAMN.Authoring.Tests.DungeonDelveModeTests:DungeonDelveMode_GeneratesUniqueFloorSeeds() (at Assets/MetVanDAMN/Authoring/Tests/DungeonDelveModeTests.cs:195)
System.Reflection.MethodBase:Invoke(Object, Object[])
NUnit.Framework.Internal.Reflect:InvokeMethod(MethodInfo, Object, Object[])
NUnit.Framework.Internal.MethodWrapper:Invoke(Object, Object[])
NUnit.Framework.Internal.Commands.TestMethodCommand:RunNonAsyncTestMethod(ITestExecutionContext)
NUnit.Framework.Internal.Commands.TestMethodCommand:RunTestMethod(ITestExecutionContext)
NUnit.Framework.Internal.Commands.TestMethodCommand:Execute(ITestExecutionContext)
UnityEditor.EditorApplication:Internal_CallUpdateFunctions()

🚪 Dungeon Delve session aborted
]]></output>
                </test-case>
                <test-case id="1027" name="DungeonDelveMode_GenerationCompletesInTime" fullname="TinyWalnutGames.MetVanDAMN.Authoring.Tests.DungeonDelveModeTests.DungeonDelveMode_GenerationCompletesInTime" methodname="DungeonDelveMode_GenerationCompletesInTime" classname="TinyWalnutGames.MetVanDAMN.Authoring.Tests.DungeonDelveModeTests" runstate="Runnable" seed="1164265740" result="Passed" start-time="2025-09-18 20:43:09Z" end-time="2025-09-18 20:43:09Z" duration="0.163991" asserts="0">
                  <properties>
                    <property name="retryIteration" value="0" />
                    <property name="repeatIteration" value="0" />
                  </properties>
                  <output><![CDATA[🚪 Dungeon Delve session aborted
]]></output>
                </test-case>
                <test-case id="1030" name="DungeonDelveMode_HandlesMaximumSeed" fullname="TinyWalnutGames.MetVanDAMN.Authoring.Tests.DungeonDelveModeTests.DungeonDelveMode_HandlesMaximumSeed" methodname="DungeonDelveMode_HandlesMaximumSeed" classname="TinyWalnutGames.MetVanDAMN.Authoring.Tests.DungeonDelveModeTests" runstate="Runnable" seed="1039077892" result="Passed" start-time="2025-09-18 20:43:09Z" end-time="2025-09-18 20:43:10Z" duration="0.206762" asserts="0">
                  <properties>
                    <property name="retryIteration" value="0" />
                    <property name="repeatIteration" value="0" />
                  </properties>
                  <output><![CDATA[🚪 Dungeon Delve session aborted
]]></output>
                </test-case>
                <test-case id="1031" name="DungeonDelveMode_HandlesMultipleStartCalls" fullname="TinyWalnutGames.MetVanDAMN.Authoring.Tests.DungeonDelveModeTests.DungeonDelveMode_HandlesMultipleStartCalls" methodname="DungeonDelveMode_HandlesMultipleStartCalls" classname="TinyWalnutGames.MetVanDAMN.Authoring.Tests.DungeonDelveModeTests" runstate="Runnable" seed="1182487014" result="Failed" start-time="2025-09-18 20:43:10Z" end-time="2025-09-18 20:43:10Z" duration="0.024046" asserts="0">
                  <properties>
                    <property name="retryIteration" value="0" />
                    <property name="repeatIteration" value="0" />
                  </properties>
                  <failure>
                    <message><![CDATA[Unhandled log message: '[Exception] NullReferenceException: Object reference not set to an instance of an object'. Use UnityEngine.TestTools.LogAssert.Expect]]></message>
                    <stack-trace><![CDATA[Unity.Collections.LowLevel.Unsafe.AtomicSafetyHandle.CheckWriteAndThrow (Unity.Collections.LowLevel.Unsafe.AtomicSafetyHandle handle) (at <98fbc9de20ae47d9bb2559ab79ec6643>:0)
Unity.Entities.EntityManager.GetCheckedEntityDataAccess () (at ./Library/PackageCache/com.unity.entities@e581b903be8e/Unity.Entities/EntityManager.cs:87)
Unity.Entities.EntityManager.CreateEntity () (at ./Library/PackageCache/com.unity.entities@e581b903be8e/Unity.Entities/EntityManager.cs:3289)
TinyWalnutGames.MetVanDAMN.Authoring.DungeonDelveMode+<GenerateFloorLayout>d__70.MoveNext () (at Assets/MetVanDAMN/Authoring/DungeonDelveMode.cs:279)
UnityEngine.SetupCoroutine.InvokeMoveNext (System.Collections.IEnumerator enumerator, System.IntPtr returnValueAddress) (at <98fbc9de20ae47d9bb2559ab79ec6643>:0)
UnityEngine.MonoBehaviour:StartCoroutine(IEnumerator)
TinyWalnutGames.MetVanDAMN.Authoring.<GenerateFloor>d__69:MoveNext() (at Assets/MetVanDAMN/Authoring/DungeonDelveMode.cs:262)
UnityEngine.MonoBehaviour:StartCoroutine(IEnumerator)
TinyWalnutGames.MetVanDAMN.Authoring.<GenerateAllFloors>d__68:MoveNext() (at Assets/MetVanDAMN/Authoring/DungeonDelveMode.cs:239)
UnityEngine.MonoBehaviour:StartCoroutine(IEnumerator)
TinyWalnutGames.MetVanDAMN.Authoring.<InitializeDungeonDelve>d__65:MoveNext() (at Assets/MetVanDAMN/Authoring/DungeonDelveMode.cs:170)
UnityEngine.MonoBehaviour:StartCoroutine(IEnumerator)
TinyWalnutGames.MetVanDAMN.Authoring.DungeonDelveMode:StartDungeonDelve() (at Assets/MetVanDAMN/Authoring/DungeonDelveMode.cs:161)
TinyWalnutGames.MetVanDAMN.Authoring.Tests.DungeonDelveModeTests:DungeonDelveMode_HandlesMultipleStartCalls() (at Assets/MetVanDAMN/Authoring/Tests/DungeonDelveModeTests.cs:688)
System.Reflection.MethodBase:Invoke(Object, Object[])
NUnit.Framework.Internal.Reflect:InvokeMethod(MethodInfo, Object, Object[])
NUnit.Framework.Internal.MethodWrapper:Invoke(Object, Object[])
NUnit.Framework.Internal.Commands.TestMethodCommand:RunNonAsyncTestMethod(ITestExecutionContext)
NUnit.Framework.Internal.Commands.TestMethodCommand:RunTestMethod(ITestExecutionContext)
NUnit.Framework.Internal.Commands.TestMethodCommand:Execute(ITestExecutionContext)
UnityEditor.EditorApplication:Internal_CallUpdateFunctions()

]]></stack-trace>
                  </failure>
                  <output><![CDATA[🚀 Starting Dungeon Delve Mode with seed 42
🔨 Generating dungeon floors...
🔨 Generating floor 1: Crystal Caverns
NullReferenceException: Object reference not set to an instance of an object
Unity.Collections.LowLevel.Unsafe.AtomicSafetyHandle.CheckWriteAndThrow (Unity.Collections.LowLevel.Unsafe.AtomicSafetyHandle handle) (at <98fbc9de20ae47d9bb2559ab79ec6643>:0)
Unity.Entities.EntityManager.GetCheckedEntityDataAccess () (at ./Library/PackageCache/com.unity.entities@e581b903be8e/Unity.Entities/EntityManager.cs:87)
Unity.Entities.EntityManager.CreateEntity () (at ./Library/PackageCache/com.unity.entities@e581b903be8e/Unity.Entities/EntityManager.cs:3289)
TinyWalnutGames.MetVanDAMN.Authoring.DungeonDelveMode+<GenerateFloorLayout>d__70.MoveNext () (at Assets/MetVanDAMN/Authoring/DungeonDelveMode.cs:279)
UnityEngine.SetupCoroutine.InvokeMoveNext (System.Collections.IEnumerator enumerator, System.IntPtr returnValueAddress) (at <98fbc9de20ae47d9bb2559ab79ec6643>:0)
UnityEngine.MonoBehaviour:StartCoroutine(IEnumerator)
TinyWalnutGames.MetVanDAMN.Authoring.<GenerateFloor>d__69:MoveNext() (at Assets/MetVanDAMN/Authoring/DungeonDelveMode.cs:262)
UnityEngine.MonoBehaviour:StartCoroutine(IEnumerator)
TinyWalnutGames.MetVanDAMN.Authoring.<GenerateAllFloors>d__68:MoveNext() (at Assets/MetVanDAMN/Authoring/DungeonDelveMode.cs:239)
UnityEngine.MonoBehaviour:StartCoroutine(IEnumerator)
TinyWalnutGames.MetVanDAMN.Authoring.<InitializeDungeonDelve>d__65:MoveNext() (at Assets/MetVanDAMN/Authoring/DungeonDelveMode.cs:170)
UnityEngine.MonoBehaviour:StartCoroutine(IEnumerator)
TinyWalnutGames.MetVanDAMN.Authoring.DungeonDelveMode:StartDungeonDelve() (at Assets/MetVanDAMN/Authoring/DungeonDelveMode.cs:161)
TinyWalnutGames.MetVanDAMN.Authoring.Tests.DungeonDelveModeTests:DungeonDelveMode_HandlesMultipleStartCalls() (at Assets/MetVanDAMN/Authoring/Tests/DungeonDelveModeTests.cs:688)
System.Reflection.MethodBase:Invoke(Object, Object[])
NUnit.Framework.Internal.Reflect:InvokeMethod(MethodInfo, Object, Object[])
NUnit.Framework.Internal.MethodWrapper:Invoke(Object, Object[])
NUnit.Framework.Internal.Commands.TestMethodCommand:RunNonAsyncTestMethod(ITestExecutionContext)
NUnit.Framework.Internal.Commands.TestMethodCommand:RunTestMethod(ITestExecutionContext)
NUnit.Framework.Internal.Commands.TestMethodCommand:Execute(ITestExecutionContext)
UnityEditor.EditorApplication:Internal_CallUpdateFunctions()

🏰 Dungeon Delve already in progress! Complete current session first.
🚪 Dungeon Delve session aborted
]]></output>
                </test-case>
                <test-case id="1029" name="DungeonDelveMode_HandlesZeroSeed" fullname="TinyWalnutGames.MetVanDAMN.Authoring.Tests.DungeonDelveModeTests.DungeonDelveMode_HandlesZeroSeed" methodname="DungeonDelveMode_HandlesZeroSeed" classname="TinyWalnutGames.MetVanDAMN.Authoring.Tests.DungeonDelveModeTests" runstate="Runnable" seed="250276355" result="Passed" start-time="2025-09-18 20:43:10Z" end-time="2025-09-18 20:43:10Z" duration="0.004150" asserts="0">
                  <properties>
                    <property name="retryIteration" value="0" />
                    <property name="repeatIteration" value="0" />
                  </properties>
                  <reason>
                    <message><![CDATA[Zero seed handling validated]]></message>
                  </reason>
                  <output><![CDATA[🚪 Dungeon Delve session aborted
]]></output>
                </test-case>
                <test-case id="1036" name="DungeonDelveMode_HasNoTODOsOrPlaceholders" fullname="TinyWalnutGames.MetVanDAMN.Authoring.Tests.DungeonDelveModeTests.DungeonDelveMode_HasNoTODOsOrPlaceholders" methodname="DungeonDelveMode_HasNoTODOsOrPlaceholders" classname="TinyWalnutGames.MetVanDAMN.Authoring.Tests.DungeonDelveModeTests" runstate="Runnable" seed="1663251408" result="Failed" start-time="2025-09-18 20:43:10Z" end-time="2025-09-18 20:43:10Z" duration="0.020889" asserts="0">
                  <properties>
                    <property name="retryIteration" value="0" />
                    <property name="repeatIteration" value="0" />
                  </properties>
                  <failure>
                    <message><![CDATA[  Found placeholder implementations:
Line 13: Contains 'simplified' - #pragma warning disable IDE0090 // 'new' expression can be simplified (explicit types kept for clarity and Unity version compatibility)
Line 19: Contains 'placeholder' - /// Fully compliant with MetVanDAMN compliance mandate: no placeholders, complete implementation.
Found 20 methods with only comments
  Expected: <empty>
  But was:  < "Line 13: Contains 'simplified' - #pragma warning disable IDE0090 // 'new' expression can be simplified (explicit types kept for clarity and Unity version compatibility)", "Line 19: Contains 'placeholder' - /// Fully compliant with MetVanDAMN compliance mandate: no placeholders, complete implementation.", "Found 20 methods with only comments" >
]]></message>
                    <stack-trace><![CDATA[at TinyWalnutGames.MetVanDAMN.Authoring.Tests.DungeonDelveModeTests.DungeonDelveMode_HasNoTODOsOrPlaceholders () [0x00161] in E:\Tiny_Walnut_Games\TWG-MetVanDamn\Assets\MetVanDAMN\Authoring\Tests\DungeonDelveModeTests.cs:834
]]></stack-trace>
                  </failure>
                  <output><![CDATA[🚪 Dungeon Delve session aborted
]]></output>
                </test-case>
                <test-case id="1006" name="DungeonDelveMode_InitializesCorrectly" fullname="TinyWalnutGames.MetVanDAMN.Authoring.Tests.DungeonDelveModeTests.DungeonDelveMode_InitializesCorrectly" methodname="DungeonDelveMode_InitializesCorrectly" classname="TinyWalnutGames.MetVanDAMN.Authoring.Tests.DungeonDelveModeTests" runstate="Runnable" seed="556830106" result="Passed" start-time="2025-09-18 20:43:10Z" end-time="2025-09-18 20:43:10Z" duration="0.005215" asserts="0">
                  <properties>
                    <property name="retryIteration" value="0" />
                    <property name="repeatIteration" value="0" />
                  </properties>
                  <output><![CDATA[🚪 Dungeon Delve session aborted
]]></output>
                </test-case>
                <test-case id="1025" name="DungeonDelveMode_IntegratesWithExistingSystems" fullname="TinyWalnutGames.MetVanDAMN.Authoring.Tests.DungeonDelveModeTests.DungeonDelveMode_IntegratesWithExistingSystems" methodname="DungeonDelveMode_IntegratesWithExistingSystems" classname="TinyWalnutGames.MetVanDAMN.Authoring.Tests.DungeonDelveModeTests" runstate="Runnable" seed="244279093" result="Passed" start-time="2025-09-18 20:43:10Z" end-time="2025-09-18 20:43:10Z" duration="0.004653" asserts="0">
                  <properties>
                    <property name="retryIteration" value="0" />
                    <property name="repeatIteration" value="0" />
                  </properties>
                  <output><![CDATA[🚪 Dungeon Delve session aborted
]]></output>
                </test-case>
                <test-case id="1028" name="DungeonDelveMode_MaintainsPerformanceDuringPlay" fullname="TinyWalnutGames.MetVanDAMN.Authoring.Tests.DungeonDelveModeTests.DungeonDelveMode_MaintainsPerformanceDuringPlay" methodname="DungeonDelveMode_MaintainsPerformanceDuringPlay" classname="TinyWalnutGames.MetVanDAMN.Authoring.Tests.DungeonDelveModeTests" runstate="Runnable" seed="89594893" result="Failed" start-time="2025-09-18 20:43:10Z" end-time="2025-09-18 20:43:10Z" duration="0.069905" asserts="0">
                  <properties>
                    <property name="_JOINTYPE" value="UnityCombinatorial" />
                    <property name="retryIteration" value="0" />
                    <property name="repeatIteration" value="0" />
                  </properties>
                  <failure>
                    <message><![CDATA[Unhandled log message: '[Exception] NullReferenceException: Object reference not set to an instance of an object'. Use UnityEngine.TestTools.LogAssert.Expect]]></message>
                    <stack-trace><![CDATA[Unity.Collections.LowLevel.Unsafe.AtomicSafetyHandle.CheckWriteAndThrow (Unity.Collections.LowLevel.Unsafe.AtomicSafetyHandle handle) (at <98fbc9de20ae47d9bb2559ab79ec6643>:0)
Unity.Entities.EntityManager.GetCheckedEntityDataAccess () (at ./Library/PackageCache/com.unity.entities@e581b903be8e/Unity.Entities/EntityManager.cs:87)
Unity.Entities.EntityManager.CreateEntity () (at ./Library/PackageCache/com.unity.entities@e581b903be8e/Unity.Entities/EntityManager.cs:3289)
TinyWalnutGames.MetVanDAMN.Authoring.DungeonDelveMode+<GenerateFloorLayout>d__70.MoveNext () (at Assets/MetVanDAMN/Authoring/DungeonDelveMode.cs:279)
UnityEngine.SetupCoroutine.InvokeMoveNext (System.Collections.IEnumerator enumerator, System.IntPtr returnValueAddress) (at <98fbc9de20ae47d9bb2559ab79ec6643>:0)
UnityEngine.MonoBehaviour:StartCoroutine(IEnumerator)
TinyWalnutGames.MetVanDAMN.Authoring.<GenerateFloor>d__69:MoveNext() (at Assets/MetVanDAMN/Authoring/DungeonDelveMode.cs:262)
UnityEngine.MonoBehaviour:StartCoroutine(IEnumerator)
TinyWalnutGames.MetVanDAMN.Authoring.<GenerateAllFloors>d__68:MoveNext() (at Assets/MetVanDAMN/Authoring/DungeonDelveMode.cs:239)
UnityEngine.MonoBehaviour:StartCoroutine(IEnumerator)
TinyWalnutGames.MetVanDAMN.Authoring.<InitializeDungeonDelve>d__65:MoveNext() (at Assets/MetVanDAMN/Authoring/DungeonDelveMode.cs:170)
UnityEngine.MonoBehaviour:StartCoroutine(IEnumerator)
TinyWalnutGames.MetVanDAMN.Authoring.DungeonDelveMode:StartDungeonDelve() (at Assets/MetVanDAMN/Authoring/DungeonDelveMode.cs:161)
TinyWalnutGames.MetVanDAMN.Authoring.Tests.<DungeonDelveMode_MaintainsPerformanceDuringPlay>d__29:MoveNext() (at Assets/MetVanDAMN/Authoring/Tests/DungeonDelveModeTests.cs:608)
UnityEditor.EditorApplication:Internal_CallUpdateFunctions()

]]></stack-trace>
                  </failure>
                  <output><![CDATA[🚀 Starting Dungeon Delve Mode with seed 42
🔨 Generating dungeon floors...
🔨 Generating floor 1: Crystal Caverns
NullReferenceException: Object reference not set to an instance of an object
Unity.Collections.LowLevel.Unsafe.AtomicSafetyHandle.CheckWriteAndThrow (Unity.Collections.LowLevel.Unsafe.AtomicSafetyHandle handle) (at <98fbc9de20ae47d9bb2559ab79ec6643>:0)
Unity.Entities.EntityManager.GetCheckedEntityDataAccess () (at ./Library/PackageCache/com.unity.entities@e581b903be8e/Unity.Entities/EntityManager.cs:87)
Unity.Entities.EntityManager.CreateEntity () (at ./Library/PackageCache/com.unity.entities@e581b903be8e/Unity.Entities/EntityManager.cs:3289)
TinyWalnutGames.MetVanDAMN.Authoring.DungeonDelveMode+<GenerateFloorLayout>d__70.MoveNext () (at Assets/MetVanDAMN/Authoring/DungeonDelveMode.cs:279)
UnityEngine.SetupCoroutine.InvokeMoveNext (System.Collections.IEnumerator enumerator, System.IntPtr returnValueAddress) (at <98fbc9de20ae47d9bb2559ab79ec6643>:0)
UnityEngine.MonoBehaviour:StartCoroutine(IEnumerator)
TinyWalnutGames.MetVanDAMN.Authoring.<GenerateFloor>d__69:MoveNext() (at Assets/MetVanDAMN/Authoring/DungeonDelveMode.cs:262)
UnityEngine.MonoBehaviour:StartCoroutine(IEnumerator)
TinyWalnutGames.MetVanDAMN.Authoring.<GenerateAllFloors>d__68:MoveNext() (at Assets/MetVanDAMN/Authoring/DungeonDelveMode.cs:239)
UnityEngine.MonoBehaviour:StartCoroutine(IEnumerator)
TinyWalnutGames.MetVanDAMN.Authoring.<InitializeDungeonDelve>d__65:MoveNext() (at Assets/MetVanDAMN/Authoring/DungeonDelveMode.cs:170)
UnityEngine.MonoBehaviour:StartCoroutine(IEnumerator)
TinyWalnutGames.MetVanDAMN.Authoring.DungeonDelveMode:StartDungeonDelve() (at Assets/MetVanDAMN/Authoring/DungeonDelveMode.cs:161)
TinyWalnutGames.MetVanDAMN.Authoring.Tests.<DungeonDelveMode_MaintainsPerformanceDuringPlay>d__29:MoveNext() (at Assets/MetVanDAMN/Authoring/Tests/DungeonDelveModeTests.cs:608)
UnityEditor.EditorApplication:Internal_CallUpdateFunctions()

🚪 Dungeon Delve session aborted
]]></output>
                </test-case>
                <test-case id="1035" name="DungeonDelveMode_MeetsComplianceMandateRequirements" fullname="TinyWalnutGames.MetVanDAMN.Authoring.Tests.DungeonDelveModeTests.DungeonDelveMode_MeetsComplianceMandateRequirements" methodname="DungeonDelveMode_MeetsComplianceMandateRequirements" classname="TinyWalnutGames.MetVanDAMN.Authoring.Tests.DungeonDelveModeTests" runstate="Runnable" seed="2008163127" result="Passed" start-time="2025-09-18 20:43:10Z" end-time="2025-09-18 20:43:10Z" duration="0.007834" asserts="0">
                  <properties>
                    <property name="retryIteration" value="0" />
                    <property name="repeatIteration" value="0" />
                  </properties>
                  <output><![CDATA[🚪 Dungeon Delve session aborted
]]></output>
                </test-case>
                <test-case id="1021" name="DungeonDelveMode_PlacesAllPickupTypes" fullname="TinyWalnutGames.MetVanDAMN.Authoring.Tests.DungeonDelveModeTests.DungeonDelveMode_PlacesAllPickupTypes" methodname="DungeonDelveMode_PlacesAllPickupTypes" classname="TinyWalnutGames.MetVanDAMN.Authoring.Tests.DungeonDelveModeTests" runstate="Runnable" seed="1811187669" result="Failed" start-time="2025-09-18 20:43:10Z" end-time="2025-09-18 20:43:10Z" duration="0.037116" asserts="0">
                  <properties>
                    <property name="_JOINTYPE" value="UnityCombinatorial" />
                    <property name="retryIteration" value="0" />
                    <property name="repeatIteration" value="0" />
                  </properties>
                  <failure>
                    <message><![CDATA[Unhandled log message: '[Exception] NullReferenceException: Object reference not set to an instance of an object'. Use UnityEngine.TestTools.LogAssert.Expect]]></message>
                    <stack-trace><![CDATA[Unity.Collections.LowLevel.Unsafe.AtomicSafetyHandle.CheckWriteAndThrow (Unity.Collections.LowLevel.Unsafe.AtomicSafetyHandle handle) (at <98fbc9de20ae47d9bb2559ab79ec6643>:0)
Unity.Entities.EntityManager.GetCheckedEntityDataAccess () (at ./Library/PackageCache/com.unity.entities@e581b903be8e/Unity.Entities/EntityManager.cs:87)
Unity.Entities.EntityManager.CreateEntity () (at ./Library/PackageCache/com.unity.entities@e581b903be8e/Unity.Entities/EntityManager.cs:3289)
TinyWalnutGames.MetVanDAMN.Authoring.DungeonDelveMode+<GenerateFloorLayout>d__70.MoveNext () (at Assets/MetVanDAMN/Authoring/DungeonDelveMode.cs:279)
UnityEngine.SetupCoroutine.InvokeMoveNext (System.Collections.IEnumerator enumerator, System.IntPtr returnValueAddress) (at <98fbc9de20ae47d9bb2559ab79ec6643>:0)
UnityEngine.MonoBehaviour:StartCoroutine(IEnumerator)
TinyWalnutGames.MetVanDAMN.Authoring.<GenerateFloor>d__69:MoveNext() (at Assets/MetVanDAMN/Authoring/DungeonDelveMode.cs:262)
UnityEngine.MonoBehaviour:StartCoroutine(IEnumerator)
TinyWalnutGames.MetVanDAMN.Authoring.<GenerateAllFloors>d__68:MoveNext() (at Assets/MetVanDAMN/Authoring/DungeonDelveMode.cs:239)
UnityEngine.MonoBehaviour:StartCoroutine(IEnumerator)
TinyWalnutGames.MetVanDAMN.Authoring.<InitializeDungeonDelve>d__65:MoveNext() (at Assets/MetVanDAMN/Authoring/DungeonDelveMode.cs:170)
UnityEngine.MonoBehaviour:StartCoroutine(IEnumerator)
TinyWalnutGames.MetVanDAMN.Authoring.DungeonDelveMode:StartDungeonDelve() (at Assets/MetVanDAMN/Authoring/DungeonDelveMode.cs:161)
TinyWalnutGames.MetVanDAMN.Authoring.Tests.<DungeonDelveMode_PlacesAllPickupTypes>d__22:MoveNext() (at Assets/MetVanDAMN/Authoring/Tests/DungeonDelveModeTests.cs:451)
UnityEditor.EditorApplication:Internal_CallUpdateFunctions()

]]></stack-trace>
                  </failure>
                  <output><![CDATA[🚀 Starting Dungeon Delve Mode with seed 42
🔨 Generating dungeon floors...
🔨 Generating floor 1: Crystal Caverns
NullReferenceException: Object reference not set to an instance of an object
Unity.Collections.LowLevel.Unsafe.AtomicSafetyHandle.CheckWriteAndThrow (Unity.Collections.LowLevel.Unsafe.AtomicSafetyHandle handle) (at <98fbc9de20ae47d9bb2559ab79ec6643>:0)
Unity.Entities.EntityManager.GetCheckedEntityDataAccess () (at ./Library/PackageCache/com.unity.entities@e581b903be8e/Unity.Entities/EntityManager.cs:87)
Unity.Entities.EntityManager.CreateEntity () (at ./Library/PackageCache/com.unity.entities@e581b903be8e/Unity.Entities/EntityManager.cs:3289)
TinyWalnutGames.MetVanDAMN.Authoring.DungeonDelveMode+<GenerateFloorLayout>d__70.MoveNext () (at Assets/MetVanDAMN/Authoring/DungeonDelveMode.cs:279)
UnityEngine.SetupCoroutine.InvokeMoveNext (System.Collections.IEnumerator enumerator, System.IntPtr returnValueAddress) (at <98fbc9de20ae47d9bb2559ab79ec6643>:0)
UnityEngine.MonoBehaviour:StartCoroutine(IEnumerator)
TinyWalnutGames.MetVanDAMN.Authoring.<GenerateFloor>d__69:MoveNext() (at Assets/MetVanDAMN/Authoring/DungeonDelveMode.cs:262)
UnityEngine.MonoBehaviour:StartCoroutine(IEnumerator)
TinyWalnutGames.MetVanDAMN.Authoring.<GenerateAllFloors>d__68:MoveNext() (at Assets/MetVanDAMN/Authoring/DungeonDelveMode.cs:239)
UnityEngine.MonoBehaviour:StartCoroutine(IEnumerator)
TinyWalnutGames.MetVanDAMN.Authoring.<InitializeDungeonDelve>d__65:MoveNext() (at Assets/MetVanDAMN/Authoring/DungeonDelveMode.cs:170)
UnityEngine.MonoBehaviour:StartCoroutine(IEnumerator)
TinyWalnutGames.MetVanDAMN.Authoring.DungeonDelveMode:StartDungeonDelve() (at Assets/MetVanDAMN/Authoring/DungeonDelveMode.cs:161)
TinyWalnutGames.MetVanDAMN.Authoring.Tests.<DungeonDelveMode_PlacesAllPickupTypes>d__22:MoveNext() (at Assets/MetVanDAMN/Authoring/Tests/DungeonDelveModeTests.cs:451)
UnityEditor.EditorApplication:Internal_CallUpdateFunctions()

🚪 Dungeon Delve session aborted
]]></output>
                </test-case>
                <test-case id="1013" name="DungeonDelveMode_PlacesCorrectNumberOfBosses" fullname="TinyWalnutGames.MetVanDAMN.Authoring.Tests.DungeonDelveModeTests.DungeonDelveMode_PlacesCorrectNumberOfBosses" methodname="DungeonDelveMode_PlacesCorrectNumberOfBosses" classname="TinyWalnutGames.MetVanDAMN.Authoring.Tests.DungeonDelveModeTests" runstate="Runnable" seed="1591731184" result="Failed" start-time="2025-09-18 20:43:10Z" end-time="2025-09-18 20:43:10Z" duration="0.038116" asserts="0">
                  <properties>
                    <property name="_JOINTYPE" value="UnityCombinatorial" />
                    <property name="retryIteration" value="0" />
                    <property name="repeatIteration" value="0" />
                  </properties>
                  <failure>
                    <message><![CDATA[Unhandled log message: '[Exception] NullReferenceException: Object reference not set to an instance of an object'. Use UnityEngine.TestTools.LogAssert.Expect]]></message>
                    <stack-trace><![CDATA[Unity.Collections.LowLevel.Unsafe.AtomicSafetyHandle.CheckWriteAndThrow (Unity.Collections.LowLevel.Unsafe.AtomicSafetyHandle handle) (at <98fbc9de20ae47d9bb2559ab79ec6643>:0)
Unity.Entities.EntityManager.GetCheckedEntityDataAccess () (at ./Library/PackageCache/com.unity.entities@e581b903be8e/Unity.Entities/EntityManager.cs:87)
Unity.Entities.EntityManager.CreateEntity () (at ./Library/PackageCache/com.unity.entities@e581b903be8e/Unity.Entities/EntityManager.cs:3289)
TinyWalnutGames.MetVanDAMN.Authoring.DungeonDelveMode+<GenerateFloorLayout>d__70.MoveNext () (at Assets/MetVanDAMN/Authoring/DungeonDelveMode.cs:279)
UnityEngine.SetupCoroutine.InvokeMoveNext (System.Collections.IEnumerator enumerator, System.IntPtr returnValueAddress) (at <98fbc9de20ae47d9bb2559ab79ec6643>:0)
UnityEngine.MonoBehaviour:StartCoroutine(IEnumerator)
TinyWalnutGames.MetVanDAMN.Authoring.<GenerateFloor>d__69:MoveNext() (at Assets/MetVanDAMN/Authoring/DungeonDelveMode.cs:262)
UnityEngine.MonoBehaviour:StartCoroutine(IEnumerator)
TinyWalnutGames.MetVanDAMN.Authoring.<GenerateAllFloors>d__68:MoveNext() (at Assets/MetVanDAMN/Authoring/DungeonDelveMode.cs:239)
UnityEngine.MonoBehaviour:StartCoroutine(IEnumerator)
TinyWalnutGames.MetVanDAMN.Authoring.<InitializeDungeonDelve>d__65:MoveNext() (at Assets/MetVanDAMN/Authoring/DungeonDelveMode.cs:170)
UnityEngine.MonoBehaviour:StartCoroutine(IEnumerator)
TinyWalnutGames.MetVanDAMN.Authoring.DungeonDelveMode:StartDungeonDelve() (at Assets/MetVanDAMN/Authoring/DungeonDelveMode.cs:161)
TinyWalnutGames.MetVanDAMN.Authoring.Tests.<DungeonDelveMode_PlacesCorrectNumberOfBosses>d__14:MoveNext() (at Assets/MetVanDAMN/Authoring/Tests/DungeonDelveModeTests.cs:260)
UnityEditor.EditorApplication:Internal_CallUpdateFunctions()

]]></stack-trace>
                  </failure>
                  <output><![CDATA[🚀 Starting Dungeon Delve Mode with seed 42
🔨 Generating dungeon floors...
🔨 Generating floor 1: Crystal Caverns
NullReferenceException: Object reference not set to an instance of an object
Unity.Collections.LowLevel.Unsafe.AtomicSafetyHandle.CheckWriteAndThrow (Unity.Collections.LowLevel.Unsafe.AtomicSafetyHandle handle) (at <98fbc9de20ae47d9bb2559ab79ec6643>:0)
Unity.Entities.EntityManager.GetCheckedEntityDataAccess () (at ./Library/PackageCache/com.unity.entities@e581b903be8e/Unity.Entities/EntityManager.cs:87)
Unity.Entities.EntityManager.CreateEntity () (at ./Library/PackageCache/com.unity.entities@e581b903be8e/Unity.Entities/EntityManager.cs:3289)
TinyWalnutGames.MetVanDAMN.Authoring.DungeonDelveMode+<GenerateFloorLayout>d__70.MoveNext () (at Assets/MetVanDAMN/Authoring/DungeonDelveMode.cs:279)
UnityEngine.SetupCoroutine.InvokeMoveNext (System.Collections.IEnumerator enumerator, System.IntPtr returnValueAddress) (at <98fbc9de20ae47d9bb2559ab79ec6643>:0)
UnityEngine.MonoBehaviour:StartCoroutine(IEnumerator)
TinyWalnutGames.MetVanDAMN.Authoring.<GenerateFloor>d__69:MoveNext() (at Assets/MetVanDAMN/Authoring/DungeonDelveMode.cs:262)
UnityEngine.MonoBehaviour:StartCoroutine(IEnumerator)
TinyWalnutGames.MetVanDAMN.Authoring.<GenerateAllFloors>d__68:MoveNext() (at Assets/MetVanDAMN/Authoring/DungeonDelveMode.cs:239)
UnityEngine.MonoBehaviour:StartCoroutine(IEnumerator)
TinyWalnutGames.MetVanDAMN.Authoring.<InitializeDungeonDelve>d__65:MoveNext() (at Assets/MetVanDAMN/Authoring/DungeonDelveMode.cs:170)
UnityEngine.MonoBehaviour:StartCoroutine(IEnumerator)
TinyWalnutGames.MetVanDAMN.Authoring.DungeonDelveMode:StartDungeonDelve() (at Assets/MetVanDAMN/Authoring/DungeonDelveMode.cs:161)
TinyWalnutGames.MetVanDAMN.Authoring.Tests.<DungeonDelveMode_PlacesCorrectNumberOfBosses>d__14:MoveNext() (at Assets/MetVanDAMN/Authoring/Tests/DungeonDelveModeTests.cs:260)
UnityEditor.EditorApplication:Internal_CallUpdateFunctions()

🚪 Dungeon Delve session aborted
]]></output>
                </test-case>
                <test-case id="1019" name="DungeonDelveMode_PlacesMinimumSecretsPerFloor" fullname="TinyWalnutGames.MetVanDAMN.Authoring.Tests.DungeonDelveModeTests.DungeonDelveMode_PlacesMinimumSecretsPerFloor" methodname="DungeonDelveMode_PlacesMinimumSecretsPerFloor" classname="TinyWalnutGames.MetVanDAMN.Authoring.Tests.DungeonDelveModeTests" runstate="Runnable" seed="1739618713" result="Failed" start-time="2025-09-18 20:43:10Z" end-time="2025-09-18 20:43:10Z" duration="0.043095" asserts="0">
                  <properties>
                    <property name="_JOINTYPE" value="UnityCombinatorial" />
                    <property name="retryIteration" value="0" />
                    <property name="repeatIteration" value="0" />
                  </properties>
                  <failure>
                    <message><![CDATA[Unhandled log message: '[Exception] NullReferenceException: Object reference not set to an instance of an object'. Use UnityEngine.TestTools.LogAssert.Expect]]></message>
                    <stack-trace><![CDATA[Unity.Collections.LowLevel.Unsafe.AtomicSafetyHandle.CheckWriteAndThrow (Unity.Collections.LowLevel.Unsafe.AtomicSafetyHandle handle) (at <98fbc9de20ae47d9bb2559ab79ec6643>:0)
Unity.Entities.EntityManager.GetCheckedEntityDataAccess () (at ./Library/PackageCache/com.unity.entities@e581b903be8e/Unity.Entities/EntityManager.cs:87)
Unity.Entities.EntityManager.CreateEntity () (at ./Library/PackageCache/com.unity.entities@e581b903be8e/Unity.Entities/EntityManager.cs:3289)
TinyWalnutGames.MetVanDAMN.Authoring.DungeonDelveMode+<GenerateFloorLayout>d__70.MoveNext () (at Assets/MetVanDAMN/Authoring/DungeonDelveMode.cs:279)
UnityEngine.SetupCoroutine.InvokeMoveNext (System.Collections.IEnumerator enumerator, System.IntPtr returnValueAddress) (at <98fbc9de20ae47d9bb2559ab79ec6643>:0)
UnityEngine.MonoBehaviour:StartCoroutine(IEnumerator)
TinyWalnutGames.MetVanDAMN.Authoring.<GenerateFloor>d__69:MoveNext() (at Assets/MetVanDAMN/Authoring/DungeonDelveMode.cs:262)
UnityEngine.MonoBehaviour:StartCoroutine(IEnumerator)
TinyWalnutGames.MetVanDAMN.Authoring.<GenerateAllFloors>d__68:MoveNext() (at Assets/MetVanDAMN/Authoring/DungeonDelveMode.cs:239)
UnityEngine.MonoBehaviour:StartCoroutine(IEnumerator)
TinyWalnutGames.MetVanDAMN.Authoring.<InitializeDungeonDelve>d__65:MoveNext() (at Assets/MetVanDAMN/Authoring/DungeonDelveMode.cs:170)
UnityEngine.MonoBehaviour:StartCoroutine(IEnumerator)
TinyWalnutGames.MetVanDAMN.Authoring.DungeonDelveMode:StartDungeonDelve() (at Assets/MetVanDAMN/Authoring/DungeonDelveMode.cs:161)
TinyWalnutGames.MetVanDAMN.Authoring.Tests.<DungeonDelveMode_PlacesMinimumSecretsPerFloor>d__20:MoveNext() (at Assets/MetVanDAMN/Authoring/Tests/DungeonDelveModeTests.cs:391)
UnityEditor.EditorApplication:Internal_CallUpdateFunctions()

]]></stack-trace>
                  </failure>
                  <output><![CDATA[🚀 Starting Dungeon Delve Mode with seed 42
🔨 Generating dungeon floors...
🔨 Generating floor 1: Crystal Caverns
NullReferenceException: Object reference not set to an instance of an object
Unity.Collections.LowLevel.Unsafe.AtomicSafetyHandle.CheckWriteAndThrow (Unity.Collections.LowLevel.Unsafe.AtomicSafetyHandle handle) (at <98fbc9de20ae47d9bb2559ab79ec6643>:0)
Unity.Entities.EntityManager.GetCheckedEntityDataAccess () (at ./Library/PackageCache/com.unity.entities@e581b903be8e/Unity.Entities/EntityManager.cs:87)
Unity.Entities.EntityManager.CreateEntity () (at ./Library/PackageCache/com.unity.entities@e581b903be8e/Unity.Entities/EntityManager.cs:3289)
TinyWalnutGames.MetVanDAMN.Authoring.DungeonDelveMode+<GenerateFloorLayout>d__70.MoveNext () (at Assets/MetVanDAMN/Authoring/DungeonDelveMode.cs:279)
UnityEngine.SetupCoroutine.InvokeMoveNext (System.Collections.IEnumerator enumerator, System.IntPtr returnValueAddress) (at <98fbc9de20ae47d9bb2559ab79ec6643>:0)
UnityEngine.MonoBehaviour:StartCoroutine(IEnumerator)
TinyWalnutGames.MetVanDAMN.Authoring.<GenerateFloor>d__69:MoveNext() (at Assets/MetVanDAMN/Authoring/DungeonDelveMode.cs:262)
UnityEngine.MonoBehaviour:StartCoroutine(IEnumerator)
TinyWalnutGames.MetVanDAMN.Authoring.<GenerateAllFloors>d__68:MoveNext() (at Assets/MetVanDAMN/Authoring/DungeonDelveMode.cs:239)
UnityEngine.MonoBehaviour:StartCoroutine(IEnumerator)
TinyWalnutGames.MetVanDAMN.Authoring.<InitializeDungeonDelve>d__65:MoveNext() (at Assets/MetVanDAMN/Authoring/DungeonDelveMode.cs:170)
UnityEngine.MonoBehaviour:StartCoroutine(IEnumerator)
[...]
              </test-case>
              <test-case id="1124" name="NavLink_BasicCreation_IsValid" fullname="TinyWalnutGames.MetVD.Tests.AINavigationTests.NavLink_BasicCreation_IsValid" methodname="NavLink_BasicCreation_IsValid" classname="TinyWalnutGames.MetVD.Tests.AINavigationTests" runstate="Runnable" seed="170879094" result="Passed" start-time="2025-09-18 20:43:13Z" end-time="2025-09-18 20:43:13Z" duration="0.001186" asserts="0">
                <properties>
                  <property name="retryIteration" value="0" />
                  <property name="repeatIteration" value="0" />
                </properties>
              </test-case>
              <test-case id="1157" name="NavLink_CalculateArcTraversalCost_DownwardMovement_LowerCost" fullname="TinyWalnutGames.MetVD.Tests.AINavigationTests.NavLink_CalculateArcTraversalCost_DownwardMovement_LowerCost" methodname="NavLink_CalculateArcTraversalCost_DownwardMovement_LowerCost" classname="TinyWalnutGames.MetVD.Tests.AINavigationTests" runstate="Runnable" seed="2122735964" result="Passed" start-time="2025-09-18 20:43:13Z" end-time="2025-09-18 20:43:13Z" duration="0.001290" asserts="0">
                <properties>
                  <property name="retryIteration" value="0" />
                  <property name="repeatIteration" value="0" />
                </properties>
              </test-case>
              <test-case id="1156" name="NavLink_CalculateArcTraversalCost_ImpossibleJump_ReturnsHighCost" fullname="TinyWalnutGames.MetVD.Tests.AINavigationTests.NavLink_CalculateArcTraversalCost_ImpossibleJump_ReturnsHighCost" methodname="NavLink_CalculateArcTraversalCost_ImpossibleJump_ReturnsHighCost" classname="TinyWalnutGames.MetVD.Tests.AINavigationTests" runstate="Runnable" seed="1096134149" result="Passed" start-time="2025-09-18 20:43:13Z" end-time="2025-09-18 20:43:13Z" duration="0.002311" asserts="0">
                <properties>
                  <property name="retryIteration" value="0" />
                  <property name="repeatIteration" value="0" />
                </properties>
              </test-case>
              <test-case id="1152" name="NavLink_CalculateArcTraversalCost_WithArcJump_ProvidesBetterControl" fullname="TinyWalnutGames.MetVD.Tests.AINavigationTests.NavLink_CalculateArcTraversalCost_WithArcJump_ProvidesBetterControl" methodname="NavLink_CalculateArcTraversalCost_WithArcJump_ProvidesBetterControl" classname="TinyWalnutGames.MetVD.Tests.AINavigationTests" runstate="Runnable" seed="945251523" result="Passed" start-time="2025-09-18 20:43:13Z" end-time="2025-09-18 20:43:13Z" duration="0.002076" asserts="0">
                <properties>
                  <property name="retryIteration" value="0" />
                  <property name="repeatIteration" value="0" />
                </properties>
              </test-case>
              <test-case id="1150" name="NavLink_CalculateArcTraversalCost_WithBasicJump_ReturnsCorrectCost" fullname="TinyWalnutGames.MetVD.Tests.AINavigationTests.NavLink_CalculateArcTraversalCost_WithBasicJump_ReturnsCorrectCost" methodname="NavLink_CalculateArcTraversalCost_WithBasicJump_ReturnsCorrectCost" classname="TinyWalnutGames.MetVD.Tests.AINavigationTests" runstate="Runnable" seed="357754354" result="Passed" start-time="2025-09-18 20:43:13Z" end-time="2025-09-18 20:43:13Z" duration="0.002051" asserts="0">
                <properties>
                  <property name="retryIteration" value="0" />
                  <property name="repeatIteration" value="0" />
                </properties>
              </test-case>
              <test-case id="1153" name="NavLink_CalculateArcTraversalCost_WithChargedJump_HandlesVariableHeight" fullname="TinyWalnutGames.MetVD.Tests.AINavigationTests.NavLink_CalculateArcTraversalCost_WithChargedJump_HandlesVariableHeight" methodname="NavLink_CalculateArcTraversalCost_WithChargedJump_HandlesVariableHeight" classname="TinyWalnutGames.MetVD.Tests.AINavigationTests" runstate="Runnable" seed="1273168143" result="Passed" start-time="2025-09-18 20:43:13Z" end-time="2025-09-18 20:43:13Z" duration="0.002075" asserts="0">
                <properties>
                  <property name="retryIteration" value="0" />
                  <property name="repeatIteration" value="0" />
                </properties>
              </test-case>
              <test-case id="1151" name="NavLink_CalculateArcTraversalCost_WithDoubleJump_HandlesHigherJumps" fullname="TinyWalnutGames.MetVD.Tests.AINavigationTests.NavLink_CalculateArcTraversalCost_WithDoubleJump_HandlesHigherJumps" methodname="NavLink_CalculateArcTraversalCost_WithDoubleJump_HandlesHigherJumps" classname="TinyWalnutGames.MetVD.Tests.AINavigationTests" runstate="Runnable" seed="170209101" result="Passed" start-time="2025-09-18 20:43:13Z" end-time="2025-09-18 20:43:13Z" duration="0.001788" asserts="0">
                <properties>
                  <property name="retryIteration" value="0" />
                  <property name="repeatIteration" value="0" />
                </properties>
              </test-case>
              <test-case id="1158" name="NavLink_CalculateArcTraversalCost_WithGlideSpeed_ReducesFallCost" fullname="TinyWalnutGames.MetVD.Tests.AINavigationTests.NavLink_CalculateArcTraversalCost_WithGlideSpeed_ReducesFallCost" methodname="NavLink_CalculateArcTraversalCost_WithGlideSpeed_ReducesFallCost" classname="TinyWalnutGames.MetVD.Tests.AINavigationTests" runstate="Runnable" seed="486475016" result="Passed" start-time="2025-09-18 20:43:13Z" end-time="2025-09-18 20:43:13Z" duration="0.001269" asserts="0">
                <properties>
                  <property name="retryIteration" value="0" />
                  <property name="repeatIteration" value="0" />
                </properties>
              </test-case>
              <test-case id="1155" name="NavLink_CalculateArcTraversalCost_WithGrapple_HandlesArcTrajectory" fullname="TinyWalnutGames.MetVD.Tests.AINavigationTests.NavLink_CalculateArcTraversalCost_WithGrapple_HandlesArcTrajectory" methodname="NavLink_CalculateArcTraversalCost_WithGrapple_HandlesArcTrajectory" classname="TinyWalnutGames.MetVD.Tests.AINavigationTests" runstate="Runnable" seed="699712544" result="Passed" start-time="2025-09-18 20:43:13Z" end-time="2025-09-18 20:43:13Z" duration="0.001324" asserts="0">
                <properties>
                  <property name="retryIteration" value="0" />
                  <property name="repeatIteration" value="0" />
                </properties>
              </test-case>
              <test-case id="1154" name="NavLink_CalculateArcTraversalCost_WithTeleportArc_HandlesLongDistances" fullname="TinyWalnutGames.MetVD.Tests.AINavigationTests.NavLink_CalculateArcTraversalCost_WithTeleportArc_HandlesLongDistances" methodname="NavLink_CalculateArcTraversalCost_WithTeleportArc_HandlesLongDistances" classname="TinyWalnutGames.MetVD.Tests.AINavigationTests" runstate="Runnable" seed="798521890" result="Passed" start-time="2025-09-18 20:43:13Z" end-time="2025-09-18 20:43:13Z" duration="0.001183" asserts="0">
                <properties>
                  <property name="retryIteration" value="0" />
                  <property name="repeatIteration" value="0" />
                </properties>
              </test-case>
              <test-case id="1131" name="NavLink_CalculateTraversalCost_WithPolarityMismatch_IncreasesBaseCost" fullname="TinyWalnutGames.MetVD.Tests.AINavigationTests.NavLink_CalculateTraversalCost_WithPolarityMismatch_IncreasesBaseCost" methodname="NavLink_CalculateTraversalCost_WithPolarityMismatch_IncreasesBaseCost" classname="TinyWalnutGames.MetVD.Tests.AINavigationTests" runstate="Runnable" seed="1550471720" result="Passed" start-time="2025-09-18 20:43:13Z" end-time="2025-09-18 20:43:13Z" duration="0.001114" asserts="0">
                <properties>
                  <property name="retryIteration" value="0" />
                  <property name="repeatIteration" value="0" />
                </properties>
              </test-case>
              <test-case id="1128" name="NavLink_CanTraverseWith_MatchingCapabilities_ReturnsTrue" fullname="TinyWalnutGames.MetVD.Tests.AINavigationTests.NavLink_CanTraverseWith_MatchingCapabilities_ReturnsTrue" methodname="NavLink_CanTraverseWith_MatchingCapabilities_ReturnsTrue" classname="TinyWalnutGames.MetVD.Tests.AINavigationTests" runstate="Runnable" seed="162476248" result="Passed" start-time="2025-09-18 20:43:13Z" end-time="2025-09-18 20:43:13Z" duration="0.001147" asserts="0">
                <properties>
                  <property name="retryIteration" value="0" />
                  <property name="repeatIteration" value="0" />
                </properties>
              </test-case>
              <test-case id="1129" name="NavLink_CanTraverseWith_MismatchedPolarity_ReturnsFalse" fullname="TinyWalnutGames.MetVD.Tests.AINavigationTests.NavLink_CanTraverseWith_MismatchedPolarity_ReturnsFalse" methodname="NavLink_CanTraverseWith_MismatchedPolarity_ReturnsFalse" classname="TinyWalnutGames.MetVD.Tests.AINavigationTests" runstate="Runnable" seed="1448065791" result="Passed" start-time="2025-09-18 20:43:13Z" end-time="2025-09-18 20:43:13Z" duration="0.001230" asserts="0">
                <properties>
                  <property name="retryIteration" value="0" />
                  <property name="repeatIteration" value="0" />
                </properties>
              </test-case>
              <test-case id="1130" name="NavLink_CanTraverseWith_SoftGate_ReturnsTrue" fullname="TinyWalnutGames.MetVD.Tests.AINavigationTests.NavLink_CanTraverseWith_SoftGate_ReturnsTrue" methodname="NavLink_CanTraverseWith_SoftGate_ReturnsTrue" classname="TinyWalnutGames.MetVD.Tests.AINavigationTests" runstate="Runnable" seed="607409913" result="Passed" start-time="2025-09-18 20:43:13Z" end-time="2025-09-18 20:43:13Z" duration="0.001408" asserts="0">
                <properties>
                  <property name="retryIteration" value="0" />
                  <property name="repeatIteration" value="0" />
                </properties>
              </test-case>
              <test-case id="1132" name="NavLink_GetDestination_Bidirectional_ReturnsCorrectDestination" fullname="TinyWalnutGames.MetVD.Tests.AINavigationTests.NavLink_GetDestination_Bidirectional_ReturnsCorrectDestination" methodname="NavLink_GetDestination_Bidirectional_ReturnsCorrectDestination" classname="TinyWalnutGames.MetVD.Tests.AINavigationTests" runstate="Runnable" seed="285902401" result="Passed" start-time="2025-09-18 20:43:13Z" end-time="2025-09-18 20:43:13Z" duration="0.002157" asserts="0">
                <properties>
                  <property name="retryIteration" value="0" />
                  <property name="repeatIteration" value="0" />
                </properties>
              </test-case>
              <test-case id="1133" name="NavLink_GetDestination_OneWay_ReturnsCorrectDestination" fullname="TinyWalnutGames.MetVD.Tests.AINavigationTests.NavLink_GetDestination_OneWay_ReturnsCorrectDestination" methodname="NavLink_GetDestination_OneWay_ReturnsCorrectDestination" classname="TinyWalnutGames.MetVD.Tests.AINavigationTests" runstate="Runnable" seed="516616302" result="Passed" start-time="2025-09-18 20:43:13Z" end-time="2025-09-18 20:43:13Z" duration="0.001263" asserts="0">
                <properties>
                  <property name="retryIteration" value="0" />
                  <property name="repeatIteration" value="0" />
                </properties>
              </test-case>
              <test-case id="1123" name="NavNode_BasicCreation_IsValid" fullname="TinyWalnutGames.MetVD.Tests.AINavigationTests.NavNode_BasicCreation_IsValid" methodname="NavNode_BasicCreation_IsValid" classname="TinyWalnutGames.MetVD.Tests.AINavigationTests" runstate="Runnable" seed="959445346" result="Passed" start-time="2025-09-18 20:43:13Z" end-time="2025-09-18 20:43:13Z" duration="0.001274" asserts="0">
                <properties>
                  <property name="retryIteration" value="0" />
                  <property name="repeatIteration" value="0" />
                </properties>
              </test-case>
            </test-suite>
          </test-suite>
        </test-suite>
      </test-suite>
    </test-suite>
    <test-suite type="Assembly" id="1183" name="TinyWalnutGames.Tools.Editor.Tests.dll" fullname="E:/Tiny_Walnut_Games/TWG-MetVanDamn/Library/ScriptAssemblies/TinyWalnutGames.Tools.Editor.Tests.dll" runstate="Runnable" testcasecount="7" result="Passed" start-time="2025-09-18 20:43:13Z" end-time="2025-09-18 20:43:13Z" duration="0.216345" total="7" passed="7" failed="0" inconclusive="0" skipped="0" asserts="0">
      <properties>
        <property name="_PID" value="62024" />
        <property name="_APPDOMAIN" value="Unity Child Domain" />
        <property name="platform" value="EditMode" />
        <property name="EditorOnly" value="True" />
      </properties>
      <test-suite type="TestSuite" id="1184" name="TinyWalnutGames" fullname="TinyWalnutGames" runstate="Runnable" testcasecount="7" result="Passed" start-time="2025-09-18 20:43:13Z" end-time="2025-09-18 20:43:13Z" duration="0.205835" total="7" passed="7" failed="0" inconclusive="0" skipped="0" asserts="0">
        <properties />
        <test-suite type="TestSuite" id="1185" name="Tools" fullname="TinyWalnutGames.Tools" runstate="Runnable" testcasecount="7" result="Passed" start-time="2025-09-18 20:43:13Z" end-time="2025-09-18 20:43:13Z" duration="0.196803" total="7" passed="7" failed="0" inconclusive="0" skipped="0" asserts="0">
          <properties />
          <test-suite type="TestSuite" id="1186" name="Editor" fullname="TinyWalnutGames.Tools.Editor" runstate="Runnable" testcasecount="7" result="Passed" start-time="2025-09-18 20:43:13Z" end-time="2025-09-18 20:43:13Z" duration="0.188436" total="7" passed="7" failed="0" inconclusive="0" skipped="0" asserts="0">
            <properties />
            <test-suite type="TestSuite" id="1187" name="Tests" fullname="TinyWalnutGames.Tools.Editor.Tests" runstate="Runnable" testcasecount="7" result="Passed" start-time="2025-09-18 20:43:13Z" end-time="2025-09-18 20:43:13Z" duration="0.180414" total="7" passed="7" failed="0" inconclusive="0" skipped="0" asserts="0">
              <properties />
              <test-suite type="TestFixture" id="1175" name="BiomeRegionExtractorTests" fullname="TinyWalnutGames.Tools.Editor.Tests.BiomeRegionExtractorTests" classname="TinyWalnutGames.Tools.Editor.Tests.BiomeRegionExtractorTests" runstate="Runnable" testcasecount="7" result="Passed" start-time="2025-09-18 20:43:13Z" end-time="2025-09-18 20:43:13Z" duration="0.171396" total="7" passed="7" failed="0" inconclusive="0" skipped="0" asserts="0">
                <properties />
                <test-case id="1177" name="BiomeMapping_DataStructure_WorksCorrectly" fullname="TinyWalnutGames.Tools.Editor.Tests.BiomeRegionExtractorTests.BiomeMapping_DataStructure_WorksCorrectly" methodname="BiomeMapping_DataStructure_WorksCorrectly" classname="TinyWalnutGames.Tools.Editor.Tests.BiomeRegionExtractorTests" runstate="Runnable" seed="1976013477" result="Passed" start-time="2025-09-18 20:43:13Z" end-time="2025-09-18 20:43:13Z" duration="0.009575" asserts="0">
                  <properties>
                    <property name="retryIteration" value="0" />
                    <property name="repeatIteration" value="0" />
                  </properties>
                </test-case>
                <test-case id="1178" name="BiomeMetadata_Serialization_WorksCorrectly" fullname="TinyWalnutGames.Tools.Editor.Tests.BiomeRegionExtractorTests.BiomeMetadata_Serialization_WorksCorrectly" methodname="BiomeMetadata_Serialization_WorksCorrectly" classname="TinyWalnutGames.Tools.Editor.Tests.BiomeRegionExtractorTests" runstate="Runnable" seed="1493634755" result="Passed" start-time="2025-09-18 20:43:13Z" end-time="2025-09-18 20:43:13Z" duration="0.008831" asserts="0">
                  <properties>
                    <property name="retryIteration" value="0" />
                    <property name="repeatIteration" value="0" />
                  </properties>
                </test-case>
                <test-case id="1176" name="BiomeRegionExtractor_CanBeCreated" fullname="TinyWalnutGames.Tools.Editor.Tests.BiomeRegionExtractorTests.BiomeRegionExtractor_CanBeCreated" methodname="BiomeRegionExtractor_CanBeCreated" classname="TinyWalnutGames.Tools.Editor.Tests.BiomeRegionExtractorTests" runstate="Runnable" seed="2124002341" result="Passed" start-time="2025-09-18 20:43:13Z" end-time="2025-09-18 20:43:13Z" duration="0.112285" asserts="0">
                  <properties>
                    <property name="retryIteration" value="0" />
                    <property name="repeatIteration" value="0" />
                  </properties>
                </test-case>
                <test-case id="1181" name="CellSizeValidation_DetectsInvalidValues" fullname="TinyWalnutGames.Tools.Editor.Tests.BiomeRegionExtractorTests.CellSizeValidation_DetectsInvalidValues" methodname="CellSizeValidation_DetectsInvalidValues" classname="TinyWalnutGames.Tools.Editor.Tests.BiomeRegionExtractorTests" runstate="Runnable" seed="1970176625" result="Passed" start-time="2025-09-18 20:43:13Z" end-time="2025-09-18 20:43:13Z" duration="0.008343" asserts="0">
                  <properties>
                    <property name="retryIteration" value="0" />
                    <property name="repeatIteration" value="0" />
                  </properties>
                </test-case>
                <test-case id="1179" name="ColorComparison_WithTolerance_WorksCorrectly" fullname="TinyWalnutGames.Tools.Editor.Tests.BiomeRegionExtractorTests.ColorComparison_WithTolerance_WorksCorrectly" methodname="ColorComparison_WithTolerance_WorksCorrectly" classname="TinyWalnutGames.Tools.Editor.Tests.BiomeRegionExtractorTests" runstate="Runnable" seed="1819629776" result="Passed" start-time="2025-09-18 20:43:13Z" end-time="2025-09-18 20:43:13Z" duration="0.006267" asserts="0">
                  <properties>
                    <property name="retryIteration" value="0" />
                    <property name="repeatIteration" value="0" />
                  </properties>
                </test-case>
                <test-case id="1180" name="FileNamingPattern_Replacement_WorksCorrectly" fullname="TinyWalnutGames.Tools.Editor.Tests.BiomeRegionExtractorTests.FileNamingPattern_Replacement_WorksCorrectly" methodname="FileNamingPattern_Replacement_WorksCorrectly" classname="TinyWalnutGames.Tools.Editor.Tests.BiomeRegionExtractorTests" runstate="Runnable" seed="2107587293" result="Passed" start-time="2025-09-18 20:43:13Z" end-time="2025-09-18 20:43:13Z" duration="0.006204" asserts="0">
                  <properties>
                    <property name="retryIteration" value="0" />
                    <property name="repeatIteration" value="0" />
                  </properties>
                </test-case>
                <test-case id="1182" name="GridDimensions_CalculatedCorrectly" fullname="TinyWalnutGames.Tools.Editor.Tests.BiomeRegionExtractorTests.GridDimensions_CalculatedCorrectly" methodname="GridDimensions_CalculatedCorrectly" classname="TinyWalnutGames.Tools.Editor.Tests.BiomeRegionExtractorTests" runstate="Runnable" seed="849708318" result="Passed" start-time="2025-09-18 20:43:13Z" end-time="2025-09-18 20:43:13Z" duration="0.008221" asserts="0">
                  <properties>
                    <property name="retryIteration" value="0" />
                    <property name="repeatIteration" value="0" />
                  </properties>
                  <output><![CDATA[Saving results to: C:/Users/Jerry/AppData/LocalLow/Tiny Walnut Games/TWG-MetVanDamn\TestResults.xml
]]></output>
                </test-case>
              </test-suite>
            </test-suite>
          </test-suite>
        </test-suite>
      </test-suite>
    </test-suite>
  </test-suite>
</test-run>