**Editor Console Logs**
Packages\com.tinywalnutgames.metvd.graph\Runtime\SpecializedGenerators.cs(352,68): error SGJE0012: RoomFeatureElement implements IBufferElementData and must be used as DynamicBuffer<RoomFeatureElement>.

Packages\com.tinywalnutgames.metvd.graph\Runtime\SpecializedGenerators.cs(369,78): error CS0426: The type name 'InternalCompilerQueryAndHandleData' does not exist in the type 'WeightedTilePrefabJob'

Packages\com.tinywalnutgames.metvd.graph\Runtime\SpecializedGenerators.cs(311,48): error CS0315: The type 'TinyWalnutGames.MetVD.Graph.BiomeAffinity' cannot be used as type parameter 'T' in the generic type or method 'ComponentLookup<T>'. There is no boxing conversion from 'TinyWalnutGames.MetVD.Graph.BiomeAffinity' to 'Unity.Entities.IComponentData'.

Packages\com.tinywalnutgames.metvd.graph\Runtime\SpecializedGenerators.cs(347,58): error CS0315: The type 'TinyWalnutGames.MetVD.Graph.BiomeAffinity' cannot be used as type parameter 'T' in the generic type or method 'ComponentLookup<T>'. There is no boxing conversion from 'TinyWalnutGames.MetVD.Graph.BiomeAffinity' to 'Unity.Entities.IComponentData'.

Assets\Tools\Editor\BatchSpriteSlicer.cs(7,23): error CS0234: The type or namespace name 'Sprites' does not exist in the namespace 'UnityEditor.U2D' (are you missing an assembly reference?)

Assets\Tools\Editor\BiomeRegionExtractor.cs(9,23): error CS0234: The type or namespace name 'Sprites' does not exist in the namespace 'UnityEditor.U2D' (are you missing an assembly reference?)

Assets\Tools\Editor\BatchSpriteSlicer.cs(58,29): error CS0246: The type or namespace name 'SpriteRect' could not be found (are you missing a using directive or an assembly reference?)

Assets\Tools\Editor\BiomeRegionExtractor.cs(1032,79): error CS0246: The type or namespace name 'SpriteRect' could not be found (are you missing a using directive or an assembly reference?)

Failed to find entry-points:
Mono.Cecil.AssemblyResolutionException: Failed to resolve assembly: 'TinyWalnutGames.Tools.Editor.Tests, Version=0.0.0.0, Culture=neutral, PublicKeyToken=null' ---> System.Exception: Failed to resolve assembly 'TinyWalnutGames.Tools.Editor.Tests, Version=0.0.0.0, Culture=neutral, PublicKeyToken=null' in directories: C:\Program Files\Unity\Hub\Editor\6000.2.0f1\Editor\Data\MonoBleedingEdge\lib\mono\unityjit-win32
C:\Program Files\Unity\Hub\Editor\6000.2.0f1\Editor\Data\MonoBleedingEdge\lib\mono\unityjit-win32\Facades
C:\Program Files\Unity\Hub\Editor\6000.2.0f1\Editor\Data\PlaybackEngines\WindowsStandaloneSupport
E:\Tiny_Walnut_Games\TWG-MetVanDamn\Library\PackageCache\com.unity.collab-proxy@8f3c30ecd081\Lib\Editor
E:\Tiny_Walnut_Games\TWG-MetVanDamn\Library\PackageCache\com.unity.visualscripting@b4d700247d4b\Editor\VisualScripting.Core\EditorAssetResources
E:\Tiny_Walnut_Games\TWG-MetVanDamn\Library\PackageCache\com.unity.ide.rider@4d374c7eb6db\Rider\Editor
C:\Program Files\Unity\Hub\Editor\6000.2.0f1\Editor\Data\Managed
E:\Tiny_Walnut_Games\TWG-MetVanDamn\Library\PackageCache\com.unity.localization@7eec7ebf749d\Editor
E:\Tiny_Walnut_Games\TWG-MetVanDamn\Library\PackageCache\com.unity.collections@d49facba0036\Unity.Collections.Tests\System.IO.Hashing
E:\Tiny_Walnut_Games\TWG-MetVanDamn\Library\PackageCache\com.unity.nuget.mono-cecil@d78732e851eb
E:\Tiny_Walnut_Games\TWG-MetVanDamn\Library\PackageCache\com.unity.collections@d49facba0036\Unity.Collections.Tests\System.Runtime.CompilerServices.Unsafe
E:\Tiny_Walnut_Games\TWG-MetVanDamn\Library\PackageCache\com.unity.collections@d49facba0036\Unity.Collections.LowLevel.ILSupport
E:\Tiny_Walnut_Games\TWG-MetVanDamn\Library\PackageCache\com.unity.entities@e581b903be8e\Unity.Entities.CodeGen
E:\Tiny_Walnut_Games\TWG-MetVanDamn\Library\PackageCache\com.unity.visualscripting@b4d700247d4b\Runtime\VisualScripting.Flow\Dependencies\NCalc
E:\Tiny_Walnut_Games\TWG-MetVanDamn\Library\PackageCache\com.unity.visualscripting@b4d700247d4b\Editor\VisualScripting.Core\Dependencies\DotNetZip
C:\Program Files\Unity\Hub\Editor\6000.2.0f1\Editor\Data\PlaybackEngines\WebGLSupport
E:\Tiny_Walnut_Games\TWG-MetVanDamn\Library\PackageCache\com.unity.nuget.newtonsoft-json@74deb55db2a0\Runtime
E:\Tiny_Walnut_Games\TWG-MetVanDamn\Library\PackageCache\com.unity.burst@f7a407abf4d5
E:\Tiny_Walnut_Games\TWG-MetVanDamn\Library\PackageCache\com.unity.burst@f7a407abf4d5\Unity.Burst.CodeGen
E:\Tiny_Walnut_Games\TWG-MetVanDamn\Library\PackageCache\com.unity.ext.nunit@031a54704bff\net40\unity-custom
C:\Program Files\Unity\Hub\Editor\6000.2.0f1\Editor\Data\PlaybackEngines\LinuxStandaloneSupport
C:\Program Files\Unity\Hub\Editor\6000.2.0f1\Editor\Data\PlaybackEngines\MetroSupport
E:\Tiny_Walnut_Games\TWG-MetVanDamn\Library\PackageCache\com.unity.visualscripting@b4d700247d4b\Editor\VisualScripting.Core\Dependencies\YamlDotNet
E:\Tiny_Walnut_Games\TWG-MetVanDamn\Library\PackageCache\com.unity.ai.toolkit@97783faabe3b\Modules\Sdk\Editor
E:\Tiny_Walnut_Games\TWG-MetVanDamn\Library\PackageCache\com.unity.nuget.newtonsoft-json@74deb55db2a0\Runtime\AOT
C:\Program Files\Unity\Hub\Editor\6000.2.0f1\Editor\Data\PlaybackEngines\iOSSupport
E:\Tiny_Walnut_Games\TWG-MetVanDamn\Library\PackageCache\com.unity.entities@e581b903be8e\Unity.Entities\SourceGenerators
C:\Program Files\Unity\Hub\Editor\6000.2.0f1\Editor\Data\PlaybackEngines\AndroidPlayer
C:\Program Files\Unity\Hub\Editor\6000.2.0f1\Editor\Data\Managed\UnityEngine
E:\Tiny_Walnut_Games\TWG-MetVanDamn\Library\ScriptAssemblies ---> Mono.Cecil.AssemblyResolutionException: Failed to resolve assembly: 'TinyWalnutGames.Tools.Editor.Tests, Version=0.0.0.0, Culture=neutral, PublicKeyToken=null'
  at Mono.Cecil.BaseAssemblyResolver.Resolve (Mono.Cecil.AssemblyNameReference name, Mono.Cecil.ReaderParameters parameters) [0x00105] in <853812ae52c341daaef3c62ecdb86b32>:0 
  at zzzUnity.Burst.CodeGen.AssemblyResolver.Resolve (Mono.Cecil.AssemblyNameReference name) [0x00007] in <04abc9c65a1c4bb2b54f7b1392247f06>:0 
   --- End of inner exception stack trace ---
  at zzzUnity.Burst.CodeGen.AssemblyResolver.Resolve (Mono.Cecil.AssemblyNameReference name) [0x00054] in <04abc9c65a1c4bb2b54f7b1392247f06>:0 
  at Burst.Compiler.IL.AssemblyLoader.Resolve (Mono.Cecil.AssemblyNameReference name) [0x0007e] in <04abc9c65a1c4bb2b54f7b1392247f06>:0 
  at Burst.Compiler.IL.Server.EntryPointMethodFinder.FindEntryPoints (System.String[] rootAssemblyNames, Burst.Compiler.IL.Hashing.CacheRuntime.HashCacheAssemblyStore assemblyStore, Burst.Compiler.IL.AssemblyLoader assemblyLoader, Burst.Compiler.IL.NativeCompilerOptions options, Burst.Compiler.IL.Server.ProfileDelegate profileCallback, System.Boolean includeRootAssemblyReferences, System.Boolean splitTargets) [0x00055] in <04abc9c65a1c4bb2b54f7b1392247f06>:0 
  at Burst.Compiler.IL.Server.CompilerServer+<>c__DisplayClass18_1.<FindMethods>b__0 (Burst.Compiler.IL.Server.Caching.CacheManager cacheManager) [0x0005e] in <04abc9c65a1c4bb2b54f7b1392247f06>:0 
  at Burst.Compiler.IL.Server.CompilerServer+<>c__DisplayClass26_0`1[TResult].<RunTask>b__0 () [0x00145] in <04abc9c65a1c4bb2b54f7b1392247f06>:0 
  at Burst.Compiler.IL.Server.CompilerServer.RunTask[TResult] (Burst.Compiler.IL.Server.TargetKey target, System.String taskName, System.String[] assemblyFolders, System.Threading.CancellationToken cancellationToken, System.Func`2[T,TResult] function) [0x00131] in <04abc9c65a1c4bb2b54f7b1392247f06>:0 
  at Burst.Compiler.IL.Server.CompilerServer.FindMethods (Burst.Compiler.IL.Server.CompilerServerOptions options, Burst.Compiler.IL.Aot.AotCompilerOptions aotOptions, Burst.Compiler.IL.AssemblyDefinesDict assemblyDefines, Burst.Compiler.IL.Server.TargetKey target, Burst.Compiler.IL.Server.Caching.CacheManager cacheManager, Burst.Compiler.IL.CompilerStatistics stats, System.Threading.CancellationToken cancellationToken) [0x00299] in <04abc9c65a1c4bb2b54f7b1392247f06>:0 
  at Burst.Compiler.IL.Server.CompilerServer+<>c__DisplayClass26_0`1[TResult].<RunTask>b__0 () [0x00145] in <04abc9c65a1c4bb2b54f7b1392247f06>:0 
  at Burst.Compiler.IL.Server.CompilerServer.RunTask[TResult] (Burst.Compiler.IL.Server.TargetKey target, System.String taskName, System.String[] assemblyFolders, System.Threading.CancellationToken cancellationToken, System.Func`2[T,TResult] function) [0x00131] in <04abc9c65a1c4bb2b54f7b1392247f06>:0 
  at Burst.Compiler.IL.Server.CompilerServer.Compile (Burst.Compiler.IL.Server.CompilerServerOptions options, Burst.Compiler.IL.Server.CompilationMessageStreamer streamer, System.Threading.CancellationToken cancellationToken) [0x001ca] in <04abc9c65a1c4bb2b54f7b1392247f06>:0 

While compiling job:



------------------------------------------------------------------

##VisualStudio Error list**

Severity	Code	Description	Project	File	Line	Suppression State	Details
Error (active)	CS0246	The type or namespace name 'SpriteDataProviderFactories' could not be found (are you missing a using directive or an assembly reference?)	TinyWalnutGames.MetVD.Authoring.Editor	E:\Tiny_Walnut_Games\TWG-MetVanDamn\Assets\MetVanDAMN\Authoring\Editor\BatchSpriteSlicer.cs	217		
Error (active)	CS0234	The type or namespace name 'Sprites' does not exist in the namespace 'UnityEditor.U2D' (are you missing an assembly reference?)	TinyWalnutGames.MetVD.Authoring.Editor	E:\Tiny_Walnut_Games\TWG-MetVanDamn\Assets\MetVanDAMN\Authoring\Editor\BatchSpriteSlicer.cs	7		
Error (active)	CS0246	The type or namespace name 'SpriteRect' could not be found (are you missing a using directive or an assembly reference?)	TinyWalnutGames.MetVD.Authoring.Editor	E:\Tiny_Walnut_Games\TWG-MetVanDamn\Assets\MetVanDAMN\Authoring\Editor\BatchSpriteSlicer.cs	58		
Error (active)	CS0246	The type or namespace name 'SpriteRect' could not be found (are you missing a using directive or an assembly reference?)	TinyWalnutGames.MetVD.Authoring.Editor	E:\Tiny_Walnut_Games\TWG-MetVanDamn\Assets\MetVanDAMN\Authoring\Editor\BatchSpriteSlicer.cs	222		
Error (active)	CS0246	The type or namespace name 'ISpritePhysicsOutlineDataProvider' could not be found (are you missing a using directive or an assembly reference?)	TinyWalnutGames.MetVD.Authoring.Editor	E:\Tiny_Walnut_Games\TWG-MetVanDamn\Assets\MetVanDAMN\Authoring\Editor\BatchSpriteSlicer.cs	231		
Error (active)	CS0246	The type or namespace name 'SpriteDataProviderFactories' could not be found (are you missing a using directive or an assembly reference?)	TinyWalnutGames.MetVD.Authoring.Editor	E:\Tiny_Walnut_Games\TWG-MetVanDamn\Assets\MetVanDAMN\Authoring\Editor\BatchSpriteSlicer.cs	280		
Error (active)	CS0246	The type or namespace name 'SpriteRect' could not be found (are you missing a using directive or an assembly reference?)	TinyWalnutGames.MetVD.Authoring.Editor	E:\Tiny_Walnut_Games\TWG-MetVanDamn\Assets\MetVanDAMN\Authoring\Editor\BatchSpriteSlicer.cs	286		
Error (active)	CS0246	The type or namespace name 'SpriteRect' could not be found (are you missing a using directive or an assembly reference?)	TinyWalnutGames.MetVD.Authoring.Editor	E:\Tiny_Walnut_Games\TWG-MetVanDamn\Assets\MetVanDAMN\Authoring\Editor\BatchSpriteSlicer.cs	291		
Error (active)	CS0246	The type or namespace name 'SpriteRect' could not be found (are you missing a using directive or an assembly reference?)	TinyWalnutGames.MetVD.Authoring.Editor	E:\Tiny_Walnut_Games\TWG-MetVanDamn\Assets\MetVanDAMN\Authoring\Editor\BatchSpriteSlicer.cs	306		
Error (active)	CS0246	The type or namespace name 'SpriteRect' could not be found (are you missing a using directive or an assembly reference?)	TinyWalnutGames.MetVD.Authoring.Editor	E:\Tiny_Walnut_Games\TWG-MetVanDamn\Assets\MetVanDAMN\Authoring\Editor\BatchSpriteSlicer.cs	318		
Error (active)	CS0246	The type or namespace name 'ISpritePhysicsOutlineDataProvider' could not be found (are you missing a using directive or an assembly reference?)	TinyWalnutGames.MetVD.Authoring.Editor	E:\Tiny_Walnut_Games\TWG-MetVanDamn\Assets\MetVanDAMN\Authoring\Editor\BatchSpriteSlicer.cs	325		
Error (active)	CS0246	The type or namespace name 'SpriteDataProviderFactories' could not be found (are you missing a using directive or an assembly reference?)	TinyWalnutGames.MetVD.Authoring.Editor	E:\Tiny_Walnut_Games\TWG-MetVanDamn\Assets\MetVanDAMN\Authoring\Editor\BatchSpriteSlicer.cs	382		
Error (active)	CS0246	The type or namespace name 'SpriteRect' could not be found (are you missing a using directive or an assembly reference?)	TinyWalnutGames.MetVD.Authoring.Editor	E:\Tiny_Walnut_Games\TWG-MetVanDamn\Assets\MetVanDAMN\Authoring\Editor\BatchSpriteSlicer.cs	387		
Error (active)	CS0246	The type or namespace name 'SpriteDataProviderFactories' could not be found (are you missing a using directive or an assembly reference?)	TinyWalnutGames.MetVD.Authoring.Editor	E:\Tiny_Walnut_Games\TWG-MetVanDamn\Assets\MetVanDAMN\Authoring\Editor\BatchSpriteSlicer.cs	466		
Error (active)	CS0246	The type or namespace name 'SpriteRect' could not be found (are you missing a using directive or an assembly reference?)	TinyWalnutGames.MetVD.Authoring.Editor	E:\Tiny_Walnut_Games\TWG-MetVanDamn\Assets\MetVanDAMN\Authoring\Editor\BatchSpriteSlicer.cs	471		
Error (active)	CS0246	The type or namespace name 'SpriteRect' could not be found (are you missing a using directive or an assembly reference?)	TinyWalnutGames.MetVD.Authoring.Editor	E:\Tiny_Walnut_Games\TWG-MetVanDamn\Assets\MetVanDAMN\Authoring\Editor\BatchSpriteSlicer.cs	546		
Error (active)	CS0029	Cannot implicitly convert type 'UnityEngine.Vector2Int' to 'Unity.Mathematics.int2'	TinyWalnutGames.MetVD.Authoring.Editor	E:\Tiny_Walnut_Games\TWG-MetVanDamn\Assets\MetVanDAMN\Authoring\Editor\WorldBootstrapAuthoringInspector.cs	92		
Error (active)	CS0117	'BiomeGenerationSettings' does not contain a definition for 'BiomeCount'	TinyWalnutGames.MetVD.Authoring.Editor	E:\Tiny_Walnut_Games\TWG-MetVanDamn\Assets\MetVanDAMN\Authoring\Editor\Bakers\WorldBootstrapBaker.cs	20		
Error (active)	CS0117	'DistrictGenerationSettings' does not contain a definition for 'DistrictCount'	TinyWalnutGames.MetVD.Authoring.Editor	E:\Tiny_Walnut_Games\TWG-MetVanDamn\Assets\MetVanDAMN\Authoring\Editor\Bakers\WorldBootstrapBaker.cs	25		
Error (active)	CS0117	'SectorGenerationSettings' does not contain a definition for 'SectorsPerDistrict'	TinyWalnutGames.MetVD.Authoring.Editor	E:\Tiny_Walnut_Games\TWG-MetVanDamn\Assets\MetVanDAMN\Authoring\Editor\Bakers\WorldBootstrapBaker.cs	31		
Error (active)	CS0117	'RoomGenerationSettings' does not contain a definition for 'RoomsPerSector'	TinyWalnutGames.MetVD.Authoring.Editor	E:\Tiny_Walnut_Games\TWG-MetVanDamn\Assets\MetVanDAMN\Authoring\Editor\Bakers\WorldBootstrapBaker.cs	36		
Warning (active)	CS0618	'Object.FindObjectOfType<T>()' is obsolete: 'Object.FindObjectOfType has been deprecated. Use Object.FindFirstObjectByType instead or if finding any instance is acceptable the faster Object.FindAnyObjectByType'	TinyWalnutGames.MetVD.Authoring.Editor	E:\Tiny_Walnut_Games\TWG-MetVanDamn\Assets\MetVanDAMN\Authoring\Editor\WorldBootstrapDemo.cs	35		
Warning (active)	CS0618	'Object.FindObjectOfType<T>()' is obsolete: 'Object.FindObjectOfType has been deprecated. Use Object.FindFirstObjectByType instead or if finding any instance is acceptable the faster Object.FindAnyObjectByType'	TinyWalnutGames.MetVD.Authoring.Editor	E:\Tiny_Walnut_Games\TWG-MetVanDamn\Assets\MetVanDAMN\Authoring\Editor\WorldBootstrapDemo.cs	185		
Error (active)	CS0234	The type or namespace name 'Mathematics' does not exist in the namespace 'Unity' (are you missing an assembly reference?)	TinyWalnutGames.MetVD.Authoring.Tests	E:\Tiny_Walnut_Games\TWG-MetVanDamn\Assets\MetVanDAMN\Authoring\Tests\WorldBootstrapTests.cs	4		
Error (active)	CS0234	The type or namespace name 'Graph' does not exist in the namespace 'TinyWalnutGames.MetVD' (are you missing an assembly reference?)	TinyWalnutGames.MetVD.Authoring.Tests	E:\Tiny_Walnut_Games\TWG-MetVanDamn\Assets\MetVanDAMN\Authoring\Tests\WorldBootstrapTests.cs	6		
Error (active)	CS0234	The type or namespace name 'Shared' does not exist in the namespace 'TinyWalnutGames.MetVD' (are you missing an assembly reference?)	TinyWalnutGames.MetVD.Authoring.Tests	E:\Tiny_Walnut_Games\TWG-MetVanDamn\Assets\MetVanDAMN\Authoring\Tests\WorldBootstrapTests.cs	7		
Error (active)	CS0012	The type 'int2' is defined in an assembly that is not referenced. You must add a reference to assembly 'Unity.Mathematics, Version=0.0.0.0, Culture=neutral, PublicKeyToken=null'.	TinyWalnutGames.MetVD.Authoring.Tests	E:\Tiny_Walnut_Games\TWG-MetVanDamn\Assets\MetVanDAMN\Authoring\Tests\WorldBootstrapTests.cs	35		
Error (active)	CS0246	The type or namespace name 'int2' could not be found (are you missing a using directive or an assembly reference?)	TinyWalnutGames.MetVD.Authoring.Tests	E:\Tiny_Walnut_Games\TWG-MetVanDamn\Assets\MetVanDAMN\Authoring\Tests\WorldBootstrapTests.cs	36		
Error (active)	CS0012	The type 'int2' is defined in an assembly that is not referenced. You must add a reference to assembly 'Unity.Mathematics, Version=0.0.0.0, Culture=neutral, PublicKeyToken=null'.	TinyWalnutGames.MetVD.Authoring.Tests	E:\Tiny_Walnut_Games\TWG-MetVanDamn\Assets\MetVanDAMN\Authoring\Tests\WorldBootstrapTests.cs	39		
Error (active)	CS0246	The type or namespace name 'int2' could not be found (are you missing a using directive or an assembly reference?)	TinyWalnutGames.MetVD.Authoring.Tests	E:\Tiny_Walnut_Games\TWG-MetVanDamn\Assets\MetVanDAMN\Authoring\Tests\WorldBootstrapTests.cs	40		
Error (active)	CS0246	The type or namespace name 'int2' could not be found (are you missing a using directive or an assembly reference?)	TinyWalnutGames.MetVD.Authoring.Tests	E:\Tiny_Walnut_Games\TWG-MetVanDamn\Assets\MetVanDAMN\Authoring\Tests\WorldBootstrapTests.cs	45		
Error (active)	CS0246	The type or namespace name 'int2' could not be found (are you missing a using directive or an assembly reference?)	TinyWalnutGames.MetVD.Authoring.Tests	E:\Tiny_Walnut_Games\TWG-MetVanDamn\Assets\MetVanDAMN\Authoring\Tests\WorldBootstrapTests.cs	46		
Error (active)	CS1739	The best overload for 'SectorGenerationSettings' does not have a parameter named 'roomsPerSectorRange'	TinyWalnutGames.MetVD.Authoring.Tests	E:\Tiny_Walnut_Games\TWG-MetVanDamn\Assets\MetVanDAMN\Authoring\Tests\WorldBootstrapTests.cs	47		
Error (active)	CS0246	The type or namespace name 'int2' could not be found (are you missing a using directive or an assembly reference?)	TinyWalnutGames.MetVD.Authoring.Tests	E:\Tiny_Walnut_Games\TWG-MetVanDamn\Assets\MetVanDAMN\Authoring\Tests\WorldBootstrapTests.cs	47		
Error (active)	CS7036	There is no argument given that corresponds to the required parameter 'roomSettings' of 'WorldBootstrapConfiguration.WorldBootstrapConfiguration(int, int2, RandomizationMode, BiomeGenerationSettings, DistrictGenerationSettings, SectorGenerationSettings, RoomGenerationSettings, bool, bool)'	TinyWalnutGames.MetVD.Authoring.Tests	E:\Tiny_Walnut_Games\TWG-MetVanDamn\Assets\MetVanDAMN\Authoring\Tests\WorldBootstrapTests.cs	50		
Error (active)	CS0246	The type or namespace name 'int2' could not be found (are you missing a using directive or an assembly reference?)	TinyWalnutGames.MetVD.Authoring.Tests	E:\Tiny_Walnut_Games\TWG-MetVanDamn\Assets\MetVanDAMN\Authoring\Tests\WorldBootstrapTests.cs	52		
Error (active)	CS0103	The name 'RandomizationMode' does not exist in the current context	TinyWalnutGames.MetVD.Authoring.Tests	E:\Tiny_Walnut_Games\TWG-MetVanDamn\Assets\MetVanDAMN\Authoring\Tests\WorldBootstrapTests.cs	53		
Error (active)	CS0246	The type or namespace name 'int2' could not be found (are you missing a using directive or an assembly reference?)	TinyWalnutGames.MetVD.Authoring.Tests	E:\Tiny_Walnut_Games\TWG-MetVanDamn\Assets\MetVanDAMN\Authoring\Tests\WorldBootstrapTests.cs	62		
Error (active)	CS0012	The type 'int2' is defined in an assembly that is not referenced. You must add a reference to assembly 'Unity.Mathematics, Version=0.0.0.0, Culture=neutral, PublicKeyToken=null'.	TinyWalnutGames.MetVD.Authoring.Tests	E:\Tiny_Walnut_Games\TWG-MetVanDamn\Assets\MetVanDAMN\Authoring\Tests\WorldBootstrapTests.cs	62		
Error (active)	CS0103	The name 'RandomizationMode' does not exist in the current context	TinyWalnutGames.MetVD.Authoring.Tests	E:\Tiny_Walnut_Games\TWG-MetVanDamn\Assets\MetVanDAMN\Authoring\Tests\WorldBootstrapTests.cs	63		
Error (active)	CS0012	The type 'RandomizationMode' is defined in an assembly that is not referenced. You must add a reference to assembly 'TinyWalnutGames.MetVD.Shared, Version=0.0.0.0, Culture=neutral, PublicKeyToken=null'.	TinyWalnutGames.MetVD.Authoring.Tests	E:\Tiny_Walnut_Games\TWG-MetVanDamn\Assets\MetVanDAMN\Authoring\Tests\WorldBootstrapTests.cs	63		
Error (active)	CS0246	The type or namespace name 'int2' could not be found (are you missing a using directive or an assembly reference?)	TinyWalnutGames.MetVD.Authoring.Tests	E:\Tiny_Walnut_Games\TWG-MetVanDamn\Assets\MetVanDAMN\Authoring\Tests\WorldBootstrapTests.cs	64		
Error (active)	CS1061	'WorldBootstrapConfiguration' does not contain a definition for 'BiomeCountRange' and no accessible extension method 'BiomeCountRange' accepting a first argument of type 'WorldBootstrapConfiguration' could be found (are you missing a using directive or an assembly reference?)	TinyWalnutGames.MetVD.Authoring.Tests	E:\Tiny_Walnut_Games\TWG-MetVanDamn\Assets\MetVanDAMN\Authoring\Tests\WorldBootstrapTests.cs	64		
Error (active)	CS0246	The type or namespace name 'int2' could not be found (are you missing a using directive or an assembly reference?)	TinyWalnutGames.MetVD.Authoring.Tests	E:\Tiny_Walnut_Games\TWG-MetVanDamn\Assets\MetVanDAMN\Authoring\Tests\WorldBootstrapTests.cs	65		
Error (active)	CS1061	'WorldBootstrapConfiguration' does not contain a definition for 'DistrictCountRange' and no accessible extension method 'DistrictCountRange' accepting a first argument of type 'WorldBootstrapConfiguration' could be found (are you missing a using directive or an assembly reference?)	TinyWalnutGames.MetVD.Authoring.Tests	E:\Tiny_Walnut_Games\TWG-MetVanDamn\Assets\MetVanDAMN\Authoring\Tests\WorldBootstrapTests.cs	65		
Error (active)	CS1061	'WorldBootstrapConfiguration' does not contain a definition for 'DistrictMinDistance' and no accessible extension method 'DistrictMinDistance' accepting a first argument of type 'WorldBootstrapConfiguration' could be found (are you missing a using directive or an assembly reference?)	TinyWalnutGames.MetVD.Authoring.Tests	E:\Tiny_Walnut_Games\TWG-MetVanDamn\Assets\MetVanDAMN\Authoring\Tests\WorldBootstrapTests.cs	66		
Error (active)	CS0246	The type or namespace name 'WorldSettings' could not be found (are you missing a using directive or an assembly reference?)	TinyWalnutGames.MetVD.Authoring.Tests	E:\Tiny_Walnut_Games\TWG-MetVanDamn\Assets\MetVanDAMN\Authoring\Tests\WorldBootstrapTests.cs	73		
Error (active)	CS0246	The type or namespace name 'int2' could not be found (are you missing a using directive or an assembly reference?)	TinyWalnutGames.MetVD.Authoring.Tests	E:\Tiny_Walnut_Games\TWG-MetVanDamn\Assets\MetVanDAMN\Authoring\Tests\WorldBootstrapTests.cs	75		
Error (active)	CS0103	The name 'RandomizationMode' does not exist in the current context	TinyWalnutGames.MetVD.Authoring.Tests	E:\Tiny_Walnut_Games\TWG-MetVanDamn\Assets\MetVanDAMN\Authoring\Tests\WorldBootstrapTests.cs	76		
Error (active)	CS0246	The type or namespace name 'BiomeSettings' could not be found (are you missing a using directive or an assembly reference?)	TinyWalnutGames.MetVD.Authoring.Tests	E:\Tiny_Walnut_Games\TWG-MetVanDamn\Assets\MetVanDAMN\Authoring\Tests\WorldBootstrapTests.cs	78		
Error (active)	CS0246	The type or namespace name 'int2' could not be found (are you missing a using directive or an assembly reference?)	TinyWalnutGames.MetVD.Authoring.Tests	E:\Tiny_Walnut_Games\TWG-MetVanDamn\Assets\MetVanDAMN\Authoring\Tests\WorldBootstrapTests.cs	79		
Error (active)	CS0246	The type or namespace name 'DistrictSettings' could not be found (are you missing a using directive or an assembly reference?)	TinyWalnutGames.MetVD.Authoring.Tests	E:\Tiny_Walnut_Games\TWG-MetVanDamn\Assets\MetVanDAMN\Authoring\Tests\WorldBootstrapTests.cs	82		
Error (active)	CS0246	The type or namespace name 'int2' could not be found (are you missing a using directive or an assembly reference?)	TinyWalnutGames.MetVD.Authoring.Tests	E:\Tiny_Walnut_Games\TWG-MetVanDamn\Assets\MetVanDAMN\Authoring\Tests\WorldBootstrapTests.cs	83		
Error (active)	CS0246	The type or namespace name 'int2' could not be found (are you missing a using directive or an assembly reference?)	TinyWalnutGames.MetVD.Authoring.Tests	E:\Tiny_Walnut_Games\TWG-MetVanDamn\Assets\MetVanDAMN\Authoring\Tests\WorldBootstrapTests.cs	86		
Error (active)	CS0246	The type or namespace name 'int2' could not be found (are you missing a using directive or an assembly reference?)	TinyWalnutGames.MetVD.Authoring.Tests	E:\Tiny_Walnut_Games\TWG-MetVanDamn\Assets\MetVanDAMN\Authoring\Tests\WorldBootstrapTests.cs	87		
Error (active)	CS0246	The type or namespace name 'int2' could not be found (are you missing a using directive or an assembly reference?)	TinyWalnutGames.MetVD.Authoring.Tests	E:\Tiny_Walnut_Games\TWG-MetVanDamn\Assets\MetVanDAMN\Authoring\Tests\WorldBootstrapTests.cs	88		
Error (active)	CS0246	The type or namespace name 'DebugSettings' could not be found (are you missing a using directive or an assembly reference?)	TinyWalnutGames.MetVD.Authoring.Tests	E:\Tiny_Walnut_Games\TWG-MetVanDamn\Assets\MetVanDAMN\Authoring\Tests\WorldBootstrapTests.cs	91		
Error (active)	CS7036	There is no argument given that corresponds to the required parameter 'districtSettings' of 'WorldBootstrapConfiguration.WorldBootstrapConfiguration(int, int2, RandomizationMode, BiomeGenerationSettings, DistrictGenerationSettings, SectorGenerationSettings, RoomGenerationSettings, bool, bool)'	TinyWalnutGames.MetVD.Authoring.Tests	E:\Tiny_Walnut_Games\TWG-MetVanDamn\Assets\MetVanDAMN\Authoring\Tests\WorldBootstrapTests.cs	95		
Error (active)	CS8377	The type 'WorldBootstrapConfiguration' must be a non-nullable value type, along with all fields at any level of nesting, in order to use it as parameter 'T' in the generic type or method 'EntityManager.AddComponentData<T>(Entity, T)'	TinyWalnutGames.MetVD.Authoring.Tests	E:\Tiny_Walnut_Games\TWG-MetVanDamn\Assets\MetVanDAMN\Authoring\Tests\WorldBootstrapTests.cs	102		
Error (active)	CS0012	The type 'int2' is defined in an assembly that is not referenced. You must add a reference to assembly 'Unity.Mathematics, Version=0.0.0.0, Culture=neutral, PublicKeyToken=null'.	TinyWalnutGames.MetVD.Authoring.Tests	E:\Tiny_Walnut_Games\TWG-MetVanDamn\Assets\MetVanDAMN\Authoring\Tests\WorldBootstrapTests.cs	102		
Error (active)	CS8377	The type 'WorldBootstrapConfiguration' must be a non-nullable value type, along with all fields at any level of nesting, in order to use it as parameter 'T' in the generic type or method 'EntityManager.GetComponentData<T>(Entity)'	TinyWalnutGames.MetVD.Authoring.Tests	E:\Tiny_Walnut_Games\TWG-MetVanDamn\Assets\MetVanDAMN\Authoring\Tests\WorldBootstrapTests.cs	106		
Error (active)	CS0012	The type 'int2' is defined in an assembly that is not referenced. You must add a reference to assembly 'Unity.Mathematics, Version=0.0.0.0, Culture=neutral, PublicKeyToken=null'.	TinyWalnutGames.MetVD.Authoring.Tests	E:\Tiny_Walnut_Games\TWG-MetVanDamn\Assets\MetVanDAMN\Authoring\Tests\WorldBootstrapTests.cs	106		
Error (active)	CS0246	The type or namespace name 'int2' could not be found (are you missing a using directive or an assembly reference?)	TinyWalnutGames.MetVD.Authoring.Tests	E:\Tiny_Walnut_Games\TWG-MetVanDamn\Assets\MetVanDAMN\Authoring\Tests\WorldBootstrapTests.cs	108		
Error (active)	CS0012	The type 'int2' is defined in an assembly that is not referenced. You must add a reference to assembly 'Unity.Mathematics, Version=0.0.0.0, Culture=neutral, PublicKeyToken=null'.	TinyWalnutGames.MetVD.Authoring.Tests	E:\Tiny_Walnut_Games\TWG-MetVanDamn\Assets\MetVanDAMN\Authoring\Tests\WorldBootstrapTests.cs	108		
Error (active)	CS0103	The name 'RandomizationMode' does not exist in the current context	TinyWalnutGames.MetVD.Authoring.Tests	E:\Tiny_Walnut_Games\TWG-MetVanDamn\Assets\MetVanDAMN\Authoring\Tests\WorldBootstrapTests.cs	109		
Error (active)	CS0012	The type 'RandomizationMode' is defined in an assembly that is not referenced. You must add a reference to assembly 'TinyWalnutGames.MetVD.Shared, Version=0.0.0.0, Culture=neutral, PublicKeyToken=null'.	TinyWalnutGames.MetVD.Authoring.Tests	E:\Tiny_Walnut_Games\TWG-MetVanDamn\Assets\MetVanDAMN\Authoring\Tests\WorldBootstrapTests.cs	109		
Error (active)	CS1061	'WorldBootstrapConfiguration' does not contain a definition for 'BiomeWeight' and no accessible extension method 'BiomeWeight' accepting a first argument of type 'WorldBootstrapConfiguration' could be found (are you missing a using directive or an assembly reference?)	TinyWalnutGames.MetVD.Authoring.Tests	E:\Tiny_Walnut_Games\TWG-MetVanDamn\Assets\MetVanDAMN\Authoring\Tests\WorldBootstrapTests.cs	110		
Error (active)	CS0246	The type or namespace name 'BiomeSettings' could not be found (are you missing a using directive or an assembly reference?)	TinyWalnutGames.MetVD.Authoring.Tests	E:\Tiny_Walnut_Games\TWG-MetVanDamn\Assets\MetVanDAMN\Authoring\Tests\WorldBootstrapTests.cs	143		
Error (active)	CS0246	The type or namespace name 'int2' could not be found (are you missing a using directive or an assembly reference?)	TinyWalnutGames.MetVD.Authoring.Tests	E:\Tiny_Walnut_Games\TWG-MetVanDamn\Assets\MetVanDAMN\Authoring\Tests\WorldBootstrapTests.cs	145		
Error (active)	CS0246	The type or namespace name 'DistrictSettings' could not be found (are you missing a using directive or an assembly reference?)	TinyWalnutGames.MetVD.Authoring.Tests	E:\Tiny_Walnut_Games\TWG-MetVanDamn\Assets\MetVanDAMN\Authoring\Tests\WorldBootstrapTests.cs	148		
Error (active)	CS0246	The type or namespace name 'int2' could not be found (are you missing a using directive or an assembly reference?)	TinyWalnutGames.MetVD.Authoring.Tests	E:\Tiny_Walnut_Games\TWG-MetVanDamn\Assets\MetVanDAMN\Authoring\Tests\WorldBootstrapTests.cs	150		
Error (active)	CS0246	The type or namespace name 'SectorSettings' could not be found (are you missing a using directive or an assembly reference?)	TinyWalnutGames.MetVD.Authoring.Tests	E:\Tiny_Walnut_Games\TWG-MetVanDamn\Assets\MetVanDAMN\Authoring\Tests\WorldBootstrapTests.cs	154		
Error (active)	CS0246	The type or namespace name 'int2' could not be found (are you missing a using directive or an assembly reference?)	TinyWalnutGames.MetVD.Authoring.Tests	E:\Tiny_Walnut_Games\TWG-MetVanDamn\Assets\MetVanDAMN\Authoring\Tests\WorldBootstrapTests.cs	156		
Error (active)	CS0246	The type or namespace name 'int2' could not be found (are you missing a using directive or an assembly reference?)	TinyWalnutGames.MetVD.Authoring.Tests	E:\Tiny_Walnut_Games\TWG-MetVanDamn\Assets\MetVanDAMN\Authoring\Tests\WorldBootstrapTests.cs	157		
Error (active)	CS0246	The type or namespace name 'int2' could not be found (are you missing a using directive or an assembly reference?)	TinyWalnutGames.MetVD.Authoring.Tests	E:\Tiny_Walnut_Games\TWG-MetVanDamn\Assets\MetVanDAMN\Authoring\Tests\WorldBootstrapTests.cs	158		
Error (active)	CS7036	There is no argument given that corresponds to the required parameter 'roomSettings' of 'WorldBootstrapConfiguration.WorldBootstrapConfiguration(int, int2, RandomizationMode, BiomeGenerationSettings, DistrictGenerationSettings, SectorGenerationSettings, RoomGenerationSettings, bool, bool)'	TinyWalnutGames.MetVD.Authoring.Tests	E:\Tiny_Walnut_Games\TWG-MetVanDamn\Assets\MetVanDAMN\Authoring\Tests\WorldBootstrapTests.cs	161		
Error (active)	CS0246	The type or namespace name 'int2' could not be found (are you missing a using directive or an assembly reference?)	TinyWalnutGames.MetVD.Authoring.Tests	E:\Tiny_Walnut_Games\TWG-MetVanDamn\Assets\MetVanDAMN\Authoring\Tests\WorldBootstrapTests.cs	163		
Error (active)	CS0103	The name 'RandomizationMode' does not exist in the current context	TinyWalnutGames.MetVD.Authoring.Tests	E:\Tiny_Walnut_Games\TWG-MetVanDamn\Assets\MetVanDAMN\Authoring\Tests\WorldBootstrapTests.cs	164		
Error (active)	CS8377	The type 'WorldBootstrapConfiguration' must be a non-nullable value type, along with all fields at any level of nesting, in order to use it as parameter 'T' in the generic type or method 'EntityManager.AddComponentData<T>(Entity, T)'	TinyWalnutGames.MetVD.Authoring.Tests	E:\Tiny_Walnut_Games\TWG-MetVanDamn\Assets\MetVanDAMN\Authoring\Tests\WorldBootstrapTests.cs	172		
Error (active)	CS0012	The type 'int2' is defined in an assembly that is not referenced. You must add a reference to assembly 'Unity.Mathematics, Version=0.0.0.0, Culture=neutral, PublicKeyToken=null'.	TinyWalnutGames.MetVD.Authoring.Tests	E:\Tiny_Walnut_Games\TWG-MetVanDamn\Assets\MetVanDAMN\Authoring\Tests\WorldBootstrapTests.cs	172		
Error (active)	CS8377	The type 'WorldBootstrapConfiguration' must be a non-nullable value type, along with all fields at any level of nesting, in order to use it as parameter 'T' in the generic type or method 'EntityManager.GetComponentData<T>(Entity)'	TinyWalnutGames.MetVD.Authoring.Tests	E:\Tiny_Walnut_Games\TWG-MetVanDamn\Assets\MetVanDAMN\Authoring\Tests\WorldBootstrapTests.cs	179		
Error (active)	CS0012	The type 'int2' is defined in an assembly that is not referenced. You must add a reference to assembly 'Unity.Mathematics, Version=0.0.0.0, Culture=neutral, PublicKeyToken=null'.	TinyWalnutGames.MetVD.Authoring.Tests	E:\Tiny_Walnut_Games\TWG-MetVanDamn\Assets\MetVanDAMN\Authoring\Tests\WorldBootstrapTests.cs	179		
Error (active)	CS0246	The type or namespace name 'int2' could not be found (are you missing a using directive or an assembly reference?)	TinyWalnutGames.MetVD.Authoring.Tests	E:\Tiny_Walnut_Games\TWG-MetVanDamn\Assets\MetVanDAMN\Authoring\Tests\WorldBootstrapTests.cs	181		
Error (active)	CS0012	The type 'int2' is defined in an assembly that is not referenced. You must add a reference to assembly 'Unity.Mathematics, Version=0.0.0.0, Culture=neutral, PublicKeyToken=null'.	TinyWalnutGames.MetVD.Authoring.Tests	E:\Tiny_Walnut_Games\TWG-MetVanDamn\Assets\MetVanDAMN\Authoring\Tests\WorldBootstrapTests.cs	181		
Error (active)	CS0246	The type or namespace name 'WorldBootstrapSettings' could not be found (are you missing a using directive or an assembly reference?)	TinyWalnutGames.MetVD.Authoring.Tests	E:\Tiny_Walnut_Games\TWG-MetVanDamn\Assets\MetVanDAMN\Authoring\Tests\WorldBootstrapTests.cs	190		
Error (active)	CS0246	The type or namespace name 'int2' could not be found (are you missing a using directive or an assembly reference?)	TinyWalnutGames.MetVD.Authoring.Tests	E:\Tiny_Walnut_Games\TWG-MetVanDamn\Assets\MetVanDAMN\Authoring\Tests\WorldBootstrapTests.cs	193		
Error (active)	CS0103	The name 'RandomizationMode' does not exist in the current context	TinyWalnutGames.MetVD.Authoring.Tests	E:\Tiny_Walnut_Games\TWG-MetVanDamn\Assets\MetVanDAMN\Authoring\Tests\WorldBootstrapTests.cs	194		
Error (active)	CS0246	The type or namespace name 'int2' could not be found (are you missing a using directive or an assembly reference?)	TinyWalnutGames.MetVD.Authoring.Tests	E:\Tiny_Walnut_Games\TWG-MetVanDamn\Assets\MetVanDAMN\Authoring\Tests\WorldBootstrapTests.cs	195		
Error (active)	CS0246	The type or namespace name 'int2' could not be found (are you missing a using directive or an assembly reference?)	TinyWalnutGames.MetVD.Authoring.Tests	E:\Tiny_Walnut_Games\TWG-MetVanDamn\Assets\MetVanDAMN\Authoring\Tests\WorldBootstrapTests.cs	197		
Error (active)	CS0246	The type or namespace name 'int2' could not be found (are you missing a using directive or an assembly reference?)	TinyWalnutGames.MetVD.Authoring.Tests	E:\Tiny_Walnut_Games\TWG-MetVanDamn\Assets\MetVanDAMN\Authoring\Tests\WorldBootstrapTests.cs	200		
Error (active)	CS0246	The type or namespace name 'int2' could not be found (are you missing a using directive or an assembly reference?)	TinyWalnutGames.MetVD.Authoring.Tests	E:\Tiny_Walnut_Games\TWG-MetVanDamn\Assets\MetVanDAMN\Authoring\Tests\WorldBootstrapTests.cs	201		
Error (active)	CS0246	The type or namespace name 'int2' could not be found (are you missing a using directive or an assembly reference?)	TinyWalnutGames.MetVD.Authoring.Tests	E:\Tiny_Walnut_Games\TWG-MetVanDamn\Assets\MetVanDAMN\Authoring\Tests\WorldBootstrapTests.cs	202		
Error (active)	CS7036	There is no argument given that corresponds to the required parameter 'worldSize' of 'WorldBootstrapConfiguration.WorldBootstrapConfiguration(int, int2, RandomizationMode, BiomeGenerationSettings, DistrictGenerationSettings, SectorGenerationSettings, RoomGenerationSettings, bool, bool)'	TinyWalnutGames.MetVD.Authoring.Tests	E:\Tiny_Walnut_Games\TWG-MetVanDamn\Assets\MetVanDAMN\Authoring\Tests\WorldBootstrapTests.cs	208		
Error (active)	CS0246	The type or namespace name 'WorldConfiguration' could not be found (are you missing a using directive or an assembly reference?)	TinyWalnutGames.MetVD.Authoring.Tests	E:\Tiny_Walnut_Games\TWG-MetVanDamn\Assets\MetVanDAMN\Authoring\Tests\WorldBootstrapTests.cs	209		
Error (active)	CS0246	The type or namespace name 'int2' could not be found (are you missing a using directive or an assembly reference?)	TinyWalnutGames.MetVD.Authoring.Tests	E:\Tiny_Walnut_Games\TWG-MetVanDamn\Assets\MetVanDAMN\Authoring\Tests\WorldBootstrapTests.cs	212		
Error (active)	CS0103	The name 'RandomizationMode' does not exist in the current context	TinyWalnutGames.MetVD.Authoring.Tests	E:\Tiny_Walnut_Games\TWG-MetVanDamn\Assets\MetVanDAMN\Authoring\Tests\WorldBootstrapTests.cs	214		
Error (active)	CS8377	The type 'WorldBootstrapConfiguration' must be a non-nullable value type, along with all fields at any level of nesting, in order to use it as parameter 'T' in the generic type or method 'EntityManager.AddComponentData<T>(Entity, T)'	TinyWalnutGames.MetVD.Authoring.Tests	E:\Tiny_Walnut_Games\TWG-MetVanDamn\Assets\MetVanDAMN\Authoring\Tests\WorldBootstrapTests.cs	217		
Error (active)	CS0012	The type 'int2' is defined in an assembly that is not referenced. You must add a reference to assembly 'Unity.Mathematics, Version=0.0.0.0, Culture=neutral, PublicKeyToken=null'.	TinyWalnutGames.MetVD.Authoring.Tests	E:\Tiny_Walnut_Games\TWG-MetVanDamn\Assets\MetVanDAMN\Authoring\Tests\WorldBootstrapTests.cs	217		
Error (active)	CS0246	The type or namespace name 'WorldConfiguration' could not be found (are you missing a using directive or an assembly reference?)	TinyWalnutGames.MetVD.Authoring.Tests	E:\Tiny_Walnut_Games\TWG-MetVanDamn\Assets\MetVanDAMN\Authoring\Tests\WorldBootstrapTests.cs	221		
Error (active)	CS8377	The type 'WorldBootstrapConfiguration' must be a non-nullable value type, along with all fields at any level of nesting, in order to use it as parameter 'T' in the generic type or method 'EntityManager.GetComponentData<T>(Entity)'	TinyWalnutGames.MetVD.Authoring.Tests	E:\Tiny_Walnut_Games\TWG-MetVanDamn\Assets\MetVanDAMN\Authoring\Tests\WorldBootstrapTests.cs	223		
Error (active)	CS0012	The type 'int2' is defined in an assembly that is not referenced. You must add a reference to assembly 'Unity.Mathematics, Version=0.0.0.0, Culture=neutral, PublicKeyToken=null'.	TinyWalnutGames.MetVD.Authoring.Tests	E:\Tiny_Walnut_Games\TWG-MetVanDamn\Assets\MetVanDAMN\Authoring\Tests\WorldBootstrapTests.cs	223		
Error (active)	CS0246	The type or namespace name 'WorldConfiguration' could not be found (are you missing a using directive or an assembly reference?)	TinyWalnutGames.MetVD.Authoring.Tests	E:\Tiny_Walnut_Games\TWG-MetVanDamn\Assets\MetVanDAMN\Authoring\Tests\WorldBootstrapTests.cs	224		
Error (active)	CS0012	The type 'int2' is defined in an assembly that is not referenced. You must add a reference to assembly 'Unity.Mathematics, Version=0.0.0.0, Culture=neutral, PublicKeyToken=null'.	TinyWalnutGames.MetVD.Authoring.Tests	E:\Tiny_Walnut_Games\TWG-MetVanDamn\Assets\MetVanDAMN\Authoring\Tests\WorldBootstrapTests.cs	227		
Error (active)	CS0012	The type 'RandomizationMode' is defined in an assembly that is not referenced. You must add a reference to assembly 'TinyWalnutGames.MetVD.Shared, Version=0.0.0.0, Culture=neutral, PublicKeyToken=null'.	TinyWalnutGames.MetVD.Authoring.Tests	E:\Tiny_Walnut_Games\TWG-MetVanDamn\Assets\MetVanDAMN\Authoring\Tests\WorldBootstrapTests.cs	228		

------------------------------------------------------------------------------

**Build Logs**

Build started at 4:00 PM...
------ Build started: Project: TinyWalnutGames.MetVD.Utility.Player, Configuration: Debug Any CPU ------
------ Build started: Project: TinyWalnutGames.GridLayerEditor, Configuration: Debug Any CPU ------
------ Build started: Project: TinyWalnutGames.MetVD.Shared.Player, Configuration: Debug Any CPU ------
------ Build started: Project: LivingDevAgent.Editor, Configuration: Debug Any CPU ------
------ Build started: Project: TinyWalnutGames.MetVD.Shared, Configuration: Debug Any CPU ------
------ Build started: Project: TinyWalnutGames.MetVD.Core.Player, Configuration: Debug Any CPU ------
------ Build started: Project: TinyWalnutGames.MetVD.Utility, Configuration: Debug Any CPU ------
------ Build started: Project: TinyWalnutGames.MetVD.Core, Configuration: Debug Any CPU ------
------ Build started: Project: TinyWalnutGames.MetVD.Core.Tests.Player, Configuration: Debug Any CPU ------
------ Build started: Project: TinyWalnutGames.MetVD.Biome.Player, Configuration: Debug Any CPU ------
------ Build started: Project: TinyWalnutGames.MetVD.Core.Tests, Configuration: Debug Any CPU ------
------ Build started: Project: TinyWalnutGames.MetVD.Biome, Configuration: Debug Any CPU ------
------ Build started: Project: TinyWalnutGames.MetVD.Graph.Player, Configuration: Debug Any CPU ------
E:\Tiny_Walnut_Games\TWG-MetVanDamn\Packages\com.tinywalnutgames.metvd.graph\Runtime\SpecializedGenerators.cs(311,48): error CS0315: The type 'TinyWalnutGames.MetVD.Graph.BiomeAffinity' cannot be used as type parameter 'T' in the generic type or method 'ComponentLookup<T>'. There is no boxing conversion from 'TinyWalnutGames.MetVD.Graph.BiomeAffinity' to 'Unity.Entities.IComponentData'.
E:\Tiny_Walnut_Games\TWG-MetVanDamn\Packages\com.tinywalnutgames.metvd.graph\Runtime\SpecializedGenerators.cs(347,58): error CS0315: The type 'TinyWalnutGames.MetVD.Graph.BiomeAffinity' cannot be used as type parameter 'T' in the generic type or method 'ComponentLookup<T>'. There is no boxing conversion from 'TinyWalnutGames.MetVD.Graph.BiomeAffinity' to 'Unity.Entities.IComponentData'.
E:\Tiny_Walnut_Games\TWG-MetVanDamn\Packages\com.tinywalnutgames.metvd.graph\Runtime\WorldBootstrapSystem.cs(265,62): error CS0118: 'Biome' is a namespace but is used like a type
E:\Tiny_Walnut_Games\TWG-MetVanDamn\Packages\com.tinywalnutgames.metvd.graph\Runtime\WorldBootstrapSystem.cs(281,55): error CS0315: The type 'TinyWalnutGames.MetVD.Graph.BiomeInfluence' cannot be used as type parameter 'T' in the generic type or method 'EntityManager.AddBuffer<T>(Entity)'. There is no boxing conversion from 'TinyWalnutGames.MetVD.Graph.BiomeInfluence' to 'Unity.Entities.IBufferElementData'.
E:\Tiny_Walnut_Games\TWG-MetVanDamn\Packages\com.tinywalnutgames.metvd.graph\Runtime\WorldBootstrapSystem.cs(375,17): error CS0117: 'BiomeInfluence' does not contain a definition for 'Biome'
E:\Tiny_Walnut_Games\TWG-MetVanDamn\Packages\com.tinywalnutgames.metvd.graph\Runtime\WorldBootstrapSystem.cs(376,17): error CS0117: 'BiomeInfluence' does not contain a definition for 'Influence'
E:\Tiny_Walnut_Games\TWG-MetVanDamn\Packages\com.tinywalnutgames.metvd.graph\Runtime\WorldBootstrapSystem.cs(377,17): error CS0117: 'BiomeInfluence' does not contain a definition for 'Distance'
E:\Tiny_Walnut_Games\TWG-MetVanDamn\Packages\com.tinywalnutgames.metvd.graph\Runtime\WorldBootstrapSystem.cs(385,21): error CS0117: 'BiomeInfluence' does not contain a definition for 'Biome'
E:\Tiny_Walnut_Games\TWG-MetVanDamn\Packages\com.tinywalnutgames.metvd.graph\Runtime\WorldBootstrapSystem.cs(386,21): error CS0117: 'BiomeInfluence' does not contain a definition for 'Influence'
E:\Tiny_Walnut_Games\TWG-MetVanDamn\Packages\com.tinywalnutgames.metvd.graph\Runtime\WorldBootstrapSystem.cs(387,21): error CS0117: 'BiomeInfluence' does not contain a definition for 'Distance'
E:\Tiny_Walnut_Games\TWG-MetVanDamn\Packages\com.tinywalnutgames.metvd.graph\Runtime\ProceduralRoomGeneratorSystem.cs(35,26): error CS0246: The type or namespace name 'WorldConfiguration' could not be found (are you missing a using directive or an assembly reference?)
E:\Tiny_Walnut_Games\TWG-MetVanDamn\Packages\com.tinywalnutgames.metvd.graph\Runtime\ProceduralRoomGeneratorSystem.cs(47,13): error CS0246: The type or namespace name 'WorldConfiguration' could not be found (are you missing a using directive or an assembly reference?)
E:\Tiny_Walnut_Games\TWG-MetVanDamn\Packages\com.tinywalnutgames.metvd.graph\Runtime\ProceduralRoomGeneratorSystem.cs(50,62): error CS0246: The type or namespace name 'WorldConfiguration' could not be found (are you missing a using directive or an assembly reference?)
E:\Tiny_Walnut_Games\TWG-MetVanDamn\Packages\com.tinywalnutgames.metvd.graph\Runtime\RoomGenerationPipelineSystem.cs(81,25): error CS1061: 'RoomGenerationRequest' does not contain a definition for 'IsComplete' and no accessible extension method 'IsComplete' accepting a first argument of type 'RoomGenerationRequest' could be found (are you missing a using directive or an assembly reference?)
E:\Tiny_Walnut_Games\TWG-MetVanDamn\Packages\com.tinywalnutgames.metvd.graph\Runtime\RoomGenerationPipelineSystem.cs(83,29): error CS1061: 'RoomGenerationRequest' does not contain a definition for 'CurrentStep' and no accessible extension method 'CurrentStep' accepting a first argument of type 'RoomGenerationRequest' could be found (are you missing a using directive or an assembly reference?)
E:\Tiny_Walnut_Games\TWG-MetVanDamn\Packages\com.tinywalnutgames.metvd.graph\Runtime\RoomGenerationPipelineSystem.cs(104,29): error CS1061: 'RoomGenerationRequest' does not contain a definition for 'IsComplete' and no accessible extension method 'IsComplete' accepting a first argument of type 'RoomGenerationRequest' could be found (are you missing a using directive or an assembly reference?)
E:\Tiny_Walnut_Games\TWG-MetVanDamn\Packages\com.tinywalnutgames.metvd.graph\Runtime\RoomGenerationPipelineSystem.cs(108,21): error CS1061: 'RoomGenerationRequest' does not contain a definition for 'CurrentStep' and no accessible extension method 'CurrentStep' accepting a first argument of type 'RoomGenerationRequest' could be found (are you missing a using directive or an assembly reference?)
E:\Tiny_Walnut_Games\TWG-MetVanDamn\Packages\com.tinywalnutgames.metvd.graph\Runtime\RoomGenerationPipelineSystem.cs(109,25): error CS1061: 'RoomGenerationRequest' does not contain a definition for 'CurrentStep' and no accessible extension method 'CurrentStep' accepting a first argument of type 'RoomGenerationRequest' could be found (are you missing a using directive or an assembly reference?)
E:\Tiny_Walnut_Games\TWG-MetVanDamn\Packages\com.tinywalnutgames.metvd.graph\Runtime\RoomGenerationPipelineSystem.cs(111,25): error CS1061: 'RoomGenerationRequest' does not contain a definition for 'IsComplete' and no accessible extension method 'IsComplete' accepting a first argument of type 'RoomGenerationRequest' could be found (are you missing a using directive or an assembly reference?)
E:\Tiny_Walnut_Games\TWG-MetVanDamn\Packages\com.tinywalnutgames.metvd.graph\Runtime\RoomGenerationPipelineSystem.cs(121,43): error CS1503: Argument 1: cannot convert from 'uint' to 'Unity.Entities.Entity'
E:\Tiny_Walnut_Games\TWG-MetVanDamn\Packages\com.tinywalnutgames.metvd.graph\Runtime\RoomGenerationPipelineSystem.cs(123,25): error CS1061: 'RoomGenerationRequest' does not contain a definition for 'TargetBiome' and no accessible extension method 'TargetBiome' accepting a first argument of type 'RoomGenerationRequest' could be found (are you missing a using directive or an assembly reference?)
E:\Tiny_Walnut_Games\TWG-MetVanDamn\Packages\com.tinywalnutgames.metvd.graph\Runtime\RoomGenerationPipelineSystem.cs(124,25): error CS1061: 'RoomGenerationRequest' does not contain a definition for 'TargetPolarity' and no accessible extension method 'TargetPolarity' accepting a first argument of type 'RoomGenerationRequest' could be found (are you missing a using directive or an assembly reference?)
E:\Tiny_Walnut_Games\TWG-MetVanDamn\Packages\com.tinywalnutgames.metvd.graph\Runtime\RoomGenerationPipelineSystem.cs(128,37): error CS1503: Argument 1: cannot convert from 'uint' to 'Unity.Entities.Entity'
E:\Tiny_Walnut_Games\TWG-MetVanDamn\Packages\com.tinywalnutgames.metvd.graph\Runtime\RoomGenerationPipelineSystem.cs(129,21): error CS1061: 'RoomGenerationRequest' does not contain a definition for 'TargetBiome' and no accessible extension method 'TargetBiome' accepting a first argument of type 'RoomGenerationRequest' could be found (are you missing a using directive or an assembly reference?)
E:\Tiny_Walnut_Games\TWG-MetVanDamn\Packages\com.tinywalnutgames.metvd.graph\Runtime\RoomGenerationPipelineSystem.cs(130,21): error CS1061: 'RoomGenerationRequest' does not contain a definition for 'TargetPolarity' and no accessible extension method 'TargetPolarity' accepting a first argument of type 'RoomGenerationRequest' could be found (are you missing a using directive or an assembly reference?)
E:\Tiny_Walnut_Games\TWG-MetVanDamn\Packages\com.tinywalnutgames.metvd.graph\Runtime\RoomGenerationPipelineSystem.cs(136,25): error CS1061: 'RoomGenerationRequest' does not contain a definition for 'TargetBiome' and no accessible extension method 'TargetBiome' accepting a first argument of type 'RoomGenerationRequest' could be found (are you missing a using directive or an assembly reference?)
E:\Tiny_Walnut_Games\TWG-MetVanDamn\Packages\com.tinywalnutgames.metvd.graph\Runtime\RoomGenerationPipelineSystem.cs(141,25): error CS1061: 'RoomGenerationRequest' does not contain a definition for 'TargetBiome' and no accessible extension method 'TargetBiome' accepting a first argument of type 'RoomGenerationRequest' could be found (are you missing a using directive or an assembly reference?)
E:\Tiny_Walnut_Games\TWG-MetVanDamn\Packages\com.tinywalnutgames.metvd.graph\Runtime\RoomGenerationPipelineSystem.cs(154,36): error CS1061: 'RoomGenerationRequest' does not contain a definition for 'TargetBiome' and no accessible extension method 'TargetBiome' accepting a first argument of type 'RoomGenerationRequest' could be found (are you missing a using directive or an assembly reference?)
E:\Tiny_Walnut_Games\TWG-MetVanDamn\Packages\com.tinywalnutgames.metvd.graph\Runtime\RoomGenerationPipelineSystem.cs(156,25): error CS1061: 'RoomGenerationRequest' does not contain a definition for 'LayoutType' and no accessible extension method 'LayoutType' accepting a first argument of type 'RoomGenerationRequest' could be found (are you missing a using directive or an assembly reference?)
E:\Tiny_Walnut_Games\TWG-MetVanDamn\Packages\com.tinywalnutgames.metvd.graph\Runtime\RoomGenerationPipelineSystem.cs(161,25): error CS1061: 'RoomGenerationRequest' does not contain a definition for 'LayoutType' and no accessible extension method 'LayoutType' accepting a first argument of type 'RoomGenerationRequest' could be found (are you missing a using directive or an assembly reference?)
E:\Tiny_Walnut_Games\TWG-MetVanDamn\Packages\com.tinywalnutgames.metvd.graph\Runtime\RoomGenerationPipelineSystem.cs(161,53): error CS0117: 'RoomLayoutType' does not contain a definition for 'Horizontal'
E:\Tiny_Walnut_Games\TWG-MetVanDamn\Packages\com.tinywalnutgames.metvd.graph\Runtime\RoomGenerationPipelineSystem.cs(166,25): error CS1061: 'RoomGenerationRequest' does not contain a definition for 'LayoutType' and no accessible extension method 'LayoutType' accepting a first argument of type 'RoomGenerationRequest' could be found (are you missing a using directive or an assembly reference?)
E:\Tiny_Walnut_Games\TWG-MetVanDamn\Packages\com.tinywalnutgames.metvd.graph\Runtime\RoomGenerationPipelineSystem.cs(171,25): error CS1061: 'RoomGenerationRequest' does not contain a definition for 'LayoutType' and no accessible extension method 'LayoutType' accepting a first argument of type 'RoomGenerationRequest' could be found (are you missing a using directive or an assembly reference?)
E:\Tiny_Walnut_Games\TWG-MetVanDamn\Packages\com.tinywalnutgames.metvd.graph\Runtime\RoomGenerationPipelineSystem.cs(171,53): error CS0117: 'RoomLayoutType' does not contain a definition for 'Mixed'
E:\Tiny_Walnut_Games\TWG-MetVanDamn\Packages\com.tinywalnutgames.metvd.graph\Runtime\RoomGenerationPipelineSystem.cs(197,33): error CS1061: 'RoomGenerationRequest' does not contain a definition for 'LayoutType' and no accessible extension method 'LayoutType' accepting a first argument of type 'RoomGenerationRequest' could be found (are you missing a using directive or an assembly reference?)
E:\Tiny_Walnut_Games\TWG-MetVanDamn\Packages\com.tinywalnutgames.metvd.graph\Runtime\RoomGenerationPipelineSystem.cs(198,67): error CS0117: 'RoomGeneratorType' does not contain a definition for 'StackedSegment'
E:\Tiny_Walnut_Games\TWG-MetVanDamn\Packages\com.tinywalnutgames.metvd.graph\Runtime\RoomGenerationPipelineSystem.cs(199,38): error CS1061: 'RoomGenerationRequest' does not contain a definition for 'LayoutType' and no accessible extension method 'LayoutType' accepting a first argument of type 'RoomGenerationRequest' could be found (are you missing a using directive or an assembly reference?)
E:\Tiny_Walnut_Games\TWG-MetVanDamn\Packages\com.tinywalnutgames.metvd.graph\Runtime\RoomGenerationPipelineSystem.cs(199,67): error CS0117: 'RoomLayoutType' does not contain a definition for 'Horizontal'
E:\Tiny_Walnut_Games\TWG-MetVanDamn\Packages\com.tinywalnutgames.metvd.graph\Runtime\RoomGenerationPipelineSystem.cs(200,67): error CS0117: 'RoomGeneratorType' does not contain a definition for 'LinearBranchingCorridor'
E:\Tiny_Walnut_Games\TWG-MetVanDamn\Packages\com.tinywalnutgames.metvd.graph\Runtime\RoomGenerationPipelineSystem.cs(207,36): error CS1061: 'RoomGenerationRequest' does not contain a definition for 'TargetBiome' and no accessible extension method 'TargetBiome' accepting a first argument of type 'RoomGenerationRequest' could be found (are you missing a using directive or an assembly reference?)
E:\Tiny_Walnut_Games\TWG-MetVanDamn\Packages\com.tinywalnutgames.metvd.graph\Runtime\RoomGenerationPipelineSystem.cs(209,59): error CS0117: 'RoomGeneratorType' does not contain a definition for 'LayeredPlatformCloud'
E:\Tiny_Walnut_Games\TWG-MetVanDamn\Packages\com.tinywalnutgames.metvd.graph\Runtime\RoomGenerationPipelineSystem.cs(211,45): error CS1061: 'RoomGenerationRequest' does not contain a definition for 'TargetBiome' and no accessible extension method 'TargetBiome' accepting a first argument of type 'RoomGenerationRequest' could be found (are you missing a using directive or an assembly reference?)
E:\Tiny_Walnut_Games\TWG-MetVanDamn\Packages\com.tinywalnutgames.metvd.graph\Runtime\RoomGenerationPipelineSystem.cs(213,59): error CS0117: 'RoomGeneratorType' does not contain a definition for 'BiomeWeightedHeightmap'
E:\Tiny_Walnut_Games\TWG-MetVanDamn\Packages\com.tinywalnutgames.metvd.graph\Runtime\RoomGenerationPipelineSystem.cs(221,52): error CS1503: Argument 1: cannot convert from 'uint' to 'Unity.Entities.Entity'
E:\Tiny_Walnut_Games\TWG-MetVanDamn\Packages\com.tinywalnutgames.metvd.graph\Runtime\RoomGenerationPipelineSystem.cs(223,52): error CS1503: Argument 1: cannot convert from 'uint' to 'Unity.Entities.Entity'
E:\Tiny_Walnut_Games\TWG-MetVanDamn\Packages\com.tinywalnutgames.metvd.graph\Runtime\RoomGenerationPipelineSystem.cs(242,40): error CS0117: 'RoomGeneratorType' does not contain a definition for 'StackedSegment'
E:\Tiny_Walnut_Games\TWG-MetVanDamn\Packages\com.tinywalnutgames.metvd.graph\Runtime\RoomGenerationPipelineSystem.cs(245,40): error CS0117: 'RoomGeneratorType' does not contain a definition for 'LinearBranchingCorridor'
E:\Tiny_Walnut_Games\TWG-MetVanDamn\Packages\com.tinywalnutgames.metvd.graph\Runtime\RoomGenerationPipelineSystem.cs(248,40): error CS0117: 'RoomGeneratorType' does not contain a definition for 'LayeredPlatformCloud'
E:\Tiny_Walnut_Games\TWG-MetVanDamn\Packages\com.tinywalnutgames.metvd.graph\Runtime\RoomGenerationPipelineSystem.cs(251,40): error CS0117: 'RoomGeneratorType' does not contain a definition for 'BiomeWeightedHeightmap'
E:\Tiny_Walnut_Games\TWG-MetVanDamn\Packages\com.tinywalnutgames.metvd.graph\Runtime\RoomGenerationPipelineSystem.cs(257,49): error CS1503: Argument 1: cannot convert from 'uint' to 'Unity.Entities.Entity'
E:\Tiny_Walnut_Games\TWG-MetVanDamn\Packages\com.tinywalnutgames.metvd.graph\Runtime\RoomGenerationPipelineSystem.cs(259,55): error CS1503: Argument 1: cannot convert from 'uint' to 'Unity.Entities.Entity'
E:\Tiny_Walnut_Games\TWG-MetVanDamn\Packages\com.tinywalnutgames.metvd.graph\Runtime\RoomGenerationPipelineSystem.cs(269,52): error CS1503: Argument 1: cannot convert from 'uint' to 'Unity.Entities.Entity'
E:\Tiny_Walnut_Games\TWG-MetVanDamn\Packages\com.tinywalnutgames.metvd.graph\Runtime\RoomGenerationPipelineSystem.cs(271,52): error CS1503: Argument 1: cannot convert from 'uint' to 'Unity.Entities.Entity'
E:\Tiny_Walnut_Games\TWG-MetVanDamn\Packages\com.tinywalnutgames.metvd.graph\Runtime\RoomGenerationPipelineSystem.cs(279,40): error CS1061: 'RoomGenerationRequest' does not contain a definition for 'TargetBiome' and no accessible extension method 'TargetBiome' accepting a first argument of type 'RoomGenerationRequest' could be found (are you missing a using directive or an assembly reference?)
E:\Tiny_Walnut_Games\TWG-MetVanDamn\Packages\com.tinywalnutgames.metvd.graph\Runtime\RoomGenerationPipelineSystem.cs(287,29): error CS1061: 'RoomGenerationRequest' does not contain a definition for 'TargetBiome' and no accessible extension method 'TargetBiome' accepting a first argument of type 'RoomGenerationRequest' could be found (are you missing a using directive or an assembly reference?)
E:\Tiny_Walnut_Games\TWG-MetVanDamn\Packages\com.tinywalnutgames.metvd.graph\Runtime\RoomGenerationPipelineSystem.cs(287,76): error CS1061: 'RoomGenerationRequest' does not contain a definition for 'TargetBiome' and no accessible extension method 'TargetBiome' accepting a first argument of type 'RoomGenerationRequest' could be found (are you missing a using directive or an assembly reference?)
E:\Tiny_Walnut_Games\TWG-MetVanDamn\Packages\com.tinywalnutgames.metvd.graph\Runtime\RoomGenerationPipelineSystem.cs(304,52): error CS1503: Argument 1: cannot convert from 'uint' to 'Unity.Entities.Entity'
E:\Tiny_Walnut_Games\TWG-MetVanDamn\Packages\com.tinywalnutgames.metvd.graph\Runtime\RoomGenerationPipelineSystem.cs(306,52): error CS1503: Argument 1: cannot convert from 'uint' to 'Unity.Entities.Entity'
E:\Tiny_Walnut_Games\TWG-MetVanDamn\Packages\com.tinywalnutgames.metvd.graph\Runtime\RoomGenerationPipelineSystem.cs(327,48): error CS1503: Argument 1: cannot convert from 'uint' to 'Unity.Entities.Entity'
E:\Tiny_Walnut_Games\TWG-MetVanDamn\Packages\com.tinywalnutgames.metvd.graph\Runtime\RoomGenerationPipelineSystem.cs(329,53): error CS1503: Argument 1: cannot convert from 'uint' to 'Unity.Entities.Entity'
E:\Tiny_Walnut_Games\TWG-MetVanDamn\Packages\com.tinywalnutgames.metvd.graph\Runtime\RoomGenerationPipelineSystem.cs(330,50): error CS7036: There is no argument given that corresponds to the required parameter 'physics' of 'JumpArcSolver.ValidateRoomReachability(int2, NativeArray<int2>, Ability, JumpArcPhysics, RectInt, Allocator)'
E:\Tiny_Walnut_Games\TWG-MetVanDamn\Packages\com.tinywalnutgames.metvd.graph\Runtime\RoomGenerationPipelineSystem.cs(368,70): error CS1061: 'RoomGenerationRequest' does not contain a definition for 'AvailableSkills' and no accessible extension method 'AvailableSkills' accepting a first argument of type 'RoomGenerationRequest' could be found (are you missing a using directive or an assembly reference?)
E:\Tiny_Walnut_Games\TWG-MetVanDamn\Packages\com.tinywalnutgames.metvd.graph\Runtime\RoomGenerationPipelineSystem.cs(373,48): error CS1061: 'RoomGenerationRequest' does not contain a definition for 'GenerationSeed' and no accessible extension method 'GenerationSeed' accepting a first argument of type 'RoomGenerationRequest' could be found (are you missing a using directive or an assembly reference?)
E:\Tiny_Walnut_Games\TWG-MetVanDamn\Packages\com.tinywalnutgames.metvd.graph\Runtime\RoomGenerationPipelineSystem.cs(394,48): error CS1061: 'RoomGenerationRequest' does not contain a definition for 'GenerationSeed' and no accessible extension method 'GenerationSeed' accepting a first argument of type 'RoomGenerationRequest' could be found (are you missing a using directive or an assembly reference?)
E:\Tiny_Walnut_Games\TWG-MetVanDamn\Packages\com.tinywalnutgames.metvd.graph\Runtime\RoomGenerationPipelineSystem.cs(417,48): error CS1061: 'RoomGenerationRequest' does not contain a definition for 'GenerationSeed' and no accessible extension method 'GenerationSeed' accepting a first argument of type 'RoomGenerationRequest' could be found (are you missing a using directive or an assembly reference?)
E:\Tiny_Walnut_Games\TWG-MetVanDamn\Packages\com.tinywalnutgames.metvd.graph\Runtime\RoomGenerationPipelineSystem.cs(443,52): error CS1061: 'RoomGenerationRequest' does not contain a definition for 'GenerationSeed' and no accessible extension method 'GenerationSeed' accepting a first argument of type 'RoomGenerationRequest' could be found (are you missing a using directive or an assembly reference?)
E:\Tiny_Walnut_Games\TWG-MetVanDamn\Packages\com.tinywalnutgames.metvd.graph\Runtime\RoomGenerationPipelineSystem.cs(467,52): error CS1061: 'RoomGenerationRequest' does not contain a definition for 'GenerationSeed' and no accessible extension method 'GenerationSeed' accepting a first argument of type 'RoomGenerationRequest' could be found (are you missing a using directive or an assembly reference?)
E:\Tiny_Walnut_Games\TWG-MetVanDamn\Packages\com.tinywalnutgames.metvd.graph\Runtime\RoomGenerationPipelineSystem.cs(478,52): error CS1061: 'RoomGenerationRequest' does not contain a definition for 'GenerationSeed' and no accessible extension method 'GenerationSeed' accepting a first argument of type 'RoomGenerationRequest' could be found (are you missing a using directive or an assembly reference?)
E:\Tiny_Walnut_Games\TWG-MetVanDamn\Packages\com.tinywalnutgames.metvd.graph\Runtime\RoomGenerationPipelineSystem.cs(505,52): error CS1061: 'RoomGenerationRequest' does not contain a definition for 'GenerationSeed' and no accessible extension method 'GenerationSeed' accepting a first argument of type 'RoomGenerationRequest' could be found (are you missing a using directive or an assembly reference?)
E:\Tiny_Walnut_Games\TWG-MetVanDamn\Packages\com.tinywalnutgames.metvd.graph\Runtime\RoomGenerationPipelineSystem.cs(517,57): error CS1061: 'RoomGenerationRequest' does not contain a definition for 'GenerationSeed' and no accessible extension method 'GenerationSeed' accepting a first argument of type 'RoomGenerationRequest' could be found (are you missing a using directive or an assembly reference?)
E:\Tiny_Walnut_Games\TWG-MetVanDamn\Packages\com.tinywalnutgames.metvd.graph\Runtime\RoomGenerationPipelineSystem.cs(524,48): error CS1061: 'RoomGenerationRequest' does not contain a definition for 'GenerationSeed' and no accessible extension method 'GenerationSeed' accepting a first argument of type 'RoomGenerationRequest' could be found (are you missing a using directive or an assembly reference?)
E:\Tiny_Walnut_Games\TWG-MetVanDamn\Packages\com.tinywalnutgames.metvd.graph\Runtime\RoomGenerationPipelineSystem.cs(531,75): error CS1061: 'SecretAreaConfig' does not contain a definition for 'SecretAreaPercentage' and no accessible extension method 'SecretAreaPercentage' accepting a first argument of type 'SecretAreaConfig' could be found (are you missing a using directive or an assembly reference?)
E:\Tiny_Walnut_Games\TWG-MetVanDamn\Packages\com.tinywalnutgames.metvd.graph\Runtime\RoomGenerationPipelineSystem.cs(531,106): error CS1061: 'SecretAreaConfig' does not contain a definition for 'MinSecretSize' and no accessible extension method 'MinSecretSize' accepting a first argument of type 'SecretAreaConfig' could be found (are you missing a using directive or an assembly reference?)
E:\Tiny_Walnut_Games\TWG-MetVanDamn\Packages\com.tinywalnutgames.metvd.graph\Runtime\RoomGenerationPipelineSystem.cs(531,131): error CS1061: 'SecretAreaConfig' does not contain a definition for 'MinSecretSize' and no accessible extension method 'MinSecretSize' accepting a first argument of type 'SecretAreaConfig' could be found (are you missing a using directive or an assembly reference?)
E:\Tiny_Walnut_Games\TWG-MetVanDamn\Packages\com.tinywalnutgames.metvd.graph\Runtime\RoomGenerationPipelineSystem.cs(536,79): error CS1061: 'SecretAreaConfig' does not contain a definition for 'MinSecretSize' and no accessible extension method 'MinSecretSize' accepting a first argument of type 'SecretAreaConfig' could be found (are you missing a using directive or an assembly reference?)
E:\Tiny_Walnut_Games\TWG-MetVanDamn\Packages\com.tinywalnutgames.metvd.graph\Runtime\RoomGenerationPipelineSystem.cs(537,80): error CS1061: 'SecretAreaConfig' does not contain a definition for 'MinSecretSize' and no accessible extension method 'MinSecretSize' accepting a first argument of type 'SecretAreaConfig' could be found (are you missing a using directive or an assembly reference?)
E:\Tiny_Walnut_Games\TWG-MetVanDamn\Packages\com.tinywalnutgames.metvd.graph\Runtime\RoomGenerationPipelineSystem.cs(544,48): error CS1061: 'RoomGenerationRequest' does not contain a definition for 'GenerationSeed' and no accessible extension method 'GenerationSeed' accepting a first argument of type 'RoomGenerationRequest' could be found (are you missing a using directive or an assembly reference?)
E:\Tiny_Walnut_Games\TWG-MetVanDamn\Packages\com.tinywalnutgames.metvd.graph\Runtime\RoomNavigationGeneratorSystem.cs(141,53): error CS1503: Argument 1: cannot convert from 'TinyWalnutGames.MetVD.Graph.RoomTemplate' to 'Unity.Entities.Entity'
E:\Tiny_Walnut_Games\TWG-MetVanDamn\Packages\com.tinywalnutgames.metvd.graph\Runtime\RoomNavigationGeneratorSystem.cs(152,33): error CS1061: 'TilemapConfig' does not contain a definition for 'HasWalls' and no accessible extension method 'HasWalls' accepting a first argument of type 'TilemapConfig' could be found (are you missing a using directive or an assembly reference?)
E:\Tiny_Walnut_Games\TWG-MetVanDamn\Packages\com.tinywalnutgames.metvd.graph\Runtime\RoomNavigationGeneratorSystem.cs(156,58): error CS1061: 'TilemapConfig' does not contain a definition for 'PlatformProbability' and no accessible extension method 'PlatformProbability' accepting a first argument of type 'TilemapConfig' could be found (are you missing a using directive or an assembly reference?)
E:\Tiny_Walnut_Games\TWG-MetVanDamn\Packages\com.tinywalnutgames.metvd.graph\Runtime\RoomNavigationGeneratorSystem.cs(158,58): error CS1061: 'TilemapConfig' does not contain a definition for 'ClimbableProbability' and no accessible extension method 'ClimbableProbability' accepting a first argument of type 'TilemapConfig' could be found (are you missing a using directive or an assembly reference?)
E:\Tiny_Walnut_Games\TWG-MetVanDamn\Packages\com.tinywalnutgames.metvd.graph\Runtime\TerrainAndSkyGenerators.cs(58,60): error CS0117: 'RoomGeneratorType' does not contain a definition for 'StackedSegment'
E:\Tiny_Walnut_Games\TWG-MetVanDamn\Packages\com.tinywalnutgames.metvd.graph\Runtime\TerrainAndSkyGenerators.cs(58,86): error CS1061: 'RoomGenerationRequest' does not contain a definition for 'IsComplete' and no accessible extension method 'IsComplete' accepting a first argument of type 'RoomGenerationRequest' could be found (are you missing a using directive or an assembly reference?)
E:\Tiny_Walnut_Games\TWG-MetVanDamn\Packages\com.tinywalnutgames.metvd.graph\Runtime\TerrainAndSkyGenerators.cs(60,48): error CS1503: Argument 1: cannot convert from 'uint' to 'Unity.Entities.Entity'
E:\Tiny_Walnut_Games\TWG-MetVanDamn\Packages\com.tinywalnutgames.metvd.graph\Runtime\TerrainAndSkyGenerators.cs(62,48): error CS1503: Argument 1: cannot convert from 'uint' to 'Unity.Entities.Entity'
E:\Tiny_Walnut_Games\TWG-MetVanDamn\Packages\com.tinywalnutgames.metvd.graph\Runtime\TerrainAndSkyGenerators.cs(72,48): error CS1503: Argument 1: cannot convert from 'uint' to 'Unity.Entities.Entity'
E:\Tiny_Walnut_Games\TWG-MetVanDamn\Packages\com.tinywalnutgames.metvd.graph\Runtime\TerrainAndSkyGenerators.cs(74,48): error CS1503: Argument 1: cannot convert from 'uint' to 'Unity.Entities.Entity'
E:\Tiny_Walnut_Games\TWG-MetVanDamn\Packages\com.tinywalnutgames.metvd.graph\Runtime\TerrainAndSkyGenerators.cs(81,113): error CS1061: 'RoomGenerationRequest' does not contain a definition for 'GenerationSeed' and no accessible extension method 'GenerationSeed' accepting a first argument of type 'RoomGenerationRequest' could be found (are you missing a using directive or an assembly reference?)
E:\Tiny_Walnut_Games\TWG-MetVanDamn\Packages\com.tinywalnutgames.metvd.graph\Runtime\TerrainAndSkyGenerators.cs(254,60): error CS0117: 'RoomGeneratorType' does not contain a definition for 'LinearBranchingCorridor'
E:\Tiny_Walnut_Games\TWG-MetVanDamn\Packages\com.tinywalnutgames.metvd.graph\Runtime\TerrainAndSkyGenerators.cs(254,95): error CS1061: 'RoomGenerationRequest' does not contain a definition for 'IsComplete' and no accessible extension method 'IsComplete' accepting a first argument of type 'RoomGenerationRequest' could be found (are you missing a using directive or an assembly reference?)
E:\Tiny_Walnut_Games\TWG-MetVanDamn\Packages\com.tinywalnutgames.metvd.graph\Runtime\TerrainAndSkyGenerators.cs(256,48): error CS1503: Argument 1: cannot convert from 'uint' to 'Unity.Entities.Entity'
E:\Tiny_Walnut_Games\TWG-MetVanDamn\Packages\com.tinywalnutgames.metvd.graph\Runtime\TerrainAndSkyGenerators.cs(258,48): error CS1503: Argument 1: cannot convert from 'uint' to 'Unity.Entities.Entity'
E:\Tiny_Walnut_Games\TWG-MetVanDamn\Packages\com.tinywalnutgames.metvd.graph\Runtime\TerrainAndSkyGenerators.cs(271,90): error CS1061: 'RoomGenerationRequest' does not contain a definition for 'GenerationSeed' and no accessible extension method 'GenerationSeed' accepting a first argument of type 'RoomGenerationRequest' could be found (are you missing a using directive or an assembly reference?)
E:\Tiny_Walnut_Games\TWG-MetVanDamn\Packages\com.tinywalnutgames.metvd.graph\Runtime\TerrainAndSkyGenerators.cs(275,49): error CS1503: Argument 1: cannot convert from 'uint' to 'Unity.Entities.Entity'
E:\Tiny_Walnut_Games\TWG-MetVanDamn\Packages\com.tinywalnutgames.metvd.graph\Runtime\TerrainAndSkyGenerators.cs(277,55): error CS1503: Argument 1: cannot convert from 'uint' to 'Unity.Entities.Entity'
E:\Tiny_Walnut_Games\TWG-MetVanDamn\Packages\com.tinywalnutgames.metvd.graph\Runtime\TerrainAndSkyGenerators.cs(278,80): error CS1061: 'RoomGenerationRequest' does not contain a definition for 'GenerationSeed' and no accessible extension method 'GenerationSeed' accepting a first argument of type 'RoomGenerationRequest' could be found (are you missing a using directive or an assembly reference?)
E:\Tiny_Walnut_Games\TWG-MetVanDamn\Packages\com.tinywalnutgames.metvd.graph\Runtime\TerrainAndSkyGenerators.cs(499,60): error CS0117: 'RoomGeneratorType' does not contain a definition for 'BiomeWeightedHeightmap'
E:\Tiny_Walnut_Games\TWG-MetVanDamn\Packages\com.tinywalnutgames.metvd.graph\Runtime\TerrainAndSkyGenerators.cs(499,94): error CS1061: 'RoomGenerationRequest' does not contain a definition for 'IsComplete' and no accessible extension method 'IsComplete' accepting a first argument of type 'RoomGenerationRequest' could be found (are you missing a using directive or an assembly reference?)
E:\Tiny_Walnut_Games\TWG-MetVanDamn\Packages\com.tinywalnutgames.metvd.graph\Runtime\TerrainAndSkyGenerators.cs(501,48): error CS1503: Argument 1: cannot convert from 'uint' to 'Unity.Entities.Entity'
E:\Tiny_Walnut_Games\TWG-MetVanDamn\Packages\com.tinywalnutgames.metvd.graph\Runtime\TerrainAndSkyGenerators.cs(503,48): error CS1503: Argument 1: cannot convert from 'uint' to 'Unity.Entities.Entity'
E:\Tiny_Walnut_Games\TWG-MetVanDamn\Packages\com.tinywalnutgames.metvd.graph\Runtime\TerrainAndSkyGenerators.cs(508,50): error CS1503: Argument 1: cannot convert from 'uint' to 'Unity.Entities.Entity'
E:\Tiny_Walnut_Games\TWG-MetVanDamn\Packages\com.tinywalnutgames.metvd.graph\Runtime\TerrainAndSkyGenerators.cs(508,78): error CS1503: Argument 1: cannot convert from 'uint' to 'Unity.Entities.Entity'
E:\Tiny_Walnut_Games\TWG-MetVanDamn\Packages\com.tinywalnutgames.metvd.graph\Runtime\TerrainAndSkyGenerators.cs(512,69): error CS1061: 'RoomGenerationRequest' does not contain a definition for 'GenerationSeed' and no accessible extension method 'GenerationSeed' accepting a first argument of type 'RoomGenerationRequest' could be found (are you missing a using directive or an assembly reference?)
E:\Tiny_Walnut_Games\TWG-MetVanDamn\Packages\com.tinywalnutgames.metvd.graph\Runtime\TerrainAndSkyGenerators.cs(654,60): error CS0117: 'RoomGeneratorType' does not contain a definition for 'LayeredPlatformCloud'
E:\Tiny_Walnut_Games\TWG-MetVanDamn\Packages\com.tinywalnutgames.metvd.graph\Runtime\TerrainAndSkyGenerators.cs(654,92): error CS1061: 'RoomGenerationRequest' does not contain a definition for 'IsComplete' and no accessible extension method 'IsComplete' accepting a first argument of type 'RoomGenerationRequest' could be found (are you missing a using directive or an assembly reference?)
E:\Tiny_Walnut_Games\TWG-MetVanDamn\Packages\com.tinywalnutgames.metvd.graph\Runtime\TerrainAndSkyGenerators.cs(656,48): error CS1503: Argument 1: cannot convert from 'uint' to 'Unity.Entities.Entity'
E:\Tiny_Walnut_Games\TWG-MetVanDamn\Packages\com.tinywalnutgames.metvd.graph\Runtime\TerrainAndSkyGenerators.cs(658,48): error CS1503: Argument 1: cannot convert from 'uint' to 'Unity.Entities.Entity'
E:\Tiny_Walnut_Games\TWG-MetVanDamn\Packages\com.tinywalnutgames.metvd.graph\Runtime\TerrainAndSkyGenerators.cs(663,50): error CS1503: Argument 1: cannot convert from 'uint' to 'Unity.Entities.Entity'
E:\Tiny_Walnut_Games\TWG-MetVanDamn\Packages\com.tinywalnutgames.metvd.graph\Runtime\TerrainAndSkyGenerators.cs(663,78): error CS1503: Argument 1: cannot convert from 'uint' to 'Unity.Entities.Entity'
E:\Tiny_Walnut_Games\TWG-MetVanDamn\Packages\com.tinywalnutgames.metvd.graph\Runtime\TerrainAndSkyGenerators.cs(672,84): error CS1061: 'RoomGenerationRequest' does not contain a definition for 'GenerationSeed' and no accessible extension method 'GenerationSeed' accepting a first argument of type 'RoomGenerationRequest' could be found (are you missing a using directive or an assembly reference?)
E:\Tiny_Walnut_Games\TWG-MetVanDamn\Packages\com.tinywalnutgames.metvd.graph\Runtime\TerrainAndSkyGenerators.cs(676,70): error CS1061: 'RoomGenerationRequest' does not contain a definition for 'GenerationSeed' and no accessible extension method 'GenerationSeed' accepting a first argument of type 'RoomGenerationRequest' could be found (are you missing a using directive or an assembly reference?)
E:\Tiny_Walnut_Games\TWG-MetVanDamn\Packages\com.tinywalnutgames.metvd.graph\Runtime\SpecializedGenerators.cs(68,92): error CS1061: 'RoomGenerationRequest' does not contain a definition for 'IsComplete' and no accessible extension method 'IsComplete' accepting a first argument of type 'RoomGenerationRequest' could be found (are you missing a using directive or an assembly reference?)
E:\Tiny_Walnut_Games\TWG-MetVanDamn\Packages\com.tinywalnutgames.metvd.graph\Runtime\SpecializedGenerators.cs(70,48): error CS1503: Argument 1: cannot convert from 'uint' to 'Unity.Entities.Entity'
E:\Tiny_Walnut_Games\TWG-MetVanDamn\Packages\com.tinywalnutgames.metvd.graph\Runtime\SpecializedGenerators.cs(72,48): error CS1503: Argument 1: cannot convert from 'uint' to 'Unity.Entities.Entity'
E:\Tiny_Walnut_Games\TWG-MetVanDamn\Packages\com.tinywalnutgames.metvd.graph\Runtime\SpecializedGenerators.cs(79,26): error CS1061: 'RoomGenerationRequest' does not contain a definition for 'AvailableSkills' and no accessible extension method 'AvailableSkills' accepting a first argument of type 'RoomGenerationRequest' could be found (are you missing a using directive or an assembly reference?)
E:\Tiny_Walnut_Games\TWG-MetVanDamn\Packages\com.tinywalnutgames.metvd.graph\Runtime\SpecializedGenerators.cs(81,60): error CS1061: 'RoomGenerationRequest' does not contain a definition for 'GenerationSeed' and no accessible extension method 'GenerationSeed' accepting a first argument of type 'RoomGenerationRequest' could be found (are you missing a using directive or an assembly reference?)
E:\Tiny_Walnut_Games\TWG-MetVanDamn\Packages\com.tinywalnutgames.metvd.graph\Runtime\SpecializedGenerators.cs(84,26): error CS1061: 'RoomGenerationRequest' does not contain a definition for 'AvailableSkills' and no accessible extension method 'AvailableSkills' accepting a first argument of type 'RoomGenerationRequest' could be found (are you missing a using directive or an assembly reference?)
E:\Tiny_Walnut_Games\TWG-MetVanDamn\Packages\com.tinywalnutgames.metvd.graph\Runtime\SpecializedGenerators.cs(86,67): error CS1061: 'RoomGenerationRequest' does not contain a definition for 'GenerationSeed' and no accessible extension method 'GenerationSeed' accepting a first argument of type 'RoomGenerationRequest' could be found (are you missing a using directive or an assembly reference?)
E:\Tiny_Walnut_Games\TWG-MetVanDamn\Packages\com.tinywalnutgames.metvd.graph\Runtime\SpecializedGenerators.cs(89,26): error CS1061: 'RoomGenerationRequest' does not contain a definition for 'AvailableSkills' and no accessible extension method 'AvailableSkills' accepting a first argument of type 'RoomGenerationRequest' could be found (are you missing a using directive or an assembly reference?)
E:\Tiny_Walnut_Games\TWG-MetVanDamn\Packages\com.tinywalnutgames.metvd.graph\Runtime\SpecializedGenerators.cs(91,65): error CS1061: 'RoomGenerationRequest' does not contain a definition for 'GenerationSeed' and no accessible extension method 'GenerationSeed' accepting a first argument of type 'RoomGenerationRequest' could be found (are you missing a using directive or an assembly reference?)
E:\Tiny_Walnut_Games\TWG-MetVanDamn\Packages\com.tinywalnutgames.metvd.graph\Runtime\SpecializedGenerators.cs(95,58): error CS1061: 'RoomGenerationRequest' does not contain a definition for 'AvailableSkills' and no accessible extension method 'AvailableSkills' accepting a first argument of type 'RoomGenerationRequest' could be found (are you missing a using directive or an assembly reference?)
E:\Tiny_Walnut_Games\TWG-MetVanDamn\Packages\com.tinywalnutgames.metvd.graph\Runtime\SpecializedGenerators.cs(95,83): error CS1061: 'RoomGenerationRequest' does not contain a definition for 'GenerationSeed' and no accessible extension method 'GenerationSeed' accepting a first argument of type 'RoomGenerationRequest' could be found (are you missing a using directive or an assembly reference?)
E:\Tiny_Walnut_Games\TWG-MetVanDamn\Packages\com.tinywalnutgames.metvd.graph\Runtime\SpecializedGenerators.cs(114,34): error CS1729: 'RoomPatternElement' does not contain a constructor that takes 4 arguments
E:\Tiny_Walnut_Games\TWG-MetVanDamn\Packages\com.tinywalnutgames.metvd.graph\Runtime\SpecializedGenerators.cs(115,34): error CS1729: 'RoomPatternElement' does not contain a constructor that takes 4 arguments
E:\Tiny_Walnut_Games\TWG-MetVanDamn\Packages\com.tinywalnutgames.metvd.graph\Runtime\SpecializedGenerators.cs(133,38): error CS1729: 'RoomPatternElement' does not contain a constructor that takes 4 arguments
E:\Tiny_Walnut_Games\TWG-MetVanDamn\Packages\com.tinywalnutgames.metvd.graph\Runtime\SpecializedGenerators.cs(151,34): error CS1729: 'RoomPatternElement' does not contain a constructor that takes 4 arguments
E:\Tiny_Walnut_Games\TWG-MetVanDamn\Packages\com.tinywalnutgames.metvd.graph\Runtime\SpecializedGenerators.cs(156,38): error CS1729: 'RoomPatternElement' does not contain a constructor that takes 3 arguments
E:\Tiny_Walnut_Games\TWG-MetVanDamn\Packages\com.tinywalnutgames.metvd.graph\Runtime\SpecializedGenerators.cs(172,34): error CS1729: 'RoomPatternElement' does not contain a constructor that takes 4 arguments
E:\Tiny_Walnut_Games\TWG-MetVanDamn\Packages\com.tinywalnutgames.metvd.graph\Runtime\SpecializedGenerators.cs(173,34): error CS1729: 'RoomPatternElement' does not contain a constructor that takes 4 arguments
E:\Tiny_Walnut_Games\TWG-MetVanDamn\Packages\com.tinywalnutgames.metvd.graph\Runtime\SpecializedGenerators.cs(174,34): error CS1729: 'RoomPatternElement' does not contain a constructor that takes 4 arguments
E:\Tiny_Walnut_Games\TWG-MetVanDamn\Packages\com.tinywalnutgames.metvd.graph\Runtime\SpecializedGenerators.cs(228,91): error CS1061: 'RoomGenerationRequest' does not contain a definition for 'IsComplete' and no accessible extension method 'IsComplete' accepting a first argument of type 'RoomGenerationRequest' could be found (are you missing a using directive or an assembly reference?)
E:\Tiny_Walnut_Games\TWG-MetVanDamn\Packages\com.tinywalnutgames.metvd.graph\Runtime\SpecializedGenerators.cs(230,49): error CS1503: Argument 1: cannot convert from 'uint' to 'Unity.Entities.Entity'
E:\Tiny_Walnut_Games\TWG-MetVanDamn\Packages\com.tinywalnutgames.metvd.graph\Runtime\SpecializedGenerators.cs(232,49): error CS1503: Argument 1: cannot convert from 'uint' to 'Unity.Entities.Entity'
E:\Tiny_Walnut_Games\TWG-MetVanDamn\Packages\com.tinywalnutgames.metvd.graph\Runtime\SpecializedGenerators.cs(236,44): error CS1501: No overload for method 'CalculateMinimumPlatformSpacing' takes 2 arguments
E:\Tiny_Walnut_Games\TWG-MetVanDamn\Packages\com.tinywalnutgames.metvd.graph\Runtime\SpecializedGenerators.cs(245,54): error CS1061: 'float' does not contain a definition for 'x' and no accessible extension method 'x' accepting a first argument of type 'float' could be found (are you missing a using directive or an assembly reference?)
E:\Tiny_Walnut_Games\TWG-MetVanDamn\Packages\com.tinywalnutgames.metvd.graph\Runtime\SpecializedGenerators.cs(248,90): error CS1061: 'float' does not contain a definition for 'y' and no accessible extension method 'y' accepting a first argument of type 'float' could be found (are you missing a using directive or an assembly reference?)
E:\Tiny_Walnut_Games\TWG-MetVanDamn\Packages\com.tinywalnutgames.metvd.graph\Runtime\SpecializedGenerators.cs(255,51): error CS1503: Argument 1: cannot convert from 'Unity.Mathematics.float2' to 'Unity.Mathematics.int2'
E:\Tiny_Walnut_Games\TWG-MetVanDamn\Packages\com.tinywalnutgames.metvd.graph\Runtime\SpecializedGenerators.cs(255,65): error CS1503: Argument 2: cannot convert from 'Unity.Mathematics.float2' to 'Unity.Mathematics.int2'
E:\Tiny_Walnut_Games\TWG-MetVanDamn\Packages\com.tinywalnutgames.metvd.graph\Runtime\SpecializedGenerators.cs(255,78): error CS1503: Argument 3: cannot convert from 'TinyWalnutGames.MetVD.Graph.JumpPhysicsData' to 'TinyWalnutGames.MetVD.Graph.JumpArcPhysics'
E:\Tiny_Walnut_Games\TWG-MetVanDamn\Packages\com.tinywalnutgames.metvd.graph\Runtime\SpecializedGenerators.cs(261,40): error CS1061: 'float' does not contain a definition for 'x' and no accessible extension method 'x' accepting a first argument of type 'float' could be found (are you missing a using directive or an assembly reference?)
E:\Tiny_Walnut_Games\TWG-MetVanDamn\Packages\com.tinywalnutgames.metvd.graph\Runtime\SpecializedGenerators.cs(268,48): error CS1503: Argument 1: cannot convert from 'uint' to 'Unity.Entities.Entity'
E:\Tiny_Walnut_Games\TWG-MetVanDamn\Packages\com.tinywalnutgames.metvd.graph\Runtime\SpecializedGenerators.cs(270,56): error CS1503: Argument 1: cannot convert from 'uint' to 'Unity.Entities.Entity'
E:\Tiny_Walnut_Games\TWG-MetVanDamn\Packages\com.tinywalnutgames.metvd.graph\Runtime\SpecializedGenerators.cs(278,39): error CS1501: No overload for method 'CalculateJumpArc' takes 5 arguments
E:\Tiny_Walnut_Games\TWG-MetVanDamn\Packages\com.tinywalnutgames.metvd.graph\Runtime\SpecializedGenerators.cs(280,45): error CS1729: 'JumpConnectionElement' does not contain a constructor that takes 4 arguments
E:\Tiny_Walnut_Games\TWG-MetVanDamn\Packages\com.tinywalnutgames.metvd.graph\Runtime\SpecializedGenerators.cs(286,47): error CS1503: Argument 1: cannot convert from 'uint' to 'Unity.Entities.Entity'
E:\Tiny_Walnut_Games\TWG-MetVanDamn\Packages\com.tinywalnutgames.metvd.graph\Runtime\SpecializedGenerators.cs(288,38): error CS1729: 'JumpArcValidation' does not contain a constructor that takes 3 arguments
E:\Tiny_Walnut_Games\TWG-MetVanDamn\Packages\com.tinywalnutgames.metvd.graph\Runtime\SpecializedGenerators.cs(293,34): error CS1503: Argument 1: cannot convert from 'uint' to 'Unity.Entities.Entity'
E:\Tiny_Walnut_Games\TWG-MetVanDamn\Packages\com.tinywalnutgames.metvd.graph\Runtime\SpecializedGenerators.cs(318,42): error CS0315: The type 'TinyWalnutGames.MetVD.Graph.BiomeAffinity' cannot be used as type parameter 'T' in the generic type or method 'SystemState.GetComponentLookup<T>(bool)'. There is no boxing conversion from 'TinyWalnutGames.MetVD.Graph.BiomeAffinity' to 'Unity.Entities.IComponentData'.
E:\Tiny_Walnut_Games\TWG-MetVanDamn\Packages\com.tinywalnutgames.metvd.graph\Runtime\SpecializedGenerators.cs(339,44): error CS8377: The type 'WeightedTilePrefabJob' must be a non-nullable value type, along with all fields at any level of nesting, in order to use it as parameter 'T' in the generic type or method 'IJobEntityExtensions.ScheduleParallel<T>(T, JobHandle)'
E:\Tiny_Walnut_Games\TWG-MetVanDamn\Packages\com.tinywalnutgames.metvd.graph\Runtime\SpecializedGenerators.cs(339,44): error CS7069: Reference to type 'AtomicSafetyHandle' claims it is defined in 'UnityEngine.CoreModule', but it could not be found
E:\Tiny_Walnut_Games\TWG-MetVanDamn\Packages\com.tinywalnutgames.metvd.graph\Runtime\SpecializedGenerators.cs(354,90): error CS1061: 'RoomGenerationRequest' does not contain a definition for 'IsComplete' and no accessible extension method 'IsComplete' accepting a first argument of type 'RoomGenerationRequest' could be found (are you missing a using directive or an assembly reference?)
E:\Tiny_Walnut_Games\TWG-MetVanDamn\Packages\com.tinywalnutgames.metvd.graph\Runtime\SpecializedGenerators.cs(364,77): error CS1061: 'RoomGenerationRequest' does not contain a definition for 'TargetBiome' and no accessible extension method 'TargetBiome' accepting a first argument of type 'RoomGenerationRequest' could be found (are you missing a using directive or an assembly reference?)
E:\Tiny_Walnut_Games\TWG-MetVanDamn\Packages\com.tinywalnutgames.metvd.graph\Runtime\SpecializedGenerators.cs(374,53): error CS1061: 'RoomGenerationRequest' does not contain a definition for 'GenerationSeed' and no accessible extension method 'GenerationSeed' accepting a first argument of type 'RoomGenerationRequest' could be found (are you missing a using directive or an assembly reference?)
E:\Tiny_Walnut_Games\TWG-MetVanDamn\Packages\com.tinywalnutgames.metvd.graph\Runtime\SpecializedGenerators.cs(378,49): error CS1503: Argument 1: cannot convert from 'uint' to 'Unity.Entities.Entity'
E:\Tiny_Walnut_Games\TWG-MetVanDamn\Packages\com.tinywalnutgames.metvd.graph\Runtime\SpecializedGenerators.cs(380,55): error CS1503: Argument 1: cannot convert from 'uint' to 'Unity.Entities.Entity'
E:\Tiny_Walnut_Games\TWG-MetVanDamn\Packages\com.tinywalnutgames.metvd.graph\Runtime\SpecializedGenerators.cs(399,75): error CS1061: 'SecretAreaConfig' does not contain a definition for 'SecretAreaPercentage' and no accessible extension method 'SecretAreaPercentage' accepting a first argument of type 'SecretAreaConfig' could be found (are you missing a using directive or an assembly reference?)
E:\Tiny_Walnut_Games\TWG-MetVanDamn\Packages\com.tinywalnutgames.metvd.graph\Runtime\SpecializedGenerators.cs(400,43): error CS1061: 'SecretAreaConfig' does not contain a definition for 'MinSecretSize' and no accessible extension method 'MinSecretSize' accepting a first argument of type 'SecretAreaConfig' could be found (are you missing a using directive or an assembly reference?)
E:\Tiny_Walnut_Games\TWG-MetVanDamn\Packages\com.tinywalnutgames.metvd.graph\Runtime\SpecializedGenerators.cs(400,68): error CS1061: 'SecretAreaConfig' does not contain a definition for 'MinSecretSize' and no accessible extension method 'MinSecretSize' accepting a first argument of type 'SecretAreaConfig' could be found (are you missing a using directive or an assembly reference?)
E:\Tiny_Walnut_Games\TWG-MetVanDamn\Packages\com.tinywalnutgames.metvd.graph\Runtime\SpecializedGenerators.cs(405,28): error CS1061: 'SecretAreaConfig' does not contain a definition for 'UseAlternateRoutes' and no accessible extension method 'UseAlternateRoutes' accepting a first argument of type 'SecretAreaConfig' could be found (are you missing a using directive or an assembly reference?)
E:\Tiny_Walnut_Games\TWG-MetVanDamn\Packages\com.tinywalnutgames.metvd.graph\Runtime\SpecializedGenerators.cs(411,28): error CS1061: 'SecretAreaConfig' does not contain a definition for 'UseDestructibleWalls' and no accessible extension method 'UseDestructibleWalls' accepting a first argument of type 'SecretAreaConfig' could be found (are you missing a using directive or an assembly reference?)
E:\Tiny_Walnut_Games\TWG-MetVanDamn\Packages\com.tinywalnutgames.metvd.graph\Runtime\SpecializedGenerators.cs(423,76): error CS1061: 'SecretAreaConfig' does not contain a definition for 'MinSecretSize' and no accessible extension method 'MinSecretSize' accepting a first argument of type 'SecretAreaConfig' could be found (are you missing a using directive or an assembly reference?)
E:\Tiny_Walnut_Games\TWG-MetVanDamn\Packages\com.tinywalnutgames.metvd.graph\Runtime\RoomManagementSystem.cs(204,41): error CS1729: 'RoomGenerationRequest' does not contain a constructor that takes 5 arguments
E:\Tiny_Walnut_Games\TWG-MetVanDamn\Packages\com.tinywalnutgames.metvd.graph\Runtime\RoomManagementSystem.cs(217,39): error CS1729: 'JumpPhysicsData' does not contain a constructor that takes 7 arguments
E:\Tiny_Walnut_Games\TWG-MetVanDamn\Packages\com.tinywalnutgames.metvd.graph\Runtime\RoomManagementSystem.cs(219,64): error CS1729: 'JumpArcValidation' does not contain a constructor that takes 3 arguments
E:\Tiny_Walnut_Games\TWG-MetVanDamn\Packages\com.tinywalnutgames.metvd.graph\Runtime\RoomManagementSystem.cs(232,40): error CS1729: 'SecretAreaConfig' does not contain a constructor that takes 6 arguments
E:\Tiny_Walnut_Games\TWG-MetVanDamn\Packages\com.tinywalnutgames.metvd.graph\Runtime\RoomManagementSystem.cs(250,61): error CS0117: 'RoomGeneratorType' does not contain a definition for 'LinearBranchingCorridor'
E:\Tiny_Walnut_Games\TWG-MetVanDamn\Packages\com.tinywalnutgames.metvd.graph\Runtime\RoomManagementSystem.cs(251,62): error CS0117: 'RoomGeneratorType' does not contain a definition for 'StackedSegment'
------ Build started: Project: TinyWalnutGames.MetVD.Graph, Configuration: Debug Any CPU ------
E:/Tiny_Walnut_Games/TWG-MetVanDamn/Packages/com.tinywalnutgames.metvd.graph/Runtime/SpecializedGenerators.cs(369,78): error CS0426: The type name 'InternalCompilerQueryAndHandleData' does not exist in the type 'WeightedTilePrefabJob'
E:\Tiny_Walnut_Games\TWG-MetVanDamn\Packages\com.tinywalnutgames.metvd.graph\Runtime\SpecializedGenerators.cs(311,48): error CS0315: The type 'TinyWalnutGames.MetVD.Graph.BiomeAffinity' cannot be used as type parameter 'T' in the generic type or method 'ComponentLookup<T>'. There is no boxing conversion from 'TinyWalnutGames.MetVD.Graph.BiomeAffinity' to 'Unity.Entities.IComponentData'.
E:\Tiny_Walnut_Games\TWG-MetVanDamn\Packages\com.tinywalnutgames.metvd.graph\Runtime\SpecializedGenerators.cs(347,58): error CS0315: The type 'TinyWalnutGames.MetVD.Graph.BiomeAffinity' cannot be used as type parameter 'T' in the generic type or method 'ComponentLookup<T>'. There is no boxing conversion from 'TinyWalnutGames.MetVD.Graph.BiomeAffinity' to 'Unity.Entities.IComponentData'.
E:\Tiny_Walnut_Games\TWG-MetVanDamn\Packages\com.tinywalnutgames.metvd.graph\Runtime\WorldBootstrapSystem.cs(265,62): error CS0118: 'Biome' is a namespace but is used like a type
E:\Tiny_Walnut_Games\TWG-MetVanDamn\Packages\com.tinywalnutgames.metvd.graph\Runtime\WorldBootstrapSystem.cs(281,55): error CS0315: The type 'TinyWalnutGames.MetVD.Graph.BiomeInfluence' cannot be used as type parameter 'T' in the generic type or method 'EntityManager.AddBuffer<T>(Entity)'. There is no boxing conversion from 'TinyWalnutGames.MetVD.Graph.BiomeInfluence' to 'Unity.Entities.IBufferElementData'.
E:\Tiny_Walnut_Games\TWG-MetVanDamn\Packages\com.tinywalnutgames.metvd.graph\Runtime\WorldBootstrapSystem.cs(375,17): error CS0117: 'BiomeInfluence' does not contain a definition for 'Biome'
E:\Tiny_Walnut_Games\TWG-MetVanDamn\Packages\com.tinywalnutgames.metvd.graph\Runtime\WorldBootstrapSystem.cs(376,17): error CS0117: 'BiomeInfluence' does not contain a definition for 'Influence'
E:\Tiny_Walnut_Games\TWG-MetVanDamn\Packages\com.tinywalnutgames.metvd.graph\Runtime\WorldBootstrapSystem.cs(377,17): error CS0117: 'BiomeInfluence' does not contain a definition for 'Distance'
E:\Tiny_Walnut_Games\TWG-MetVanDamn\Packages\com.tinywalnutgames.metvd.graph\Runtime\WorldBootstrapSystem.cs(385,21): error CS0117: 'BiomeInfluence' does not contain a definition for 'Biome'
E:\Tiny_Walnut_Games\TWG-MetVanDamn\Packages\com.tinywalnutgames.metvd.graph\Runtime\WorldBootstrapSystem.cs(386,21): error CS0117: 'BiomeInfluence' does not contain a definition for 'Influence'
E:\Tiny_Walnut_Games\TWG-MetVanDamn\Packages\com.tinywalnutgames.metvd.graph\Runtime\WorldBootstrapSystem.cs(387,21): error CS0117: 'BiomeInfluence' does not contain a definition for 'Distance'
E:\Tiny_Walnut_Games\TWG-MetVanDamn\Packages\com.tinywalnutgames.metvd.graph\Runtime\ProceduralRoomGeneratorSystem.cs(35,26): error CS0246: The type or namespace name 'WorldConfiguration' could not be found (are you missing a using directive or an assembly reference?)
E:\Tiny_Walnut_Games\TWG-MetVanDamn\Packages\com.tinywalnutgames.metvd.graph\Runtime\ProceduralRoomGeneratorSystem.cs(47,13): error CS0246: The type or namespace name 'WorldConfiguration' could not be found (are you missing a using directive or an assembly reference?)
E:\Tiny_Walnut_Games\TWG-MetVanDamn\Packages\com.tinywalnutgames.metvd.graph\Runtime\ProceduralRoomGeneratorSystem.cs(50,62): error CS0246: The type or namespace name 'WorldConfiguration' could not be found (are you missing a using directive or an assembly reference?)
E:\Tiny_Walnut_Games\TWG-MetVanDamn\Packages\com.tinywalnutgames.metvd.graph\Runtime\RoomGenerationPipelineSystem.cs(81,25): error CS1061: 'RoomGenerationRequest' does not contain a definition for 'IsComplete' and no accessible extension method 'IsComplete' accepting a first argument of type 'RoomGenerationRequest' could be found (are you missing a using directive or an assembly reference?)
E:\Tiny_Walnut_Games\TWG-MetVanDamn\Packages\com.tinywalnutgames.metvd.graph\Runtime\RoomGenerationPipelineSystem.cs(83,29): error CS1061: 'RoomGenerationRequest' does not contain a definition for 'CurrentStep' and no accessible extension method 'CurrentStep' accepting a first argument of type 'RoomGenerationRequest' could be found (are you missing a using directive or an assembly reference?)
E:\Tiny_Walnut_Games\TWG-MetVanDamn\Packages\com.tinywalnutgames.metvd.graph\Runtime\RoomGenerationPipelineSystem.cs(104,29): error CS1061: 'RoomGenerationRequest' does not contain a definition for 'IsComplete' and no accessible extension method 'IsComplete' accepting a first argument of type 'RoomGenerationRequest' could be found (are you missing a using directive or an assembly reference?)
E:\Tiny_Walnut_Games\TWG-MetVanDamn\Packages\com.tinywalnutgames.metvd.graph\Runtime\RoomGenerationPipelineSystem.cs(108,21): error CS1061: 'RoomGenerationRequest' does not contain a definition for 'CurrentStep' and no accessible extension method 'CurrentStep' accepting a first argument of type 'RoomGenerationRequest' could be found (are you missing a using directive or an assembly reference?)
E:\Tiny_Walnut_Games\TWG-MetVanDamn\Packages\com.tinywalnutgames.metvd.graph\Runtime\RoomGenerationPipelineSystem.cs(109,25): error CS1061: 'RoomGenerationRequest' does not contain a definition for 'CurrentStep' and no accessible extension method 'CurrentStep' accepting a first argument of type 'RoomGenerationRequest' could be found (are you missing a using directive or an assembly reference?)
E:\Tiny_Walnut_Games\TWG-MetVanDamn\Packages\com.tinywalnutgames.metvd.graph\Runtime\RoomGenerationPipelineSystem.cs(111,25): error CS1061: 'RoomGenerationRequest' does not contain a definition for 'IsComplete' and no accessible extension method 'IsComplete' accepting a first argument of type 'RoomGenerationRequest' could be found (are you missing a using directive or an assembly reference?)
E:\Tiny_Walnut_Games\TWG-MetVanDamn\Packages\com.tinywalnutgames.metvd.graph\Runtime\RoomGenerationPipelineSystem.cs(121,43): error CS1503: Argument 1: cannot convert from 'uint' to 'Unity.Entities.Entity'
E:\Tiny_Walnut_Games\TWG-MetVanDamn\Packages\com.tinywalnutgames.metvd.graph\Runtime\RoomGenerationPipelineSystem.cs(123,25): error CS1061: 'RoomGenerationRequest' does not contain a definition for 'TargetBiome' and no accessible extension method 'TargetBiome' accepting a first argument of type 'RoomGenerationRequest' could be found (are you missing a using directive or an assembly reference?)
E:\Tiny_Walnut_Games\TWG-MetVanDamn\Packages\com.tinywalnutgames.metvd.graph\Runtime\RoomGenerationPipelineSystem.cs(124,25): error CS1061: 'RoomGenerationRequest' does not contain a definition for 'TargetPolarity' and no accessible extension method 'TargetPolarity' accepting a first argument of type 'RoomGenerationRequest' could be found (are you missing a using directive or an assembly reference?)
E:\Tiny_Walnut_Games\TWG-MetVanDamn\Packages\com.tinywalnutgames.metvd.graph\Runtime\RoomGenerationPipelineSystem.cs(128,37): error CS1503: Argument 1: cannot convert from 'uint' to 'Unity.Entities.Entity'
E:\Tiny_Walnut_Games\TWG-MetVanDamn\Packages\com.tinywalnutgames.metvd.graph\Runtime\RoomGenerationPipelineSystem.cs(129,21): error CS1061: 'RoomGenerationRequest' does not contain a definition for 'TargetBiome' and no accessible extension method 'TargetBiome' accepting a first argument of type 'RoomGenerationRequest' could be found (are you missing a using directive or an assembly reference?)
E:\Tiny_Walnut_Games\TWG-MetVanDamn\Packages\com.tinywalnutgames.metvd.graph\Runtime\RoomGenerationPipelineSystem.cs(130,21): error CS1061: 'RoomGenerationRequest' does not contain a definition for 'TargetPolarity' and no accessible extension method 'TargetPolarity' accepting a first argument of type 'RoomGenerationRequest' could be found (are you missing a using directive or an assembly reference?)
E:\Tiny_Walnut_Games\TWG-MetVanDamn\Packages\com.tinywalnutgames.metvd.graph\Runtime\RoomGenerationPipelineSystem.cs(136,25): error CS1061: 'RoomGenerationRequest' does not contain a definition for 'TargetBiome' and no accessible extension method 'TargetBiome' accepting a first argument of type 'RoomGenerationRequest' could be found (are you missing a using directive or an assembly reference?)
E:\Tiny_Walnut_Games\TWG-MetVanDamn\Packages\com.tinywalnutgames.metvd.graph\Runtime\RoomGenerationPipelineSystem.cs(141,25): error CS1061: 'RoomGenerationRequest' does not contain a definition for 'TargetBiome' and no accessible extension method 'TargetBiome' accepting a first argument of type 'RoomGenerationRequest' could be found (are you missing a using directive or an assembly reference?)
E:\Tiny_Walnut_Games\TWG-MetVanDamn\Packages\com.tinywalnutgames.metvd.graph\Runtime\RoomGenerationPipelineSystem.cs(154,36): error CS1061: 'RoomGenerationRequest' does not contain a definition for 'TargetBiome' and no accessible extension method 'TargetBiome' accepting a first argument of type 'RoomGenerationRequest' could be found (are you missing a using directive or an assembly reference?)
E:\Tiny_Walnut_Games\TWG-MetVanDamn\Packages\com.tinywalnutgames.metvd.graph\Runtime\RoomGenerationPipelineSystem.cs(156,25): error CS1061: 'RoomGenerationRequest' does not contain a definition for 'LayoutType' and no accessible extension method 'LayoutType' accepting a first argument of type 'RoomGenerationRequest' could be found (are you missing a using directive or an assembly reference?)
E:\Tiny_Walnut_Games\TWG-MetVanDamn\Packages\com.tinywalnutgames.metvd.graph\Runtime\RoomGenerationPipelineSystem.cs(161,25): error CS1061: 'RoomGenerationRequest' does not contain a definition for 'LayoutType' and no accessible extension method 'LayoutType' accepting a first argument of type 'RoomGenerationRequest' could be found (are you missing a using directive or an assembly reference?)
E:\Tiny_Walnut_Games\TWG-MetVanDamn\Packages\com.tinywalnutgames.metvd.graph\Runtime\RoomGenerationPipelineSystem.cs(161,53): error CS0117: 'RoomLayoutType' does not contain a definition for 'Horizontal'
E:\Tiny_Walnut_Games\TWG-MetVanDamn\Packages\com.tinywalnutgames.metvd.graph\Runtime\RoomGenerationPipelineSystem.cs(166,25): error CS1061: 'RoomGenerationRequest' does not contain a definition for 'LayoutType' and no accessible extension method 'LayoutType' accepting a first argument of type 'RoomGenerationRequest' could be found (are you missing a using directive or an assembly reference?)
E:\Tiny_Walnut_Games\TWG-MetVanDamn\Packages\com.tinywalnutgames.metvd.graph\Runtime\RoomGenerationPipelineSystem.cs(171,25): error CS1061: 'RoomGenerationRequest' does not contain a definition for 'LayoutType' and no accessible extension method 'LayoutType' accepting a first argument of type 'RoomGenerationRequest' could be found (are you missing a using directive or an assembly reference?)
E:\Tiny_Walnut_Games\TWG-MetVanDamn\Packages\com.tinywalnutgames.metvd.graph\Runtime\RoomGenerationPipelineSystem.cs(171,53): error CS0117: 'RoomLayoutType' does not contain a definition for 'Mixed'
E:\Tiny_Walnut_Games\TWG-MetVanDamn\Packages\com.tinywalnutgames.metvd.graph\Runtime\RoomGenerationPipelineSystem.cs(197,33): error CS1061: 'RoomGenerationRequest' does not contain a definition for 'LayoutType' and no accessible extension method 'LayoutType' accepting a first argument of type 'RoomGenerationRequest' could be found (are you missing a using directive or an assembly reference?)
E:\Tiny_Walnut_Games\TWG-MetVanDamn\Packages\com.tinywalnutgames.metvd.graph\Runtime\RoomGenerationPipelineSystem.cs(198,67): error CS0117: 'RoomGeneratorType' does not contain a definition for 'StackedSegment'
E:\Tiny_Walnut_Games\TWG-MetVanDamn\Packages\com.tinywalnutgames.metvd.graph\Runtime\RoomGenerationPipelineSystem.cs(199,38): error CS1061: 'RoomGenerationRequest' does not contain a definition for 'LayoutType' and no accessible extension method 'LayoutType' accepting a first argument of type 'RoomGenerationRequest' could be found (are you missing a using directive or an assembly reference?)
E:\Tiny_Walnut_Games\TWG-MetVanDamn\Packages\com.tinywalnutgames.metvd.graph\Runtime\RoomGenerationPipelineSystem.cs(199,67): error CS0117: 'RoomLayoutType' does not contain a definition for 'Horizontal'
E:\Tiny_Walnut_Games\TWG-MetVanDamn\Packages\com.tinywalnutgames.metvd.graph\Runtime\RoomGenerationPipelineSystem.cs(200,67): error CS0117: 'RoomGeneratorType' does not contain a definition for 'LinearBranchingCorridor'
E:\Tiny_Walnut_Games\TWG-MetVanDamn\Packages\com.tinywalnutgames.metvd.graph\Runtime\RoomGenerationPipelineSystem.cs(207,36): error CS1061: 'RoomGenerationRequest' does not contain a definition for 'TargetBiome' and no accessible extension method 'TargetBiome' accepting a first argument of type 'RoomGenerationRequest' could be found (are you missing a using directive or an assembly reference?)
E:\Tiny_Walnut_Games\TWG-MetVanDamn\Packages\com.tinywalnutgames.metvd.graph\Runtime\RoomGenerationPipelineSystem.cs(209,59): error CS0117: 'RoomGeneratorType' does not contain a definition for 'LayeredPlatformCloud'
E:\Tiny_Walnut_Games\TWG-MetVanDamn\Packages\com.tinywalnutgames.metvd.graph\Runtime\RoomGenerationPipelineSystem.cs(211,45): error CS1061: 'RoomGenerationRequest' does not contain a definition for 'TargetBiome' and no accessible extension method 'TargetBiome' accepting a first argument of type 'RoomGenerationRequest' could be found (are you missing a using directive or an assembly reference?)
E:\Tiny_Walnut_Games\TWG-MetVanDamn\Packages\com.tinywalnutgames.metvd.graph\Runtime\RoomGenerationPipelineSystem.cs(213,59): error CS0117: 'RoomGeneratorType' does not contain a definition for 'BiomeWeightedHeightmap'
E:\Tiny_Walnut_Games\TWG-MetVanDamn\Packages\com.tinywalnutgames.metvd.graph\Runtime\RoomGenerationPipelineSystem.cs(221,52): error CS1503: Argument 1: cannot convert from 'uint' to 'Unity.Entities.Entity'
E:\Tiny_Walnut_Games\TWG-MetVanDamn\Packages\com.tinywalnutgames.metvd.graph\Runtime\RoomGenerationPipelineSystem.cs(223,52): error CS1503: Argument 1: cannot convert from 'uint' to 'Unity.Entities.Entity'
E:\Tiny_Walnut_Games\TWG-MetVanDamn\Packages\com.tinywalnutgames.metvd.graph\Runtime\RoomGenerationPipelineSystem.cs(242,40): error CS0117: 'RoomGeneratorType' does not contain a definition for 'StackedSegment'
E:\Tiny_Walnut_Games\TWG-MetVanDamn\Packages\com.tinywalnutgames.metvd.graph\Runtime\RoomGenerationPipelineSystem.cs(245,40): error CS0117: 'RoomGeneratorType' does not contain a definition for 'LinearBranchingCorridor'
E:\Tiny_Walnut_Games\TWG-MetVanDamn\Packages\com.tinywalnutgames.metvd.graph\Runtime\RoomGenerationPipelineSystem.cs(248,40): error CS0117: 'RoomGeneratorType' does not contain a definition for 'LayeredPlatformCloud'
E:\Tiny_Walnut_Games\TWG-MetVanDamn\Packages\com.tinywalnutgames.metvd.graph\Runtime\RoomGenerationPipelineSystem.cs(251,40): error CS0117: 'RoomGeneratorType' does not contain a definition for 'BiomeWeightedHeightmap'
E:\Tiny_Walnut_Games\TWG-MetVanDamn\Packages\com.tinywalnutgames.metvd.graph\Runtime\RoomGenerationPipelineSystem.cs(257,49): error CS1503: Argument 1: cannot convert from 'uint' to 'Unity.Entities.Entity'
E:\Tiny_Walnut_Games\TWG-MetVanDamn\Packages\com.tinywalnutgames.metvd.graph\Runtime\RoomGenerationPipelineSystem.cs(259,55): error CS1503: Argument 1: cannot convert from 'uint' to 'Unity.Entities.Entity'
E:\Tiny_Walnut_Games\TWG-MetVanDamn\Packages\com.tinywalnutgames.metvd.graph\Runtime\RoomGenerationPipelineSystem.cs(269,52): error CS1503: Argument 1: cannot convert from 'uint' to 'Unity.Entities.Entity'
E:\Tiny_Walnut_Games\TWG-MetVanDamn\Packages\com.tinywalnutgames.metvd.graph\Runtime\RoomGenerationPipelineSystem.cs(271,52): error CS1503: Argument 1: cannot convert from 'uint' to 'Unity.Entities.Entity'
E:\Tiny_Walnut_Games\TWG-MetVanDamn\Packages\com.tinywalnutgames.metvd.graph\Runtime\RoomGenerationPipelineSystem.cs(279,40): error CS1061: 'RoomGenerationRequest' does not contain a definition for 'TargetBiome' and no accessible extension method 'TargetBiome' accepting a first argument of type 'RoomGenerationRequest' could be found (are you missing a using directive or an assembly reference?)
E:\Tiny_Walnut_Games\TWG-MetVanDamn\Packages\com.tinywalnutgames.metvd.graph\Runtime\RoomGenerationPipelineSystem.cs(287,29): error CS1061: 'RoomGenerationRequest' does not contain a definition for 'TargetBiome' and no accessible extension method 'TargetBiome' accepting a first argument of type 'RoomGenerationRequest' could be found (are you missing a using directive or an assembly reference?)
E:\Tiny_Walnut_Games\TWG-MetVanDamn\Packages\com.tinywalnutgames.metvd.graph\Runtime\RoomGenerationPipelineSystem.cs(287,76): error CS1061: 'RoomGenerationRequest' does not contain a definition for 'TargetBiome' and no accessible extension method 'TargetBiome' accepting a first argument of type 'RoomGenerationRequest' could be found (are you missing a using directive or an assembly reference?)
E:\Tiny_Walnut_Games\TWG-MetVanDamn\Packages\com.tinywalnutgames.metvd.graph\Runtime\RoomGenerationPipelineSystem.cs(304,52): error CS1503: Argument 1: cannot convert from 'uint' to 'Unity.Entities.Entity'
E:\Tiny_Walnut_Games\TWG-MetVanDamn\Packages\com.tinywalnutgames.metvd.graph\Runtime\RoomGenerationPipelineSystem.cs(306,52): error CS1503: Argument 1: cannot convert from 'uint' to 'Unity.Entities.Entity'
E:\Tiny_Walnut_Games\TWG-MetVanDamn\Packages\com.tinywalnutgames.metvd.graph\Runtime\RoomGenerationPipelineSystem.cs(327,48): error CS1503: Argument 1: cannot convert from 'uint' to 'Unity.Entities.Entity'
E:\Tiny_Walnut_Games\TWG-MetVanDamn\Packages\com.tinywalnutgames.metvd.graph\Runtime\RoomGenerationPipelineSystem.cs(329,53): error CS1503: Argument 1: cannot convert from 'uint' to 'Unity.Entities.Entity'
E:\Tiny_Walnut_Games\TWG-MetVanDamn\Packages\com.tinywalnutgames.metvd.graph\Runtime\RoomGenerationPipelineSystem.cs(330,50): error CS7036: There is no argument given that corresponds to the required parameter 'physics' of 'JumpArcSolver.ValidateRoomReachability(int2, NativeArray<int2>, Ability, JumpArcPhysics, RectInt, Allocator)'
E:\Tiny_Walnut_Games\TWG-MetVanDamn\Packages\com.tinywalnutgames.metvd.graph\Runtime\RoomGenerationPipelineSystem.cs(368,70): error CS1061: 'RoomGenerationRequest' does not contain a definition for 'AvailableSkills' and no accessible extension method 'AvailableSkills' accepting a first argument of type 'RoomGenerationRequest' could be found (are you missing a using directive or an assembly reference?)
E:\Tiny_Walnut_Games\TWG-MetVanDamn\Packages\com.tinywalnutgames.metvd.graph\Runtime\RoomGenerationPipelineSystem.cs(373,48): error CS1061: 'RoomGenerationRequest' does not contain a definition for 'GenerationSeed' and no accessible extension method 'GenerationSeed' accepting a first argument of type 'RoomGenerationRequest' could be found (are you missing a using directive or an assembly reference?)
E:\Tiny_Walnut_Games\TWG-MetVanDamn\Packages\com.tinywalnutgames.metvd.graph\Runtime\RoomGenerationPipelineSystem.cs(394,48): error CS1061: 'RoomGenerationRequest' does not contain a definition for 'GenerationSeed' and no accessible extension method 'GenerationSeed' accepting a first argument of type 'RoomGenerationRequest' could be found (are you missing a using directive or an assembly reference?)
E:\Tiny_Walnut_Games\TWG-MetVanDamn\Packages\com.tinywalnutgames.metvd.graph\Runtime\RoomGenerationPipelineSystem.cs(417,48): error CS1061: 'RoomGenerationRequest' does not contain a definition for 'GenerationSeed' and no accessible extension method 'GenerationSeed' accepting a first argument of type 'RoomGenerationRequest' could be found (are you missing a using directive or an assembly reference?)
E:\Tiny_Walnut_Games\TWG-MetVanDamn\Packages\com.tinywalnutgames.metvd.graph\Runtime\RoomGenerationPipelineSystem.cs(443,52): error CS1061: 'RoomGenerationRequest' does not contain a definition for 'GenerationSeed' and no accessible extension method 'GenerationSeed' accepting a first argument of type 'RoomGenerationRequest' could be found (are you missing a using directive or an assembly reference?)
E:\Tiny_Walnut_Games\TWG-MetVanDamn\Packages\com.tinywalnutgames.metvd.graph\Runtime\RoomGenerationPipelineSystem.cs(467,52): error CS1061: 'RoomGenerationRequest' does not contain a definition for 'GenerationSeed' and no accessible extension method 'GenerationSeed' accepting a first argument of type 'RoomGenerationRequest' could be found (are you missing a using directive or an assembly reference?)
E:\Tiny_Walnut_Games\TWG-MetVanDamn\Packages\com.tinywalnutgames.metvd.graph\Runtime\RoomGenerationPipelineSystem.cs(478,52): error CS1061: 'RoomGenerationRequest' does not contain a definition for 'GenerationSeed' and no accessible extension method 'GenerationSeed' accepting a first argument of type 'RoomGenerationRequest' could be found (are you missing a using directive or an assembly reference?)
E:\Tiny_Walnut_Games\TWG-MetVanDamn\Packages\com.tinywalnutgames.metvd.graph\Runtime\RoomGenerationPipelineSystem.cs(505,52): error CS1061: 'RoomGenerationRequest' does not contain a definition for 'GenerationSeed' and no accessible extension method 'GenerationSeed' accepting a first argument of type 'RoomGenerationRequest' could be found (are you missing a using directive or an assembly reference?)
E:\Tiny_Walnut_Games\TWG-MetVanDamn\Packages\com.tinywalnutgames.metvd.graph\Runtime\RoomGenerationPipelineSystem.cs(517,57): error CS1061: 'RoomGenerationRequest' does not contain a definition for 'GenerationSeed' and no accessible extension method 'GenerationSeed' accepting a first argument of type 'RoomGenerationRequest' could be found (are you missing a using directive or an assembly reference?)
E:\Tiny_Walnut_Games\TWG-MetVanDamn\Packages\com.tinywalnutgames.metvd.graph\Runtime\RoomGenerationPipelineSystem.cs(524,48): error CS1061: 'RoomGenerationRequest' does not contain a definition for 'GenerationSeed' and no accessible extension method 'GenerationSeed' accepting a first argument of type 'RoomGenerationRequest' could be found (are you missing a using directive or an assembly reference?)
E:\Tiny_Walnut_Games\TWG-MetVanDamn\Packages\com.tinywalnutgames.metvd.graph\Runtime\RoomGenerationPipelineSystem.cs(531,75): error CS1061: 'SecretAreaConfig' does not contain a definition for 'SecretAreaPercentage' and no accessible extension method 'SecretAreaPercentage' accepting a first argument of type 'SecretAreaConfig' could be found (are you missing a using directive or an assembly reference?)
E:\Tiny_Walnut_Games\TWG-MetVanDamn\Packages\com.tinywalnutgames.metvd.graph\Runtime\RoomGenerationPipelineSystem.cs(531,106): error CS1061: 'SecretAreaConfig' does not contain a definition for 'MinSecretSize' and no accessible extension method 'MinSecretSize' accepting a first argument of type 'SecretAreaConfig' could be found (are you missing a using directive or an assembly reference?)
E:\Tiny_Walnut_Games\TWG-MetVanDamn\Packages\com.tinywalnutgames.metvd.graph\Runtime\RoomGenerationPipelineSystem.cs(531,131): error CS1061: 'SecretAreaConfig' does not contain a definition for 'MinSecretSize' and no accessible extension method 'MinSecretSize' accepting a first argument of type 'SecretAreaConfig' could be found (are you missing a using directive or an assembly reference?)
E:\Tiny_Walnut_Games\TWG-MetVanDamn\Packages\com.tinywalnutgames.metvd.graph\Runtime\RoomGenerationPipelineSystem.cs(536,79): error CS1061: 'SecretAreaConfig' does not contain a definition for 'MinSecretSize' and no accessible extension method 'MinSecretSize' accepting a first argument of type 'SecretAreaConfig' could be found (are you missing a using directive or an assembly reference?)
E:\Tiny_Walnut_Games\TWG-MetVanDamn\Packages\com.tinywalnutgames.metvd.graph\Runtime\RoomGenerationPipelineSystem.cs(537,80): error CS1061: 'SecretAreaConfig' does not contain a definition for 'MinSecretSize' and no accessible extension method 'MinSecretSize' accepting a first argument of type 'SecretAreaConfig' could be found (are you missing a using directive or an assembly reference?)
E:\Tiny_Walnut_Games\TWG-MetVanDamn\Packages\com.tinywalnutgames.metvd.graph\Runtime\RoomGenerationPipelineSystem.cs(544,48): error CS1061: 'RoomGenerationRequest' does not contain a definition for 'GenerationSeed' and no accessible extension method 'GenerationSeed' accepting a first argument of type 'RoomGenerationRequest' could be found (are you missing a using directive or an assembly reference?)
E:\Tiny_Walnut_Games\TWG-MetVanDamn\Packages\com.tinywalnutgames.metvd.graph\Runtime\RoomNavigationGeneratorSystem.cs(141,53): error CS1503: Argument 1: cannot convert from 'TinyWalnutGames.MetVD.Graph.RoomTemplate' to 'Unity.Entities.Entity'
E:\Tiny_Walnut_Games\TWG-MetVanDamn\Packages\com.tinywalnutgames.metvd.graph\Runtime\RoomNavigationGeneratorSystem.cs(152,33): error CS1061: 'TilemapConfig' does not contain a definition for 'HasWalls' and no accessible extension method 'HasWalls' accepting a first argument of type 'TilemapConfig' could be found (are you missing a using directive or an assembly reference?)
E:\Tiny_Walnut_Games\TWG-MetVanDamn\Packages\com.tinywalnutgames.metvd.graph\Runtime\RoomNavigationGeneratorSystem.cs(156,58): error CS1061: 'TilemapConfig' does not contain a definition for 'PlatformProbability' and no accessible extension method 'PlatformProbability' accepting a first argument of type 'TilemapConfig' could be found (are you missing a using directive or an assembly reference?)
E:\Tiny_Walnut_Games\TWG-MetVanDamn\Packages\com.tinywalnutgames.metvd.graph\Runtime\RoomNavigationGeneratorSystem.cs(158,58): error CS1061: 'TilemapConfig' does not contain a definition for 'ClimbableProbability' and no accessible extension method 'ClimbableProbability' accepting a first argument of type 'TilemapConfig' could be found (are you missing a using directive or an assembly reference?)
E:\Tiny_Walnut_Games\TWG-MetVanDamn\Packages\com.tinywalnutgames.metvd.graph\Runtime\TerrainAndSkyGenerators.cs(58,60): error CS0117: 'RoomGeneratorType' does not contain a definition for 'StackedSegment'
E:\Tiny_Walnut_Games\TWG-MetVanDamn\Packages\com.tinywalnutgames.metvd.graph\Runtime\TerrainAndSkyGenerators.cs(58,86): error CS1061: 'RoomGenerationRequest' does not contain a definition for 'IsComplete' and no accessible extension method 'IsComplete' accepting a first argument of type 'RoomGenerationRequest' could be found (are you missing a using directive or an assembly reference?)
E:\Tiny_Walnut_Games\TWG-MetVanDamn\Packages\com.tinywalnutgames.metvd.graph\Runtime\TerrainAndSkyGenerators.cs(60,48): error CS1503: Argument 1: cannot convert from 'uint' to 'Unity.Entities.Entity'
E:\Tiny_Walnut_Games\TWG-MetVanDamn\Packages\com.tinywalnutgames.metvd.graph\Runtime\TerrainAndSkyGenerators.cs(62,48): error CS1503: Argument 1: cannot convert from 'uint' to 'Unity.Entities.Entity'
E:\Tiny_Walnut_Games\TWG-MetVanDamn\Packages\com.tinywalnutgames.metvd.graph\Runtime\TerrainAndSkyGenerators.cs(72,48): error CS1503: Argument 1: cannot convert from 'uint' to 'Unity.Entities.Entity'
E:\Tiny_Walnut_Games\TWG-MetVanDamn\Packages\com.tinywalnutgames.metvd.graph\Runtime\TerrainAndSkyGenerators.cs(74,48): error CS1503: Argument 1: cannot convert from 'uint' to 'Unity.Entities.Entity'
E:\Tiny_Walnut_Games\TWG-MetVanDamn\Packages\com.tinywalnutgames.metvd.graph\Runtime\TerrainAndSkyGenerators.cs(81,113): error CS1061: 'RoomGenerationRequest' does not contain a definition for 'GenerationSeed' and no accessible extension method 'GenerationSeed' accepting a first argument of type 'RoomGenerationRequest' could be found (are you missing a using directive or an assembly reference?)
E:\Tiny_Walnut_Games\TWG-MetVanDamn\Packages\com.tinywalnutgames.metvd.graph\Runtime\TerrainAndSkyGenerators.cs(254,60): error CS0117: 'RoomGeneratorType' does not contain a definition for 'LinearBranchingCorridor'
E:\Tiny_Walnut_Games\TWG-MetVanDamn\Packages\com.tinywalnutgames.metvd.graph\Runtime\TerrainAndSkyGenerators.cs(254,95): error CS1061: 'RoomGenerationRequest' does not contain a definition for 'IsComplete' and no accessible extension method 'IsComplete' accepting a first argument of type 'RoomGenerationRequest' could be found (are you missing a using directive or an assembly reference?)
E:\Tiny_Walnut_Games\TWG-MetVanDamn\Packages\com.tinywalnutgames.metvd.graph\Runtime\TerrainAndSkyGenerators.cs(256,48): error CS1503: Argument 1: cannot convert from 'uint' to 'Unity.Entities.Entity'
E:\Tiny_Walnut_Games\TWG-MetVanDamn\Packages\com.tinywalnutgames.metvd.graph\Runtime\TerrainAndSkyGenerators.cs(258,48): error CS1503: Argument 1: cannot convert from 'uint' to 'Unity.Entities.Entity'
E:\Tiny_Walnut_Games\TWG-MetVanDamn\Packages\com.tinywalnutgames.metvd.graph\Runtime\TerrainAndSkyGenerators.cs(271,90): error CS1061: 'RoomGenerationRequest' does not contain a definition for 'GenerationSeed' and no accessible extension method 'GenerationSeed' accepting a first argument of type 'RoomGenerationRequest' could be found (are you missing a using directive or an assembly reference?)
E:\Tiny_Walnut_Games\TWG-MetVanDamn\Packages\com.tinywalnutgames.metvd.graph\Runtime\TerrainAndSkyGenerators.cs(275,49): error CS1503: Argument 1: cannot convert from 'uint' to 'Unity.Entities.Entity'
E:\Tiny_Walnut_Games\TWG-MetVanDamn\Packages\com.tinywalnutgames.metvd.graph\Runtime\TerrainAndSkyGenerators.cs(277,55): error CS1503: Argument 1: cannot convert from 'uint' to 'Unity.Entities.Entity'
E:\Tiny_Walnut_Games\TWG-MetVanDamn\Packages\com.tinywalnutgames.metvd.graph\Runtime\TerrainAndSkyGenerators.cs(278,80): error CS1061: 'RoomGenerationRequest' does not contain a definition for 'GenerationSeed' and no accessible extension method 'GenerationSeed' accepting a first argument of type 'RoomGenerationRequest' could be found (are you missing a using directive or an assembly reference?)
E:\Tiny_Walnut_Games\TWG-MetVanDamn\Packages\com.tinywalnutgames.metvd.graph\Runtime\TerrainAndSkyGenerators.cs(499,60): error CS0117: 'RoomGeneratorType' does not contain a definition for 'BiomeWeightedHeightmap'
E:\Tiny_Walnut_Games\TWG-MetVanDamn\Packages\com.tinywalnutgames.metvd.graph\Runtime\TerrainAndSkyGenerators.cs(499,94): error CS1061: 'RoomGenerationRequest' does not contain a definition for 'IsComplete' and no accessible extension method 'IsComplete' accepting a first argument of type 'RoomGenerationRequest' could be found (are you missing a using directive or an assembly reference?)
E:\Tiny_Walnut_Games\TWG-MetVanDamn\Packages\com.tinywalnutgames.metvd.graph\Runtime\TerrainAndSkyGenerators.cs(501,48): error CS1503: Argument 1: cannot convert from 'uint' to 'Unity.Entities.Entity'
E:\Tiny_Walnut_Games\TWG-MetVanDamn\Packages\com.tinywalnutgames.metvd.graph\Runtime\TerrainAndSkyGenerators.cs(503,48): error CS1503: Argument 1: cannot convert from 'uint' to 'Unity.Entities.Entity'
E:\Tiny_Walnut_Games\TWG-MetVanDamn\Packages\com.tinywalnutgames.metvd.graph\Runtime\TerrainAndSkyGenerators.cs(508,50): error CS1503: Argument 1: cannot convert from 'uint' to 'Unity.Entities.Entity'
E:\Tiny_Walnut_Games\TWG-MetVanDamn\Packages\com.tinywalnutgames.metvd.graph\Runtime\TerrainAndSkyGenerators.cs(508,78): error CS1503: Argument 1: cannot convert from 'uint' to 'Unity.Entities.Entity'
E:\Tiny_Walnut_Games\TWG-MetVanDamn\Packages\com.tinywalnutgames.metvd.graph\Runtime\TerrainAndSkyGenerators.cs(512,69): error CS1061: 'RoomGenerationRequest' does not contain a definition for 'GenerationSeed' and no accessible extension method 'GenerationSeed' accepting a first argument of type 'RoomGenerationRequest' could be found (are you missing a using directive or an assembly reference?)
E:\Tiny_Walnut_Games\TWG-MetVanDamn\Packages\com.tinywalnutgames.metvd.graph\Runtime\TerrainAndSkyGenerators.cs(654,60): error CS0117: 'RoomGeneratorType' does not contain a definition for 'LayeredPlatformCloud'
E:\Tiny_Walnut_Games\TWG-MetVanDamn\Packages\com.tinywalnutgames.metvd.graph\Runtime\TerrainAndSkyGenerators.cs(654,92): error CS1061: 'RoomGenerationRequest' does not contain a definition for 'IsComplete' and no accessible extension method 'IsComplete' accepting a first argument of type 'RoomGenerationRequest' could be found (are you missing a using directive or an assembly reference?)
E:\Tiny_Walnut_Games\TWG-MetVanDamn\Packages\com.tinywalnutgames.metvd.graph\Runtime\TerrainAndSkyGenerators.cs(656,48): error CS1503: Argument 1: cannot convert from 'uint' to 'Unity.Entities.Entity'
E:\Tiny_Walnut_Games\TWG-MetVanDamn\Packages\com.tinywalnutgames.metvd.graph\Runtime\TerrainAndSkyGenerators.cs(658,48): error CS1503: Argument 1: cannot convert from 'uint' to 'Unity.Entities.Entity'
E:\Tiny_Walnut_Games\TWG-MetVanDamn\Packages\com.tinywalnutgames.metvd.graph\Runtime\TerrainAndSkyGenerators.cs(663,50): error CS1503: Argument 1: cannot convert from 'uint' to 'Unity.Entities.Entity'
E:\Tiny_Walnut_Games\TWG-MetVanDamn\Packages\com.tinywalnutgames.metvd.graph\Runtime\TerrainAndSkyGenerators.cs(663,78): error CS1503: Argument 1: cannot convert from 'uint' to 'Unity.Entities.Entity'
E:\Tiny_Walnut_Games\TWG-MetVanDamn\Packages\com.tinywalnutgames.metvd.graph\Runtime\TerrainAndSkyGenerators.cs(672,84): error CS1061: 'RoomGenerationRequest' does not contain a definition for 'GenerationSeed' and no accessible extension method 'GenerationSeed' accepting a first argument of type 'RoomGenerationRequest' could be found (are you missing a using directive or an assembly reference?)
E:\Tiny_Walnut_Games\TWG-MetVanDamn\Packages\com.tinywalnutgames.metvd.graph\Runtime\TerrainAndSkyGenerators.cs(676,70): error CS1061: 'RoomGenerationRequest' does not contain a definition for 'GenerationSeed' and no accessible extension method 'GenerationSeed' accepting a first argument of type 'RoomGenerationRequest' could be found (are you missing a using directive or an assembly reference?)
E:\Tiny_Walnut_Games\TWG-MetVanDamn\Packages\com.tinywalnutgames.metvd.graph\Runtime\SpecializedGenerators.cs(68,92): error CS1061: 'RoomGenerationRequest' does not contain a definition for 'IsComplete' and no accessible extension method 'IsComplete' accepting a first argument of type 'RoomGenerationRequest' could be found (are you missing a using directive or an assembly reference?)
E:\Tiny_Walnut_Games\TWG-MetVanDamn\Packages\com.tinywalnutgames.metvd.graph\Runtime\SpecializedGenerators.cs(70,48): error CS1503: Argument 1: cannot convert from 'uint' to 'Unity.Entities.Entity'
E:\Tiny_Walnut_Games\TWG-MetVanDamn\Packages\com.tinywalnutgames.metvd.graph\Runtime\SpecializedGenerators.cs(72,48): error CS1503: Argument 1: cannot convert from 'uint' to 'Unity.Entities.Entity'
E:\Tiny_Walnut_Games\TWG-MetVanDamn\Packages\com.tinywalnutgames.metvd.graph\Runtime\SpecializedGenerators.cs(79,26): error CS1061: 'RoomGenerationRequest' does not contain a definition for 'AvailableSkills' and no accessible extension method 'AvailableSkills' accepting a first argument of type 'RoomGenerationRequest' could be found (are you missing a using directive or an assembly reference?)
E:\Tiny_Walnut_Games\TWG-MetVanDamn\Packages\com.tinywalnutgames.metvd.graph\Runtime\SpecializedGenerators.cs(81,60): error CS1061: 'RoomGenerationRequest' does not contain a definition for 'GenerationSeed' and no accessible extension method 'GenerationSeed' accepting a first argument of type 'RoomGenerationRequest' could be found (are you missing a using directive or an assembly reference?)
E:\Tiny_Walnut_Games\TWG-MetVanDamn\Packages\com.tinywalnutgames.metvd.graph\Runtime\SpecializedGenerators.cs(84,26): error CS1061: 'RoomGenerationRequest' does not contain a definition for 'AvailableSkills' and no accessible extension method 'AvailableSkills' accepting a first argument of type 'RoomGenerationRequest' could be found (are you missing a using directive or an assembly reference?)
E:\Tiny_Walnut_Games\TWG-MetVanDamn\Packages\com.tinywalnutgames.metvd.graph\Runtime\SpecializedGenerators.cs(86,67): error CS1061: 'RoomGenerationRequest' does not contain a definition for 'GenerationSeed' and no accessible extension method 'GenerationSeed' accepting a first argument of type 'RoomGenerationRequest' could be found (are you missing a using directive or an assembly reference?)
E:\Tiny_Walnut_Games\TWG-MetVanDamn\Packages\com.tinywalnutgames.metvd.graph\Runtime\SpecializedGenerators.cs(89,26): error CS1061: 'RoomGenerationRequest' does not contain a definition for 'AvailableSkills' and no accessible extension method 'AvailableSkills' accepting a first argument of type 'RoomGenerationRequest' could be found (are you missing a using directive or an assembly reference?)
E:\Tiny_Walnut_Games\TWG-MetVanDamn\Packages\com.tinywalnutgames.metvd.graph\Runtime\SpecializedGenerators.cs(91,65): error CS1061: 'RoomGenerationRequest' does not contain a definition for 'GenerationSeed' and no accessible extension method 'GenerationSeed' accepting a first argument of type 'RoomGenerationRequest' could be found (are you missing a using directive or an assembly reference?)
E:\Tiny_Walnut_Games\TWG-MetVanDamn\Packages\com.tinywalnutgames.metvd.graph\Runtime\SpecializedGenerators.cs(95,58): error CS1061: 'RoomGenerationRequest' does not contain a definition for 'AvailableSkills' and no accessible extension method 'AvailableSkills' accepting a first argument of type 'RoomGenerationRequest' could be found (are you missing a using directive or an assembly reference?)
E:\Tiny_Walnut_Games\TWG-MetVanDamn\Packages\com.tinywalnutgames.metvd.graph\Runtime\SpecializedGenerators.cs(95,83): error CS1061: 'RoomGenerationRequest' does not contain a definition for 'GenerationSeed' and no accessible extension method 'GenerationSeed' accepting a first argument of type 'RoomGenerationRequest' could be found (are you missing a using directive or an assembly reference?)
E:\Tiny_Walnut_Games\TWG-MetVanDamn\Packages\com.tinywalnutgames.metvd.graph\Runtime\SpecializedGenerators.cs(114,34): error CS1729: 'RoomPatternElement' does not contain a constructor that takes 4 arguments
E:\Tiny_Walnut_Games\TWG-MetVanDamn\Packages\com.tinywalnutgames.metvd.graph\Runtime\SpecializedGenerators.cs(115,34): error CS1729: 'RoomPatternElement' does not contain a constructor that takes 4 arguments
E:\Tiny_Walnut_Games\TWG-MetVanDamn\Packages\com.tinywalnutgames.metvd.graph\Runtime\SpecializedGenerators.cs(133,38): error CS1729: 'RoomPatternElement' does not contain a constructor that takes 4 arguments
E:\Tiny_Walnut_Games\TWG-MetVanDamn\Packages\com.tinywalnutgames.metvd.graph\Runtime\SpecializedGenerators.cs(151,34): error CS1729: 'RoomPatternElement' does not contain a constructor that takes 4 arguments
E:\Tiny_Walnut_Games\TWG-MetVanDamn\Packages\com.tinywalnutgames.metvd.graph\Runtime\SpecializedGenerators.cs(156,38): error CS1729: 'RoomPatternElement' does not contain a constructor that takes 3 arguments
E:\Tiny_Walnut_Games\TWG-MetVanDamn\Packages\com.tinywalnutgames.metvd.graph\Runtime\SpecializedGenerators.cs(172,34): error CS1729: 'RoomPatternElement' does not contain a constructor that takes 4 arguments
E:\Tiny_Walnut_Games\TWG-MetVanDamn\Packages\com.tinywalnutgames.metvd.graph\Runtime\SpecializedGenerators.cs(173,34): error CS1729: 'RoomPatternElement' does not contain a constructor that takes 4 arguments
E:\Tiny_Walnut_Games\TWG-MetVanDamn\Packages\com.tinywalnutgames.metvd.graph\Runtime\SpecializedGenerators.cs(174,34): error CS1729: 'RoomPatternElement' does not contain a constructor that takes 4 arguments
E:\Tiny_Walnut_Games\TWG-MetVanDamn\Packages\com.tinywalnutgames.metvd.graph\Runtime\SpecializedGenerators.cs(228,91): error CS1061: 'RoomGenerationRequest' does not contain a definition for 'IsComplete' and no accessible extension method 'IsComplete' accepting a first argument of type 'RoomGenerationRequest' could be found (are you missing a using directive or an assembly reference?)
E:\Tiny_Walnut_Games\TWG-MetVanDamn\Packages\com.tinywalnutgames.metvd.graph\Runtime\SpecializedGenerators.cs(230,49): error CS1503: Argument 1: cannot convert from 'uint' to 'Unity.Entities.Entity'
E:\Tiny_Walnut_Games\TWG-MetVanDamn\Packages\com.tinywalnutgames.metvd.graph\Runtime\SpecializedGenerators.cs(232,49): error CS1503: Argument 1: cannot convert from 'uint' to 'Unity.Entities.Entity'
E:\Tiny_Walnut_Games\TWG-MetVanDamn\Packages\com.tinywalnutgames.metvd.graph\Runtime\SpecializedGenerators.cs(236,44): error CS1501: No overload for method 'CalculateMinimumPlatformSpacing' takes 2 arguments
E:\Tiny_Walnut_Games\TWG-MetVanDamn\Packages\com.tinywalnutgames.metvd.graph\Runtime\SpecializedGenerators.cs(245,54): error CS1061: 'float' does not contain a definition for 'x' and no accessible extension method 'x' accepting a first argument of type 'float' could be found (are you missing a using directive or an assembly reference?)
E:\Tiny_Walnut_Games\TWG-MetVanDamn\Packages\com.tinywalnutgames.metvd.graph\Runtime\SpecializedGenerators.cs(248,90): error CS1061: 'float' does not contain a definition for 'y' and no accessible extension method 'y' accepting a first argument of type 'float' could be found (are you missing a using directive or an assembly reference?)
E:\Tiny_Walnut_Games\TWG-MetVanDamn\Packages\com.tinywalnutgames.metvd.graph\Runtime\SpecializedGenerators.cs(255,51): error CS1503: Argument 1: cannot convert from 'Unity.Mathematics.float2' to 'Unity.Mathematics.int2'
E:\Tiny_Walnut_Games\TWG-MetVanDamn\Packages\com.tinywalnutgames.metvd.graph\Runtime\SpecializedGenerators.cs(255,65): error CS1503: Argument 2: cannot convert from 'Unity.Mathematics.float2' to 'Unity.Mathematics.int2'
E:\Tiny_Walnut_Games\TWG-MetVanDamn\Packages\com.tinywalnutgames.metvd.graph\Runtime\SpecializedGenerators.cs(255,78): error CS1503: Argument 3: cannot convert from 'TinyWalnutGames.MetVD.Graph.JumpPhysicsData' to 'TinyWalnutGames.MetVD.Graph.JumpArcPhysics'
E:\Tiny_Walnut_Games\TWG-MetVanDamn\Packages\com.tinywalnutgames.metvd.graph\Runtime\SpecializedGenerators.cs(261,40): error CS1061: 'float' does not contain a definition for 'x' and no accessible extension method 'x' accepting a first argument of type 'float' could be found (are you missing a using directive or an assembly reference?)
E:\Tiny_Walnut_Games\TWG-MetVanDamn\Packages\com.tinywalnutgames.metvd.graph\Runtime\SpecializedGenerators.cs(268,48): error CS1503: Argument 1: cannot convert from 'uint' to 'Unity.Entities.Entity'
E:\Tiny_Walnut_Games\TWG-MetVanDamn\Packages\com.tinywalnutgames.metvd.graph\Runtime\SpecializedGenerators.cs(270,56): error CS1503: Argument 1: cannot convert from 'uint' to 'Unity.Entities.Entity'
E:\Tiny_Walnut_Games\TWG-MetVanDamn\Packages\com.tinywalnutgames.metvd.graph\Runtime\SpecializedGenerators.cs(278,39): error CS1501: No overload for method 'CalculateJumpArc' takes 5 arguments
E:\Tiny_Walnut_Games\TWG-MetVanDamn\Packages\com.tinywalnutgames.metvd.graph\Runtime\SpecializedGenerators.cs(280,45): error CS1729: 'JumpConnectionElement' does not contain a constructor that takes 4 arguments
E:\Tiny_Walnut_Games\TWG-MetVanDamn\Packages\com.tinywalnutgames.metvd.graph\Runtime\SpecializedGenerators.cs(286,47): error CS1503: Argument 1: cannot convert from 'uint' to 'Unity.Entities.Entity'
E:\Tiny_Walnut_Games\TWG-MetVanDamn\Packages\com.tinywalnutgames.metvd.graph\Runtime\SpecializedGenerators.cs(288,38): error CS1729: 'JumpArcValidation' does not contain a constructor that takes 3 arguments
E:\Tiny_Walnut_Games\TWG-MetVanDamn\Packages\com.tinywalnutgames.metvd.graph\Runtime\SpecializedGenerators.cs(293,34): error CS1503: Argument 1: cannot convert from 'uint' to 'Unity.Entities.Entity'
E:\Tiny_Walnut_Games\TWG-MetVanDamn\Packages\com.tinywalnutgames.metvd.graph\Runtime\SpecializedGenerators.cs(318,42): error CS0315: The type 'TinyWalnutGames.MetVD.Graph.BiomeAffinity' cannot be used as type parameter 'T' in the generic type or method 'SystemState.GetComponentLookup<T>(bool)'. There is no boxing conversion from 'TinyWalnutGames.MetVD.Graph.BiomeAffinity' to 'Unity.Entities.IComponentData'.
E:/Tiny_Walnut_Games/TWG-MetVanDamn/Packages/com.tinywalnutgames.metvd.graph/Runtime/SpecializedGenerators.cs(346,71): error CS0117: 'WeightedTilePrefabJob' does not contain a definition for 'InternalCompiler'
E:/Tiny_Walnut_Games/TWG-MetVanDamn/Packages/com.tinywalnutgames.metvd.graph/Runtime/SpecializedGenerators.cs(349,104): error CS0117: 'WeightedTilePrefabJob' does not contain a definition for 'InternalCompilerQueryAndHandleData'
E:/Tiny_Walnut_Games/TWG-MetVanDamn/Packages/com.tinywalnutgames.metvd.graph/Runtime/SpecializedGenerators.cs(351,75): error CS0117: 'WeightedTilePrefabJob' does not contain a definition for 'InternalCompilerQueryAndHandleData'
E:/Tiny_Walnut_Games/TWG-MetVanDamn/Packages/com.tinywalnutgames.metvd.graph/Runtime/SpecializedGenerators.cs(353,80): error CS0117: 'WeightedTilePrefabJob' does not contain a definition for 'InternalCompilerQueryAndHandleData'
E:\Tiny_Walnut_Games\TWG-MetVanDamn\Packages\com.tinywalnutgames.metvd.graph\Runtime\SpecializedGenerators.cs(354,90): error CS1061: 'RoomGenerationRequest' does not contain a definition for 'IsComplete' and no accessible extension method 'IsComplete' accepting a first argument of type 'RoomGenerationRequest' could be found (are you missing a using directive or an assembly reference?)
E:\Tiny_Walnut_Games\TWG-MetVanDamn\Packages\com.tinywalnutgames.metvd.graph\Runtime\SpecializedGenerators.cs(364,77): error CS1061: 'RoomGenerationRequest' does not contain a definition for 'TargetBiome' and no accessible extension method 'TargetBiome' accepting a first argument of type 'RoomGenerationRequest' could be found (are you missing a using directive or an assembly reference?)
E:\Tiny_Walnut_Games\TWG-MetVanDamn\Packages\com.tinywalnutgames.metvd.graph\Runtime\SpecializedGenerators.cs(374,53): error CS1061: 'RoomGenerationRequest' does not contain a definition for 'GenerationSeed' and no accessible extension method 'GenerationSeed' accepting a first argument of type 'RoomGenerationRequest' could be found (are you missing a using directive or an assembly reference?)
E:\Tiny_Walnut_Games\TWG-MetVanDamn\Packages\com.tinywalnutgames.metvd.graph\Runtime\SpecializedGenerators.cs(378,49): error CS1503: Argument 1: cannot convert from 'uint' to 'Unity.Entities.Entity'
E:\Tiny_Walnut_Games\TWG-MetVanDamn\Packages\com.tinywalnutgames.metvd.graph\Runtime\SpecializedGenerators.cs(380,55): error CS1503: Argument 1: cannot convert from 'uint' to 'Unity.Entities.Entity'
E:\Tiny_Walnut_Games\TWG-MetVanDamn\Packages\com.tinywalnutgames.metvd.graph\Runtime\SpecializedGenerators.cs(399,75): error CS1061: 'SecretAreaConfig' does not contain a definition for 'SecretAreaPercentage' and no accessible extension method 'SecretAreaPercentage' accepting a first argument of type 'SecretAreaConfig' could be found (are you missing a using directive or an assembly reference?)
E:\Tiny_Walnut_Games\TWG-MetVanDamn\Packages\com.tinywalnutgames.metvd.graph\Runtime\SpecializedGenerators.cs(400,43): error CS1061: 'SecretAreaConfig' does not contain a definition for 'MinSecretSize' and no accessible extension method 'MinSecretSize' accepting a first argument of type 'SecretAreaConfig' could be found (are you missing a using directive or an assembly reference?)
E:\Tiny_Walnut_Games\TWG-MetVanDamn\Packages\com.tinywalnutgames.metvd.graph\Runtime\SpecializedGenerators.cs(400,68): error CS1061: 'SecretAreaConfig' does not contain a definition for 'MinSecretSize' and no accessible extension method 'MinSecretSize' accepting a first argument of type 'SecretAreaConfig' could be found (are you missing a using directive or an assembly reference?)
E:\Tiny_Walnut_Games\TWG-MetVanDamn\Packages\com.tinywalnutgames.metvd.graph\Runtime\SpecializedGenerators.cs(405,28): error CS1061: 'SecretAreaConfig' does not contain a definition for 'UseAlternateRoutes' and no accessible extension method 'UseAlternateRoutes' accepting a first argument of type 'SecretAreaConfig' could be found (are you missing a using directive or an assembly reference?)
E:\Tiny_Walnut_Games\TWG-MetVanDamn\Packages\com.tinywalnutgames.metvd.graph\Runtime\SpecializedGenerators.cs(411,28): error CS1061: 'SecretAreaConfig' does not contain a definition for 'UseDestructibleWalls' and no accessible extension method 'UseDestructibleWalls' accepting a first argument of type 'SecretAreaConfig' could be found (are you missing a using directive or an assembly reference?)
E:\Tiny_Walnut_Games\TWG-MetVanDamn\Packages\com.tinywalnutgames.metvd.graph\Runtime\SpecializedGenerators.cs(423,76): error CS1061: 'SecretAreaConfig' does not contain a definition for 'MinSecretSize' and no accessible extension method 'MinSecretSize' accepting a first argument of type 'SecretAreaConfig' could be found (are you missing a using directive or an assembly reference?)
E:\Tiny_Walnut_Games\TWG-MetVanDamn\Packages\com.tinywalnutgames.metvd.graph\Runtime\RoomManagementSystem.cs(204,41): error CS1729: 'RoomGenerationRequest' does not contain a constructor that takes 5 arguments
E:\Tiny_Walnut_Games\TWG-MetVanDamn\Packages\com.tinywalnutgames.metvd.graph\Runtime\RoomManagementSystem.cs(217,39): error CS1729: 'JumpPhysicsData' does not contain a constructor that takes 7 arguments
E:\Tiny_Walnut_Games\TWG-MetVanDamn\Packages\com.tinywalnutgames.metvd.graph\Runtime\RoomManagementSystem.cs(219,64): error CS1729: 'JumpArcValidation' does not contain a constructor that takes 3 arguments
E:\Tiny_Walnut_Games\TWG-MetVanDamn\Packages\com.tinywalnutgames.metvd.graph\Runtime\RoomManagementSystem.cs(232,40): error CS1729: 'SecretAreaConfig' does not contain a constructor that takes 6 arguments
E:\Tiny_Walnut_Games\TWG-MetVanDamn\Packages\com.tinywalnutgames.metvd.graph\Runtime\RoomManagementSystem.cs(250,61): error CS0117: 'RoomGeneratorType' does not contain a definition for 'LinearBranchingCorridor'
E:\Tiny_Walnut_Games\TWG-MetVanDamn\Packages\com.tinywalnutgames.metvd.graph\Runtime\RoomManagementSystem.cs(251,62): error CS0117: 'RoomGeneratorType' does not contain a definition for 'StackedSegment'
E:/Tiny_Walnut_Games/TWG-MetVanDamn/Packages/com.tinywalnutgames.metvd.graph/Runtime/SpecializedGenerators.cs(369,113): warning CS0649: Field 'WeightedTilePrefabGenerator.TypeHandle.__TinyWalnutGames_MetVD_Graph_WeightedTilePrefabJob_WithDefaultQuery_JobEntityTypeHandle' is never assigned to, and will always have its default value null
------ Build started: Project: TinyWalnutGames.MetVD.Graph.Tests.Player, Configuration: Debug Any CPU ------
E:\Tiny_Walnut_Games\TWG-MetVanDamn\Packages\com.tinywalnutgames.metvd.graph\Tests\Runtime\ProceduralRoomGenerationIntegrationTests.cs(280,58): error CS0246: The type or namespace name 'RectInt' could not be found (are you missing a using directive or an assembly reference?)
E:\Tiny_Walnut_Games\TWG-MetVanDamn\Packages\com.tinywalnutgames.metvd.graph\Tests\Runtime\ProceduralRoomGenerationIntegrationTests.cs(347,84): error CS0246: The type or namespace name 'RectInt' could not be found (are you missing a using directive or an assembly reference?)
E:\Tiny_Walnut_Games\TWG-MetVanDamn\Packages\com.tinywalnutgames.metvd.graph\Tests\Runtime\ProceduralRoomGenerationIntegrationTests.cs(395,57): error CS0246: The type or namespace name 'RectInt' could not be found (are you missing a using directive or an assembly reference?)
E:\Tiny_Walnut_Games\TWG-MetVanDamn\Packages\com.tinywalnutgames.metvd.graph\Tests\Runtime\ProceduralRoomGenerationTests.cs(45,33): error CS0315: The type 'TinyWalnutGames.MetVD.Graph.ProceduralRoomGeneratorSystem' cannot be used as type parameter 'T' in the generic type or method 'World.CreateSystemManaged<T>()'. There is no boxing conversion from 'TinyWalnutGames.MetVD.Graph.ProceduralRoomGeneratorSystem' to 'Unity.Entities.ComponentSystemBase'.
E:\Tiny_Walnut_Games\TWG-MetVanDamn\Packages\com.tinywalnutgames.metvd.graph\Tests\Runtime\ProceduralRoomGenerationTests.cs(46,20): error CS1061: 'ProceduralRoomGeneratorSystem' does not contain a definition for 'Update' and no accessible extension method 'Update' accepting a first argument of type 'ProceduralRoomGeneratorSystem' could be found (are you missing a using directive or an assembly reference?)
E:\Tiny_Walnut_Games\TWG-MetVanDamn\Packages\com.tinywalnutgames.metvd.graph\Tests\Runtime\ProceduralRoomGenerationTests.cs(75,40): error CS0315: The type 'TinyWalnutGames.MetVD.Graph.ProceduralRoomGeneratorSystem' cannot be used as type parameter 'T' in the generic type or method 'World.CreateSystemManaged<T>()'. There is no boxing conversion from 'TinyWalnutGames.MetVD.Graph.ProceduralRoomGeneratorSystem' to 'Unity.Entities.ComponentSystemBase'.
E:\Tiny_Walnut_Games\TWG-MetVanDamn\Packages\com.tinywalnutgames.metvd.graph\Tests\Runtime\ProceduralRoomGenerationTests.cs(76,39): error CS0315: The type 'TinyWalnutGames.MetVD.Graph.RoomNavigationGeneratorSystem' cannot be used as type parameter 'T' in the generic type or method 'World.CreateSystemManaged<T>()'. There is no boxing conversion from 'TinyWalnutGames.MetVD.Graph.RoomNavigationGeneratorSystem' to 'Unity.Entities.ComponentSystemBase'.
E:\Tiny_Walnut_Games\TWG-MetVanDamn\Packages\com.tinywalnutgames.metvd.graph\Tests\Runtime\ProceduralRoomGenerationTests.cs(78,27): error CS1061: 'ProceduralRoomGeneratorSystem' does not contain a definition for 'Update' and no accessible extension method 'Update' accepting a first argument of type 'ProceduralRoomGeneratorSystem' could be found (are you missing a using directive or an assembly reference?)
E:\Tiny_Walnut_Games\TWG-MetVanDamn\Packages\com.tinywalnutgames.metvd.graph\Tests\Runtime\ProceduralRoomGenerationTests.cs(79,26): error CS1061: 'RoomNavigationGeneratorSystem' does not contain a definition for 'Update' and no accessible extension method 'Update' accepting a first argument of type 'RoomNavigationGeneratorSystem' could be found (are you missing a using directive or an assembly reference?)
E:\Tiny_Walnut_Games\TWG-MetVanDamn\Packages\com.tinywalnutgames.metvd.graph\Tests\Runtime\ProceduralRoomGenerationTests.cs(111,40): error CS0315: The type 'TinyWalnutGames.MetVD.Graph.ProceduralRoomGeneratorSystem' cannot be used as type parameter 'T' in the generic type or method 'World.CreateSystemManaged<T>()'. There is no boxing conversion from 'TinyWalnutGames.MetVD.Graph.ProceduralRoomGeneratorSystem' to 'Unity.Entities.ComponentSystemBase'.
E:\Tiny_Walnut_Games\TWG-MetVanDamn\Packages\com.tinywalnutgames.metvd.graph\Tests\Runtime\ProceduralRoomGenerationTests.cs(112,39): error CS0315: The type 'TinyWalnutGames.MetVD.Graph.RoomNavigationGeneratorSystem' cannot be used as type parameter 'T' in the generic type or method 'World.CreateSystemManaged<T>()'. There is no boxing conversion from 'TinyWalnutGames.MetVD.Graph.RoomNavigationGeneratorSystem' to 'Unity.Entities.ComponentSystemBase'.
E:\Tiny_Walnut_Games\TWG-MetVanDamn\Packages\com.tinywalnutgames.metvd.graph\Tests\Runtime\ProceduralRoomGenerationTests.cs(113,42): error CS0315: The type 'TinyWalnutGames.MetVD.Graph.CinemachineZoneGeneratorSystem' cannot be used as type parameter 'T' in the generic type or method 'World.CreateSystemManaged<T>()'. There is no boxing conversion from 'TinyWalnutGames.MetVD.Graph.CinemachineZoneGeneratorSystem' to 'Unity.Entities.ComponentSystemBase'.
E:\Tiny_Walnut_Games\TWG-MetVanDamn\Packages\com.tinywalnutgames.metvd.graph\Tests\Runtime\ProceduralRoomGenerationTests.cs(115,27): error CS1061: 'ProceduralRoomGeneratorSystem' does not contain a definition for 'Update' and no accessible extension method 'Update' accepting a first argument of type 'ProceduralRoomGeneratorSystem' could be found (are you missing a using directive or an assembly reference?)
E:\Tiny_Walnut_Games\TWG-MetVanDamn\Packages\com.tinywalnutgames.metvd.graph\Tests\Runtime\ProceduralRoomGenerationTests.cs(116,26): error CS1061: 'RoomNavigationGeneratorSystem' does not contain a definition for 'Update' and no accessible extension method 'Update' accepting a first argument of type 'RoomNavigationGeneratorSystem' could be found (are you missing a using directive or an assembly reference?)
E:\Tiny_Walnut_Games\TWG-MetVanDamn\Packages\com.tinywalnutgames.metvd.graph\Tests\Runtime\ProceduralRoomGenerationTests.cs(117,29): error CS1061: 'CinemachineZoneGeneratorSystem' does not contain a definition for 'Update' and no accessible extension method 'Update' accepting a first argument of type 'CinemachineZoneGeneratorSystem' could be found (are you missing a using directive or an assembly reference?)
E:\Tiny_Walnut_Games\TWG-MetVanDamn\Packages\com.tinywalnutgames.metvd.graph\Tests\Runtime\ProceduralRoomGenerationTests.cs(215,40): error CS0315: The type 'TinyWalnutGames.MetVD.Graph.ProceduralRoomGeneratorSystem' cannot be used as type parameter 'T' in the generic type or method 'World.CreateSystemManaged<T>()'. There is no boxing conversion from 'TinyWalnutGames.MetVD.Graph.ProceduralRoomGeneratorSystem' to 'Unity.Entities.ComponentSystemBase'.
E:\Tiny_Walnut_Games\TWG-MetVanDamn\Packages\com.tinywalnutgames.metvd.graph\Tests\Runtime\ProceduralRoomGenerationTests.cs(216,39): error CS0315: The type 'TinyWalnutGames.MetVD.Graph.RoomNavigationGeneratorSystem' cannot be used as type parameter 'T' in the generic type or method 'World.CreateSystemManaged<T>()'. There is no boxing conversion from 'TinyWalnutGames.MetVD.Graph.RoomNavigationGeneratorSystem' to 'Unity.Entities.ComponentSystemBase'.
E:\Tiny_Walnut_Games\TWG-MetVanDamn\Packages\com.tinywalnutgames.metvd.graph\Tests\Runtime\ProceduralRoomGenerationTests.cs(217,42): error CS0315: The type 'TinyWalnutGames.MetVD.Graph.CinemachineZoneGeneratorSystem' cannot be used as type parameter 'T' in the generic type or method 'World.CreateSystemManaged<T>()'. There is no boxing conversion from 'TinyWalnutGames.MetVD.Graph.CinemachineZoneGeneratorSystem' to 'Unity.Entities.ComponentSystemBase'.
E:\Tiny_Walnut_Games\TWG-MetVanDamn\Packages\com.tinywalnutgames.metvd.graph\Tests\Runtime\ProceduralRoomGenerationTests.cs(219,27): error CS1061: 'ProceduralRoomGeneratorSystem' does not contain a definition for 'Update' and no accessible extension method 'Update' accepting a first argument of type 'ProceduralRoomGeneratorSystem' could be found (are you missing a using directive or an assembly reference?)
E:\Tiny_Walnut_Games\TWG-MetVanDamn\Packages\com.tinywalnutgames.metvd.graph\Tests\Runtime\ProceduralRoomGenerationTests.cs(220,26): error CS1061: 'RoomNavigationGeneratorSystem' does not contain a definition for 'Update' and no accessible extension method 'Update' accepting a first argument of type 'RoomNavigationGeneratorSystem' could be found (are you missing a using directive or an assembly reference?)
E:\Tiny_Walnut_Games\TWG-MetVanDamn\Packages\com.tinywalnutgames.metvd.graph\Tests\Runtime\ProceduralRoomGenerationTests.cs(221,29): error CS1061: 'CinemachineZoneGeneratorSystem' does not contain a definition for 'Update' and no accessible extension method 'Update' accepting a first argument of type 'CinemachineZoneGeneratorSystem' could be found (are you missing a using directive or an assembly reference?)
E:\Tiny_Walnut_Games\TWG-MetVanDamn\Packages\com.tinywalnutgames.metvd.graph\Tests\Runtime\ProceduralRoomGenerationIntegrationTests.cs(41,21): error CS0246: The type or namespace name 'RectInt' could not be found (are you missing a using directive or an assembly reference?)
E:\Tiny_Walnut_Games\TWG-MetVanDamn\Packages\com.tinywalnutgames.metvd.graph\Tests\Runtime\ProceduralRoomGenerationIntegrationTests.cs(51,61): error CS1061: 'RoomGenerationRequest' does not contain a definition for 'TargetBiome' and no accessible extension method 'TargetBiome' accepting a first argument of type 'RoomGenerationRequest' could be found (are you missing a using directive or an assembly reference?)
E:\Tiny_Walnut_Games\TWG-MetVanDamn\Packages\com.tinywalnutgames.metvd.graph\Tests\Runtime\ProceduralRoomGenerationIntegrationTests.cs(52,36): error CS1061: 'RoomGenerationRequest' does not contain a definition for 'AvailableSkills' and no accessible extension method 'AvailableSkills' accepting a first argument of type 'RoomGenerationRequest' could be found (are you missing a using directive or an assembly reference?)
E:\Tiny_Walnut_Games\TWG-MetVanDamn\Packages\com.tinywalnutgames.metvd.graph\Tests\Runtime\ProceduralRoomGenerationIntegrationTests.cs(64,21): error CS0246: The type or namespace name 'RectInt' could not be found (are you missing a using directive or an assembly reference?)
E:\Tiny_Walnut_Games\TWG-MetVanDamn\Packages\com.tinywalnutgames.metvd.graph\Tests\Runtime\ProceduralRoomGenerationIntegrationTests.cs(77,47): error CS1061: 'JumpPhysicsData' does not contain a definition for 'MaxJumpHeight' and no accessible extension method 'MaxJumpHeight' accepting a first argument of type 'JumpPhysicsData' could be found (are you missing a using directive or an assembly reference?)
E:\Tiny_Walnut_Games\TWG-MetVanDamn\Packages\com.tinywalnutgames.metvd.graph\Tests\Runtime\ProceduralRoomGenerationIntegrationTests.cs(86,21): error CS0246: The type or namespace name 'RectInt' could not be found (are you missing a using directive or an assembly reference?)
E:\Tiny_Walnut_Games\TWG-MetVanDamn\Packages\com.tinywalnutgames.metvd.graph\Tests\Runtime\ProceduralRoomGenerationIntegrationTests.cs(96,47): error CS0117: 'RoomGeneratorType' does not contain a definition for 'LayeredPlatformCloud'
E:\Tiny_Walnut_Games\TWG-MetVanDamn\Packages\com.tinywalnutgames.metvd.graph\Tests\Runtime\ProceduralRoomGenerationIntegrationTests.cs(97,59): error CS1061: 'RoomGenerationRequest' does not contain a definition for 'TargetBiome' and no accessible extension method 'TargetBiome' accepting a first argument of type 'RoomGenerationRequest' could be found (are you missing a using directive or an assembly reference?)
E:\Tiny_Walnut_Games\TWG-MetVanDamn\Packages\com.tinywalnutgames.metvd.graph\Tests\Runtime\ProceduralRoomGenerationIntegrationTests.cs(107,21): error CS0246: The type or namespace name 'RectInt' could not be found (are you missing a using directive or an assembly reference?)
E:\Tiny_Walnut_Games\TWG-MetVanDamn\Packages\com.tinywalnutgames.metvd.graph\Tests\Runtime\ProceduralRoomGenerationIntegrationTests.cs(116,47): error CS0117: 'RoomGeneratorType' does not contain a definition for 'LinearBranchingCorridor'
E:\Tiny_Walnut_Games\TWG-MetVanDamn\Packages\com.tinywalnutgames.metvd.graph\Tests\Runtime\ProceduralRoomGenerationIntegrationTests.cs(117,44): error CS0117: 'RoomLayoutType' does not contain a definition for 'Horizontal'
E:\Tiny_Walnut_Games\TWG-MetVanDamn\Packages\com.tinywalnutgames.metvd.graph\Tests\Runtime\ProceduralRoomGenerationIntegrationTests.cs(117,64): error CS1061: 'RoomGenerationRequest' does not contain a definition for 'LayoutType' and no accessible extension method 'LayoutType' accepting a first argument of type 'RoomGenerationRequest' could be found (are you missing a using directive or an assembly reference?)
E:\Tiny_Walnut_Games\TWG-MetVanDamn\Packages\com.tinywalnutgames.metvd.graph\Tests\Runtime\ProceduralRoomGenerationIntegrationTests.cs(126,21): error CS0246: The type or namespace name 'RectInt' could not be found (are you missing a using directive or an assembly reference?)
E:\Tiny_Walnut_Games\TWG-MetVanDamn\Packages\com.tinywalnutgames.metvd.graph\Tests\Runtime\ProceduralRoomGenerationIntegrationTests.cs(135,47): error CS0117: 'RoomGeneratorType' does not contain a definition for 'StackedSegment'
E:\Tiny_Walnut_Games\TWG-MetVanDamn\Packages\com.tinywalnutgames.metvd.graph\Tests\Runtime\ProceduralRoomGenerationIntegrationTests.cs(136,62): error CS1061: 'RoomGenerationRequest' does not contain a definition for 'LayoutType' and no accessible extension method 'LayoutType' accepting a first argument of type 'RoomGenerationRequest' could be found (are you missing a using directive or an assembly reference?)
E:\Tiny_Walnut_Games\TWG-MetVanDamn\Packages\com.tinywalnutgames.metvd.graph\Tests\Runtime\ProceduralRoomGenerationIntegrationTests.cs(145,21): error CS0246: The type or namespace name 'RectInt' could not be found (are you missing a using directive or an assembly reference?)
E:\Tiny_Walnut_Games\TWG-MetVanDamn\Packages\com.tinywalnutgames.metvd.graph\Tests\Runtime\ProceduralRoomGenerationIntegrationTests.cs(154,56): error CS1061: 'SecretAreaConfig' does not contain a definition for 'SecretSkillRequirement' and no accessible extension method 'SecretSkillRequirement' accepting a first argument of type 'SecretAreaConfig' could be found (are you missing a using directive or an assembly reference?)
E:\Tiny_Walnut_Games\TWG-MetVanDamn\Packages\com.tinywalnutgames.metvd.graph\Tests\Runtime\ProceduralRoomGenerationIntegrationTests.cs(155,40): error CS1061: 'SecretAreaConfig' does not contain a definition for 'UseDestructibleWalls' and no accessible extension method 'UseDestructibleWalls' accepting a first argument of type 'SecretAreaConfig' could be found (are you missing a using directive or an assembly reference?)
E:\Tiny_Walnut_Games\TWG-MetVanDamn\Packages\com.tinywalnutgames.metvd.graph\Tests\Runtime\ProceduralRoomGenerationIntegrationTests.cs(156,49): error CS1061: 'SecretAreaConfig' does not contain a definition for 'SecretAreaPercentage' and no accessible extension method 'SecretAreaPercentage' accepting a first argument of type 'SecretAreaConfig' could be found (are you missing a using directive or an assembly reference?)
E:\Tiny_Walnut_Games\TWG-MetVanDamn\Packages\com.tinywalnutgames.metvd.graph\Tests\Runtime\ProceduralRoomGenerationIntegrationTests.cs(165,21): error CS0246: The type or namespace name 'RectInt' could not be found (are you missing a using directive or an assembly reference?)
E:\Tiny_Walnut_Games\TWG-MetVanDamn\Packages\com.tinywalnutgames.metvd.graph\Tests\Runtime\ProceduralRoomGenerationIntegrationTests.cs(183,70): error CS0246: The type or namespace name 'RectInt' could not be found (are you missing a using directive or an assembly reference?)
E:\Tiny_Walnut_Games\TWG-MetVanDamn\Packages\com.tinywalnutgames.metvd.graph\Tests\Runtime\ProceduralRoomGenerationIntegrationTests.cs(184,69): error CS0246: The type or namespace name 'RectInt' could not be found (are you missing a using directive or an assembly reference?)
E:\Tiny_Walnut_Games\TWG-MetVanDamn\Packages\com.tinywalnutgames.metvd.graph\Tests\Runtime\ProceduralRoomGenerationIntegrationTests.cs(194,56): error CS1061: 'RoomGenerationRequest' does not contain a definition for 'TargetPolarity' and no accessible extension method 'TargetPolarity' accepting a first argument of type 'RoomGenerationRequest' could be found (are you missing a using directive or an assembly reference?)
E:\Tiny_Walnut_Games\TWG-MetVanDamn\Packages\com.tinywalnutgames.metvd.graph\Tests\Runtime\ProceduralRoomGenerationIntegrationTests.cs(195,55): error CS1061: 'RoomGenerationRequest' does not contain a definition for 'TargetPolarity' and no accessible extension method 'TargetPolarity' accepting a first argument of type 'RoomGenerationRequest' could be found (are you missing a using directive or an assembly reference?)
E:\Tiny_Walnut_Games\TWG-MetVanDamn\Packages\com.tinywalnutgames.metvd.graph\Tests\Runtime\ProceduralRoomGenerationIntegrationTests.cs(206,21): error CS0246: The type or namespace name 'RectInt' could not be found (are you missing a using directive or an assembly reference?)
E:\Tiny_Walnut_Games\TWG-MetVanDamn\Packages\com.tinywalnutgames.metvd.graph\Tests\Runtime\ProceduralRoomGenerationIntegrationTests.cs(215,40): error CS1061: 'RoomGenerationRequest' does not contain a definition for 'CurrentStep' and no accessible extension method 'CurrentStep' accepting a first argument of type 'RoomGenerationRequest' could be found (are you missing a using directive or an assembly reference?)
E:\Tiny_Walnut_Games\TWG-MetVanDamn\Packages\com.tinywalnutgames.metvd.graph\Tests\Runtime\ProceduralRoomGenerationIntegrationTests.cs(218,21): error CS1061: 'RoomGenerationRequest' does not contain a definition for 'CurrentStep' and no accessible extension method 'CurrentStep' accepting a first argument of type 'RoomGenerationRequest' could be found (are you missing a using directive or an assembly reference?)
E:\Tiny_Walnut_Games\TWG-MetVanDamn\Packages\com.tinywalnutgames.metvd.graph\Tests\Runtime\ProceduralRoomGenerationIntegrationTests.cs(219,21): error CS1061: 'RoomGenerationRequest' does not contain a definition for 'IsComplete' and no accessible extension method 'IsComplete' accepting a first argument of type 'RoomGenerationRequest' could be found (are you missing a using directive or an assembly reference?)
E:\Tiny_Walnut_Games\TWG-MetVanDamn\Packages\com.tinywalnutgames.metvd.graph\Tests\Runtime\ProceduralRoomGenerationIntegrationTests.cs(225,45): error CS1061: 'RoomGenerationRequest' does not contain a definition for 'CurrentStep' and no accessible extension method 'CurrentStep' accepting a first argument of type 'RoomGenerationRequest' could be found (are you missing a using directive or an assembly reference?)
E:\Tiny_Walnut_Games\TWG-MetVanDamn\Packages\com.tinywalnutgames.metvd.graph\Tests\Runtime\ProceduralRoomGenerationIntegrationTests.cs(226,40): error CS1061: 'RoomGenerationRequest' does not contain a definition for 'IsComplete' and no accessible extension method 'IsComplete' accepting a first argument of type 'RoomGenerationRequest' could be found (are you missing a using directive or an assembly reference?)
E:\Tiny_Walnut_Games\TWG-MetVanDamn\Packages\com.tinywalnutgames.metvd.graph\Tests\Runtime\ProceduralRoomGenerationIntegrationTests.cs(240,31): error CS1729: 'JumpPhysicsData' does not contain a constructor that takes 7 arguments
E:\Tiny_Walnut_Games\TWG-MetVanDamn\Packages\com.tinywalnutgames.metvd.graph\Tests\Runtime\ProceduralRoomGenerationIntegrationTests.cs(243,46): error CS7036: There is no argument given that corresponds to the required parameter 'physics' of 'JumpArcSolver.ValidateRoomReachability(int2, NativeArray<int2>, Ability, JumpArcPhysics, RectInt, Allocator)'
E:\Tiny_Walnut_Games\TWG-MetVanDamn\Packages\com.tinywalnutgames.metvd.graph\Tests\Runtime\ProceduralRoomGenerationIntegrationTests.cs(257,65): error CS0246: The type or namespace name 'RectInt' could not be found (are you missing a using directive or an assembly reference?)
E:\Tiny_Walnut_Games\TWG-MetVanDamn\Packages\com.tinywalnutgames.metvd.graph\Tests\Runtime\ProceduralRoomGenerationIntegrationTests.cs(258,72): error CS0246: The type or namespace name 'RectInt' could not be found (are you missing a using directive or an assembly reference?)
E:\Tiny_Walnut_Games\TWG-MetVanDamn\Packages\com.tinywalnutgames.metvd.graph\Tests\Runtime\ProceduralRoomGenerationIntegrationTests.cs(259,68): error CS0246: The type or namespace name 'RectInt' could not be found (are you missing a using directive or an assembly reference?)
E:\Tiny_Walnut_Games\TWG-MetVanDamn\Packages\com.tinywalnutgames.metvd.graph\Tests\Runtime\ProceduralRoomGenerationIntegrationTests.cs(299,41): error CS1729: 'RoomGenerationRequest' does not contain a constructor that takes 5 arguments
E:\Tiny_Walnut_Games\TWG-MetVanDamn\Packages\com.tinywalnutgames.metvd.graph\Tests\Runtime\ProceduralRoomGenerationIntegrationTests.cs(329,43): error CS1729: 'JumpPhysicsData' does not contain a constructor that takes 7 arguments
E:\Tiny_Walnut_Games\TWG-MetVanDamn\Packages\com.tinywalnutgames.metvd.graph\Tests\Runtime\ProceduralRoomGenerationIntegrationTests.cs(334,65): error CS1729: 'JumpArcValidation' does not contain a constructor that takes 3 arguments
E:\Tiny_Walnut_Games\TWG-MetVanDamn\Packages\com.tinywalnutgames.metvd.graph\Tests\Runtime\ProceduralRoomGenerationIntegrationTests.cs(340,44): error CS1729: 'SecretAreaConfig' does not contain a constructor that takes 6 arguments
E:\Tiny_Walnut_Games\TWG-MetVanDamn\Packages\com.tinywalnutgames.metvd.graph\Tests\Runtime\ProceduralRoomGenerationIntegrationTests.cs(356,67): error CS0117: 'RoomGeneratorType' does not contain a definition for 'LayeredPlatformCloud'
E:\Tiny_Walnut_Games\TWG-MetVanDamn\Packages\com.tinywalnutgames.metvd.graph\Tests\Runtime\ProceduralRoomGenerationIntegrationTests.cs(357,71): error CS0117: 'RoomGeneratorType' does not contain a definition for 'BiomeWeightedHeightmap'
E:\Tiny_Walnut_Games\TWG-MetVanDamn\Packages\com.tinywalnutgames.metvd.graph\Tests\Runtime\ProceduralRoomGenerationIntegrationTests.cs(358,64): error CS0117: 'RoomGeneratorType' does not contain a definition for 'LinearBranchingCorridor'
E:\Tiny_Walnut_Games\TWG-MetVanDamn\Packages\com.tinywalnutgames.metvd.graph\Tests\Runtime\ProceduralRoomGenerationIntegrationTests.cs(359,65): error CS0117: 'RoomGeneratorType' does not contain a definition for 'StackedSegment'
------ Build started: Project: TinyWalnutGames.MetVD.Authoring.Player, Configuration: Debug Any CPU ------
------ Build started: Project: TinyWalnutGames.MetVD.Authoring, Configuration: Debug Any CPU ------
------ Build started: Project: TinyWalnutGames.MetVD.Graph.Tests, Configuration: Debug Any CPU ------
E:\Tiny_Walnut_Games\TWG-MetVanDamn\Packages\com.tinywalnutgames.metvd.graph\Tests\Runtime\ProceduralRoomGenerationIntegrationTests.cs(280,58): error CS0246: The type or namespace name 'RectInt' could not be found (are you missing a using directive or an assembly reference?)
E:\Tiny_Walnut_Games\TWG-MetVanDamn\Packages\com.tinywalnutgames.metvd.graph\Tests\Runtime\ProceduralRoomGenerationIntegrationTests.cs(347,84): error CS0246: The type or namespace name 'RectInt' could not be found (are you missing a using directive or an assembly reference?)
E:\Tiny_Walnut_Games\TWG-MetVanDamn\Packages\com.tinywalnutgames.metvd.graph\Tests\Runtime\ProceduralRoomGenerationIntegrationTests.cs(395,57): error CS0246: The type or namespace name 'RectInt' could not be found (are you missing a using directive or an assembly reference?)
E:\Tiny_Walnut_Games\TWG-MetVanDamn\Packages\com.tinywalnutgames.metvd.graph\Tests\Runtime\ProceduralRoomGenerationTests.cs(45,33): error CS0315: The type 'TinyWalnutGames.MetVD.Graph.ProceduralRoomGeneratorSystem' cannot be used as type parameter 'T' in the generic type or method 'World.CreateSystemManaged<T>()'. There is no boxing conversion from 'TinyWalnutGames.MetVD.Graph.ProceduralRoomGeneratorSystem' to 'Unity.Entities.ComponentSystemBase'.
E:\Tiny_Walnut_Games\TWG-MetVanDamn\Packages\com.tinywalnutgames.metvd.graph\Tests\Runtime\ProceduralRoomGenerationTests.cs(46,20): error CS1061: 'ProceduralRoomGeneratorSystem' does not contain a definition for 'Update' and no accessible extension method 'Update' accepting a first argument of type 'ProceduralRoomGeneratorSystem' could be found (are you missing a using directive or an assembly reference?)
E:\Tiny_Walnut_Games\TWG-MetVanDamn\Packages\com.tinywalnutgames.metvd.graph\Tests\Runtime\ProceduralRoomGenerationTests.cs(75,40): error CS0315: The type 'TinyWalnutGames.MetVD.Graph.ProceduralRoomGeneratorSystem' cannot be used as type parameter 'T' in the generic type or method 'World.CreateSystemManaged<T>()'. There is no boxing conversion from 'TinyWalnutGames.MetVD.Graph.ProceduralRoomGeneratorSystem' to 'Unity.Entities.ComponentSystemBase'.
E:\Tiny_Walnut_Games\TWG-MetVanDamn\Packages\com.tinywalnutgames.metvd.graph\Tests\Runtime\ProceduralRoomGenerationTests.cs(76,39): error CS0315: The type 'TinyWalnutGames.MetVD.Graph.RoomNavigationGeneratorSystem' cannot be used as type parameter 'T' in the generic type or method 'World.CreateSystemManaged<T>()'. There is no boxing conversion from 'TinyWalnutGames.MetVD.Graph.RoomNavigationGeneratorSystem' to 'Unity.Entities.ComponentSystemBase'.
E:\Tiny_Walnut_Games\TWG-MetVanDamn\Packages\com.tinywalnutgames.metvd.graph\Tests\Runtime\ProceduralRoomGenerationTests.cs(78,27): error CS1061: 'ProceduralRoomGeneratorSystem' does not contain a definition for 'Update' and no accessible extension method 'Update' accepting a first argument of type 'ProceduralRoomGeneratorSystem' could be found (are you missing a using directive or an assembly reference?)
E:\Tiny_Walnut_Games\TWG-MetVanDamn\Packages\com.tinywalnutgames.metvd.graph\Tests\Runtime\ProceduralRoomGenerationTests.cs(79,26): error CS1061: 'RoomNavigationGeneratorSystem' does not contain a definition for 'Update' and no accessible extension method 'Update' accepting a first argument of type 'RoomNavigationGeneratorSystem' could be found (are you missing a using directive or an assembly reference?)
E:\Tiny_Walnut_Games\TWG-MetVanDamn\Packages\com.tinywalnutgames.metvd.graph\Tests\Runtime\ProceduralRoomGenerationTests.cs(111,40): error CS0315: The type 'TinyWalnutGames.MetVD.Graph.ProceduralRoomGeneratorSystem' cannot be used as type parameter 'T' in the generic type or method 'World.CreateSystemManaged<T>()'. There is no boxing conversion from 'TinyWalnutGames.MetVD.Graph.ProceduralRoomGeneratorSystem' to 'Unity.Entities.ComponentSystemBase'.
E:\Tiny_Walnut_Games\TWG-MetVanDamn\Packages\com.tinywalnutgames.metvd.graph\Tests\Runtime\ProceduralRoomGenerationTests.cs(112,39): error CS0315: The type 'TinyWalnutGames.MetVD.Graph.RoomNavigationGeneratorSystem' cannot be used as type parameter 'T' in the generic type or method 'World.CreateSystemManaged<T>()'. There is no boxing conversion from 'TinyWalnutGames.MetVD.Graph.RoomNavigationGeneratorSystem' to 'Unity.Entities.ComponentSystemBase'.
E:\Tiny_Walnut_Games\TWG-MetVanDamn\Packages\com.tinywalnutgames.metvd.graph\Tests\Runtime\ProceduralRoomGenerationTests.cs(113,42): error CS0315: The type 'TinyWalnutGames.MetVD.Graph.CinemachineZoneGeneratorSystem' cannot be used as type parameter 'T' in the generic type or method 'World.CreateSystemManaged<T>()'. There is no boxing conversion from 'TinyWalnutGames.MetVD.Graph.CinemachineZoneGeneratorSystem' to 'Unity.Entities.ComponentSystemBase'.
E:\Tiny_Walnut_Games\TWG-MetVanDamn\Packages\com.tinywalnutgames.metvd.graph\Tests\Runtime\ProceduralRoomGenerationTests.cs(115,27): error CS1061: 'ProceduralRoomGeneratorSystem' does not contain a definition for 'Update' and no accessible extension method 'Update' accepting a first argument of type 'ProceduralRoomGeneratorSystem' could be found (are you missing a using directive or an assembly reference?)
E:\Tiny_Walnut_Games\TWG-MetVanDamn\Packages\com.tinywalnutgames.metvd.graph\Tests\Runtime\ProceduralRoomGenerationTests.cs(116,26): error CS1061: 'RoomNavigationGeneratorSystem' does not contain a definition for 'Update' and no accessible extension method 'Update' accepting a first argument of type 'RoomNavigationGeneratorSystem' could be found (are you missing a using directive or an assembly reference?)
E:\Tiny_Walnut_Games\TWG-MetVanDamn\Packages\com.tinywalnutgames.metvd.graph\Tests\Runtime\ProceduralRoomGenerationTests.cs(117,29): error CS1061: 'CinemachineZoneGeneratorSystem' does not contain a definition for 'Update' and no accessible extension method 'Update' accepting a first argument of type 'CinemachineZoneGeneratorSystem' could be found (are you missing a using directive or an assembly reference?)
E:\Tiny_Walnut_Games\TWG-MetVanDamn\Packages\com.tinywalnutgames.metvd.graph\Tests\Runtime\ProceduralRoomGenerationTests.cs(215,40): error CS0315: The type 'TinyWalnutGames.MetVD.Graph.ProceduralRoomGeneratorSystem' cannot be used as type parameter 'T' in the generic type or method 'World.CreateSystemManaged<T>()'. There is no boxing conversion from 'TinyWalnutGames.MetVD.Graph.ProceduralRoomGeneratorSystem' to 'Unity.Entities.ComponentSystemBase'.
E:\Tiny_Walnut_Games\TWG-MetVanDamn\Packages\com.tinywalnutgames.metvd.graph\Tests\Runtime\ProceduralRoomGenerationTests.cs(216,39): error CS0315: The type 'TinyWalnutGames.MetVD.Graph.RoomNavigationGeneratorSystem' cannot be used as type parameter 'T' in the generic type or method 'World.CreateSystemManaged<T>()'. There is no boxing conversion from 'TinyWalnutGames.MetVD.Graph.RoomNavigationGeneratorSystem' to 'Unity.Entities.ComponentSystemBase'.
E:\Tiny_Walnut_Games\TWG-MetVanDamn\Packages\com.tinywalnutgames.metvd.graph\Tests\Runtime\ProceduralRoomGenerationTests.cs(217,42): error CS0315: The type 'TinyWalnutGames.MetVD.Graph.CinemachineZoneGeneratorSystem' cannot be used as type parameter 'T' in the generic type or method 'World.CreateSystemManaged<T>()'. There is no boxing conversion from 'TinyWalnutGames.MetVD.Graph.CinemachineZoneGeneratorSystem' to 'Unity.Entities.ComponentSystemBase'.
E:\Tiny_Walnut_Games\TWG-MetVanDamn\Packages\com.tinywalnutgames.metvd.graph\Tests\Runtime\ProceduralRoomGenerationTests.cs(219,27): error CS1061: 'ProceduralRoomGeneratorSystem' does not contain a definition for 'Update' and no accessible extension method 'Update' accepting a first argument of type 'ProceduralRoomGeneratorSystem' could be found (are you missing a using directive or an assembly reference?)
E:\Tiny_Walnut_Games\TWG-MetVanDamn\Packages\com.tinywalnutgames.metvd.graph\Tests\Runtime\ProceduralRoomGenerationTests.cs(220,26): error CS1061: 'RoomNavigationGeneratorSystem' does not contain a definition for 'Update' and no accessible extension method 'Update' accepting a first argument of type 'RoomNavigationGeneratorSystem' could be found (are you missing a using directive or an assembly reference?)
E:\Tiny_Walnut_Games\TWG-MetVanDamn\Packages\com.tinywalnutgames.metvd.graph\Tests\Runtime\ProceduralRoomGenerationTests.cs(221,29): error CS1061: 'CinemachineZoneGeneratorSystem' does not contain a definition for 'Update' and no accessible extension method 'Update' accepting a first argument of type 'CinemachineZoneGeneratorSystem' could be found (are you missing a using directive or an assembly reference?)
E:\Tiny_Walnut_Games\TWG-MetVanDamn\Packages\com.tinywalnutgames.metvd.graph\Tests\Runtime\ProceduralRoomGenerationIntegrationTests.cs(41,21): error CS0246: The type or namespace name 'RectInt' could not be found (are you missing a using directive or an assembly reference?)
E:\Tiny_Walnut_Games\TWG-MetVanDamn\Packages\com.tinywalnutgames.metvd.graph\Tests\Runtime\ProceduralRoomGenerationIntegrationTests.cs(51,61): error CS1061: 'RoomGenerationRequest' does not contain a definition for 'TargetBiome' and no accessible extension method 'TargetBiome' accepting a first argument of type 'RoomGenerationRequest' could be found (are you missing a using directive or an assembly reference?)
E:\Tiny_Walnut_Games\TWG-MetVanDamn\Packages\com.tinywalnutgames.metvd.graph\Tests\Runtime\ProceduralRoomGenerationIntegrationTests.cs(52,36): error CS1061: 'RoomGenerationRequest' does not contain a definition for 'AvailableSkills' and no accessible extension method 'AvailableSkills' accepting a first argument of type 'RoomGenerationRequest' could be found (are you missing a using directive or an assembly reference?)
E:\Tiny_Walnut_Games\TWG-MetVanDamn\Packages\com.tinywalnutgames.metvd.graph\Tests\Runtime\ProceduralRoomGenerationIntegrationTests.cs(64,21): error CS0246: The type or namespace name 'RectInt' could not be found (are you missing a using directive or an assembly reference?)
E:\Tiny_Walnut_Games\TWG-MetVanDamn\Packages\com.tinywalnutgames.metvd.graph\Tests\Runtime\ProceduralRoomGenerationIntegrationTests.cs(77,47): error CS1061: 'JumpPhysicsData' does not contain a definition for 'MaxJumpHeight' and no accessible extension method 'MaxJumpHeight' accepting a first argument of type 'JumpPhysicsData' could be found (are you missing a using directive or an assembly reference?)
E:\Tiny_Walnut_Games\TWG-MetVanDamn\Packages\com.tinywalnutgames.metvd.graph\Tests\Runtime\ProceduralRoomGenerationIntegrationTests.cs(86,21): error CS0246: The type or namespace name 'RectInt' could not be found (are you missing a using directive or an assembly reference?)
E:\Tiny_Walnut_Games\TWG-MetVanDamn\Packages\com.tinywalnutgames.metvd.graph\Tests\Runtime\ProceduralRoomGenerationIntegrationTests.cs(96,47): error CS0117: 'RoomGeneratorType' does not contain a definition for 'LayeredPlatformCloud'
E:\Tiny_Walnut_Games\TWG-MetVanDamn\Packages\com.tinywalnutgames.metvd.graph\Tests\Runtime\ProceduralRoomGenerationIntegrationTests.cs(97,59): error CS1061: 'RoomGenerationRequest' does not contain a definition for 'TargetBiome' and no accessible extension method 'TargetBiome' accepting a first argument of type 'RoomGenerationRequest' could be found (are you missing a using directive or an assembly reference?)
E:\Tiny_Walnut_Games\TWG-MetVanDamn\Packages\com.tinywalnutgames.metvd.graph\Tests\Runtime\ProceduralRoomGenerationIntegrationTests.cs(107,21): error CS0246: The type or namespace name 'RectInt' could not be found (are you missing a using directive or an assembly reference?)
E:\Tiny_Walnut_Games\TWG-MetVanDamn\Packages\com.tinywalnutgames.metvd.graph\Tests\Runtime\ProceduralRoomGenerationIntegrationTests.cs(116,47): error CS0117: 'RoomGeneratorType' does not contain a definition for 'LinearBranchingCorridor'
E:\Tiny_Walnut_Games\TWG-MetVanDamn\Packages\com.tinywalnutgames.metvd.graph\Tests\Runtime\ProceduralRoomGenerationIntegrationTests.cs(117,44): error CS0117: 'RoomLayoutType' does not contain a definition for 'Horizontal'
E:\Tiny_Walnut_Games\TWG-MetVanDamn\Packages\com.tinywalnutgames.metvd.graph\Tests\Runtime\ProceduralRoomGenerationIntegrationTests.cs(117,64): error CS1061: 'RoomGenerationRequest' does not contain a definition for 'LayoutType' and no accessible extension method 'LayoutType' accepting a first argument of type 'RoomGenerationRequest' could be found (are you missing a using directive or an assembly reference?)
E:\Tiny_Walnut_Games\TWG-MetVanDamn\Packages\com.tinywalnutgames.metvd.graph\Tests\Runtime\ProceduralRoomGenerationIntegrationTests.cs(126,21): error CS0246: The type or namespace name 'RectInt' could not be found (are you missing a using directive or an assembly reference?)
E:\Tiny_Walnut_Games\TWG-MetVanDamn\Packages\com.tinywalnutgames.metvd.graph\Tests\Runtime\ProceduralRoomGenerationIntegrationTests.cs(135,47): error CS0117: 'RoomGeneratorType' does not contain a definition for 'StackedSegment'
E:\Tiny_Walnut_Games\TWG-MetVanDamn\Packages\com.tinywalnutgames.metvd.graph\Tests\Runtime\ProceduralRoomGenerationIntegrationTests.cs(136,62): error CS1061: 'RoomGenerationRequest' does not contain a definition for 'LayoutType' and no accessible extension method 'LayoutType' accepting a first argument of type 'RoomGenerationRequest' could be found (are you missing a using directive or an assembly reference?)
E:\Tiny_Walnut_Games\TWG-MetVanDamn\Packages\com.tinywalnutgames.metvd.graph\Tests\Runtime\ProceduralRoomGenerationIntegrationTests.cs(145,21): error CS0246: The type or namespace name 'RectInt' could not be found (are you missing a using directive or an assembly reference?)
E:\Tiny_Walnut_Games\TWG-MetVanDamn\Packages\com.tinywalnutgames.metvd.graph\Tests\Runtime\ProceduralRoomGenerationIntegrationTests.cs(154,56): error CS1061: 'SecretAreaConfig' does not contain a definition for 'SecretSkillRequirement' and no accessible extension method 'SecretSkillRequirement' accepting a first argument of type 'SecretAreaConfig' could be found (are you missing a using directive or an assembly reference?)
E:\Tiny_Walnut_Games\TWG-MetVanDamn\Packages\com.tinywalnutgames.metvd.graph\Tests\Runtime\ProceduralRoomGenerationIntegrationTests.cs(155,40): error CS1061: 'SecretAreaConfig' does not contain a definition for 'UseDestructibleWalls' and no accessible extension method 'UseDestructibleWalls' accepting a first argument of type 'SecretAreaConfig' could be found (are you missing a using directive or an assembly reference?)
E:\Tiny_Walnut_Games\TWG-MetVanDamn\Packages\com.tinywalnutgames.metvd.graph\Tests\Runtime\ProceduralRoomGenerationIntegrationTests.cs(156,49): error CS1061: 'SecretAreaConfig' does not contain a definition for 'SecretAreaPercentage' and no accessible extension method 'SecretAreaPercentage' accepting a first argument of type 'SecretAreaConfig' could be found (are you missing a using directive or an assembly reference?)
E:\Tiny_Walnut_Games\TWG-MetVanDamn\Packages\com.tinywalnutgames.metvd.graph\Tests\Runtime\ProceduralRoomGenerationIntegrationTests.cs(165,21): error CS0246: The type or namespace name 'RectInt' could not be found (are you missing a using directive or an assembly reference?)
E:\Tiny_Walnut_Games\TWG-MetVanDamn\Packages\com.tinywalnutgames.metvd.graph\Tests\Runtime\ProceduralRoomGenerationIntegrationTests.cs(183,70): error CS0246: The type or namespace name 'RectInt' could not be found (are you missing a using directive or an assembly reference?)
E:\Tiny_Walnut_Games\TWG-MetVanDamn\Packages\com.tinywalnutgames.metvd.graph\Tests\Runtime\ProceduralRoomGenerationIntegrationTests.cs(184,69): error CS0246: The type or namespace name 'RectInt' could not be found (are you missing a using directive or an assembly reference?)
E:\Tiny_Walnut_Games\TWG-MetVanDamn\Packages\com.tinywalnutgames.metvd.graph\Tests\Runtime\ProceduralRoomGenerationIntegrationTests.cs(194,56): error CS1061: 'RoomGenerationRequest' does not contain a definition for 'TargetPolarity' and no accessible extension method 'TargetPolarity' accepting a first argument of type 'RoomGenerationRequest' could be found (are you missing a using directive or an assembly reference?)
E:\Tiny_Walnut_Games\TWG-MetVanDamn\Packages\com.tinywalnutgames.metvd.graph\Tests\Runtime\ProceduralRoomGenerationIntegrationTests.cs(195,55): error CS1061: 'RoomGenerationRequest' does not contain a definition for 'TargetPolarity' and no accessible extension method 'TargetPolarity' accepting a first argument of type 'RoomGenerationRequest' could be found (are you missing a using directive or an assembly reference?)
E:\Tiny_Walnut_Games\TWG-MetVanDamn\Packages\com.tinywalnutgames.metvd.graph\Tests\Runtime\ProceduralRoomGenerationIntegrationTests.cs(206,21): error CS0246: The type or namespace name 'RectInt' could not be found (are you missing a using directive or an assembly reference?)
E:\Tiny_Walnut_Games\TWG-MetVanDamn\Packages\com.tinywalnutgames.metvd.graph\Tests\Runtime\ProceduralRoomGenerationIntegrationTests.cs(215,40): error CS1061: 'RoomGenerationRequest' does not contain a definition for 'CurrentStep' and no accessible extension method 'CurrentStep' accepting a first argument of type 'RoomGenerationRequest' could be found (are you missing a using directive or an assembly reference?)
E:\Tiny_Walnut_Games\TWG-MetVanDamn\Packages\com.tinywalnutgames.metvd.graph\Tests\Runtime\ProceduralRoomGenerationIntegrationTests.cs(218,21): error CS1061: 'RoomGenerationRequest' does not contain a definition for 'CurrentStep' and no accessible extension method 'CurrentStep' accepting a first argument of type 'RoomGenerationRequest' could be found (are you missing a using directive or an assembly reference?)
E:\Tiny_Walnut_Games\TWG-MetVanDamn\Packages\com.tinywalnutgames.metvd.graph\Tests\Runtime\ProceduralRoomGenerationIntegrationTests.cs(219,21): error CS1061: 'RoomGenerationRequest' does not contain a definition for 'IsComplete' and no accessible extension method 'IsComplete' accepting a first argument of type 'RoomGenerationRequest' could be found (are you missing a using directive or an assembly reference?)
E:\Tiny_Walnut_Games\TWG-MetVanDamn\Packages\com.tinywalnutgames.metvd.graph\Tests\Runtime\ProceduralRoomGenerationIntegrationTests.cs(225,45): error CS1061: 'RoomGenerationRequest' does not contain a definition for 'CurrentStep' and no accessible extension method 'CurrentStep' accepting a first argument of type 'RoomGenerationRequest' could be found (are you missing a using directive or an assembly reference?)
E:\Tiny_Walnut_Games\TWG-MetVanDamn\Packages\com.tinywalnutgames.metvd.graph\Tests\Runtime\ProceduralRoomGenerationIntegrationTests.cs(226,40): error CS1061: 'RoomGenerationRequest' does not contain a definition for 'IsComplete' and no accessible extension method 'IsComplete' accepting a first argument of type 'RoomGenerationRequest' could be found (are you missing a using directive or an assembly reference?)
E:\Tiny_Walnut_Games\TWG-MetVanDamn\Packages\com.tinywalnutgames.metvd.graph\Tests\Runtime\ProceduralRoomGenerationIntegrationTests.cs(240,31): error CS1729: 'JumpPhysicsData' does not contain a constructor that takes 7 arguments
E:\Tiny_Walnut_Games\TWG-MetVanDamn\Packages\com.tinywalnutgames.metvd.graph\Tests\Runtime\ProceduralRoomGenerationIntegrationTests.cs(243,46): error CS7036: There is no argument given that corresponds to the required parameter 'physics' of 'JumpArcSolver.ValidateRoomReachability(int2, NativeArray<int2>, Ability, JumpArcPhysics, RectInt, Allocator)'
E:\Tiny_Walnut_Games\TWG-MetVanDamn\Packages\com.tinywalnutgames.metvd.graph\Tests\Runtime\ProceduralRoomGenerationIntegrationTests.cs(257,65): error CS0246: The type or namespace name 'RectInt' could not be found (are you missing a using directive or an assembly reference?)
E:\Tiny_Walnut_Games\TWG-MetVanDamn\Packages\com.tinywalnutgames.metvd.graph\Tests\Runtime\ProceduralRoomGenerationIntegrationTests.cs(258,72): error CS0246: The type or namespace name 'RectInt' could not be found (are you missing a using directive or an assembly reference?)
E:\Tiny_Walnut_Games\TWG-MetVanDamn\Packages\com.tinywalnutgames.metvd.graph\Tests\Runtime\ProceduralRoomGenerationIntegrationTests.cs(259,68): error CS0246: The type or namespace name 'RectInt' could not be found (are you missing a using directive or an assembly reference?)
E:\Tiny_Walnut_Games\TWG-MetVanDamn\Packages\com.tinywalnutgames.metvd.graph\Tests\Runtime\ProceduralRoomGenerationIntegrationTests.cs(299,41): error CS1729: 'RoomGenerationRequest' does not contain a constructor that takes 5 arguments
E:\Tiny_Walnut_Games\TWG-MetVanDamn\Packages\com.tinywalnutgames.metvd.graph\Tests\Runtime\ProceduralRoomGenerationIntegrationTests.cs(329,43): error CS1729: 'JumpPhysicsData' does not contain a constructor that takes 7 arguments
E:\Tiny_Walnut_Games\TWG-MetVanDamn\Packages\com.tinywalnutgames.metvd.graph\Tests\Runtime\ProceduralRoomGenerationIntegrationTests.cs(334,65): error CS1729: 'JumpArcValidation' does not contain a constructor that takes 3 arguments
E:\Tiny_Walnut_Games\TWG-MetVanDamn\Packages\com.tinywalnutgames.metvd.graph\Tests\Runtime\ProceduralRoomGenerationIntegrationTests.cs(340,44): error CS1729: 'SecretAreaConfig' does not contain a constructor that takes 6 arguments
E:\Tiny_Walnut_Games\TWG-MetVanDamn\Packages\com.tinywalnutgames.metvd.graph\Tests\Runtime\ProceduralRoomGenerationIntegrationTests.cs(356,67): error CS0117: 'RoomGeneratorType' does not contain a definition for 'LayeredPlatformCloud'
E:\Tiny_Walnut_Games\TWG-MetVanDamn\Packages\com.tinywalnutgames.metvd.graph\Tests\Runtime\ProceduralRoomGenerationIntegrationTests.cs(357,71): error CS0117: 'RoomGeneratorType' does not contain a definition for 'BiomeWeightedHeightmap'
E:\Tiny_Walnut_Games\TWG-MetVanDamn\Packages\com.tinywalnutgames.metvd.graph\Tests\Runtime\ProceduralRoomGenerationIntegrationTests.cs(358,64): error CS0117: 'RoomGeneratorType' does not contain a definition for 'LinearBranchingCorridor'
E:\Tiny_Walnut_Games\TWG-MetVanDamn\Packages\com.tinywalnutgames.metvd.graph\Tests\Runtime\ProceduralRoomGenerationIntegrationTests.cs(359,65): error CS0117: 'RoomGeneratorType' does not contain a definition for 'StackedSegment'
------ Build started: Project: TinyWalnutGames.MetVD.Samples.Player, Configuration: Debug Any CPU ------
E:\Tiny_Walnut_Games\TWG-MetVanDamn\Packages\com.tinywalnutgames.metvd.samples\Runtime\ProceduralRoomGenerationDemo.cs(116,41): error CS1729: 'RoomGenerationRequest' does not contain a constructor that takes 5 arguments
E:\Tiny_Walnut_Games\TWG-MetVanDamn\Packages\com.tinywalnutgames.metvd.samples\Runtime\ProceduralRoomGenerationDemo.cs(154,63): error CS0117: 'RoomGeneratorType' does not contain a definition for 'LayeredPlatformCloud'
E:\Tiny_Walnut_Games\TWG-MetVanDamn\Packages\com.tinywalnutgames.metvd.samples\Runtime\ProceduralRoomGenerationDemo.cs(155,67): error CS0117: 'RoomGeneratorType' does not contain a definition for 'BiomeWeightedHeightmap'
E:\Tiny_Walnut_Games\TWG-MetVanDamn\Packages\com.tinywalnutgames.metvd.samples\Runtime\ProceduralRoomGenerationDemo.cs(156,64): error CS0117: 'RoomGeneratorType' does not contain a definition for 'LinearBranchingCorridor'
E:\Tiny_Walnut_Games\TWG-MetVanDamn\Packages\com.tinywalnutgames.metvd.samples\Runtime\ProceduralRoomGenerationDemo.cs(157,65): error CS0117: 'RoomGeneratorType' does not contain a definition for 'StackedSegment'
E:\Tiny_Walnut_Games\TWG-MetVanDamn\Packages\com.tinywalnutgames.metvd.samples\Runtime\ProceduralRoomGenerationDemo.cs(211,43): error CS1729: 'JumpPhysicsData' does not contain a constructor that takes 7 arguments
E:\Tiny_Walnut_Games\TWG-MetVanDamn\Packages\com.tinywalnutgames.metvd.samples\Runtime\ProceduralRoomGenerationDemo.cs(216,74): error CS1729: 'JumpArcValidation' does not contain a constructor that takes 3 arguments
E:\Tiny_Walnut_Games\TWG-MetVanDamn\Packages\com.tinywalnutgames.metvd.samples\Runtime\ProceduralRoomGenerationDemo.cs(223,48): error CS1729: 'SecretAreaConfig' does not contain a constructor that takes 6 arguments
------ Build started: Project: TinyWalnutGames.MetVD.Authoring.Tests, Configuration: Debug Any CPU ------
E:\Tiny_Walnut_Games\TWG-MetVanDamn\Assets\MetVanDAMN\Authoring\Tests\WorldBootstrapTests.cs(4,13): error CS0234: The type or namespace name 'Mathematics' does not exist in the namespace 'Unity' (are you missing an assembly reference?)
E:\Tiny_Walnut_Games\TWG-MetVanDamn\Assets\MetVanDAMN\Authoring\Tests\WorldBootstrapTests.cs(6,29): error CS0234: The type or namespace name 'Graph' does not exist in the namespace 'TinyWalnutGames.MetVD' (are you missing an assembly reference?)
E:\Tiny_Walnut_Games\TWG-MetVanDamn\Assets\MetVanDAMN\Authoring\Tests\WorldBootstrapTests.cs(7,29): error CS0234: The type or namespace name 'Shared' does not exist in the namespace 'TinyWalnutGames.MetVD' (are you missing an assembly reference?)
E:\Tiny_Walnut_Games\TWG-MetVanDamn\Assets\MetVanDAMN\Authoring\Tests\WorldBootstrapTests.cs(36,38): error CS0246: The type or namespace name 'int2' could not be found (are you missing a using directive or an assembly reference?)
E:\Tiny_Walnut_Games\TWG-MetVanDamn\Assets\MetVanDAMN\Authoring\Tests\WorldBootstrapTests.cs(35,37): error CS0012: The type 'int2' is defined in an assembly that is not referenced. You must add a reference to assembly 'Unity.Mathematics, Version=0.0.0.0, Culture=neutral, PublicKeyToken=null'.
E:\Tiny_Walnut_Games\TWG-MetVanDamn\Assets\MetVanDAMN\Authoring\Tests\WorldBootstrapTests.cs(40,41): error CS0246: The type or namespace name 'int2' could not be found (are you missing a using directive or an assembly reference?)
E:\Tiny_Walnut_Games\TWG-MetVanDamn\Assets\MetVanDAMN\Authoring\Tests\WorldBootstrapTests.cs(39,40): error CS0012: The type 'int2' is defined in an assembly that is not referenced. You must add a reference to assembly 'Unity.Mathematics, Version=0.0.0.0, Culture=neutral, PublicKeyToken=null'.
E:\Tiny_Walnut_Games\TWG-MetVanDamn\Assets\MetVanDAMN\Authoring\Tests\WorldBootstrapTests.cs(45,46): error CS0246: The type or namespace name 'int2' could not be found (are you missing a using directive or an assembly reference?)
E:\Tiny_Walnut_Games\TWG-MetVanDamn\Assets\MetVanDAMN\Authoring\Tests\WorldBootstrapTests.cs(46,37): error CS0246: The type or namespace name 'int2' could not be found (are you missing a using directive or an assembly reference?)
E:\Tiny_Walnut_Games\TWG-MetVanDamn\Assets\MetVanDAMN\Authoring\Tests\WorldBootstrapTests.cs(47,42): error CS0246: The type or namespace name 'int2' could not be found (are you missing a using directive or an assembly reference?)
E:\Tiny_Walnut_Games\TWG-MetVanDamn\Assets\MetVanDAMN\Authoring\Tests\WorldBootstrapTests.cs(47,17): error CS1739: The best overload for 'SectorGenerationSettings' does not have a parameter named 'roomsPerSectorRange'
E:\Tiny_Walnut_Games\TWG-MetVanDamn\Assets\MetVanDAMN\Authoring\Tests\WorldBootstrapTests.cs(52,32): error CS0246: The type or namespace name 'int2' could not be found (are you missing a using directive or an assembly reference?)
E:\Tiny_Walnut_Games\TWG-MetVanDamn\Assets\MetVanDAMN\Authoring\Tests\WorldBootstrapTests.cs(53,36): error CS0103: The name 'RandomizationMode' does not exist in the current context
E:\Tiny_Walnut_Games\TWG-MetVanDamn\Assets\MetVanDAMN\Authoring\Tests\WorldBootstrapTests.cs(50,30): error CS7036: There is no argument given that corresponds to the required parameter 'roomSettings' of 'WorldBootstrapConfiguration.WorldBootstrapConfiguration(int, int2, RandomizationMode, BiomeGenerationSettings, DistrictGenerationSettings, SectorGenerationSettings, RoomGenerationSettings, bool, bool)'
E:\Tiny_Walnut_Games\TWG-MetVanDamn\Assets\MetVanDAMN\Authoring\Tests\WorldBootstrapTests.cs(62,33): error CS0246: The type or namespace name 'int2' could not be found (are you missing a using directive or an assembly reference?)
E:\Tiny_Walnut_Games\TWG-MetVanDamn\Assets\MetVanDAMN\Authoring\Tests\WorldBootstrapTests.cs(62,54): error CS0012: The type 'int2' is defined in an assembly that is not referenced. You must add a reference to assembly 'Unity.Mathematics, Version=0.0.0.0, Culture=neutral, PublicKeyToken=null'.
E:\Tiny_Walnut_Games\TWG-MetVanDamn\Assets\MetVanDAMN\Authoring\Tests\WorldBootstrapTests.cs(63,29): error CS0103: The name 'RandomizationMode' does not exist in the current context
E:\Tiny_Walnut_Games\TWG-MetVanDamn\Assets\MetVanDAMN\Authoring\Tests\WorldBootstrapTests.cs(63,63): error CS0012: The type 'RandomizationMode' is defined in an assembly that is not referenced. You must add a reference to assembly 'TinyWalnutGames.MetVD.Shared, Version=0.0.0.0, Culture=neutral, PublicKeyToken=null'.
E:\Tiny_Walnut_Games\TWG-MetVanDamn\Assets\MetVanDAMN\Authoring\Tests\WorldBootstrapTests.cs(64,33): error CS0246: The type or namespace name 'int2' could not be found (are you missing a using directive or an assembly reference?)
E:\Tiny_Walnut_Games\TWG-MetVanDamn\Assets\MetVanDAMN\Authoring\Tests\WorldBootstrapTests.cs(64,52): error CS1061: 'WorldBootstrapConfiguration' does not contain a definition for 'BiomeCountRange' and no accessible extension method 'BiomeCountRange' accepting a first argument of type 'WorldBootstrapConfiguration' could be found (are you missing a using directive or an assembly reference?)
E:\Tiny_Walnut_Games\TWG-MetVanDamn\Assets\MetVanDAMN\Authoring\Tests\WorldBootstrapTests.cs(65,33): error CS0246: The type or namespace name 'int2' could not be found (are you missing a using directive or an assembly reference?)
E:\Tiny_Walnut_Games\TWG-MetVanDamn\Assets\MetVanDAMN\Authoring\Tests\WorldBootstrapTests.cs(65,53): error CS1061: 'WorldBootstrapConfiguration' does not contain a definition for 'DistrictCountRange' and no accessible extension method 'DistrictCountRange' accepting a first argument of type 'WorldBootstrapConfiguration' could be found (are you missing a using directive or an assembly reference?)
E:\Tiny_Walnut_Games\TWG-MetVanDamn\Assets\MetVanDAMN\Authoring\Tests\WorldBootstrapTests.cs(66,41): error CS1061: 'WorldBootstrapConfiguration' does not contain a definition for 'DistrictMinDistance' and no accessible extension method 'DistrictMinDistance' accepting a first argument of type 'WorldBootstrapConfiguration' could be found (are you missing a using directive or an assembly reference?)
E:\Tiny_Walnut_Games\TWG-MetVanDamn\Assets\MetVanDAMN\Authoring\Tests\WorldBootstrapTests.cs(73,37): error CS0246: The type or namespace name 'WorldSettings' could not be found (are you missing a using directive or an assembly reference?)
E:\Tiny_Walnut_Games\TWG-MetVanDamn\Assets\MetVanDAMN\Authoring\Tests\WorldBootstrapTests.cs(75,32): error CS0246: The type or namespace name 'int2' could not be found (are you missing a using directive or an assembly reference?)
E:\Tiny_Walnut_Games\TWG-MetVanDamn\Assets\MetVanDAMN\Authoring\Tests\WorldBootstrapTests.cs(76,36): error CS0103: The name 'RandomizationMode' does not exist in the current context
E:\Tiny_Walnut_Games\TWG-MetVanDamn\Assets\MetVanDAMN\Authoring\Tests\WorldBootstrapTests.cs(78,37): error CS0246: The type or namespace name 'BiomeSettings' could not be found (are you missing a using directive or an assembly reference?)
E:\Tiny_Walnut_Games\TWG-MetVanDamn\Assets\MetVanDAMN\Authoring\Tests\WorldBootstrapTests.cs(79,38): error CS0246: The type or namespace name 'int2' could not be found (are you missing a using directive or an assembly reference?)
E:\Tiny_Walnut_Games\TWG-MetVanDamn\Assets\MetVanDAMN\Authoring\Tests\WorldBootstrapTests.cs(82,40): error CS0246: The type or namespace name 'DistrictSettings' could not be found (are you missing a using directive or an assembly reference?)
E:\Tiny_Walnut_Games\TWG-MetVanDamn\Assets\MetVanDAMN\Authoring\Tests\WorldBootstrapTests.cs(83,41): error CS0246: The type or namespace name 'int2' could not be found (are you missing a using directive or an assembly reference?)
E:\Tiny_Walnut_Games\TWG-MetVanDamn\Assets\MetVanDAMN\Authoring\Tests\WorldBootstrapTests.cs(86,46): error CS0246: The type or namespace name 'int2' could not be found (are you missing a using directive or an assembly reference?)
E:\Tiny_Walnut_Games\TWG-MetVanDamn\Assets\MetVanDAMN\Authoring\Tests\WorldBootstrapTests.cs(87,37): error CS0246: The type or namespace name 'int2' could not be found (are you missing a using directive or an assembly reference?)
E:\Tiny_Walnut_Games\TWG-MetVanDamn\Assets\MetVanDAMN\Authoring\Tests\WorldBootstrapTests.cs(88,42): error CS0246: The type or namespace name 'int2' could not be found (are you missing a using directive or an assembly reference?)
E:\Tiny_Walnut_Games\TWG-MetVanDamn\Assets\MetVanDAMN\Authoring\Tests\WorldBootstrapTests.cs(91,37): error CS0246: The type or namespace name 'DebugSettings' could not be found (are you missing a using directive or an assembly reference?)
E:\Tiny_Walnut_Games\TWG-MetVanDamn\Assets\MetVanDAMN\Authoring\Tests\WorldBootstrapTests.cs(95,30): error CS7036: There is no argument given that corresponds to the required parameter 'districtSettings' of 'WorldBootstrapConfiguration.WorldBootstrapConfiguration(int, int2, RandomizationMode, BiomeGenerationSettings, DistrictGenerationSettings, SectorGenerationSettings, RoomGenerationSettings, bool, bool)'
E:\Tiny_Walnut_Games\TWG-MetVanDamn\Assets\MetVanDAMN\Authoring\Tests\WorldBootstrapTests.cs(102,27): error CS8377: The type 'WorldBootstrapConfiguration' must be a non-nullable value type, along with all fields at any level of nesting, in order to use it as parameter 'T' in the generic type or method 'EntityManager.AddComponentData<T>(Entity, T)'
E:\Tiny_Walnut_Games\TWG-MetVanDamn\Assets\MetVanDAMN\Authoring\Tests\WorldBootstrapTests.cs(102,27): error CS0012: The type 'int2' is defined in an assembly that is not referenced. You must add a reference to assembly 'Unity.Mathematics, Version=0.0.0.0, Culture=neutral, PublicKeyToken=null'.
E:\Tiny_Walnut_Games\TWG-MetVanDamn\Assets\MetVanDAMN\Authoring\Tests\WorldBootstrapTests.cs(106,49): error CS8377: The type 'WorldBootstrapConfiguration' must be a non-nullable value type, along with all fields at any level of nesting, in order to use it as parameter 'T' in the generic type or method 'EntityManager.GetComponentData<T>(Entity)'
E:\Tiny_Walnut_Games\TWG-MetVanDamn\Assets\MetVanDAMN\Authoring\Tests\WorldBootstrapTests.cs(106,49): error CS0012: The type 'int2' is defined in an assembly that is not referenced. You must add a reference to assembly 'Unity.Mathematics, Version=0.0.0.0, Culture=neutral, PublicKeyToken=null'.
E:\Tiny_Walnut_Games\TWG-MetVanDamn\Assets\MetVanDAMN\Authoring\Tests\WorldBootstrapTests.cs(108,33): error CS0246: The type or namespace name 'int2' could not be found (are you missing a using directive or an assembly reference?)
E:\Tiny_Walnut_Games\TWG-MetVanDamn\Assets\MetVanDAMN\Authoring\Tests\WorldBootstrapTests.cs(108,63): error CS0012: The type 'int2' is defined in an assembly that is not referenced. You must add a reference to assembly 'Unity.Mathematics, Version=0.0.0.0, Culture=neutral, PublicKeyToken=null'.
E:\Tiny_Walnut_Games\TWG-MetVanDamn\Assets\MetVanDAMN\Authoring\Tests\WorldBootstrapTests.cs(109,29): error CS0103: The name 'RandomizationMode' does not exist in the current context
E:\Tiny_Walnut_Games\TWG-MetVanDamn\Assets\MetVanDAMN\Authoring\Tests\WorldBootstrapTests.cs(109,69): error CS0012: The type 'RandomizationMode' is defined in an assembly that is not referenced. You must add a reference to assembly 'TinyWalnutGames.MetVD.Shared, Version=0.0.0.0, Culture=neutral, PublicKeyToken=null'.
E:\Tiny_Walnut_Games\TWG-MetVanDamn\Assets\MetVanDAMN\Authoring\Tests\WorldBootstrapTests.cs(110,51): error CS1061: 'WorldBootstrapConfiguration' does not contain a definition for 'BiomeWeight' and no accessible extension method 'BiomeWeight' accepting a first argument of type 'WorldBootstrapConfiguration' could be found (are you missing a using directive or an assembly reference?)
E:\Tiny_Walnut_Games\TWG-MetVanDamn\Assets\MetVanDAMN\Authoring\Tests\WorldBootstrapTests.cs(143,37): error CS0246: The type or namespace name 'BiomeSettings' could not be found (are you missing a using directive or an assembly reference?)
E:\Tiny_Walnut_Games\TWG-MetVanDamn\Assets\MetVanDAMN\Authoring\Tests\WorldBootstrapTests.cs(145,34): error CS0246: The type or namespace name 'int2' could not be found (are you missing a using directive or an assembly reference?)
E:\Tiny_Walnut_Games\TWG-MetVanDamn\Assets\MetVanDAMN\Authoring\Tests\WorldBootstrapTests.cs(148,40): error CS0246: The type or namespace name 'DistrictSettings' could not be found (are you missing a using directive or an assembly reference?)
E:\Tiny_Walnut_Games\TWG-MetVanDamn\Assets\MetVanDAMN\Authoring\Tests\WorldBootstrapTests.cs(150,34): error CS0246: The type or namespace name 'int2' could not be found (are you missing a using directive or an assembly reference?)
E:\Tiny_Walnut_Games\TWG-MetVanDamn\Assets\MetVanDAMN\Authoring\Tests\WorldBootstrapTests.cs(154,38): error CS0246: The type or namespace name 'SectorSettings' could not be found (are you missing a using directive or an assembly reference?)
E:\Tiny_Walnut_Games\TWG-MetVanDamn\Assets\MetVanDAMN\Authoring\Tests\WorldBootstrapTests.cs(156,47): error CS0246: The type or namespace name 'int2' could not be found (are you missing a using directive or an assembly reference?)
E:\Tiny_Walnut_Games\TWG-MetVanDamn\Assets\MetVanDAMN\Authoring\Tests\WorldBootstrapTests.cs(157,32): error CS0246: The type or namespace name 'int2' could not be found (are you missing a using directive or an assembly reference?)
E:\Tiny_Walnut_Games\TWG-MetVanDamn\Assets\MetVanDAMN\Authoring\Tests\WorldBootstrapTests.cs(158,43): error CS0246: The type or namespace name 'int2' could not be found (are you missing a using directive or an assembly reference?)
E:\Tiny_Walnut_Games\TWG-MetVanDamn\Assets\MetVanDAMN\Authoring\Tests\WorldBootstrapTests.cs(163,32): error CS0246: The type or namespace name 'int2' could not be found (are you missing a using directive or an assembly reference?)
E:\Tiny_Walnut_Games\TWG-MetVanDamn\Assets\MetVanDAMN\Authoring\Tests\WorldBootstrapTests.cs(164,36): error CS0103: The name 'RandomizationMode' does not exist in the current context
E:\Tiny_Walnut_Games\TWG-MetVanDamn\Assets\MetVanDAMN\Authoring\Tests\WorldBootstrapTests.cs(161,30): error CS7036: There is no argument given that corresponds to the required parameter 'roomSettings' of 'WorldBootstrapConfiguration.WorldBootstrapConfiguration(int, int2, RandomizationMode, BiomeGenerationSettings, DistrictGenerationSettings, SectorGenerationSettings, RoomGenerationSettings, bool, bool)'
E:\Tiny_Walnut_Games\TWG-MetVanDamn\Assets\MetVanDAMN\Authoring\Tests\WorldBootstrapTests.cs(172,27): error CS8377: The type 'WorldBootstrapConfiguration' must be a non-nullable value type, along with all fields at any level of nesting, in order to use it as parameter 'T' in the generic type or method 'EntityManager.AddComponentData<T>(Entity, T)'
E:\Tiny_Walnut_Games\TWG-MetVanDamn\Assets\MetVanDAMN\Authoring\Tests\WorldBootstrapTests.cs(172,27): error CS0012: The type 'int2' is defined in an assembly that is not referenced. You must add a reference to assembly 'Unity.Mathematics, Version=0.0.0.0, Culture=neutral, PublicKeyToken=null'.
E:\Tiny_Walnut_Games\TWG-MetVanDamn\Assets\MetVanDAMN\Authoring\Tests\WorldBootstrapTests.cs(179,46): error CS8377: The type 'WorldBootstrapConfiguration' must be a non-nullable value type, along with all fields at any level of nesting, in order to use it as parameter 'T' in the generic type or method 'EntityManager.GetComponentData<T>(Entity)'
E:\Tiny_Walnut_Games\TWG-MetVanDamn\Assets\MetVanDAMN\Authoring\Tests\WorldBootstrapTests.cs(179,46): error CS0012: The type 'int2' is defined in an assembly that is not referenced. You must add a reference to assembly 'Unity.Mathematics, Version=0.0.0.0, Culture=neutral, PublicKeyToken=null'.
E:\Tiny_Walnut_Games\TWG-MetVanDamn\Assets\MetVanDAMN\Authoring\Tests\WorldBootstrapTests.cs(181,33): error CS0246: The type or namespace name 'int2' could not be found (are you missing a using directive or an assembly reference?)
E:\Tiny_Walnut_Games\TWG-MetVanDamn\Assets\MetVanDAMN\Authoring\Tests\WorldBootstrapTests.cs(181,60): error CS0012: The type 'int2' is defined in an assembly that is not referenced. You must add a reference to assembly 'Unity.Mathematics, Version=0.0.0.0, Culture=neutral, PublicKeyToken=null'.
E:\Tiny_Walnut_Games\TWG-MetVanDamn\Assets\MetVanDAMN\Authoring\Tests\WorldBootstrapTests.cs(190,41): error CS0246: The type or namespace name 'WorldBootstrapSettings' could not be found (are you missing a using directive or an assembly reference?)
E:\Tiny_Walnut_Games\TWG-MetVanDamn\Assets\MetVanDAMN\Authoring\Tests\WorldBootstrapTests.cs(193,33): error CS0246: The type or namespace name 'int2' could not be found (are you missing a using directive or an assembly reference?)
E:\Tiny_Walnut_Games\TWG-MetVanDamn\Assets\MetVanDAMN\Authoring\Tests\WorldBootstrapTests.cs(194,37): error CS0103: The name 'RandomizationMode' does not exist in the current context
E:\Tiny_Walnut_Games\TWG-MetVanDamn\Assets\MetVanDAMN\Authoring\Tests\WorldBootstrapTests.cs(195,39): error CS0246: The type or namespace name 'int2' could not be found (are you missing a using directive or an assembly reference?)
E:\Tiny_Walnut_Games\TWG-MetVanDamn\Assets\MetVanDAMN\Authoring\Tests\WorldBootstrapTests.cs(197,42): error CS0246: The type or namespace name 'int2' could not be found (are you missing a using directive or an assembly reference?)
E:\Tiny_Walnut_Games\TWG-MetVanDamn\Assets\MetVanDAMN\Authoring\Tests\WorldBootstrapTests.cs(200,47): error CS0246: The type or namespace name 'int2' could not be found (are you missing a using directive or an assembly reference?)
E:\Tiny_Walnut_Games\TWG-MetVanDamn\Assets\MetVanDAMN\Authoring\Tests\WorldBootstrapTests.cs(201,38): error CS0246: The type or namespace name 'int2' could not be found (are you missing a using directive or an assembly reference?)
E:\Tiny_Walnut_Games\TWG-MetVanDamn\Assets\MetVanDAMN\Authoring\Tests\WorldBootstrapTests.cs(202,43): error CS0246: The type or namespace name 'int2' could not be found (are you missing a using directive or an assembly reference?)
E:\Tiny_Walnut_Games\TWG-MetVanDamn\Assets\MetVanDAMN\Authoring\Tests\WorldBootstrapTests.cs(208,39): error CS7036: There is no argument given that corresponds to the required parameter 'worldSize' of 'WorldBootstrapConfiguration.WorldBootstrapConfiguration(int, int2, RandomizationMode, BiomeGenerationSettings, DistrictGenerationSettings, SectorGenerationSettings, RoomGenerationSettings, bool, bool)'
E:\Tiny_Walnut_Games\TWG-MetVanDamn\Assets\MetVanDAMN\Authoring\Tests\WorldBootstrapTests.cs(209,35): error CS0246: The type or namespace name 'WorldConfiguration' could not be found (are you missing a using directive or an assembly reference?)
E:\Tiny_Walnut_Games\TWG-MetVanDamn\Assets\MetVanDAMN\Authoring\Tests\WorldBootstrapTests.cs(212,33): error CS0246: The type or namespace name 'int2' could not be found (are you missing a using directive or an assembly reference?)
E:\Tiny_Walnut_Games\TWG-MetVanDamn\Assets\MetVanDAMN\Authoring\Tests\WorldBootstrapTests.cs(214,37): error CS0103: The name 'RandomizationMode' does not exist in the current context
E:\Tiny_Walnut_Games\TWG-MetVanDamn\Assets\MetVanDAMN\Authoring\Tests\WorldBootstrapTests.cs(217,27): error CS8377: The type 'WorldBootstrapConfiguration' must be a non-nullable value type, along with all fields at any level of nesting, in order to use it as parameter 'T' in the generic type or method 'EntityManager.AddComponentData<T>(Entity, T)'
E:\Tiny_Walnut_Games\TWG-MetVanDamn\Assets\MetVanDAMN\Authoring\Tests\WorldBootstrapTests.cs(217,27): error CS0012: The type 'int2' is defined in an assembly that is not referenced. You must add a reference to assembly 'Unity.Mathematics, Version=0.0.0.0, Culture=neutral, PublicKeyToken=null'.
E:\Tiny_Walnut_Games\TWG-MetVanDamn\Assets\MetVanDAMN\Authoring\Tests\WorldBootstrapTests.cs(221,54): error CS0246: The type or namespace name 'WorldConfiguration' could not be found (are you missing a using directive or an assembly reference?)
E:\Tiny_Walnut_Games\TWG-MetVanDamn\Assets\MetVanDAMN\Authoring\Tests\WorldBootstrapTests.cs(223,52): error CS8377: The type 'WorldBootstrapConfiguration' must be a non-nullable value type, along with all fields at any level of nesting, in order to use it as parameter 'T' in the generic type or method 'EntityManager.GetComponentData<T>(Entity)'
E:\Tiny_Walnut_Games\TWG-MetVanDamn\Assets\MetVanDAMN\Authoring\Tests\WorldBootstrapTests.cs(223,52): error CS0012: The type 'int2' is defined in an assembly that is not referenced. You must add a reference to assembly 'Unity.Mathematics, Version=0.0.0.0, Culture=neutral, PublicKeyToken=null'.
E:\Tiny_Walnut_Games\TWG-MetVanDamn\Assets\MetVanDAMN\Authoring\Tests\WorldBootstrapTests.cs(224,65): error CS0246: The type or namespace name 'WorldConfiguration' could not be found (are you missing a using directive or an assembly reference?)
E:\Tiny_Walnut_Games\TWG-MetVanDamn\Assets\MetVanDAMN\Authoring\Tests\WorldBootstrapTests.cs(227,48): error CS0012: The type 'int2' is defined in an assembly that is not referenced. You must add a reference to assembly 'Unity.Mathematics, Version=0.0.0.0, Culture=neutral, PublicKeyToken=null'.
E:\Tiny_Walnut_Games\TWG-MetVanDamn\Assets\MetVanDAMN\Authoring\Tests\WorldBootstrapTests.cs(228,48): error CS0012: The type 'RandomizationMode' is defined in an assembly that is not referenced. You must add a reference to assembly 'TinyWalnutGames.MetVD.Shared, Version=0.0.0.0, Culture=neutral, PublicKeyToken=null'.
------ Build started: Project: TinyWalnutGames.MetVD.Samples, Configuration: Debug Any CPU ------
E:\Tiny_Walnut_Games\TWG-MetVanDamn\Packages\com.tinywalnutgames.metvd.samples\Runtime\ProceduralRoomGenerationDemo.cs(116,41): error CS1729: 'RoomGenerationRequest' does not contain a constructor that takes 5 arguments
E:\Tiny_Walnut_Games\TWG-MetVanDamn\Packages\com.tinywalnutgames.metvd.samples\Runtime\ProceduralRoomGenerationDemo.cs(154,63): error CS0117: 'RoomGeneratorType' does not contain a definition for 'LayeredPlatformCloud'
E:\Tiny_Walnut_Games\TWG-MetVanDamn\Packages\com.tinywalnutgames.metvd.samples\Runtime\ProceduralRoomGenerationDemo.cs(155,67): error CS0117: 'RoomGeneratorType' does not contain a definition for 'BiomeWeightedHeightmap'
E:\Tiny_Walnut_Games\TWG-MetVanDamn\Packages\com.tinywalnutgames.metvd.samples\Runtime\ProceduralRoomGenerationDemo.cs(156,64): error CS0117: 'RoomGeneratorType' does not contain a definition for 'LinearBranchingCorridor'
E:\Tiny_Walnut_Games\TWG-MetVanDamn\Packages\com.tinywalnutgames.metvd.samples\Runtime\ProceduralRoomGenerationDemo.cs(157,65): error CS0117: 'RoomGeneratorType' does not contain a definition for 'StackedSegment'
E:\Tiny_Walnut_Games\TWG-MetVanDamn\Packages\com.tinywalnutgames.metvd.samples\Runtime\ProceduralRoomGenerationDemo.cs(211,43): error CS1729: 'JumpPhysicsData' does not contain a constructor that takes 7 arguments
E:\Tiny_Walnut_Games\TWG-MetVanDamn\Packages\com.tinywalnutgames.metvd.samples\Runtime\ProceduralRoomGenerationDemo.cs(216,74): error CS1729: 'JumpArcValidation' does not contain a constructor that takes 3 arguments
E:\Tiny_Walnut_Games\TWG-MetVanDamn\Packages\com.tinywalnutgames.metvd.samples\Runtime\ProceduralRoomGenerationDemo.cs(223,48): error CS1729: 'SecretAreaConfig' does not contain a constructor that takes 6 arguments
------ Build started: Project: TinyWalnutGames.MetVD.Authoring.Editor, Configuration: Debug Any CPU ------
E:\Tiny_Walnut_Games\TWG-MetVanDamn\Assets\MetVanDAMN\Authoring\Editor\BatchSpriteSlicer.cs(7,23): error CS0234: The type or namespace name 'Sprites' does not exist in the namespace 'UnityEditor.U2D' (are you missing an assembly reference?)
E:\Tiny_Walnut_Games\TWG-MetVanDamn\Assets\MetVanDAMN\Authoring\Editor\BatchSpriteSlicer.cs(58,29): error CS0246: The type or namespace name 'SpriteRect' could not be found (are you missing a using directive or an assembly reference?)
E:\Tiny_Walnut_Games\TWG-MetVanDamn\Assets\MetVanDAMN\Authoring\Editor\WorldBootstrapAuthoringInspector.cs(92,35): error CS0029: Cannot implicitly convert type 'UnityEngine.Vector2Int' to 'Unity.Mathematics.int2'
E:\Tiny_Walnut_Games\TWG-MetVanDamn\Assets\MetVanDAMN\Authoring\Editor\Bakers\WorldBootstrapBaker.cs(20,17): error CS0117: 'BiomeGenerationSettings' does not contain a definition for 'BiomeCount'
E:\Tiny_Walnut_Games\TWG-MetVanDamn\Assets\MetVanDAMN\Authoring\Editor\Bakers\WorldBootstrapBaker.cs(25,17): error CS0117: 'DistrictGenerationSettings' does not contain a definition for 'DistrictCount'
E:\Tiny_Walnut_Games\TWG-MetVanDamn\Assets\MetVanDAMN\Authoring\Editor\Bakers\WorldBootstrapBaker.cs(31,17): error CS0117: 'SectorGenerationSettings' does not contain a definition for 'SectorsPerDistrict'
E:\Tiny_Walnut_Games\TWG-MetVanDamn\Assets\MetVanDAMN\Authoring\Editor\Bakers\WorldBootstrapBaker.cs(36,17): error CS0117: 'RoomGenerationSettings' does not contain a definition for 'RoomsPerSector'
E:\Tiny_Walnut_Games\TWG-MetVanDamn\Assets\MetVanDAMN\Authoring\Editor\WorldBootstrapDemo.cs(35,35): warning CS0618: 'Object.FindObjectOfType<T>()' is obsolete: 'Object.FindObjectOfType has been deprecated. Use Object.FindFirstObjectByType instead or if finding any instance is acceptable the faster Object.FindAnyObjectByType'
E:\Tiny_Walnut_Games\TWG-MetVanDamn\Assets\MetVanDAMN\Authoring\Editor\WorldBootstrapDemo.cs(185,35): warning CS0618: 'Object.FindObjectOfType<T>()' is obsolete: 'Object.FindObjectOfType has been deprecated. Use Object.FindFirstObjectByType instead or if finding any instance is acceptable the faster Object.FindAnyObjectByType'
E:\Tiny_Walnut_Games\TWG-MetVanDamn\Assets\MetVanDAMN\Authoring\Editor\BatchSpriteSlicer.cs(217,31): error CS0246: The type or namespace name 'SpriteDataProviderFactories' could not be found (are you missing a using directive or an assembly reference?)
E:\Tiny_Walnut_Games\TWG-MetVanDamn\Assets\MetVanDAMN\Authoring\Editor\BatchSpriteSlicer.cs(222,34): error CS0246: The type or namespace name 'SpriteRect' could not be found (are you missing a using directive or an assembly reference?)
E:\Tiny_Walnut_Games\TWG-MetVanDamn\Assets\MetVanDAMN\Authoring\Editor\BatchSpriteSlicer.cs(231,64): error CS0246: The type or namespace name 'ISpritePhysicsOutlineDataProvider' could not be found (are you missing a using directive or an assembly reference?)
E:\Tiny_Walnut_Games\TWG-MetVanDamn\Assets\MetVanDAMN\Authoring\Editor\BatchSpriteSlicer.cs(280,35): error CS0246: The type or namespace name 'SpriteDataProviderFactories' could not be found (are you missing a using directive or an assembly reference?)
E:\Tiny_Walnut_Games\TWG-MetVanDamn\Assets\MetVanDAMN\Authoring\Editor\BatchSpriteSlicer.cs(286,22): error CS0246: The type or namespace name 'SpriteRect' could not be found (are you missing a using directive or an assembly reference?)
E:\Tiny_Walnut_Games\TWG-MetVanDamn\Assets\MetVanDAMN\Authoring\Editor\BatchSpriteSlicer.cs(291,36): error CS0246: The type or namespace name 'SpriteRect' could not be found (are you missing a using directive or an assembly reference?)
E:\Tiny_Walnut_Games\TWG-MetVanDamn\Assets\MetVanDAMN\Authoring\Editor\BatchSpriteSlicer.cs(306,21): error CS0246: The type or namespace name 'SpriteRect' could not be found (are you missing a using directive or an assembly reference?)
E:\Tiny_Walnut_Games\TWG-MetVanDamn\Assets\MetVanDAMN\Authoring\Editor\BatchSpriteSlicer.cs(318,64): error CS0246: The type or namespace name 'SpriteRect' could not be found (are you missing a using directive or an assembly reference?)
E:\Tiny_Walnut_Games\TWG-MetVanDamn\Assets\MetVanDAMN\Authoring\Editor\BatchSpriteSlicer.cs(325,68): error CS0246: The type or namespace name 'ISpritePhysicsOutlineDataProvider' could not be found (are you missing a using directive or an assembly reference?)
E:\Tiny_Walnut_Games\TWG-MetVanDamn\Assets\MetVanDAMN\Authoring\Editor\BatchSpriteSlicer.cs(382,35): error CS0246: The type or namespace name 'SpriteDataProviderFactories' could not be found (are you missing a using directive or an assembly reference?)
E:\Tiny_Walnut_Games\TWG-MetVanDamn\Assets\MetVanDAMN\Authoring\Editor\BatchSpriteSlicer.cs(387,38): error CS0246: The type or namespace name 'SpriteRect' could not be found (are you missing a using directive or an assembly reference?)
E:\Tiny_Walnut_Games\TWG-MetVanDamn\Assets\MetVanDAMN\Authoring\Editor\BatchSpriteSlicer.cs(466,35): error CS0246: The type or namespace name 'SpriteDataProviderFactories' could not be found (are you missing a using directive or an assembly reference?)
E:\Tiny_Walnut_Games\TWG-MetVanDamn\Assets\MetVanDAMN\Authoring\Editor\BatchSpriteSlicer.cs(471,22): error CS0246: The type or namespace name 'SpriteRect' could not be found (are you missing a using directive or an assembly reference?)
E:\Tiny_Walnut_Games\TWG-MetVanDamn\Assets\MetVanDAMN\Authoring\Editor\BatchSpriteSlicer.cs(546,25): error CS0246: The type or namespace name 'SpriteRect' could not be found (are you missing a using directive or an assembly reference?)
========== Build: 14 succeeded or up-to-date, 8 failed, 0 skipped ==========
========== Build completed at 4:00 PM and took 00.322 seconds ==========
