<?xml version="1.0" encoding="utf-8"?>
<test-run id="2" testcasecount="1" result="Failed(Child)" total="1" passed="0" failed="1" inconclusive="0" skipped="0" asserts="0" engine-version="3.5.0.0" clr-version="4.0.30319.42000" start-time="2025-09-09 17:49:55Z" end-time="2025-09-09 17:49:56Z" duration="0.4621163">
  <test-suite type="TestSuite" id="1000" name="TWG-MetVanDamn" fullname="TWG-MetVanDamn" runstate="Runnable" testcasecount="109" result="Failed" site="Child" start-time="2025-09-09 17:49:55Z" end-time="2025-09-09 17:49:56Z" duration="0.462116" total="1" passed="0" failed="1" inconclusive="0" skipped="0" asserts="0">
    <properties>
      <property name="platform" value="EditMode" />
    </properties>
    <failure>
      <message><![CDATA[One or more child tests had errors]]></message>
    </failure>
    <test-suite type="Assembly" id="1116" name="TinyWalnutGames.MetVD.Authoring.Tests.dll" fullname="E:/Tiny_Walnut_Games/TWG-MetVanDamn/Library/ScriptAssemblies/TinyWalnutGames.MetVD.Authoring.Tests.dll" runstate="Runnable" testcasecount="102" result="Failed" site="Child" start-time="2025-09-09 17:49:55Z" end-time="2025-09-09 17:49:56Z" duration="0.441945" total="1" passed="0" failed="1" inconclusive="0" skipped="0" asserts="0">
      <properties>
        <property name="_PID" value="19756" />
        <property name="_APPDOMAIN" value="Unity Child Domain" />
        <property name="platform" value="EditMode" />
        <property name="EditorOnly" value="True" />
      </properties>
      <failure>
        <message><![CDATA[One or more child tests had errors]]></message>
      </failure>
      <test-suite type="TestSuite" id="1117" name="TinyWalnutGames" fullname="TinyWalnutGames" runstate="Runnable" testcasecount="102" result="Failed" site="Child" start-time="2025-09-09 17:49:55Z" end-time="2025-09-09 17:49:56Z" duration="0.437020" total="1" passed="0" failed="1" inconclusive="0" skipped="0" asserts="0">
        <properties />
        <failure>
          <message><![CDATA[One or more child tests had errors]]></message>
        </failure>
        <test-suite type="TestSuite" id="1118" name="MetVD" fullname="TinyWalnutGames.MetVD" runstate="Runnable" testcasecount="102" result="Failed" site="Child" start-time="2025-09-09 17:49:55Z" end-time="2025-09-09 17:49:56Z" duration="0.430482" total="1" passed="0" failed="1" inconclusive="0" skipped="0" asserts="0">
          <properties />
          <failure>
            <message><![CDATA[One or more child tests had errors]]></message>
          </failure>
          <test-suite type="TestSuite" id="1123" name="Tests" fullname="TinyWalnutGames.MetVD.Tests" runstate="Runnable" testcasecount="40" result="Failed" site="Child" start-time="2025-09-09 17:49:55Z" end-time="2025-09-09 17:49:56Z" duration="0.423204" total="1" passed="0" failed="1" inconclusive="0" skipped="0" asserts="0">
            <properties />
            <failure>
              <message><![CDATA[One or more child tests had errors]]></message>
            </failure>
            <test-suite type="TestFixture" id="1075" name="AINavigationTests" fullname="TinyWalnutGames.MetVD.Tests.AINavigationTests" classname="TinyWalnutGames.MetVD.Tests.AINavigationTests" runstate="Runnable" testcasecount="40" result="Failed" site="Child" start-time="2025-09-09 17:49:55Z" end-time="2025-09-09 17:49:56Z" duration="0.419006" total="1" passed="0" failed="1" inconclusive="0" skipped="0" asserts="0">
              <properties />
              <failure>
                <message><![CDATA[One or more child tests had errors]]></message>
              </failure>
              <test-case id="1096" name="NavigationValidationUtility_IsPathPossible_ReturnsExpectedResult" fullname="TinyWalnutGames.MetVD.Tests.AINavigationTests.NavigationValidationUtility_IsPathPossible_ReturnsExpectedResult" methodname="NavigationValidationUtility_IsPathPossible_ReturnsExpectedResult" classname="TinyWalnutGames.MetVD.Tests.AINavigationTests" runstate="Runnable" seed="827734561" result="Failed" start-time="2025-09-09 17:49:55Z" end-time="2025-09-09 17:49:56Z" duration="0.388446" asserts="0">
                <properties>
                  <property name="retryIteration" value="0" />
                  <property name="repeatIteration" value="0" />
                </properties>
                <failure>
                  <message><![CDATA[Unhandled log message: '[Error] ðŸ” Test Setup:'. Use UnityEngine.TestTools.LogAssert.Expect]]></message>
                  <stack-trace><![CDATA[TinyWalnutGames.MetVD.Tests.AINavigationTests:NavigationValidationUtility_IsPathPossible_ReturnsExpectedResult () (at Assets/MetVanDAMN/Authoring/Tests/AINavigationTests.cs:366)
System.Reflection.MethodBase:Invoke (object,object[])
NUnit.Framework.Internal.Reflect:InvokeMethod (System.Reflection.MethodInfo,object,object[])
NUnit.Framework.Internal.MethodWrapper:Invoke (object,object[])
NUnit.Framework.Internal.Commands.TestMethodCommand:RunNonAsyncTestMethod (NUnit.Framework.Internal.ITestExecutionContext)
NUnit.Framework.Internal.Commands.TestMethodCommand:RunTestMethod (NUnit.Framework.Internal.ITestExecutionContext)
NUnit.Framework.Internal.Commands.TestMethodCommand:Execute (NUnit.Framework.Internal.ITestExecutionContext)
UnityEditor.EditorApplication:Internal_CallUpdateFunctions ()

]]></stack-trace>
                </failure>
                <output><![CDATA[ðŸ” Test Setup:
  From Node: 1 (Entity: Entity(0:1))
  To Node: 2 (Entity: Entity(1:1))
  Agent Capabilities: Polarity=Sun, Abilities=Jump, Skill=0.5
  NavLink: From=1 To=2, Connection=Bidirectional, RequiredPolarity=Sun, RequiredAbilities=Jump
  Link Buffer1 Count: 1, Link Buffer2 Count: 1
  Total entities with NodeId: 2
    Entity 0: NodeId=1, HasLinkBuffer=True
    Entity 1: NodeId=2, HasLinkBuffer=True
  Can traverse link with capabilities: True
  GetDestination(1) = 2
  GetDestination(2) = 1
ðŸ” Manual Pathfinding Test:
  Starting from node 1
  Processing node 1
    Found entity for node 1: Entity(0:1)
    Link buffer has 1 links
      Link 0: From=1 To=2, GetDestination(1) = 2
        Can traverse to 2: True
        âœ… Added node 2 to queue
  Processing node 2
  âœ… Found destination node 2!
ðŸ” Real IsPathPossible Analysis:
  Calling IsPathPossible(1, 2, capabilities)
ðŸ” Manual IsPathPossible Recreation with Tracing:
  World: True
  EntityManager: True
  FromNode == ToNode: False
  Total entities with NodeId: 2
    Checking entity Entity(0:1) with NodeId 1
    âœ… Found source entity Entity(0:1) for node 1
  âœ… Source entity found: Entity(0:1)
    âœ… Found destination entity Entity(1:1) for node 2
  âœ… Destination entity found: Entity(1:1)
  Starting flood fill from node 1
    Processing node 1
      Found entity for node 1: Entity(0:1)
      Link buffer has 1 links
        Link 0: From=1, To=2, GetDestination(1)=2
          Can traverse to 2: True
          âœ… Added neighbor 2 to queue
    Processing node 2
    âœ… Reached destination node 2!
ðŸŽ¯ Manual IsPathPossible Result: True
ðŸŽ¯ Real IsPathPossible Result: True
ðŸ”„ Testing reversed parameters:
  IsPathPossible(2, 1) = True
Saving results to: C:/Users/Jerry/AppData/LocalLow/DefaultCompany/TWG-MetVanDamn\TestResults.xml
]]></output>
              </test-case>
            </test-suite>
          </test-suite>
        </test-suite>
      </test-suite>
    </test-suite>
  </test-suite>
</test-run>