<?xml version="1.0" encoding="utf-8"?>
<test-run id="2" testcasecount="106" result="Failed(Child)" total="106" passed="87" failed="19" inconclusive="0" skipped="0" asserts="0" engine-version="3.5.0.0" clr-version="4.0.30319.42000" start-time="2025-09-08 19:35:27Z" end-time="2025-09-08 19:35:29Z" duration="1.9962245">
  <test-suite type="TestSuite" id="1136" name="TWG-MetVanDamn" fullname="TWG-MetVanDamn" runstate="Runnable" testcasecount="106" result="Failed" site="Child" start-time="2025-09-08 19:35:27Z" end-time="2025-09-08 19:35:29Z" duration="1.996225" total="106" passed="87" failed="19" inconclusive="0" skipped="0" asserts="0">
    <properties>
      <property name="platform" value="EditMode" />
    </properties>
    <failure>
      <message><![CDATA[One or more child tests had errors]]></message>
    </failure>
    <test-suite type="Assembly" id="1111" name="TinyWalnutGames.MetVD.Authoring.Tests.dll" fullname="E:/Tiny_Walnut_Games/TWG-MetVanDamn/Library/ScriptAssemblies/TinyWalnutGames.MetVD.Authoring.Tests.dll" runstate="Runnable" testcasecount="99" result="Failed" site="Child" start-time="2025-09-08 19:35:27Z" end-time="2025-09-08 19:35:29Z" duration="1.922232" total="99" passed="81" failed="18" inconclusive="0" skipped="0" asserts="0">
      <properties>
        <property name="_PID" value="21768" />
        <property name="_APPDOMAIN" value="Unity Child Domain" />
        <property name="platform" value="EditMode" />
        <property name="EditorOnly" value="True" />
      </properties>
      <failure>
        <message><![CDATA[One or more child tests had errors]]></message>
      </failure>
      <test-suite type="TestSuite" id="1112" name="TinyWalnutGames" fullname="TinyWalnutGames" runstate="Runnable" testcasecount="99" result="Failed" site="Child" start-time="2025-09-08 19:35:27Z" end-time="2025-09-08 19:35:29Z" duration="1.916425" total="99" passed="81" failed="18" inconclusive="0" skipped="0" asserts="0">
        <properties />
        <failure>
          <message><![CDATA[One or more child tests had errors]]></message>
        </failure>
        <test-suite type="TestSuite" id="1113" name="MetVD" fullname="TinyWalnutGames.MetVD" runstate="Runnable" testcasecount="99" result="Failed" site="Child" start-time="2025-09-08 19:35:27Z" end-time="2025-09-08 19:35:29Z" duration="1.911278" total="99" passed="81" failed="18" inconclusive="0" skipped="0" asserts="0">
          <properties />
          <failure>
            <message><![CDATA[One or more child tests had errors]]></message>
          </failure>
          <test-suite type="TestSuite" id="1116" name="Authoring" fullname="TinyWalnutGames.MetVD.Authoring" runstate="Runnable" testcasecount="50" result="Failed" site="Child" start-time="2025-09-08 19:35:27Z" end-time="2025-09-08 19:35:28Z" duration="0.981258" total="50" passed="36" failed="14" inconclusive="0" skipped="0" asserts="0">
            <properties />
            <failure>
              <message><![CDATA[One or more child tests had errors]]></message>
            </failure>
            <test-suite type="TestSuite" id="1117" name="Tests" fullname="TinyWalnutGames.MetVD.Authoring.Tests" runstate="Runnable" testcasecount="50" result="Failed" site="Child" start-time="2025-09-08 19:35:27Z" end-time="2025-09-08 19:35:28Z" duration="0.976686" total="50" passed="36" failed="14" inconclusive="0" skipped="0" asserts="0">
              <properties />
              <failure>
                <message><![CDATA[One or more child tests had errors]]></message>
              </failure>
              <test-suite type="TestFixture" id="1013" name="AuthoringBakeIntegrationTests" fullname="TinyWalnutGames.MetVD.Authoring.Tests.AuthoringBakeIntegrationTests" classname="TinyWalnutGames.MetVD.Authoring.Tests.AuthoringBakeIntegrationTests" runstate="Runnable" testcasecount="11" result="Passed" start-time="2025-09-08 19:35:27Z" end-time="2025-09-08 19:35:27Z" duration="0.101826" total="11" passed="11" failed="0" inconclusive="0" skipped="0" asserts="0">
                <properties />
                <test-case id="1016" name="ConnectionBaking_CreatesConnectionEdgeComponents" fullname="TinyWalnutGames.MetVD.Authoring.Tests.AuthoringBakeIntegrationTests.ConnectionBaking_CreatesConnectionEdgeComponents" methodname="ConnectionBaking_CreatesConnectionEdgeComponents" classname="TinyWalnutGames.MetVD.Authoring.Tests.AuthoringBakeIntegrationTests" runstate="Runnable" seed="275910895" result="Passed" start-time="2025-09-08 19:35:27Z" end-time="2025-09-08 19:35:27Z" duration="0.033725" asserts="0">
                  <properties>
                    <property name="retryIteration" value="0" />
                    <property name="repeatIteration" value="0" />
                  </properties>
                </test-case>
                <test-case id="1015" name="DistrictBaking_CreatesAllRequiredComponents" fullname="TinyWalnutGames.MetVD.Authoring.Tests.AuthoringBakeIntegrationTests.DistrictBaking_CreatesAllRequiredComponents" methodname="DistrictBaking_CreatesAllRequiredComponents" classname="TinyWalnutGames.MetVD.Authoring.Tests.AuthoringBakeIntegrationTests" runstate="Runnable" seed="1103802345" result="Passed" start-time="2025-09-08 19:35:27Z" end-time="2025-09-08 19:35:27Z" duration="0.006898" asserts="0">
                  <properties>
                    <property name="retryIteration" value="0" />
                    <property name="repeatIteration" value="0" />
                  </properties>
                </test-case>
                <test-case id="1017" name="GateConditionBaking_CreatesBufferElements" fullname="TinyWalnutGames.MetVD.Authoring.Tests.AuthoringBakeIntegrationTests.GateConditionBaking_CreatesBufferElements" methodname="GateConditionBaking_CreatesBufferElements" classname="TinyWalnutGames.MetVD.Authoring.Tests.AuthoringBakeIntegrationTests" runstate="Runnable" seed="1534064974" result="Passed" start-time="2025-09-08 19:35:27Z" end-time="2025-09-08 19:35:27Z" duration="0.003049" asserts="0">
                  <properties>
                    <property name="retryIteration" value="0" />
                    <property name="repeatIteration" value="0" />
                  </properties>
                </test-case>
                <test-case id="1020" name="SampleWfcData_CreatesValidTileSet" fullname="TinyWalnutGames.MetVD.Authoring.Tests.AuthoringBakeIntegrationTests.SampleWfcData_CreatesValidTileSet" methodname="SampleWfcData_CreatesValidTileSet" classname="TinyWalnutGames.MetVD.Authoring.Tests.AuthoringBakeIntegrationTests" runstate="Runnable" seed="525303919" result="Passed" start-time="2025-09-08 19:35:27Z" end-time="2025-09-08 19:35:27Z" duration="0.009015" asserts="0">
                  <properties>
                    <property name="retryIteration" value="0" />
                    <property name="repeatIteration" value="0" />
                  </properties>
                </test-case>
                <test-case id="1023" name="TestBiomeArtProfileValidationFailures" fullname="TinyWalnutGames.MetVD.Authoring.Tests.AuthoringBakeIntegrationTests.TestBiomeArtProfileValidationFailures" methodname="TestBiomeArtProfileValidationFailures" classname="TinyWalnutGames.MetVD.Authoring.Tests.AuthoringBakeIntegrationTests" runstate="Runnable" seed="122536112" result="Passed" start-time="2025-09-08 19:35:27Z" end-time="2025-09-08 19:35:27Z" duration="0.006346" asserts="0">
                  <properties>
                    <property name="retryIteration" value="0" />
                    <property name="repeatIteration" value="0" />
                  </properties>
                </test-case>
                <test-case id="1024" name="TestComplexRelationshipIntegrity" fullname="TinyWalnutGames.MetVD.Authoring.Tests.AuthoringBakeIntegrationTests.TestComplexRelationshipIntegrity" methodname="TestComplexRelationshipIntegrity" classname="TinyWalnutGames.MetVD.Authoring.Tests.AuthoringBakeIntegrationTests" runstate="Runnable" seed="1676624203" result="Passed" start-time="2025-09-08 19:35:27Z" end-time="2025-09-08 19:35:27Z" duration="0.008844" asserts="0">
                  <properties>
                    <property name="retryIteration" value="0" />
                    <property name="repeatIteration" value="0" />
                  </properties>
                </test-case>
                <test-case id="1022" name="TestCrossComponentRelationshipFailures" fullname="TinyWalnutGames.MetVD.Authoring.Tests.AuthoringBakeIntegrationTests.TestCrossComponentRelationshipFailures" methodname="TestCrossComponentRelationshipFailures" classname="TinyWalnutGames.MetVD.Authoring.Tests.AuthoringBakeIntegrationTests" runstate="Runnable" seed="1528267190" result="Passed" start-time="2025-09-08 19:35:27Z" end-time="2025-09-08 19:35:27Z" duration="0.002254" asserts="0">
                  <properties>
                    <property name="retryIteration" value="0" />
                    <property name="repeatIteration" value="0" />
                  </properties>
                </test-case>
                <test-case id="1021" name="TestInvalidDataValidationFailures" fullname="TinyWalnutGames.MetVD.Authoring.Tests.AuthoringBakeIntegrationTests.TestInvalidDataValidationFailures" methodname="TestInvalidDataValidationFailures" classname="TinyWalnutGames.MetVD.Authoring.Tests.AuthoringBakeIntegrationTests" runstate="Runnable" seed="2127381246" result="Passed" start-time="2025-09-08 19:35:27Z" end-time="2025-09-08 19:35:27Z" duration="0.003938" asserts="0">
                  <properties>
                    <property name="retryIteration" value="0" />
                    <property name="repeatIteration" value="0" />
                  </properties>
                </test-case>
                <test-case id="1019" name="WfcSocketCompatibility_ValidatesCorrectly" fullname="TinyWalnutGames.MetVD.Authoring.Tests.AuthoringBakeIntegrationTests.WfcSocketCompatibility_ValidatesCorrectly" methodname="WfcSocketCompatibility_ValidatesCorrectly" classname="TinyWalnutGames.MetVD.Authoring.Tests.AuthoringBakeIntegrationTests" runstate="Runnable" seed="498509503" result="Passed" start-time="2025-09-08 19:35:27Z" end-time="2025-09-08 19:35:27Z" duration="0.000992" asserts="0">
                  <properties>
                    <property name="retryIteration" value="0" />
                    <property name="repeatIteration" value="0" />
                  </properties>
                </test-case>
                <test-case id="1014" name="WfcTilePrototypeBaking_CreatesCorrectComponents" fullname="TinyWalnutGames.MetVD.Authoring.Tests.AuthoringBakeIntegrationTests.WfcTilePrototypeBaking_CreatesCorrectComponents" methodname="WfcTilePrototypeBaking_CreatesCorrectComponents" classname="TinyWalnutGames.MetVD.Authoring.Tests.AuthoringBakeIntegrationTests" runstate="Runnable" seed="775256972" result="Passed" start-time="2025-09-08 19:35:27Z" end-time="2025-09-08 19:35:27Z" duration="0.001457" asserts="0">
                  <properties>
                    <property name="retryIteration" value="0" />
                    <property name="repeatIteration" value="0" />
                  </properties>
                </test-case>
                <test-case id="1018" name="WorldGenerationConfig_IntegratesWithPipeline" fullname="TinyWalnutGames.MetVD.Authoring.Tests.AuthoringBakeIntegrationTests.WorldGenerationConfig_IntegratesWithPipeline" methodname="WorldGenerationConfig_IntegratesWithPipeline" classname="TinyWalnutGames.MetVD.Authoring.Tests.AuthoringBakeIntegrationTests" runstate="Runnable" seed="991534605" result="Passed" start-time="2025-09-08 19:35:27Z" end-time="2025-09-08 19:35:27Z" duration="0.002732" asserts="0">
                  <properties>
                    <property name="retryIteration" value="0" />
                    <property name="repeatIteration" value="0" />
                  </properties>
                </test-case>
              </test-suite>
              <test-suite type="TestFixture" id="1025" name="BiomeArtIntegrationSystemTests" fullname="TinyWalnutGames.MetVD.Authoring.Tests.BiomeArtIntegrationSystemTests" classname="TinyWalnutGames.MetVD.Authoring.Tests.BiomeArtIntegrationSystemTests" runstate="Runnable" testcasecount="5" result="Passed" start-time="2025-09-08 19:35:27Z" end-time="2025-09-08 19:35:27Z" duration="0.093453" total="5" passed="5" failed="0" inconclusive="0" skipped="0" asserts="0">
                <properties />
                <test-case id="1026" name="BiomeArtIntegrationSystem_CreatesCorrectTilemaps_ForAllProjectionTypes" fullname="TinyWalnutGames.MetVD.Authoring.Tests.BiomeArtIntegrationSystemTests.BiomeArtIntegrationSystem_CreatesCorrectTilemaps_ForAllProjectionTypes" methodname="BiomeArtIntegrationSystem_CreatesCorrectTilemaps_ForAllProjectionTypes" classname="TinyWalnutGames.MetVD.Authoring.Tests.BiomeArtIntegrationSystemTests" runstate="Runnable" seed="104799343" result="Passed" start-time="2025-09-08 19:35:27Z" end-time="2025-09-08 19:35:27Z" duration="0.036823" asserts="0">
                  <properties>
                    <property name="retryIteration" value="0" />
                    <property name="repeatIteration" value="0" />
                  </properties>
                  <output><![CDATA[Sorting Layer 'Walls' not found. Renderer will use default sorting layer.
Sorting Layer 'Foreground' not found. Renderer will use default sorting layer.
Sorting Layer 'Hazards' not found. Renderer will use default sorting layer.
Sorting Layer 'Detail' not found. Renderer will use default sorting layer.
âœ… Platformer projection successfully created tilemaps
âœ… TopDown projection successfully created tilemaps
âœ… Isometric projection successfully created tilemaps
âœ… Hexagonal projection successfully created tilemaps
]]></output>
                </test-case>
                <test-case id="1027" name="BiomeArtMainThreadSystem_GeneratesValidGrids_WithCorrectLayerStructure" fullname="TinyWalnutGames.MetVD.Authoring.Tests.BiomeArtIntegrationSystemTests.BiomeArtMainThreadSystem_GeneratesValidGrids_WithCorrectLayerStructure" methodname="BiomeArtMainThreadSystem_GeneratesValidGrids_WithCorrectLayerStructure" classname="TinyWalnutGames.MetVD.Authoring.Tests.BiomeArtIntegrationSystemTests" runstate="Runnable" seed="573679061" result="Passed" start-time="2025-09-08 19:35:27Z" end-time="2025-09-08 19:35:27Z" duration="0.005589" asserts="0">
                  <properties>
                    <property name="retryIteration" value="0" />
                    <property name="repeatIteration" value="0" />
                  </properties>
                  <output><![CDATA[Sorting Layer 'Walls' not found. Renderer will use default sorting layer.
Sorting Layer 'Foreground' not found. Renderer will use default sorting layer.
Sorting Layer 'Hazards' not found. Renderer will use default sorting layer.
Sorting Layer 'Detail' not found. Renderer will use default sorting layer.
âœ… Grid layers generated successfully for Platformer projection
Expected layers: Parallax backgrounds, Walkable ground/props, Foreground elements
]]></output>
                </test-case>
                <test-case id="1030" name="BiomeTransitions_BlendSmoothly_AtBiomeBoundaries" fullname="TinyWalnutGames.MetVD.Authoring.Tests.BiomeArtIntegrationSystemTests.BiomeTransitions_BlendSmoothly_AtBiomeBoundaries" methodname="BiomeTransitions_BlendSmoothly_AtBiomeBoundaries" classname="TinyWalnutGames.MetVD.Authoring.Tests.BiomeArtIntegrationSystemTests" runstate="Runnable" seed="1608008768" result="Passed" start-time="2025-09-08 19:35:27Z" end-time="2025-09-08 19:35:27Z" duration="0.003868" asserts="0">
                  <properties>
                    <property name="retryIteration" value="0" />
                    <property name="repeatIteration" value="0" />
                  </properties>
                  <output><![CDATA[âœ… Biome transitions successfully blended at boundaries
Transition strength: 0.5, Distance: 2
]]></output>
                </test-case>
                <test-case id="1029" name="CheckeredMaterialOverride_GeneratesCoordinateAware_Patterns" fullname="TinyWalnutGames.MetVD.Authoring.Tests.BiomeArtIntegrationSystemTests.CheckeredMaterialOverride_GeneratesCoordinateAware_Patterns" methodname="CheckeredMaterialOverride_GeneratesCoordinateAware_Patterns" classname="TinyWalnutGames.MetVD.Authoring.Tests.BiomeArtIntegrationSystemTests" runstate="Runnable" seed="1825849530" result="Passed" start-time="2025-09-08 19:35:27Z" end-time="2025-09-08 19:35:27Z" duration="0.034994" asserts="0">
                  <properties>
                    <property name="retryIteration" value="0" />
                    <property name="repeatIteration" value="0" />
                  </properties>
                  <output><![CDATA[Sorting Layer 'Walls' not found. Renderer will use default sorting layer.
Sorting Layer 'Foreground' not found. Renderer will use default sorting layer.
Sorting Layer 'Hazards' not found. Renderer will use default sorting layer.
Sorting Layer 'Detail' not found. Renderer will use default sorting layer.
Applied checker override to tilemap 'Background' at coordinates int2(0, 0) for biome SkyGardens with complexity influence 0.70
Material cache inconsistency detected for biome SkyGardens - regenerating
Applied checker override to tilemap 'Parallax' at coordinates int2(0, 0) for biome SkyGardens with complexity influence 0.70
Material cache inconsistency detected for biome SkyGardens - regenerating
Applied checker override to tilemap 'Floor' at coordinates int2(0, 0) for biome SkyGardens with complexity influence 0.70
Applied checker override to tilemap 'Walls' at coordinates int2(0, 0) for biome SkyGardens with complexity influence 0.70
Material cache inconsistency detected for biome SkyGardens - regenerating
Applied checker override to tilemap 'Foreground' at coordinates int2(0, 0) for biome SkyGardens with complexity influence 0.70
Material cache inconsistency detected for biome SkyGardens - regenerating
Applied checker override to tilemap 'Hazards' at coordinates int2(0, 0) for biome SkyGardens with complexity influence 0.70
Material cache inconsistency detected for biome SkyGardens - regenerating
Applied checker override to tilemap 'Detail' at coordinates int2(0, 0) for biome SkyGardens with complexity influence 0.70
Material cache inconsistency detected for biome SkyGardens - regenerating
âœ… Coordinate-aware checkered materials successfully generated
Verified: Mathematical patterns, biome color harmony, coordinate influence
]]></output>
                </test-case>
                <test-case id="1028" name="PropPlacement_RespectsAdvancedStrategies_AndAvoidanceRules" fullname="TinyWalnutGames.MetVD.Authoring.Tests.BiomeArtIntegrationSystemTests.PropPlacement_RespectsAdvancedStrategies_AndAvoidanceRules" methodname="PropPlacement_RespectsAdvancedStrategies_AndAvoidanceRules" classname="TinyWalnutGames.MetVD.Authoring.Tests.BiomeArtIntegrationSystemTests" runstate="Runnable" seed="855613167" result="Passed" start-time="2025-09-08 19:35:27Z" end-time="2025-09-08 19:35:27Z" duration="0.002327" asserts="0">
                  <properties>
                    <property name="retryIteration" value="0" />
                    <property name="repeatIteration" value="0" />
                  </properties>
                  <output><![CDATA[âœ… Advanced prop placement strategies successfully applied
Verified: Clustering, avoidance rules, and variation settings
]]></output>
                </test-case>
              </test-suite>
              <test-suite type="TestFixture" id="1031" name="BiomeArtProfileTests" fullname="TinyWalnutGames.MetVD.Authoring.Tests.BiomeArtProfileTests" classname="TinyWalnutGames.MetVD.Authoring.Tests.BiomeArtProfileTests" runstate="Runnable" testcasecount="6" result="Passed" start-time="2025-09-08 19:35:27Z" end-time="2025-09-08 19:35:27Z" duration="0.016671" total="6" passed="6" failed="0" inconclusive="0" skipped="0" asserts="0">
                <properties />
                <test-case id="1037" name="BiomeArtProfile_AllowedPropLayersCanBeModified" fullname="TinyWalnutGames.MetVD.Authoring.Tests.BiomeArtProfileTests.BiomeArtProfile_AllowedPropLayersCanBeModified" methodname="BiomeArtProfile_AllowedPropLayersCanBeModified" classname="TinyWalnutGames.MetVD.Authoring.Tests.BiomeArtProfileTests" runstate="Runnable" seed="1296266632" result="Passed" start-time="2025-09-08 19:35:27Z" end-time="2025-09-08 19:35:27Z" duration="0.002267" asserts="0">
                  <properties>
                    <property name="retryIteration" value="0" />
                    <property name="repeatIteration" value="0" />
                  </properties>
                </test-case>
                <test-case id="1032" name="BiomeArtProfile_CanBeCreated" fullname="TinyWalnutGames.MetVD.Authoring.Tests.BiomeArtProfileTests.BiomeArtProfile_CanBeCreated" methodname="BiomeArtProfile_CanBeCreated" classname="TinyWalnutGames.MetVD.Authoring.Tests.BiomeArtProfileTests" runstate="Runnable" seed="877086906" result="Passed" start-time="2025-09-08 19:35:27Z" end-time="2025-09-08 19:35:27Z" duration="0.002733" asserts="0">
                  <properties>
                    <property name="retryIteration" value="0" />
                    <property name="repeatIteration" value="0" />
                  </properties>
                </test-case>
                <test-case id="1036" name="BiomeArtProfile_DefaultLayersConfiguration" fullname="TinyWalnutGames.MetVD.Authoring.Tests.BiomeArtProfileTests.BiomeArtProfile_DefaultLayersConfiguration" methodname="BiomeArtProfile_DefaultLayersConfiguration" classname="TinyWalnutGames.MetVD.Authoring.Tests.BiomeArtProfileTests" runstate="Runnable" seed="1479724750" result="Passed" start-time="2025-09-08 19:35:27Z" end-time="2025-09-08 19:35:27Z" duration="0.002223" asserts="0">
                  <properties>
                    <property name="retryIteration" value="0" />
                    <property name="repeatIteration" value="0" />
                  </properties>
                </test-case>
                <test-case id="1033" name="BiomeArtProfileReference_CanBeAddedToEntity" fullname="TinyWalnutGames.MetVD.Authoring.Tests.BiomeArtProfileTests.BiomeArtProfileReference_CanBeAddedToEntity" methodname="BiomeArtProfileReference_CanBeAddedToEntity" classname="TinyWalnutGames.MetVD.Authoring.Tests.BiomeArtProfileTests" runstate="Runnable" seed="39135249" result="Passed" start-time="2025-09-08 19:35:27Z" end-time="2025-09-08 19:35:27Z" duration="0.000964" asserts="0">
                  <properties>
                    <property name="retryIteration" value="0" />
                    <property name="repeatIteration" value="0" />
                  </properties>
                </test-case>
                <test-case id="1034" name="BiomeTransition_ComponentDataWorks" fullname="TinyWalnutGames.MetVD.Authoring.Tests.BiomeArtProfileTests.BiomeTransition_ComponentDataWorks" methodname="BiomeTransition_ComponentDataWorks" classname="TinyWalnutGames.MetVD.Authoring.Tests.BiomeArtProfileTests" runstate="Runnable" seed="645783507" result="Passed" start-time="2025-09-08 19:35:27Z" end-time="2025-09-08 19:35:27Z" duration="0.000803" asserts="0">
                  <properties>
                    <property name="retryIteration" value="0" />
                    <property name="repeatIteration" value="0" />
                  </properties>
                </test-case>
                <test-case id="1035" name="ProjectionType_EnumValuesAreCorrect" fullname="TinyWalnutGames.MetVD.Authoring.Tests.BiomeArtProfileTests.ProjectionType_EnumValuesAreCorrect" methodname="ProjectionType_EnumValuesAreCorrect" classname="TinyWalnutGames.MetVD.Authoring.Tests.BiomeArtProfileTests" runstate="Runnable" seed="619019144" result="Passed" start-time="2025-09-08 19:35:27Z" end-time="2025-09-08 19:35:27Z" duration="0.000592" asserts="0">
                  <properties>
                    <property name="retryIteration" value="0" />
                    <property name="repeatIteration" value="0" />
                  </properties>
                </test-case>
              </test-suite>
              <test-suite type="TestFixture" id="1038" name="SceneSetupIntegrationTests" fullname="TinyWalnutGames.MetVD.Authoring.Tests.SceneSetupIntegrationTests" classname="TinyWalnutGames.MetVD.Authoring.Tests.SceneSetupIntegrationTests" runstate="Runnable" testcasecount="5" result="Failed" site="Child" start-time="2025-09-08 19:35:27Z" end-time="2025-09-08 19:35:27Z" duration="0.065665" total="5" passed="2" failed="3" inconclusive="0" skipped="0" asserts="0">
                <properties />
                <failure>
                  <message><![CDATA[One or more child tests had errors]]></message>
                </failure>
                <test-case id="1043" name="SceneSetup_ConfigurationConsistency_MaintainsDataIntegrity" fullname="TinyWalnutGames.MetVD.Authoring.Tests.SceneSetupIntegrationTests.SceneSetup_ConfigurationConsistency_MaintainsDataIntegrity" methodname="SceneSetup_ConfigurationConsistency_MaintainsDataIntegrity" classname="TinyWalnutGames.MetVD.Authoring.Tests.SceneSetupIntegrationTests" runstate="Runnable" seed="1695174840" result="Passed" start-time="2025-09-08 19:35:27Z" end-time="2025-09-08 19:35:27Z" duration="0.015447" asserts="0">
                  <properties>
                    <property name="retryIteration" value="0" />
                    <property name="repeatIteration" value="0" />
                  </properties>
                  <output><![CDATA[ðŸ§¬ Entity creation will use world: Integration Test World (IsCreated: True)
ðŸš€ MetVanDAMN Smoke Test: Starting world generation...
Created 12 districts based on targetSectorCount (12)
âœ… MetVanDAMN Smoke Test: World setup complete with seed 98765
   World: Integration Test World
   World size: 60x40
   Target sectors: 12
   Entities created: 1 seeds, 13 districts, 4 polarity fields
   Systems will begin generation on next frame.
]]></output>
                </test-case>
                <test-case id="1041" name="SceneSetup_DistrictHierarchy_SupportsNestedSectorGeneration" fullname="TinyWalnutGames.MetVD.Authoring.Tests.SceneSetupIntegrationTests.SceneSetup_DistrictHierarchy_SupportsNestedSectorGeneration" methodname="SceneSetup_DistrictHierarchy_SupportsNestedSectorGeneration" classname="TinyWalnutGames.MetVD.Authoring.Tests.SceneSetupIntegrationTests" runstate="Runnable" seed="1663415186" result="Failed" label="Error" start-time="2025-09-08 19:35:27Z" end-time="2025-09-08 19:35:27Z" duration="0.005373" asserts="0">
                  <properties>
                    <property name="retryIteration" value="0" />
                    <property name="repeatIteration" value="0" />
                  </properties>
                  <failure>
                    <message><![CDATA[System.Reflection.TargetInvocationException : Exception has been thrown by the target of an invocation.
  ----> System.NullReferenceException : Object reference not set to an instance of an object]]></message>
                    <stack-trace><![CDATA[  at System.Reflection.RuntimeMethodInfo.Invoke (System.Object obj, System.Reflection.BindingFlags invokeAttr, System.Reflection.Binder binder, System.Object[] parameters, System.Globalization.CultureInfo culture) [0x00083] in <6460d52f11fa4eaeabfca1cf2e9eca8f>:0 
  at System.Reflection.MethodBase.Invoke (System.Object obj, System.Object[] parameters) [0x00000] in <6460d52f11fa4eaeabfca1cf2e9eca8f>:0 
  at TinyWalnutGames.MetVD.Authoring.Tests.SceneSetupIntegrationTests.InvokeMethod (System.String methodName) [0x00012] in E:\Tiny_Walnut_Games\TWG-MetVanDamn\Assets\MetVanDAMN\Authoring\Tests\SceneSetupIntegrationTests.cs:339 
  at TinyWalnutGames.MetVD.Authoring.Tests.SceneSetupIntegrationTests.SceneSetup_DistrictHierarchy_SupportsNestedSectorGeneration () [0x00039] in E:\Tiny_Walnut_Games\TWG-MetVanDamn\Assets\MetVanDAMN\Authoring\Tests\SceneSetupIntegrationTests.cs:142 
  at (wrapper managed-to-native) System.Reflection.RuntimeMethodInfo.InternalInvoke(System.Reflection.RuntimeMethodInfo,object,object[],System.Exception&)
  at System.Reflection.RuntimeMethodInfo.Invoke (System.Object obj, System.Reflection.BindingFlags invokeAttr, System.Reflection.Binder binder, System.Object[] parameters, System.Globalization.CultureInfo culture) [0x0006a] in <6460d52f11fa4eaeabfca1cf2e9eca8f>:0 
--NullReferenceException
  at Unity.Entities.EntityManager.GetCheckedEntityDataAccess () [0x00000] in .\Library\PackageCache\com.unity.entities@e581b903be8e\Unity.Entities\EntityManager.cs:87 
  at Unity.Entities.EntityManager.CreateEntity () [0x00000] in .\Library\PackageCache\com.unity.entities@e581b903be8e\Unity.Entities\EntityManager.cs:3289 
  at TinyWalnutGames.MetVD.Samples.SmokeTestSceneSetup.CreateDistrictEntities () [0x0001b] in .\Packages\com.tinywalnutgames.metvd.samples\Runtime\SmokeTestSceneSetup.cs:167 
  at (wrapper managed-to-native) System.Reflection.RuntimeMethodInfo.InternalInvoke(System.Reflection.RuntimeMethodInfo,object,object[],System.Exception&)
  at System.Reflection.RuntimeMethodInfo.Invoke (System.Object obj, System.Reflection.BindingFlags invokeAttr, System.Reflection.Binder binder, System.Object[] parameters, System.Globalization.CultureInfo culture) [0x0006a] in <6460d52f11fa4eaeabfca1cf2e9eca8f>:0 ]]></stack-trace>
                  </failure>
                </test-case>
                <test-case id="1039" name="SceneSetup_FullWorkflow_CreatesValidWorld" fullname="TinyWalnutGames.MetVD.Authoring.Tests.SceneSetupIntegrationTests.SceneSetup_FullWorkflow_CreatesValidWorld" methodname="SceneSetup_FullWorkflow_CreatesValidWorld" classname="TinyWalnutGames.MetVD.Authoring.Tests.SceneSetupIntegrationTests" runstate="Runnable" seed="1508450264" result="Failed" start-time="2025-09-08 19:35:27Z" end-time="2025-09-08 19:35:27Z" duration="0.025569" asserts="0">
                  <properties>
                    <property name="_JOINTYPE" value="UnityCombinatorial" />
                    <property name="retryIteration" value="0" />
                    <property name="repeatIteration" value="0" />
                  </properties>
                  <failure>
                    <message><![CDATA[  Should have exactly one world configuration entity
  Expected: 1
  But was:  0
]]></message>
                    <stack-trace><![CDATA[at TinyWalnutGames.MetVD.Authoring.Tests.SceneSetupIntegrationTests.VerifyWorldConfiguration () [0x00057] in E:\Tiny_Walnut_Games\TWG-MetVanDamn\Assets\MetVanDAMN\Authoring\Tests\SceneSetupIntegrationTests.cs:267
at TinyWalnutGames.MetVD.Authoring.Tests.SceneSetupIntegrationTests+<SceneSetup_FullWorkflow_CreatesValidWorld>d__6.MoveNext () [0x00100] in E:\Tiny_Walnut_Games\TWG-MetVanDamn\Assets\MetVanDAMN\Authoring\Tests\SceneSetupIntegrationTests.cs:77
at UnityEngine.TestTools.TestEnumerator+<Execute>d__7.MoveNext () [0x0003a] in .\Library\PackageCache\com.unity.test-framework@a6f5be5f149c\UnityEngine.TestRunner\NUnitExtensions\Attributes\TestEnumerator.cs:44
]]></stack-trace>
                  </failure>
                </test-case>
                <test-case id="1042" name="SceneSetup_PolarityFieldLayout_SupportsComplexBiomeGeneration" fullname="TinyWalnutGames.MetVD.Authoring.Tests.SceneSetupIntegrationTests.SceneSetup_PolarityFieldLayout_SupportsComplexBiomeGeneration" methodname="SceneSetup_PolarityFieldLayout_SupportsComplexBiomeGeneration" classname="TinyWalnutGames.MetVD.Authoring.Tests.SceneSetupIntegrationTests" runstate="Runnable" seed="14953049" result="Failed" label="Error" start-time="2025-09-08 19:35:27Z" end-time="2025-09-08 19:35:27Z" duration="0.002561" asserts="0">
                  <properties>
                    <property name="retryIteration" value="0" />
                    <property name="repeatIteration" value="0" />
                  </properties>
                  <failure>
                    <message><![CDATA[System.Reflection.TargetInvocationException : Exception has been thrown by the target of an invocation.
  ----> System.NullReferenceException : Object reference not set to an instance of an object]]></message>
                    <stack-trace><![CDATA[  at System.Reflection.RuntimeMethodInfo.Invoke (System.Object obj, System.Reflection.BindingFlags invokeAttr, System.Reflection.Binder binder, System.Object[] parameters, System.Globalization.CultureInfo culture) [0x00083] in <6460d52f11fa4eaeabfca1cf2e9eca8f>:0 
  at System.Reflection.MethodBase.Invoke (System.Object obj, System.Object[] parameters) [0x00000] in <6460d52f11fa4eaeabfca1cf2e9eca8f>:0 
  at TinyWalnutGames.MetVD.Authoring.Tests.SceneSetupIntegrationTests.InvokeMethod (System.String methodName) [0x00012] in E:\Tiny_Walnut_Games\TWG-MetVanDamn\Assets\MetVanDAMN\Authoring\Tests\SceneSetupIntegrationTests.cs:339 
  at TinyWalnutGames.MetVD.Authoring.Tests.SceneSetupIntegrationTests.SceneSetup_PolarityFieldLayout_SupportsComplexBiomeGeneration () [0x0003c] in E:\Tiny_Walnut_Games\TWG-MetVanDamn\Assets\MetVanDAMN\Authoring\Tests\SceneSetupIntegrationTests.cs:171 
  at (wrapper managed-to-native) System.Reflection.RuntimeMethodInfo.InternalInvoke(System.Reflection.RuntimeMethodInfo,object,object[],System.Exception&)
  at System.Reflection.RuntimeMethodInfo.Invoke (System.Object obj, System.Reflection.BindingFlags invokeAttr, System.Reflection.Binder binder, System.Object[] parameters, System.Globalization.CultureInfo culture) [0x0006a] in <6460d52f11fa4eaeabfca1cf2e9eca8f>:0 
--NullReferenceException
  at Unity.Entities.EntityManager.GetCheckedEntityDataAccess () [0x00000] in .\Library\PackageCache\com.unity.entities@e581b903be8e\Unity.Entities\EntityManager.cs:87 
  at Unity.Entities.EntityManager.CreateEntity () [0x00000] in .\Library\PackageCache\com.unity.entities@e581b903be8e\Unity.Entities\EntityManager.cs:3289 
  at TinyWalnutGames.MetVD.Samples.SmokeTestSceneSetup.CreatePolarityField (TinyWalnutGames.MetVD.Core.Polarity polarity, Unity.Mathematics.float2 center, System.String name) [0x00000] in .\Packages\com.tinywalnutgames.metvd.samples\Runtime\SmokeTestSceneSetup.cs:232 
  at TinyWalnutGames.MetVD.Samples.SmokeTestSceneSetup.CreateBiomeFieldEntities () [0x00000] in .\Packages\com.tinywalnutgames.metvd.samples\Runtime\SmokeTestSceneSetup.cs:224 
  at (wrapper managed-to-native) System.Reflection.RuntimeMethodInfo.InternalInvoke(System.Reflection.RuntimeMethodInfo,object,object[],System.Exception&)
  at System.Reflection.RuntimeMethodInfo.Invoke (System.Object obj, System.Reflection.BindingFlags invokeAttr, System.Reflection.Binder binder, System.Object[] parameters, System.Globalization.CultureInfo culture) [0x0006a] in <6460d52f11fa4eaeabfca1cf2e9eca8f>:0 ]]></stack-trace>
                  </failure>
                </test-case>
                <test-case id="1040" name="SceneSetup_WorldConfiguration_IntegratesWithECSSystems" fullname="TinyWalnutGames.MetVD.Authoring.Tests.SceneSetupIntegrationTests.SceneSetup_WorldConfiguration_IntegratesWithECSSystems" methodname="SceneSetup_WorldConfiguration_IntegratesWithECSSystems" classname="TinyWalnutGames.MetVD.Authoring.Tests.SceneSetupIntegrationTests" runstate="Runnable" seed="608161751" result="Passed" start-time="2025-09-08 19:35:27Z" end-time="2025-09-08 19:35:27Z" duration="0.009387" asserts="0">
                  <properties>
                    <property name="retryIteration" value="0" />
                    <property name="repeatIteration" value="0" />
                  </properties>
                  <output><![CDATA[ðŸ§¬ Entity creation will use world: Integration Test World (IsCreated: True)
ðŸš€ MetVanDAMN Smoke Test: Starting world generation...
Created 5 districts based on targetSectorCount (5)
âœ… MetVanDAMN Smoke Test: World setup complete with seed 42
   World: Integration Test World
   World size: 50x50
   Target sectors: 5
   Entities created: 1 seeds, 6 districts, 4 polarity fields
   Systems will begin generation on next frame.
]]></output>
                </test-case>
              </test-suite>
              <test-suite type="TestFixture" id="1044" name="SmokeTestSceneSetupTests" fullname="TinyWalnutGames.MetVD.Authoring.Tests.SmokeTestSceneSetupTests" classname="TinyWalnutGames.MetVD.Authoring.Tests.SmokeTestSceneSetupTests" runstate="Runnable" testcasecount="9" result="Failed" site="Child" start-time="2025-09-08 19:35:27Z" end-time="2025-09-08 19:35:27Z" duration="0.053957" total="9" passed="2" failed="7" inconclusive="0" skipped="0" asserts="0">
                <properties />
                <failure>
                  <message><![CDATA[One or more child tests had errors]]></message>
                </failure>
                <test-case id="1048" name="SmokeTestSceneSetup_BiomeFieldCreation_CreatesAllPolarityFields" fullname="TinyWalnutGames.MetVD.Authoring.Tests.SmokeTestSceneSetupTests.SmokeTestSceneSetup_BiomeFieldCreation_CreatesAllPolarityFields" methodname="SmokeTestSceneSetup_BiomeFieldCreation_CreatesAllPolarityFields" classname="TinyWalnutGames.MetVD.Authoring.Tests.SmokeTestSceneSetupTests" runstate="Runnable" seed="117426191" result="Failed" start-time="2025-09-08 19:35:27Z" end-time="2025-09-08 19:35:27Z" duration="0.002605" asserts="0">
                  <properties>
                    <property name="retryIteration" value="0" />
                    <property name="repeatIteration" value="0" />
                  </properties>
                  <failure>
                    <message><![CDATA[  Field defaultWorld not found
  Expected: not null
  But was:  null
]]></message>
                    <stack-trace><![CDATA[at TinyWalnutGames.MetVD.Authoring.Tests.SmokeTestSceneSetupTests.SetPrivateField (System.String fieldName, System.Object value) [0x00012] in E:\Tiny_Walnut_Games\TWG-MetVanDamn\Assets\MetVanDAMN\Authoring\Tests\SmokeTestSceneSetupTests.cs:335
at TinyWalnutGames.MetVD.Authoring.Tests.SmokeTestSceneSetupTests.SmokeTestSceneSetup_BiomeFieldCreation_CreatesAllPolarityFields () [0x00000] in E:\Tiny_Walnut_Games\TWG-MetVanDamn\Assets\MetVanDAMN\Authoring\Tests\SmokeTestSceneSetupTests.cs:147
]]></stack-trace>
                  </failure>
                </test-case>
                <test-case id="1050" name="SmokeTestSceneSetup_ComponentConfiguration_HasRequiredECSComponents" fullname="TinyWalnutGames.MetVD.Authoring.Tests.SmokeTestSceneSetupTests.SmokeTestSceneSetup_ComponentConfiguration_HasRequiredECSComponents" methodname="SmokeTestSceneSetup_ComponentConfiguration_HasRequiredECSComponents" classname="TinyWalnutGames.MetVD.Authoring.Tests.SmokeTestSceneSetupTests" runstate="Runnable" seed="2019014990" result="Failed" start-time="2025-09-08 19:35:27Z" end-time="2025-09-08 19:35:27Z" duration="0.001153" asserts="0">
                  <properties>
                    <property name="retryIteration" value="0" />
                    <property name="repeatIteration" value="0" />
                  </properties>
                  <failure>
                    <message><![CDATA[  Field defaultWorld not found
  Expected: not null
  But was:  null
]]></message>
                    <stack-trace><![CDATA[at TinyWalnutGames.MetVD.Authoring.Tests.SmokeTestSceneSetupTests.SetPrivateField (System.String fieldName, System.Object value) [0x00012] in E:\Tiny_Walnut_Games\TWG-MetVanDamn\Assets\MetVanDAMN\Authoring\Tests\SmokeTestSceneSetupTests.cs:335
at TinyWalnutGames.MetVD.Authoring.Tests.SmokeTestSceneSetupTests.SmokeTestSceneSetup_ComponentConfiguration_HasRequiredECSComponents () [0x00000] in E:\Tiny_Walnut_Games\TWG-MetVanDamn\Assets\MetVanDAMN\Authoring\Tests\SmokeTestSceneSetupTests.cs:219
]]></stack-trace>
                  </failure>
                </test-case>
                <test-case id="1051" name="SmokeTestSceneSetup_DebugVisualization_DrawsBoundsCorrectly" fullname="TinyWalnutGames.MetVD.Authoring.Tests.SmokeTestSceneSetupTests.SmokeTestSceneSetup_DebugVisualization_DrawsBoundsCorrectly" methodname="SmokeTestSceneSetup_DebugVisualization_DrawsBoundsCorrectly" classname="TinyWalnutGames.MetVD.Authoring.Tests.SmokeTestSceneSetupTests" runstate="Runnable" seed="1455441691" result="Passed" start-time="2025-09-08 19:35:27Z" end-time="2025-09-08 19:35:27Z" duration="0.020294" asserts="0">
                  <properties>
                    <property name="_JOINTYPE" value="UnityCombinatorial" />
                    <property name="retryIteration" value="0" />
                    <property name="repeatIteration" value="0" />
                  </properties>
                </test-case>
                <test-case id="1045" name="SmokeTestSceneSetup_DefaultConfiguration_IsValid" fullname="TinyWalnutGames.MetVD.Authoring.Tests.SmokeTestSceneSetupTests.SmokeTestSceneSetup_DefaultConfiguration_IsValid" methodname="SmokeTestSceneSetup_DefaultConfiguration_IsValid" classname="TinyWalnutGames.MetVD.Authoring.Tests.SmokeTestSceneSetupTests" runstate="Runnable" seed="771710358" result="Failed" start-time="2025-09-08 19:35:27Z" end-time="2025-09-08 19:35:27Z" duration="0.001490" asserts="0">
                  <properties>
                    <property name="retryIteration" value="0" />
                    <property name="repeatIteration" value="0" />
                  </properties>
                  <failure>
                    <message><![CDATA[  Expected: True
  But was:  False
]]></message>
                    <stack-trace><![CDATA[at TinyWalnutGames.MetVD.Authoring.Tests.SmokeTestSceneSetupTests.SmokeTestSceneSetup_DefaultConfiguration_IsValid () [0x0007d] in E:\Tiny_Walnut_Games\TWG-MetVanDamn\Assets\MetVanDAMN\Authoring\Tests\SmokeTestSceneSetupTests.cs:59
]]></stack-trace>
                  </failure>
                </test-case>
                <test-case id="1047" name="SmokeTestSceneSetup_DistrictCreation_RespectsTargetSectorCount" fullname="TinyWalnutGames.MetVD.Authoring.Tests.SmokeTestSceneSetupTests.SmokeTestSceneSetup_DistrictCreation_RespectsTargetSectorCount" methodname="SmokeTestSceneSetup_DistrictCreation_RespectsTargetSectorCount" classname="TinyWalnutGames.MetVD.Authoring.Tests.SmokeTestSceneSetupTests" runstate="Runnable" seed="1776620896" result="Failed" start-time="2025-09-08 19:35:27Z" end-time="2025-09-08 19:35:27Z" duration="0.001423" asserts="0">
                  <properties>
                    <property name="retryIteration" value="0" />
                    <property name="repeatIteration" value="0" />
                  </properties>
                  <failure>
                    <message><![CDATA[  Field defaultWorld not found
  Expected: not null
  But was:  null
]]></message>
                    <stack-trace><![CDATA[at TinyWalnutGames.MetVD.Authoring.Tests.SmokeTestSceneSetupTests.SetPrivateField (System.String fieldName, System.Object value) [0x00012] in E:\Tiny_Walnut_Games\TWG-MetVanDamn\Assets\MetVanDAMN\Authoring\Tests\SmokeTestSceneSetupTests.cs:335
at TinyWalnutGames.MetVD.Authoring.Tests.SmokeTestSceneSetupTests.SmokeTestSceneSetup_DistrictCreation_RespectsTargetSectorCount () [0x00000] in E:\Tiny_Walnut_Games\TWG-MetVanDamn\Assets\MetVanDAMN\Authoring\Tests\SmokeTestSceneSetupTests.cs:110
]]></stack-trace>
                  </failure>
                </test-case>
                <test-case id="1049" name="SmokeTestSceneSetup_DistrictGridPlacement_FollowsExpectedPattern" fullname="TinyWalnutGames.MetVD.Authoring.Tests.SmokeTestSceneSetupTests.SmokeTestSceneSetup_DistrictGridPlacement_FollowsExpectedPattern" methodname="SmokeTestSceneSetup_DistrictGridPlacement_FollowsExpectedPattern" classname="TinyWalnutGames.MetVD.Authoring.Tests.SmokeTestSceneSetupTests" runstate="Runnable" seed="1744109248" result="Failed" start-time="2025-09-08 19:35:27Z" end-time="2025-09-08 19:35:27Z" duration="0.001678" asserts="0">
                  <properties>
                    <property name="retryIteration" value="0" />
                    <property name="repeatIteration" value="0" />
                  </properties>
                  <failure>
                    <message><![CDATA[  Field defaultWorld not found
  Expected: not null
  But was:  null
]]></message>
                    <stack-trace><![CDATA[at TinyWalnutGames.MetVD.Authoring.Tests.SmokeTestSceneSetupTests.SetPrivateField (System.String fieldName, System.Object value) [0x00012] in E:\Tiny_Walnut_Games\TWG-MetVanDamn\Assets\MetVanDAMN\Authoring\Tests\SmokeTestSceneSetupTests.cs:335
at TinyWalnutGames.MetVD.Authoring.Tests.SmokeTestSceneSetupTests.SmokeTestSceneSetup_DistrictGridPlacement_FollowsExpectedPattern () [0x00000] in E:\Tiny_Walnut_Games\TWG-MetVanDamn\Assets\MetVanDAMN\Authoring\Tests\SmokeTestSceneSetupTests.cs:183
]]></stack-trace>
                  </failure>
                </test-case>
                <test-case id="1052" name="SmokeTestSceneSetup_ExtremeTargetSectorCount_HandlesGracefully" fullname="TinyWalnutGames.MetVD.Authoring.Tests.SmokeTestSceneSetupTests.SmokeTestSceneSetup_ExtremeTargetSectorCount_HandlesGracefully" methodname="SmokeTestSceneSetup_ExtremeTargetSectorCount_HandlesGracefully" classname="TinyWalnutGames.MetVD.Authoring.Tests.SmokeTestSceneSetupTests" runstate="Runnable" seed="2127286689" result="Failed" start-time="2025-09-08 19:35:27Z" end-time="2025-09-08 19:35:27Z" duration="0.001178" asserts="0">
                  <properties>
                    <property name="retryIteration" value="0" />
                    <property name="repeatIteration" value="0" />
                  </properties>
                  <failure>
                    <message><![CDATA[  Field defaultWorld not found
  Expected: not null
  But was:  null
]]></message>
                    <stack-trace><![CDATA[at TinyWalnutGames.MetVD.Authoring.Tests.SmokeTestSceneSetupTests.SetPrivateField (System.String fieldName, System.Object value) [0x00012] in E:\Tiny_Walnut_Games\TWG-MetVanDamn\Assets\MetVanDAMN\Authoring\Tests\SmokeTestSceneSetupTests.cs:335
at TinyWalnutGames.MetVD.Authoring.Tests.SmokeTestSceneSetupTests.SmokeTestSceneSetup_ExtremeTargetSectorCount_HandlesGracefully () [0x00000] in E:\Tiny_Walnut_Games\TWG-MetVanDamn\Assets\MetVanDAMN\Authoring\Tests\SmokeTestSceneSetupTests.cs:271
]]></stack-trace>
                  </failure>
                </test-case>
                <test-case id="1053" name="SmokeTestSceneSetup_PolarityFieldPositioning_MatchesExpectedLayout" fullname="TinyWalnutGames.MetVD.Authoring.Tests.SmokeTestSceneSetupTests.SmokeTestSceneSetup_PolarityFieldPositioning_MatchesExpectedLayout" methodname="SmokeTestSceneSetup_PolarityFieldPositioning_MatchesExpectedLayout" classname="TinyWalnutGames.MetVD.Authoring.Tests.SmokeTestSceneSetupTests" runstate="Runnable" seed="83976996" result="Failed" start-time="2025-09-08 19:35:27Z" end-time="2025-09-08 19:35:27Z" duration="0.001505" asserts="0">
                  <properties>
                    <property name="retryIteration" value="0" />
                    <property name="repeatIteration" value="0" />
                  </properties>
                  <failure>
                    <message><![CDATA[  Field defaultWorld not found
  Expected: not null
  But was:  null
]]></message>
                    <stack-trace><![CDATA[at TinyWalnutGames.MetVD.Authoring.Tests.SmokeTestSceneSetupTests.SetPrivateField (System.String fieldName, System.Object value) [0x00012] in E:\Tiny_Walnut_Games\TWG-MetVanDamn\Assets\MetVanDAMN\Authoring\Tests\SmokeTestSceneSetupTests.cs:335
at TinyWalnutGames.MetVD.Authoring.Tests.SmokeTestSceneSetupTests.SmokeTestSceneSetup_PolarityFieldPositioning_MatchesExpectedLayout () [0x00000] in E:\Tiny_Walnut_Games\TWG-MetVanDamn\Assets\MetVanDAMN\Authoring\Tests\SmokeTestSceneSetupTests.cs:297
]]></stack-trace>
                  </failure>
                </test-case>
                <test-case id="1046" name="SmokeTestSceneSetup_WorldConfiguration_CreatesCorrectEntities" fullname="TinyWalnutGames.MetVD.Authoring.Tests.SmokeTestSceneSetupTests.SmokeTestSceneSetup_WorldConfiguration_CreatesCorrectEntities" methodname="SmokeTestSceneSetup_WorldConfiguration_CreatesCorrectEntities" classname="TinyWalnutGames.MetVD.Authoring.Tests.SmokeTestSceneSetupTests" runstate="Runnable" seed="1544002108" result="Passed" start-time="2025-09-08 19:35:27Z" end-time="2025-09-08 19:35:27Z" duration="0.008070" asserts="0">
                  <properties>
                    <property name="retryIteration" value="0" />
                    <property name="repeatIteration" value="0" />
                  </properties>
                  <output><![CDATA[ðŸ§¬ Entity creation will use world: SmokeTest World (IsCreated: True)
ðŸš€ MetVanDAMN Smoke Test: Starting world generation...
Created 5 districts based on targetSectorCount (5)
âœ… MetVanDAMN Smoke Test: World setup complete with seed 42
   World: SmokeTest World
   World size: 50x50
   Target sectors: 5
   Entities created: 1 seeds, 6 districts, 4 polarity fields
   Systems will begin generation on next frame.
]]></output>
                </test-case>
              </test-suite>
              <test-suite type="TestFixture" id="1054" name="SubSceneConversionTests" fullname="TinyWalnutGames.MetVD.Authoring.Tests.SubSceneConversionTests" classname="TinyWalnutGames.MetVD.Authoring.Tests.SubSceneConversionTests" runstate="Runnable" testcasecount="4" result="Passed" start-time="2025-09-08 19:35:27Z" end-time="2025-09-08 19:35:27Z" duration="0.051744" total="4" passed="4" failed="0" inconclusive="0" skipped="0" asserts="0">
                <properties />
                <test-case id="1055" name="SubSceneComponent_CanBeCreated_AndConfigured" fullname="TinyWalnutGames.MetVD.Authoring.Tests.SubSceneConversionTests.SubSceneComponent_CanBeCreated_AndConfigured" methodname="SubSceneComponent_CanBeCreated_AndConfigured" classname="TinyWalnutGames.MetVD.Authoring.Tests.SubSceneConversionTests" runstate="Runnable" seed="1981894134" result="Passed" start-time="2025-09-08 19:35:27Z" end-time="2025-09-08 19:35:27Z" duration="0.018729" asserts="0">
                  <properties>
                    <property name="retryIteration" value="0" />
                    <property name="repeatIteration" value="0" />
                  </properties>
                  <output><![CDATA[âœ… SubScene component creation and configuration works correctly
This validates the component setup portion of the SubScene workflow
]]></output>
                </test-case>
                <test-case id="1058" name="SubSceneConversionWorkflow_ValidatesCompleteLogic_WithoutFileSystem" fullname="TinyWalnutGames.MetVD.Authoring.Tests.SubSceneConversionTests.SubSceneConversionWorkflow_ValidatesCompleteLogic_WithoutFileSystem" methodname="SubSceneConversionWorkflow_ValidatesCompleteLogic_WithoutFileSystem" classname="TinyWalnutGames.MetVD.Authoring.Tests.SubSceneConversionTests" runstate="Runnable" seed="1371155685" result="Passed" start-time="2025-09-08 19:35:27Z" end-time="2025-09-08 19:35:27Z" duration="0.010058" asserts="0">
                  <properties>
                    <property name="retryIteration" value="0" />
                    <property name="repeatIteration" value="0" />
                  </properties>
                  <output><![CDATA[ðŸ§¬ Entity creation will use world: SubSceneConversion Test World (IsCreated: True)
ðŸš€ MetVanDAMN Smoke Test: Starting world generation...
Created 2 districts based on targetSectorCount (2)
âœ… MetVanDAMN Smoke Test: World setup complete with seed 54321
   World: SubSceneConversion Test World
   World size: 30x30
   Target sectors: 2
   Entities created: 1 seeds, 3 districts, 4 polarity fields
   Systems will begin generation on next frame.
âœ… Validated 3 entities ready for SubScene conversion
All entities have required components: NodeId, WfcState, WfcCandidateBufferElement
This validates the complete SubScene conversion logic workflow
]]></output>
                </test-case>
                <test-case id="1057" name="SubSceneNamingLogic_GeneratesCorrectNames_ForDistrictEntities" fullname="TinyWalnutGames.MetVD.Authoring.Tests.SubSceneConversionTests.SubSceneNamingLogic_GeneratesCorrectNames_ForDistrictEntities" methodname="SubSceneNamingLogic_GeneratesCorrectNames_ForDistrictEntities" classname="TinyWalnutGames.MetVD.Authoring.Tests.SubSceneConversionTests" runstate="Runnable" seed="1632503611" result="Passed" start-time="2025-09-08 19:35:27Z" end-time="2025-09-08 19:35:27Z" duration="0.008050" asserts="0">
                  <properties>
                    <property name="retryIteration" value="0" />
                    <property name="repeatIteration" value="0" />
                  </properties>
                  <output><![CDATA[ðŸ§¬ Entity creation will use world: SubSceneConversion Test World (IsCreated: True)
ðŸš€ MetVanDAMN Smoke Test: Starting world generation...
Created 2 districts based on targetSectorCount (2)
âœ… MetVanDAMN Smoke Test: World setup complete with seed 12345
   World: SubSceneConversion Test World
   World size: 50x50
   Target sectors: 2
   Entities created: 1 seeds, 3 districts, 4 polarity fields
   Systems will begin generation on next frame.
âœ… Generated 3 unique SubScene names
Names: SubScene_HubDistrict, SubScene_District_-10_-10, SubScene_District_-10_0
This validates the naming logic portion of the SubScene workflow
]]></output>
                </test-case>
                <test-case id="1056" name="SubSceneWorkflow_ValidatesEntityCreation_ForDistrictConversion" fullname="TinyWalnutGames.MetVD.Authoring.Tests.SubSceneConversionTests.SubSceneWorkflow_ValidatesEntityCreation_ForDistrictConversion" methodname="SubSceneWorkflow_ValidatesEntityCreation_ForDistrictConversion" classname="TinyWalnutGames.MetVD.Authoring.Tests.SubSceneConversionTests" runstate="Runnable" seed="798806997" result="Passed" start-time="2025-09-08 19:35:27Z" end-time="2025-09-08 19:35:27Z" duration="0.008332" asserts="0">
                  <properties>
                    <property name="retryIteration" value="0" />
                    <property name="repeatIteration" value="0" />
                  </properties>
                  <output><![CDATA[ðŸ§¬ Entity creation will use world: SubSceneConversion Test World (IsCreated: True)
ðŸš€ MetVanDAMN Smoke Test: Starting world generation...
Created 3 districts based on targetSectorCount (3)
âœ… MetVanDAMN Smoke Test: World setup complete with seed 98765
   World: SubSceneConversion Test World
   World size: 20x20
   Target sectors: 3
   Entities created: 1 seeds, 4 districts, 4 polarity fields
   Systems will begin generation on next frame.
âœ… Created 4 district entities ready for SubScene conversion
This validates the entity creation portion of the SubScene workflow
]]></output>
                </test-case>
              </test-suite>
              <test-suite type="TestFixture" id="1059" name="WfcDeterminismTests" fullname="TinyWalnutGames.MetVD.Authoring.Tests.WfcDeterminismTests" classname="TinyWalnutGames.MetVD.Authoring.Tests.WfcDeterminismTests" runstate="Runnable" testcasecount="5" result="Failed" site="Child" start-time="2025-09-08 19:35:27Z" end-time="2025-09-08 19:35:28Z" duration="0.566614" total="5" passed="1" failed="4" inconclusive="0" skipped="0" asserts="0">
                <properties />
                <failure>
                  <message><![CDATA[One or more child tests had errors]]></message>
                </failure>
                <test-case id="1063" name="WfcConstraintValidation_IsConsistent" fullname="TinyWalnutGames.MetVD.Authoring.Tests.WfcDeterminismTests.WfcConstraintValidation_IsConsistent" methodname="WfcConstraintValidation_IsConsistent" classname="TinyWalnutGames.MetVD.Authoring.Tests.WfcDeterminismTests" runstate="Runnable" seed="805509918" result="Passed" start-time="2025-09-08 19:35:27Z" end-time="2025-09-08 19:35:27Z" duration="0.002519" asserts="0">
                  <properties>
                    <property name="retryIteration" value="0" />
                    <property name="repeatIteration" value="0" />
                  </properties>
                </test-case>
                <test-case id="1064" name="WfcGeneration_AssignsAtLeastOneNonzeroTileId" fullname="TinyWalnutGames.MetVD.Authoring.Tests.WfcDeterminismTests.WfcGeneration_AssignsAtLeastOneNonzeroTileId" methodname="WfcGeneration_AssignsAtLeastOneNonzeroTileId" classname="TinyWalnutGames.MetVD.Authoring.Tests.WfcDeterminismTests" runstate="Runnable" seed="258589494" result="Failed" start-time="2025-09-08 19:35:27Z" end-time="2025-09-08 19:35:27Z" duration="0.098700" asserts="0">
                  <properties>
                    <property name="retryIteration" value="0" />
                    <property name="repeatIteration" value="0" />
                  </properties>
                  <failure>
                    <message><![CDATA[  At least one entity should have a nonzero AssignedTileId after WFC generation.
  Expected: True
  But was:  False
]]></message>
                    <stack-trace><![CDATA[at TinyWalnutGames.MetVD.Authoring.Tests.WfcDeterminismTests.WfcGeneration_AssignsAtLeastOneNonzeroTileId () [0x0003c] in E:\Tiny_Walnut_Games\TWG-MetVanDamn\Assets\MetVanDAMN\Authoring\Tests\WfcDeterminismTests.cs:176
]]></stack-trace>
                  </failure>
                  <output><![CDATA[[DistrictWfcSystem] WARNING: No WorldSeed found, using fallback seed 0 (non-deterministic). This will break determinism tests.
[DistrictWfcSystem] WARNING: No WorldSeed found, using fallback seed 0 (non-deterministic). This will break determinism tests.
[DistrictWfcSystem] WARNING: No WorldSeed found, using fallback seed 0 (non-deterministic). This will break determinism tests.
[DistrictWfcSystem] WARNING: No WorldSeed found, using fallback seed 0 (non-deterministic). This will break determinism tests.
[DistrictWfcSystem] WARNING: No WorldSeed found, using fallback seed 0 (non-deterministic). This will break determinism tests.
[DistrictWfcSystem] WARNING: No WorldSeed found, using fallback seed 0 (non-deterministic). This will break determinism tests.
[DistrictWfcSystem] WARNING: No WorldSeed found, using fallback seed 0 (non-deterministic). This will break determinism tests.
[DistrictWfcSystem] WARNING: No WorldSeed found, using fallback seed 0 (non-deterministic). This will break determinism tests.
[DistrictWfcSystem] WARNING: No WorldSeed found, using fallback seed 0 (non-deterministic). This will break determinism tests.
[DistrictWfcSystem] WARNING: No WorldSeed found, using fallback seed 0 (non-deterministic). This will break determinism tests.
[DistrictWfcSystem] WARNING: No WorldSeed found, using fallback seed 0 (non-deterministic). This will break determinism tests.
[DistrictWfcSystem] WARNING: No WorldSeed found, using fallback seed 0 (non-deterministic). This will break determinism tests.
[DistrictWfcSystem] WARNING: No WorldSeed found, using fallback seed 0 (non-deterministic). This will break determinism tests.
[DistrictWfcSystem] WARNING: No WorldSeed found, using fallback seed 0 (non-deterministic). This will break determinism tests.
[DistrictWfcSystem] WARNING: No WorldSeed found, using fallback seed 0 (non-deterministic). This will break determinism tests.
[DistrictWfcSystem] WARNING: No WorldSeed found, using fallback seed 0 (non-deterministic). This will break determinism tests.
[DistrictWfcSystem] WARNING: No WorldSeed found, using fallback seed 0 (non-deterministic). This will break determinism tests.
[DistrictWfcSystem] WARNING: No WorldSeed found, using fallback seed 0 (non-deterministic). This will break determinism tests.
[DistrictWfcSystem] WARNING: No WorldSeed found, using fallback seed 0 (non-deterministic). This will break determinism tests.
[DistrictWfcSystem] WARNING: No WorldSeed found, using fallback seed 0 (non-deterministic). This will break determinism tests.
]]></output>
                </test-case>
                <test-case id="1061" name="WfcGeneration_WithDifferentSeeds_ProducesDifferentResults" fullname="TinyWalnutGames.MetVD.Authoring.Tests.WfcDeterminismTests.WfcGeneration_WithDifferentSeeds_ProducesDifferentResults" methodname="WfcGeneration_WithDifferentSeeds_ProducesDifferentResults" classname="TinyWalnutGames.MetVD.Authoring.Tests.WfcDeterminismTests" runstate="Runnable" seed="1383530115" result="Failed" start-time="2025-09-08 19:35:27Z" end-time="2025-09-08 19:35:28Z" duration="0.163310" asserts="0">
                  <properties>
                    <property name="retryIteration" value="0" />
                    <property name="repeatIteration" value="0" />
                  </properties>
                  <failure>
                    <message><![CDATA[  Different seeds should produce different results. See logs for diagnostic sample.
  Expected: True
  But was:  False
]]></message>
                    <stack-trace><![CDATA[at TinyWalnutGames.MetVD.Authoring.Tests.WfcDeterminismTests.WfcGeneration_WithDifferentSeeds_ProducesDifferentResults () [0x00116] in E:\Tiny_Walnut_Games\TWG-MetVanDamn\Assets\MetVanDAMN\Authoring\Tests\WfcDeterminismTests.cs:102
]]></stack-trace>
                  </failure>
                  <output><![CDATA[[DistrictWfcSystem] WARNING: No WorldSeed found, using fallback seed 0 (non-deterministic). This will break determinism tests.
[DistrictWfcSystem] WARNING: No WorldSeed found, using fallback seed 0 (non-deterministic). This will break determinism tests.
[DistrictWfcSystem] WARNING: No WorldSeed found, using fallback seed 0 (non-deterministic). This will break determinism tests.
[DistrictWfcSystem] WARNING: No WorldSeed found, using fallback seed 0 (non-deterministic). This will break determinism tests.
[DistrictWfcSystem] WARNING: No WorldSeed found, using fallback seed 0 (non-deterministic). This will break determinism tests.
[DistrictWfcSystem] WARNING: No WorldSeed found, using fallback seed 0 (non-deterministic). This will break determinism tests.
[DistrictWfcSystem] WARNING: No WorldSeed found, using fallback seed 0 (non-deterministic). This will break determinism tests.
[DistrictWfcSystem] WARNING: No WorldSeed found, using fallback seed 0 (non-deterministic). This will break determinism tests.
[DistrictWfcSystem] WARNING: No WorldSeed found, using fallback seed 0 (non-deterministic). This will break determinism tests.
[DistrictWfcSystem] WARNING: No WorldSeed found, using fallback seed 0 (non-deterministic). This will break determinism tests.
[DistrictWfcSystem] WARNING: No WorldSeed found, using fallback seed 0 (non-deterministic). This will break determinism tests.
[DistrictWfcSystem] WARNING: No WorldSeed found, using fallback seed 0 (non-deterministic). This will break determinism tests.
[DistrictWfcSystem] WARNING: No WorldSeed found, using fallback seed 0 (non-deterministic). This will break determinism tests.
[DistrictWfcSystem] WARNING: No WorldSeed found, using fallback seed 0 (non-deterministic). This will break determinism tests.
[DistrictWfcSystem] WARNING: No WorldSeed found, using fallback seed 0 (non-deterministic). This will break determinism tests.
[DistrictWfcSystem] WARNING: No WorldSeed found, using fallback seed 0 (non-deterministic). This will break determinism tests.
[DistrictWfcSystem] WARNING: No WorldSeed found, using fallback seed 0 (non-deterministic). This will break determinism tests.
[DistrictWfcSystem] WARNING: No WorldSeed found, using fallback seed 0 (non-deterministic). This will break determinism tests.
[DistrictWfcSystem] WARNING: No WorldSeed found, using fallback seed 0 (non-deterministic). This will break determinism tests.
[DistrictWfcSystem] WARNING: No WorldSeed found, using fallback seed 0 (non-deterministic). This will break determinism tests.
[DistrictWfcSystem] WARNING: No WorldSeed found, using fallback seed 0 (non-deterministic). This will break determinism tests.
[DistrictWfcSystem] WARNING: No WorldSeed found, using fallback seed 0 (non-deterministic). This will break determinism tests.
[DistrictWfcSystem] WARNING: No WorldSeed found, using fallback seed 0 (non-deterministic). This will break determinism tests.
[DistrictWfcSystem] WARNING: No WorldSeed found, using fallback seed 0 (non-deterministic). This will break determinism tests.
[DistrictWfcSystem] WARNING: No WorldSeed found, using fallback seed 0 (non-deterministic). This will break determinism tests.
[DistrictWfcSystem] WARNING: No WorldSeed found, using fallback seed 0 (non-deterministic). This will break determinism tests.
[DistrictWfcSystem] WARNING: No WorldSeed found, using fallback seed 0 (non-deterministic). This will break determinism tests.
[DistrictWfcSystem] WARNING: No WorldSeed found, using fallback seed 0 (non-deterministic). This will break determinism tests.
[DistrictWfcSystem] WARNING: No WorldSeed found, using fallback seed 0 (non-deterministic). This will break determinism tests.
[DistrictWfcSystem] WARNING: No WorldSeed found, using fallback seed 0 (non-deterministic). This will break determinism tests.
[DistrictWfcSystem] WARNING: No WorldSeed found, using fallback seed 0 (non-deterministic). This will break determinism tests.
[DistrictWfcSystem] WARNING: No WorldSeed found, using fallback seed 0 (non-deterministic). This will break determinism tests.
[DistrictWfcSystem] WARNING: No WorldSeed found, using fallback seed 0 (non-deterministic). This will break determinism tests.
[DistrictWfcSystem] WARNING: No WorldSeed found, using fallback seed 0 (non-deterministic). This will break determinism tests.
[DistrictWfcSystem] WARNING: No WorldSeed found, using fallback seed 0 (non-deterministic). This will break determinism tests.
[DistrictWfcSystem] WARNING: No WorldSeed found, using fallback seed 0 (non-deterministic). This will break determinism tests.
[DistrictWfcSystem] WARNING: No WorldSeed found, using fallback seed 0 (non-deterministic). This will break determinism tests.
[DistrictWfcSystem] WARNING: No WorldSeed found, using fallback seed 0 (non-deterministic). This will break determinism tests.
[DistrictWfcSystem] WARNING: No WorldSeed found, using fallback seed 0 (non-deterministic). This will break determinism tests.
[DistrictWfcSystem] WARNING: No WorldSeed found, using fallback seed 0 (non-deterministic). This will break determinism tests.
WFC Determinism DIAG: seed1=123 seed2=456 assignments seed1=[0,0,0,0,0,] seed2=[0,0,0,0,0,]
]]></output>
                </test-case>
                <test-case id="1060" name="WfcGeneration_WithSameSeed_ProducesSameResults" fullname="TinyWalnutGames.MetVD.Authoring.Tests.WfcDeterminismTests.WfcGeneration_WithSameSeed_ProducesSameResults" methodname="WfcGeneration_WithSameSeed_ProducesSameResults" classname="TinyWalnutGames.MetVD.Authoring.Tests.WfcDeterminismTests" runstate="Runnable" seed="1540408809" result="Failed" start-time="2025-09-08 19:35:28Z" end-time="2025-09-08 19:35:28Z" duration="0.162330" asserts="0">
                  <properties>
                    <property name="retryIteration" value="0" />
                    <property name="repeatIteration" value="0" />
                  </properties>
                  <failure>
                    <message><![CDATA[Unhandled log message: '[Exception] NotImplementedException: The method or operation is not implemented.'. Use UnityEngine.TestTools.LogAssert.Expect]]></message>
                    <stack-trace><![CDATA[Unity.Entities.DynamicBuffer`1[T].System.Collections.Generic.IEnumerable<T>.GetEnumerator () (at ./Library/PackageCache/com.unity.entities@e581b903be8e/Unity.Entities/Iterators/DynamicBuffer.cs:569)
System.Linq.Enumerable+SelectEnumerableIterator`2[TSource,TResult].MoveNext () (at <7af235693e284c0383dc0d38a50ab8f2>:0)
System.String.JoinCore[T] (System.Char* separator, System.Int32 separatorLength, System.Collections.Generic.IEnumerable`1[T] values) (at <6460d52f11fa4eaeabfca1cf2e9eca8f>:0)
System.String.Join[T] (System.String separator, System.Collections.Generic.IEnumerable`1[T] values) (at <6460d52f11fa4eaeabfca1cf2e9eca8f>:0)
TinyWalnutGames.MetVD.Graph.DistrictWfcSystem+WfcProcessingJob.ProcessInProgress (Unity.Entities.Entity entity, Unity.Entities.RefRW`1[T] wfcState, TinyWalnutGames.MetVD.Core.NodeId& nodeId, Unity.Mathematics.Random random) (at ./Packages/com.tinywalnutgames.metvd.graph/Runtime/DistrictWfcSystem.cs:257)
TinyWalnutGames.MetVD.Graph.DistrictWfcSystem+WfcProcessingJob.Execute () (at ./Packages/com.tinywalnutgames.metvd.graph/Runtime/DistrictWfcSystem.cs:176)
Unity.Jobs.IJobExtensions+JobStruct`1[T].Execute (T& data, System.IntPtr additionalPtr, System.IntPtr bufferRangePatchData, Unity.Jobs.LowLevel.Unsafe.JobRanges& ranges, System.Int32 jobIndex) (at <98fbc9de20ae47d9bb2559ab79ec6643>:0)
Unity.Jobs.JobHandle:ScheduleBatchedJobsAndComplete(JobHandle&)
Unity.Jobs.JobHandle:Complete()
TinyWalnutGames.MetVD.Graph.DistrictWfcSystem:OnUpdate(SystemState&) (at ./Packages/com.tinywalnutgames.metvd.graph/Runtime/DistrictWfcSystem.cs:135)
TinyWalnutGames.MetVD.Graph.DistrictWfcSystem:__codegen__OnUpdate(IntPtr, IntPtr)
Unity.Entities.<>c__DisplayClass9_0:<SelectBurstFn>b__0(IntPtr, IntPtr) (at ./Library/PackageCache/com.unity.entities@e581b903be8e/Unity.Entities/SystemBaseRegistry.cs:249)
Unity.Entities.UnmanagedUpdate_00001677$BurstDirectCall:wrapper_native_indirect_000001C64069F798(IntPtr&, Void*)
Unity.Entities.UnmanagedUpdate_00001677$BurstDirectCall:Invoke(Void*)
Unity.Entities.WorldUnmanagedImpl:UnmanagedUpdate(Void*)
Unity.Entities.WorldUnmanagedImpl:UpdateSystem(SystemHandle) (at ./Library/PackageCache/com.unity.entities@e581b903be8e/Unity.Entities/WorldUnmanaged.cs:891)
Unity.Entities.ComponentSystemGroup:UpdateAllSystems() (at ./Library/PackageCache/com.unity.entities@e581b903be8e/Unity.Entities/ComponentSystemGroup.cs:717)
Unity.Entities.ComponentSystemGroup:OnUpdate() (at ./Library/PackageCache/com.unity.entities@e581b903be8e/Unity.Entities/ComponentSystemGroup.cs:681)
Unity.Entities.SystemBase:Update() (at ./Library/PackageCache/com.unity.entities@e581b903be8e/Unity.Entities/SystemBase.cs:418)
TinyWalnutGames.MetVD.Authoring.Tests.WfcDeterminismTests:RunWfcGenerationWithSeed(UInt32) (at Assets/MetVanDAMN/Authoring/Tests/WfcDeterminismTests.cs:190)
TinyWalnutGames.MetVD.Authoring.Tests.WfcDeterminismTests:WfcGeneration_WithSameSeed_ProducesSameResults() (at Assets/MetVanDAMN/Authoring/Tests/WfcDeterminismTests.cs:50)
System.Reflection.MethodBase:Invoke(Object, Object[])
NUnit.Framework.Internal.Reflect:InvokeMethod(MethodInfo, Object, Object[])
NUnit.Framework.Internal.MethodWrapper:Invoke(Object, Object[])
NUnit.Framework.Internal.Commands.TestMethodCommand:RunNonAsyncTestMethod(ITestExecutionContext)
NUnit.Framework.Internal.Commands.TestMethodCommand:RunTestMethod(ITestExecutionContext)
NUnit.Framework.Internal.Commands.TestMethodCommand:Execute(ITestExecutionContext)
UnityEditor.EditorApplication:Internal_CallUpdateFunctions()

]]></stack-trace>
                  </failure>
                  <output><![CDATA[[DistrictWfcSystem] WARNING: No WorldSeed found, using fallback seed 0 (non-deterministic). This will break determinism tests.
[DistrictWfcSystem] WARNING: No WorldSeed found, using fallback seed 0 (non-deterministic). This will break determinism tests.
[DistrictWfcSystem] WARNING: No WorldSeed found, using fallback seed 0 (non-deterministic). This will break determinism tests.
[DistrictWfcSystem] WARNING: No WorldSeed found, using fallback seed 0 (non-deterministic). This will break determinism tests.
[DistrictWfcSystem] WARNING: No WorldSeed found, using fallback seed 0 (non-deterministic). This will break determinism tests.
[DistrictWfcSystem] WARNING: No WorldSeed found, using fallback seed 0 (non-deterministic). This will break determinism tests.
[DistrictWfcSystem] WARNING: No WorldSeed found, using fallback seed 0 (non-deterministic). This will break determinism tests.
[DistrictWfcSystem] WARNING: No WorldSeed found, using fallback seed 0 (non-deterministic). This will break determinism tests.
[DistrictWfcSystem] WARNING: No WorldSeed found, using fallback seed 0 (non-deterministic). This will break determinism tests.
[DistrictWfcSystem] WARNING: No WorldSeed found, using fallback seed 0 (non-deterministic). This will break determinism tests.
[DistrictWfcSystem] WARNING: No WorldSeed found, using fallback seed 0 (non-deterministic). This will break determinism tests.
[DistrictWfcSystem] WARNING: No WorldSeed found, using fallback seed 0 (non-deterministic). This will break determinism tests.
[DistrictWfcSystem] WARNING: No WorldSeed found, using fallback seed 0 (non-deterministic). This will break determinism tests.
[DistrictWfcSystem] WARNING: No WorldSeed found, using fallback seed 0 (non-deterministic). This will break determinism tests.
[DistrictWfcSystem] WARNING: No WorldSeed found, using fallback seed 0 (non-deterministic). This will break determinism tests.
[DistrictWfcSystem] WARNING: No WorldSeed found, using fallback seed 0 (non-deterministic). This will break determinism tests.
[DistrictWfcSystem] WARNING: No WorldSeed found, using fallback seed 0 (non-deterministic). This will break determinism tests.
[DistrictWfcSystem] WARNING: No WorldSeed found, using fallback seed 0 (non-deterministic). This will break determinism tests.
[DistrictWfcSystem] WARNING: No WorldSeed found, using fallback seed 0 (non-deterministic). This will break determinism tests.
[DistrictWfcSystem] WARNING: No WorldSeed found, using fallback seed 0 (non-deterministic). This will break determinism tests.
[DistrictWfcSystem] WARNING: No WorldSeed found, using fallback seed 0 (non-deterministic). This will break determinism tests.
[DistrictWfcSystem] WARNING: No WorldSeed found, using fallback seed 0 (non-deterministic). This will break determinism tests.
[DistrictWfcSystem] WARNING: No WorldSeed found, using fallback seed 0 (non-deterministic). This will break determinism tests.
[DistrictWfcSystem] WARNING: No WorldSeed found, using fallback seed 0 (non-deterministic). This will break determinism tests.
[DistrictWfcSystem] WARNING: No WorldSeed found, using fallback seed 0 (non-deterministic). This will break determinism tests.
[DistrictWfcSystem] WARNING: No WorldSeed found, using fallback seed 0 (non-deterministic). This will break determinism tests.
[DistrictWfcSystem] WARNING: No WorldSeed found, using fallback seed 0 (non-deterministic). This will break determinism tests.
[DistrictWfcSystem] WARNING: No WorldSeed found, using fallback seed 0 (non-deterministic). This will break determinism tests.
[DistrictWfcSystem] WARNING: No WorldSeed found, using fallback seed 0 (non-deterministic). This will break determinism tests.
[DistrictWfcSystem] WARNING: No WorldSeed found, using fallback seed 0 (non-deterministic). This will break determinism tests.
[DistrictWfcSystem] WARNING: No WorldSeed found, using fallback seed 0 (non-deterministic). This will break determinism tests.
[DistrictWfcSystem] WARNING: No WorldSeed found, using fallback seed 0 (non-deterministic). This will break determinism tests.
[DistrictWfcSystem] WARNING: No WorldSeed found, using fallback seed 0 (non-deterministic). This will break determinism tests.
[DistrictWfcSystem] WARNING: No WorldSeed found, using fallback seed 0 (non-deterministic). This will break determinism tests.
[DistrictWfcSystem] WARNING: No WorldSeed found, using fallback seed 0 (non-deterministic). This will break determinism tests.
[DistrictWfcSystem] WARNING: No WorldSeed found, using fallback seed 0 (non-deterministic). This will break determinism tests.
[DistrictWfcSystem] WARNING: No WorldSeed found, using fallback seed 0 (non-deterministic). This will break determinism tests.
[DistrictWfcSystem] WARNING: No WorldSeed found, using fallback seed 0 (non-deterministic). This will break determinism tests.
[DistrictWfcSystem] WARNING: No WorldSeed found, using fallback seed 0 (non-deterministic). This will break determinism tests.
[DistrictWfcSystem] WARNING: No WorldSeed found, using fallback seed 0 (non-deterministic). This will break determinism tests.
]]></output>
                </test-case>
                <test-case id="1062" name="WfcGeneration_WithSameWorldConfig_IsReproducible" fullname="TinyWalnutGames.MetVD.Authoring.Tests.WfcDeterminismTests.WfcGeneration_WithSameWorldConfig_IsReproducible" methodname="WfcGeneration_WithSameWorldConfig_IsReproducible" classname="TinyWalnutGames.MetVD.Authoring.Tests.WfcDeterminismTests" runstate="Runnable" seed="2106325214" result="Failed" start-time="2025-09-08 19:35:28Z" end-time="2025-09-08 19:35:28Z" duration="0.132698" asserts="0">
                  <properties>
                    <property name="retryIteration" value="0" />
                    <property name="repeatIteration" value="0" />
                  </properties>
                  <failure>
                    <message><![CDATA[Unhandled log message: '[Exception] NotImplementedException: The method or operation is not implemented.'. Use UnityEngine.TestTools.LogAssert.Expect]]></message>
                    <stack-trace><![CDATA[Unity.Entities.DynamicBuffer`1[T].System.Collections.Generic.IEnumerable<T>.GetEnumerator () (at ./Library/PackageCache/com.unity.entities@e581b903be8e/Unity.Entities/Iterators/DynamicBuffer.cs:569)
System.Linq.Enumerable+SelectEnumerableIterator`2[TSource,TResult].MoveNext () (at <7af235693e284c0383dc0d38a50ab8f2>:0)
System.String.JoinCore[T] (System.Char* separator, System.Int32 separatorLength, System.Collections.Generic.IEnumerable`1[T] values) (at <6460d52f11fa4eaeabfca1cf2e9eca8f>:0)
System.String.Join[T] (System.String separator, System.Collections.Generic.IEnumerable`1[T] values) (at <6460d52f11fa4eaeabfca1cf2e9eca8f>:0)
TinyWalnutGames.MetVD.Graph.DistrictWfcSystem+WfcProcessingJob.ProcessInProgress (Unity.Entities.Entity entity, Unity.Entities.RefRW`1[T] wfcState, TinyWalnutGames.MetVD.Core.NodeId& nodeId, Unity.Mathematics.Random random) (at ./Packages/com.tinywalnutgames.metvd.graph/Runtime/DistrictWfcSystem.cs:257)
TinyWalnutGames.MetVD.Graph.DistrictWfcSystem+WfcProcessingJob.Execute () (at ./Packages/com.tinywalnutgames.metvd.graph/Runtime/DistrictWfcSystem.cs:176)
Unity.Jobs.IJobExtensions+JobStruct`1[T].Execute (T& data, System.IntPtr additionalPtr, System.IntPtr bufferRangePatchData, Unity.Jobs.LowLevel.Unsafe.JobRanges& ranges, System.Int32 jobIndex) (at <98fbc9de20ae47d9bb2559ab79ec6643>:0)
Unity.Jobs.JobHandle:ScheduleBatchedJobsAndComplete(JobHandle&)
Unity.Jobs.JobHandle:Complete()
TinyWalnutGames.MetVD.Graph.DistrictWfcSystem:OnUpdate(SystemState&) (at ./Packages/com.tinywalnutgames.metvd.graph/Runtime/DistrictWfcSystem.cs:135)
TinyWalnutGames.MetVD.Graph.DistrictWfcSystem:__codegen__OnUpdate(IntPtr, IntPtr)
Unity.Entities.<>c__DisplayClass9_0:<SelectBurstFn>b__0(IntPtr, IntPtr) (at ./Library/PackageCache/com.unity.entities@e581b903be8e/Unity.Entities/SystemBaseRegistry.cs:249)
Unity.Entities.UnmanagedUpdate_00001677$BurstDirectCall:wrapper_native_indirect_000001C64069F798(IntPtr&, Void*)
Unity.Entities.UnmanagedUpdate_00001677$BurstDirectCall:Invoke(Void*)
Unity.Entities.WorldUnmanagedImpl:UnmanagedUpdate(Void*)
Unity.Entities.WorldUnmanagedImpl:UpdateSystem(SystemHandle) (at ./Library/PackageCache/com.unity.entities@e581b903be8e/Unity.Entities/WorldUnmanaged.cs:891)
Unity.Entities.ComponentSystemGroup:UpdateAllSystems() (at ./Library/PackageCache/com.unity.entities@e581b903be8e/Unity.Entities/ComponentSystemGroup.cs:717)
Unity.Entities.ComponentSystemGroup:OnUpdate() (at ./Library/PackageCache/com.unity.entities@e581b903be8e/Unity.Entities/ComponentSystemGroup.cs:681)
Unity.Entities.SystemBase:Update() (at ./Library/PackageCache/com.unity.entities@e581b903be8e/Unity.Entities/SystemBase.cs:418)
TinyWalnutGames.MetVD.Authoring.Tests.WfcDeterminismTests:GenerateWorldAndComputeHash(WorldGenerationConfig) (at Assets/MetVanDAMN/Authoring/Tests/WfcDeterminismTests.cs:287)
TinyWalnutGames.MetVD.Authoring.Tests.WfcDeterminismTests:WfcGeneration_WithSameWorldConfig_IsReproducible() (at Assets/MetVanDAMN/Authoring/Tests/WfcDeterminismTests.cs:119)
System.Reflection.MethodBase:Invoke(Object, Object[])
NUnit.Framework.Internal.Reflect:InvokeMethod(MethodInfo, Object, Object[])
NUnit.Framework.Internal.MethodWrapper:Invoke(Object, Object[])
NUnit.Framework.Internal.Commands.TestMethodCommand:RunNonAsyncTestMethod(ITestExecutionContext)
NUnit.Framework.Internal.Commands.TestMethodCommand:RunTestMethod(ITestExecutionContext)
NUnit.Framework.Internal.Commands.TestMethodCommand:Execute(ITestExecutionContext)
UnityEditor.EditorApplication:Internal_CallUpdateFunctions()

]]></stack-trace>
                  </failure>
                  <output><![CDATA[[DistrictWfcSystem] WARNING: No WorldSeed found, using fallback seed 0 (non-deterministic). This will break determinism tests.
[DistrictWfcSystem] WARNING: No WorldSeed found, using fallback seed 0 (non-deterministic). This will break determinism tests.
[DistrictWfcSystem] WARNING: No WorldSeed found, using fallback seed 0 (non-deterministic). This will break determinism tests.
[DistrictWfcSystem] WARNING: No WorldSeed found, using fallback seed 0 (non-deterministic). This will break determinism tests.
[DistrictWfcSystem] WARNING: No WorldSeed found, using fallback seed 0 (non-deterministic). This will break determinism tests.
[DistrictWfcSystem] WARNING: No WorldSeed found, using fallback seed 0 (non-deterministic). This will break determinism tests.
[DistrictWfcSystem] WARNING: No WorldSeed found, using fallback seed 0 (non-deterministic). This will break determinism tests.
[DistrictWfcSystem] WARNING: No WorldSeed found, using fallback seed 0 (non-deterministic). This will break determinism tests.
[DistrictWfcSystem] WARNING: No WorldSeed found, using fallback seed 0 (non-deterministic). This will break determinism tests.
[DistrictWfcSystem] WARNING: No WorldSeed found, using fallback seed 0 (non-deterministic). This will break determinism tests.
[DistrictWfcSystem] WARNING: No WorldSeed found, using fallback seed 0 (non-deterministic). This will break determinism tests.
[DistrictWfcSystem] WARNING: No WorldSeed found, using fallback seed 0 (non-deterministic). This will break determinism tests.
[DistrictWfcSystem] WARNING: No WorldSeed found, using fallback seed 0 (non-deterministic). This will break determinism tests.
[DistrictWfcSystem] WARNING: No WorldSeed found, using fallback seed 0 (non-deterministic). This will break determinism tests.
[DistrictWfcSystem] WARNING: No WorldSeed found, using fallback seed 0 (non-deterministic). This will break determinism tests.
[DistrictWfcSystem] WARNING: No WorldSeed found, using fallback seed 0 (non-deterministic). This will break determinism tests.
[DistrictWfcSystem] WARNING: No WorldSeed found, using fallback seed 0 (non-deterministic). This will break determinism tests.
[DistrictWfcSystem] WARNING: No WorldSeed found, using fallback seed 0 (non-deterministic). This will break determinism tests.
[DistrictWfcSystem] WARNING: No WorldSeed found, using fallback seed 0 (non-deterministic). This will break determinism tests.
[DistrictWfcSystem] WARNING: No WorldSeed found, using fallback seed 0 (non-deterministic). This will break determinism tests.
[DistrictWfcSystem] WARNING: No WorldSeed found, using fallback seed 0 (non-deterministic). This will break determinism tests.
[DistrictWfcSystem] WARNING: No WorldSeed found, using fallback seed 0 (non-deterministic). This will break determinism tests.
[DistrictWfcSystem] WARNING: No WorldSeed found, using fallback seed 0 (non-deterministic). This will break determinism tests.
[DistrictWfcSystem] WARNING: No WorldSeed found, using fallback seed 0 (non-deterministic). This will break determinism tests.
[DistrictWfcSystem] WARNING: No WorldSeed found, using fallback seed 0 (non-deterministic). This will break determinism tests.
[DistrictWfcSystem] WARNING: No WorldSeed found, using fallback seed 0 (non-deterministic). This will break determinism tests.
[DistrictWfcSystem] WARNING: No WorldSeed found, using fallback seed 0 (non-deterministic). This will break determinism tests.
[DistrictWfcSystem] WARNING: No WorldSeed found, using fallback seed 0 (non-deterministic). This will break determinism tests.
[DistrictWfcSystem] WARNING: No WorldSeed found, using fallback seed 0 (non-deterministic). This will break determinism tests.
[DistrictWfcSystem] WARNING: No WorldSeed found, using fallback seed 0 (non-deterministic). This will break determinism tests.
]]></output>
                </test-case>
              </test-suite>
              <test-suite type="TestFixture" id="1065" name="WorldBootstrapTests" fullname="TinyWalnutGames.MetVD.Authoring.Tests.WorldBootstrapTests" classname="TinyWalnutGames.MetVD.Authoring.Tests.WorldBootstrapTests" runstate="Runnable" testcasecount="5" result="Passed" start-time="2025-09-08 19:35:28Z" end-time="2025-09-08 19:35:28Z" duration="0.019141" total="5" passed="5" failed="0" inconclusive="0" skipped="0" asserts="0">
                <properties />
                <test-case id="1067" name="WorldBootstrapConfiguration_CanBeAddedToEntity" fullname="TinyWalnutGames.MetVD.Authoring.Tests.WorldBootstrapTests.WorldBootstrapConfiguration_CanBeAddedToEntity" methodname="WorldBootstrapConfiguration_CanBeAddedToEntity" classname="TinyWalnutGames.MetVD.Authoring.Tests.WorldBootstrapTests" runstate="Runnable" seed="1243350926" result="Passed" start-time="2025-09-08 19:35:28Z" end-time="2025-09-08 19:35:28Z" duration="0.002138" asserts="0">
                  <properties>
                    <property name="retryIteration" value="0" />
                    <property name="repeatIteration" value="0" />
                  </properties>
                </test-case>
                <test-case id="1066" name="WorldBootstrapConfiguration_CanBeCreated" fullname="TinyWalnutGames.MetVD.Authoring.Tests.WorldBootstrapTests.WorldBootstrapConfiguration_CanBeCreated" methodname="WorldBootstrapConfiguration_CanBeCreated" classname="TinyWalnutGames.MetVD.Authoring.Tests.WorldBootstrapTests" runstate="Runnable" seed="832753303" result="Passed" start-time="2025-09-08 19:35:28Z" end-time="2025-09-08 19:35:28Z" duration="0.000997" asserts="0">
                  <properties>
                    <property name="retryIteration" value="0" />
                    <property name="repeatIteration" value="0" />
                  </properties>
                </test-case>
                <test-case id="1069" name="WorldBootstrapSystem_RequiresCorrectComponents" fullname="TinyWalnutGames.MetVD.Authoring.Tests.WorldBootstrapTests.WorldBootstrapSystem_RequiresCorrectComponents" methodname="WorldBootstrapSystem_RequiresCorrectComponents" classname="TinyWalnutGames.MetVD.Authoring.Tests.WorldBootstrapTests" runstate="Runnable" seed="376974749" result="Passed" start-time="2025-09-08 19:35:28Z" end-time="2025-09-08 19:35:28Z" duration="0.001422" asserts="0">
                  <properties>
                    <property name="retryIteration" value="0" />
                    <property name="repeatIteration" value="0" />
                  </properties>
                </test-case>
                <test-case id="1068" name="WorldBootstrapTags_CanBeAddedToEntity" fullname="TinyWalnutGames.MetVD.Authoring.Tests.WorldBootstrapTests.WorldBootstrapTags_CanBeAddedToEntity" methodname="WorldBootstrapTags_CanBeAddedToEntity" classname="TinyWalnutGames.MetVD.Authoring.Tests.WorldBootstrapTests" runstate="Runnable" seed="673523279" result="Passed" start-time="2025-09-08 19:35:28Z" end-time="2025-09-08 19:35:28Z" duration="0.001528" asserts="0">
                  <properties>
                    <property name="retryIteration" value="0" />
                    <property name="repeatIteration" value="0" />
                  </properties>
                </test-case>
                <test-case id="1070" name="WorldConfiguration_IsCompatibleWithBootstrap" fullname="TinyWalnutGames.MetVD.Authoring.Tests.WorldBootstrapTests.WorldConfiguration_IsCompatibleWithBootstrap" methodname="WorldConfiguration_IsCompatibleWithBootstrap" classname="TinyWalnutGames.MetVD.Authoring.Tests.WorldBootstrapTests" runstate="Runnable" seed="1596653269" result="Passed" start-time="2025-09-08 19:35:28Z" end-time="2025-09-08 19:35:28Z" duration="0.001780" asserts="0">
                  <properties>
                    <property name="retryIteration" value="0" />
                    <property name="repeatIteration" value="0" />
                  </properties>
                </test-case>
              </test-suite>
            </test-suite>
          </test-suite>
          <test-suite type="TestSuite" id="1114" name="Graph" fullname="TinyWalnutGames.MetVD.Graph" runstate="Runnable" testcasecount="10" result="Failed" site="Child" start-time="2025-09-08 19:35:28Z" end-time="2025-09-08 19:35:29Z" duration="0.847877" total="10" passed="9" failed="1" inconclusive="0" skipped="0" asserts="0">
            <properties />
            <failure>
              <message><![CDATA[One or more child tests had errors]]></message>
            </failure>
            <test-suite type="TestSuite" id="1115" name="Tests" fullname="TinyWalnutGames.MetVD.Graph.Tests" runstate="Runnable" testcasecount="10" result="Failed" site="Child" start-time="2025-09-08 19:35:28Z" end-time="2025-09-08 19:35:29Z" duration="0.842276" total="10" passed="9" failed="1" inconclusive="0" skipped="0" asserts="0">
              <properties />
              <failure>
                <message><![CDATA[One or more child tests had errors]]></message>
              </failure>
              <test-suite type="TestFixture" id="1001" name="PlayerExperienceAndEndToEndTests" fullname="TinyWalnutGames.MetVD.Graph.Tests.PlayerExperienceAndEndToEndTests" classname="TinyWalnutGames.MetVD.Graph.Tests.PlayerExperienceAndEndToEndTests" runstate="Runnable" testcasecount="5" result="Passed" start-time="2025-09-08 19:35:28Z" end-time="2025-09-08 19:35:28Z" duration="0.049154" total="5" passed="5" failed="0" inconclusive="0" skipped="0" asserts="0">
                <properties />
                <test-case id="1006" name="AccessibilityValidation_EnsuresInclusivePlayerExperience" fullname="TinyWalnutGames.MetVD.Graph.Tests.PlayerExperienceAndEndToEndTests.AccessibilityValidation_EnsuresInclusivePlayerExperience" methodname="AccessibilityValidation_EnsuresInclusivePlayerExperience" classname="TinyWalnutGames.MetVD.Graph.Tests.PlayerExperienceAndEndToEndTests" runstate="Runnable" seed="450277680" result="Passed" start-time="2025-09-08 19:35:28Z" end-time="2025-09-08 19:35:28Z" duration="0.002228" asserts="0">
                  <properties>
                    <property name="retryIteration" value="0" />
                    <property name="repeatIteration" value="0" />
                  </properties>
                  <output><![CDATA[âœ… Accessibility validation ensures inclusive player experience
All room types meet accessibility requirements for diverse players
]]></output>
                </test-case>
                <test-case id="1003" name="EndToEndWorldGeneration_ProducesPlayableWorld_WithValidProgression" fullname="TinyWalnutGames.MetVD.Graph.Tests.PlayerExperienceAndEndToEndTests.EndToEndWorldGeneration_ProducesPlayableWorld_WithValidProgression" methodname="EndToEndWorldGeneration_ProducesPlayableWorld_WithValidProgression" classname="TinyWalnutGames.MetVD.Graph.Tests.PlayerExperienceAndEndToEndTests" runstate="Runnable" seed="489971291" result="Passed" start-time="2025-09-08 19:35:28Z" end-time="2025-09-08 19:35:28Z" duration="0.035042" asserts="0">
                  <properties>
                    <property name="_JOINTYPE" value="UnityCombinatorial" />
                    <property name="retryIteration" value="0" />
                    <property name="repeatIteration" value="0" />
                  </properties>
                  <output><![CDATA[âœ… Complete world setup ready: Config entity created, 0 rooms, 0 gates
End-to-end pipeline successfully prepares for playable world
]]></output>
                </test-case>
                <test-case id="1005" name="ErrorHandling_RecoverGracefully_FromCorruptedData" fullname="TinyWalnutGames.MetVD.Graph.Tests.PlayerExperienceAndEndToEndTests.ErrorHandling_RecoverGracefully_FromCorruptedData" methodname="ErrorHandling_RecoverGracefully_FromCorruptedData" classname="TinyWalnutGames.MetVD.Graph.Tests.PlayerExperienceAndEndToEndTests" runstate="Runnable" seed="317986353" result="Passed" start-time="2025-09-08 19:35:28Z" end-time="2025-09-08 19:35:28Z" duration="0.001311" asserts="0">
                  <properties>
                    <property name="retryIteration" value="0" />
                    <property name="repeatIteration" value="0" />
                  </properties>
                  <output><![CDATA[âœ… Error handling successfully recovers from corrupted data
System sanitizes invalid values instead of crashing
]]></output>
                </test-case>
                <test-case id="1002" name="PlayerProgression_UnlocksIntendedAreas_AfterSkillAcquisition" fullname="TinyWalnutGames.MetVD.Graph.Tests.PlayerExperienceAndEndToEndTests.PlayerProgression_UnlocksIntendedAreas_AfterSkillAcquisition" methodname="PlayerProgression_UnlocksIntendedAreas_AfterSkillAcquisition" classname="TinyWalnutGames.MetVD.Graph.Tests.PlayerExperienceAndEndToEndTests" runstate="Runnable" seed="1011931181" result="Passed" start-time="2025-09-08 19:35:28Z" end-time="2025-09-08 19:35:28Z" duration="0.003351" asserts="0">
                  <properties>
                    <property name="retryIteration" value="0" />
                    <property name="repeatIteration" value="0" />
                  </properties>
                  <output><![CDATA[âœ… Player progression correctly unlocks new areas
Initial skills: Jump -> Upgraded skills: Jump, DoubleJump
Area accessibility: False -> True
]]></output>
                </test-case>
                <test-case id="1004" name="SaveLoadSystem_PreservesWorldState_AcrossSessionSimulation" fullname="TinyWalnutGames.MetVD.Graph.Tests.PlayerExperienceAndEndToEndTests.SaveLoadSystem_PreservesWorldState_AcrossSessionSimulation" methodname="SaveLoadSystem_PreservesWorldState_AcrossSessionSimulation" classname="TinyWalnutGames.MetVD.Graph.Tests.PlayerExperienceAndEndToEndTests" runstate="Runnable" seed="1919458160" result="Passed" start-time="2025-09-08 19:35:28Z" end-time="2025-09-08 19:35:28Z" duration="0.001665" asserts="0">
                  <properties>
                    <property name="retryIteration" value="0" />
                    <property name="repeatIteration" value="0" />
                  </properties>
                  <output><![CDATA[âœ… Save/Load system successfully preserves world state
Preserved world: Seed 99999, Size int2(20, 20)
]]></output>
                </test-case>
              </test-suite>
              <test-suite type="TestFixture" id="1007" name="UnityIntegrationAndPerformanceTests" fullname="TinyWalnutGames.MetVD.Graph.Tests.UnityIntegrationAndPerformanceTests" classname="TinyWalnutGames.MetVD.Graph.Tests.UnityIntegrationAndPerformanceTests" runstate="Runnable" testcasecount="5" result="Failed" site="Child" start-time="2025-09-08 19:35:28Z" end-time="2025-09-08 19:35:29Z" duration="0.789207" total="5" passed="4" failed="1" inconclusive="0" skipped="0" asserts="0">
                <properties />
                <failure>
                  <message><![CDATA[One or more child tests had errors]]></message>
                </failure>
                <test-case id="1011" name="HighPropDensity_MaintainsPerformance_WithoutFrameDrops" fullname="TinyWalnutGames.MetVD.Graph.Tests.UnityIntegrationAndPerformanceTests.HighPropDensity_MaintainsPerformance_WithoutFrameDrops" methodname="HighPropDensity_MaintainsPerformance_WithoutFrameDrops" classname="TinyWalnutGames.MetVD.Graph.Tests.UnityIntegrationAndPerformanceTests" runstate="Runnable" seed="1074894439" result="Passed" start-time="2025-09-08 19:35:28Z" end-time="2025-09-08 19:35:28Z" duration="0.005574" asserts="0">
                  <properties>
                    <property name="retryIteration" value="0" />
                    <property name="repeatIteration" value="0" />
                  </properties>
                  <output><![CDATA[âœ… Created 100 props in 3ms
Performance: 33333.3 props/second
]]></output>
                </test-case>
                <test-case id="1008" name="JumpArcSolver_IntegratesWithActualUnityPhysics_InRealScene" fullname="TinyWalnutGames.MetVD.Graph.Tests.UnityIntegrationAndPerformanceTests.JumpArcSolver_IntegratesWithActualUnityPhysics_InRealScene" methodname="JumpArcSolver_IntegratesWithActualUnityPhysics_InRealScene" classname="TinyWalnutGames.MetVD.Graph.Tests.UnityIntegrationAndPerformanceTests" runstate="Runnable" seed="1831946875" result="Passed" start-time="2025-09-08 19:35:28Z" end-time="2025-09-08 19:35:28Z" duration="0.002848" asserts="0">
                  <properties>
                    <property name="retryIteration" value="0" />
                    <property name="repeatIteration" value="0" />
                  </properties>
                  <output><![CDATA[âœ… Jump arc solver calculations align with Unity physics setup
Target (4,2) reachable with double jump: True
]]></output>
                </test-case>
                <test-case id="1012" name="MemoryUsage_StaysWithinBudget_ForLargeOperations" fullname="TinyWalnutGames.MetVD.Graph.Tests.UnityIntegrationAndPerformanceTests.MemoryUsage_StaysWithinBudget_ForLargeOperations" methodname="MemoryUsage_StaysWithinBudget_ForLargeOperations" classname="TinyWalnutGames.MetVD.Graph.Tests.UnityIntegrationAndPerformanceTests" runstate="Runnable" seed="195858396" result="Passed" start-time="2025-09-08 19:35:28Z" end-time="2025-09-08 19:35:29Z" duration="0.749643" asserts="0">
                  <properties>
                    <property name="retryIteration" value="0" />
                    <property name="repeatIteration" value="0" />
                  </properties>
                  <output><![CDATA[âœ… Memory usage increased by -672KB for 1000 entities
Memory efficiency: -688.1 bytes per entity
]]></output>
                </test-case>
                <test-case id="1009" name="TilemapGeneration_CreatesValidColliders_ForPhysicsInteraction" fullname="TinyWalnutGames.MetVD.Graph.Tests.UnityIntegrationAndPerformanceTests.TilemapGeneration_CreatesValidColliders_ForPhysicsInteraction" methodname="TilemapGeneration_CreatesValidColliders_ForPhysicsInteraction" classname="TinyWalnutGames.MetVD.Graph.Tests.UnityIntegrationAndPerformanceTests" runstate="Runnable" seed="1988126804" result="Failed" start-time="2025-09-08 19:35:29Z" end-time="2025-09-08 19:35:29Z" duration="0.006366" asserts="0">
                  <properties>
                    <property name="retryIteration" value="0" />
                    <property name="repeatIteration" value="0" />
                  </properties>
                  <failure>
                    <message><![CDATA[  All 4 tiles should be placed
  Expected: 4
  But was:  1
]]></message>
                    <stack-trace><![CDATA[at TinyWalnutGames.MetVD.Graph.Tests.UnityIntegrationAndPerformanceTests.TilemapGeneration_CreatesValidColliders_ForPhysicsInteraction () [0x000e6] in E:\Tiny_Walnut_Games\TWG-MetVanDamn\Assets\MetVanDAMN\Authoring\Tests\UnityIntegrationAndPerformanceTests.cs:126
]]></stack-trace>
                  </failure>
                </test-case>
                <test-case id="1010" name="WorldGeneration_CompletesWithinTimeLimit_ForMediumWorld" fullname="TinyWalnutGames.MetVD.Graph.Tests.UnityIntegrationAndPerformanceTests.WorldGeneration_CompletesWithinTimeLimit_ForMediumWorld" methodname="WorldGeneration_CompletesWithinTimeLimit_ForMediumWorld" classname="TinyWalnutGames.MetVD.Graph.Tests.UnityIntegrationAndPerformanceTests" runstate="Runnable" seed="154133037" result="Passed" start-time="2025-09-08 19:35:29Z" end-time="2025-09-08 19:35:29Z" duration="0.018217" asserts="0">
                  <properties>
                    <property name="_JOINTYPE" value="UnityCombinatorial" />
                    <property name="retryIteration" value="0" />
                    <property name="repeatIteration" value="0" />
                  </properties>
                  <output><![CDATA[âœ… Medium world (25x25) generated in 7ms
Performance target: <15s for medium world generation
]]></output>
                </test-case>
              </test-suite>
            </test-suite>
          </test-suite>
          <test-suite type="TestSuite" id="1118" name="Tests" fullname="TinyWalnutGames.MetVD.Tests" runstate="Runnable" testcasecount="39" result="Failed" site="Child" start-time="2025-09-08 19:35:29Z" end-time="2025-09-08 19:35:29Z" duration="0.076303" total="39" passed="36" failed="3" inconclusive="0" skipped="0" asserts="0">
            <properties />
            <failure>
              <message><![CDATA[One or more child tests had errors]]></message>
            </failure>
            <test-suite type="TestFixture" id="1071" name="AINavigationTests" fullname="TinyWalnutGames.MetVD.Tests.AINavigationTests" classname="TinyWalnutGames.MetVD.Tests.AINavigationTests" runstate="Runnable" testcasecount="39" result="Failed" site="Child" start-time="2025-09-08 19:35:29Z" end-time="2025-09-08 19:35:29Z" duration="0.071653" total="39" passed="36" failed="3" inconclusive="0" skipped="0" asserts="0">
              <properties />
              <failure>
                <message><![CDATA[One or more child tests had errors]]></message>
              </failure>
              <test-case id="1074" name="AgentCapabilities_CanPassGate_WithMatchingPolarity_ReturnsTrue" fullname="TinyWalnutGames.MetVD.Tests.AINavigationTests.AgentCapabilities_CanPassGate_WithMatchingPolarity_ReturnsTrue" methodname="AgentCapabilities_CanPassGate_WithMatchingPolarity_ReturnsTrue" classname="TinyWalnutGames.MetVD.Tests.AINavigationTests" runstate="Runnable" seed="979740248" result="Passed" start-time="2025-09-08 19:35:29Z" end-time="2025-09-08 19:35:29Z" duration="0.001152" asserts="0">
                <properties>
                  <property name="retryIteration" value="0" />
                  <property name="repeatIteration" value="0" />
                </properties>
              </test-case>
              <test-case id="1075" name="AgentCapabilities_CanPassGate_WithMismatchedPolarity_ReturnsFalse" fullname="TinyWalnutGames.MetVD.Tests.AINavigationTests.AgentCapabilities_CanPassGate_WithMismatchedPolarity_ReturnsFalse" methodname="AgentCapabilities_CanPassGate_WithMismatchedPolarity_ReturnsFalse" classname="TinyWalnutGames.MetVD.Tests.AINavigationTests" runstate="Runnable" seed="1350521376" result="Passed" start-time="2025-09-08 19:35:29Z" end-time="2025-09-08 19:35:29Z" duration="0.000679" asserts="0">
                <properties>
                  <property name="retryIteration" value="0" />
                  <property name="repeatIteration" value="0" />
                </properties>
              </test-case>
              <test-case id="1076" name="AgentCapabilities_CanPassSoftGate_WithHighSkill_ReturnsTrue" fullname="TinyWalnutGames.MetVD.Tests.AINavigationTests.AgentCapabilities_CanPassSoftGate_WithHighSkill_ReturnsTrue" methodname="AgentCapabilities_CanPassSoftGate_WithHighSkill_ReturnsTrue" classname="TinyWalnutGames.MetVD.Tests.AINavigationTests" runstate="Runnable" seed="1701000890" result="Passed" start-time="2025-09-08 19:35:29Z" end-time="2025-09-08 19:35:29Z" duration="0.000554" asserts="0">
                <properties>
                  <property name="retryIteration" value="0" />
                  <property name="repeatIteration" value="0" />
                </properties>
              </test-case>
              <test-case id="1084" name="AINavigationState_BasicCreation_IsValid" fullname="TinyWalnutGames.MetVD.Tests.AINavigationTests.AINavigationState_BasicCreation_IsValid" methodname="AINavigationState_BasicCreation_IsValid" classname="TinyWalnutGames.MetVD.Tests.AINavigationTests" runstate="Runnable" seed="1603367028" result="Passed" start-time="2025-09-08 19:35:29Z" end-time="2025-09-08 19:35:29Z" duration="0.000788" asserts="0">
                <properties>
                  <property name="retryIteration" value="0" />
                  <property name="repeatIteration" value="0" />
                </properties>
              </test-case>
              <test-case id="1109" name="AINavigationSystem_CalculateMovementHeuristic_AccountsForVerticalMovement" fullname="TinyWalnutGames.MetVD.Tests.AINavigationTests.AINavigationSystem_CalculateMovementHeuristic_AccountsForVerticalMovement" methodname="AINavigationSystem_CalculateMovementHeuristic_AccountsForVerticalMovement" classname="TinyWalnutGames.MetVD.Tests.AINavigationTests" runstate="Runnable" seed="787380835" result="Passed" start-time="2025-09-08 19:35:29Z" end-time="2025-09-08 19:35:29Z" duration="0.005020" asserts="0">
                <properties>
                  <property name="retryIteration" value="0" />
                  <property name="repeatIteration" value="0" />
                </properties>
              </test-case>
              <test-case id="1086" name="AINavigationSystem_Creation_DoesNotThrow" fullname="TinyWalnutGames.MetVD.Tests.AINavigationTests.AINavigationSystem_Creation_DoesNotThrow" methodname="AINavigationSystem_Creation_DoesNotThrow" classname="TinyWalnutGames.MetVD.Tests.AINavigationTests" runstate="Runnable" seed="1575007001" result="Passed" start-time="2025-09-08 19:35:29Z" end-time="2025-09-08 19:35:29Z" duration="0.001609" asserts="0">
                <properties>
                  <property name="retryIteration" value="0" />
                  <property name="repeatIteration" value="0" />
                </properties>
              </test-case>
              <test-case id="1097" name="ArcJump_Ability_IsCorrectlyDefined" fullname="TinyWalnutGames.MetVD.Tests.AINavigationTests.ArcJump_Ability_IsCorrectlyDefined" methodname="ArcJump_Ability_IsCorrectlyDefined" classname="TinyWalnutGames.MetVD.Tests.AINavigationTests" runstate="Runnable" seed="2121998565" result="Failed" start-time="2025-09-08 19:35:29Z" end-time="2025-09-08 19:35:29Z" duration="0.000884" asserts="0">
                <properties>
                  <property name="retryIteration" value="0" />
                  <property name="repeatIteration" value="0" />
                </properties>
                <failure>
                  <message><![CDATA[  Expected: True
  But was:  False
]]></message>
                  <stack-trace><![CDATA[at TinyWalnutGames.MetVD.Tests.AINavigationTests.ArcJump_Ability_IsCorrectlyDefined () [0x00065] in E:\Tiny_Walnut_Games\TWG-MetVanDamn\Assets\MetVanDAMN\Authoring\Tests\AINavigationTests.cs:477
]]></stack-trace>
                </failure>
              </test-case>
              <test-case id="1110" name="JumpArcPhysics_CalculatesReasonableCosts" fullname="TinyWalnutGames.MetVD.Tests.AINavigationTests.JumpArcPhysics_CalculatesReasonableCosts" methodname="JumpArcPhysics_CalculatesReasonableCosts" classname="TinyWalnutGames.MetVD.Tests.AINavigationTests" runstate="Runnable" seed="1152015117" result="Passed" start-time="2025-09-08 19:35:29Z" end-time="2025-09-08 19:35:29Z" duration="0.002052" asserts="0">
                <properties>
                  <property name="retryIteration" value="0" />
                  <property name="repeatIteration" value="0" />
                </properties>
              </test-case>
              <test-case id="1108" name="MovementEfficiencyMultiplier_AllArcMovementAbilities_StacksBonuses" fullname="TinyWalnutGames.MetVD.Tests.AINavigationTests.MovementEfficiencyMultiplier_AllArcMovementAbilities_StacksBonuses" methodname="MovementEfficiencyMultiplier_AllArcMovementAbilities_StacksBonuses" classname="TinyWalnutGames.MetVD.Tests.AINavigationTests" runstate="Runnable" seed="1848914493" result="Failed" start-time="2025-09-08 19:35:29Z" end-time="2025-09-08 19:35:29Z" duration="0.000940" asserts="0">
                <properties>
                  <property name="retryIteration" value="0" />
                  <property name="repeatIteration" value="0" />
                </properties>
                <failure>
                  <message><![CDATA[  Expected: less than 1.0f
  But was:  5.0f
]]></message>
                  <stack-trace><![CDATA[at TinyWalnutGames.MetVD.Tests.AINavigationTests.MovementEfficiencyMultiplier_AllArcMovementAbilities_StacksBonuses () [0x00070] in E:\Tiny_Walnut_Games\TWG-MetVanDamn\Assets\MetVanDAMN\Authoring\Tests\AINavigationTests.cs:663
]]></stack-trace>
                </failure>
              </test-case>
              <test-case id="1107" name="MovementEfficiencyMultiplier_ArcJumpWithBasicJump_ProvidesBonus" fullname="TinyWalnutGames.MetVD.Tests.AINavigationTests.MovementEfficiencyMultiplier_ArcJumpWithBasicJump_ProvidesBonus" methodname="MovementEfficiencyMultiplier_ArcJumpWithBasicJump_ProvidesBonus" classname="TinyWalnutGames.MetVD.Tests.AINavigationTests" runstate="Runnable" seed="1691312854" result="Passed" start-time="2025-09-08 19:35:29Z" end-time="2025-09-08 19:35:29Z" duration="0.000679" asserts="0">
                <properties>
                  <property name="retryIteration" value="0" />
                  <property name="repeatIteration" value="0" />
                </properties>
              </test-case>
              <test-case id="1096" name="NavigationComplexTest_MultipleGateConditions" fullname="TinyWalnutGames.MetVD.Tests.AINavigationTests.NavigationComplexTest_MultipleGateConditions" methodname="NavigationComplexTest_MultipleGateConditions" classname="TinyWalnutGames.MetVD.Tests.AINavigationTests" runstate="Runnable" seed="1991402910" result="Passed" start-time="2025-09-08 19:35:29Z" end-time="2025-09-08 19:35:29Z" duration="0.000678" asserts="0">
                <properties>
                  <property name="retryIteration" value="0" />
                  <property name="repeatIteration" value="0" />
                </properties>
              </test-case>
              <test-case id="1083" name="NavigationGraph_BasicCreation_IsValid" fullname="TinyWalnutGames.MetVD.Tests.AINavigationTests.NavigationGraph_BasicCreation_IsValid" methodname="NavigationGraph_BasicCreation_IsValid" classname="TinyWalnutGames.MetVD.Tests.AINavigationTests" runstate="Runnable" seed="547014995" result="Passed" start-time="2025-09-08 19:35:29Z" end-time="2025-09-08 19:35:29Z" duration="0.000606" asserts="0">
                <properties>
                  <property name="retryIteration" value="0" />
                  <property name="repeatIteration" value="0" />
                </properties>
              </test-case>
              <test-case id="1085" name="NavigationGraphBuildSystem_Creation_DoesNotThrow" fullname="TinyWalnutGames.MetVD.Tests.AINavigationTests.NavigationGraphBuildSystem_Creation_DoesNotThrow" methodname="NavigationGraphBuildSystem_Creation_DoesNotThrow" classname="TinyWalnutGames.MetVD.Tests.AINavigationTests" runstate="Runnable" seed="401194423" result="Passed" start-time="2025-09-08 19:35:29Z" end-time="2025-09-08 19:35:29Z" duration="0.004328" asserts="0">
                <properties>
                  <property name="retryIteration" value="0" />
                  <property name="repeatIteration" value="0" />
                </properties>
              </test-case>
              <test-case id="1094" name="NavigationIntegrationTest_FullScenario_WorksCorrectly" fullname="TinyWalnutGames.MetVD.Tests.AINavigationTests.NavigationIntegrationTest_FullScenario_WorksCorrectly" methodname="NavigationIntegrationTest_FullScenario_WorksCorrectly" classname="TinyWalnutGames.MetVD.Tests.AINavigationTests" runstate="Runnable" seed="895446210" result="Passed" start-time="2025-09-08 19:35:29Z" end-time="2025-09-08 19:35:29Z" duration="0.005796" asserts="0">
                <properties>
                  <property name="retryIteration" value="0" />
                  <property name="repeatIteration" value="0" />
                </properties>
              </test-case>
              <test-case id="1089" name="NavigationIssue_Creation_IsValid" fullname="TinyWalnutGames.MetVD.Tests.AINavigationTests.NavigationIssue_Creation_IsValid" methodname="NavigationIssue_Creation_IsValid" classname="TinyWalnutGames.MetVD.Tests.AINavigationTests" runstate="Runnable" seed="1306442156" result="Passed" start-time="2025-09-08 19:35:29Z" end-time="2025-09-08 19:35:29Z" duration="0.000884" asserts="0">
                <properties>
                  <property name="retryIteration" value="0" />
                  <property name="repeatIteration" value="0" />
                </properties>
              </test-case>
              <test-case id="1095" name="NavigationNegativeTest_AgentCannotTraverseHardGate" fullname="TinyWalnutGames.MetVD.Tests.AINavigationTests.NavigationNegativeTest_AgentCannotTraverseHardGate" methodname="NavigationNegativeTest_AgentCannotTraverseHardGate" classname="TinyWalnutGames.MetVD.Tests.AINavigationTests" runstate="Runnable" seed="876352658" result="Passed" start-time="2025-09-08 19:35:29Z" end-time="2025-09-08 19:35:29Z" duration="0.000560" asserts="0">
                <properties>
                  <property name="retryIteration" value="0" />
                  <property name="repeatIteration" value="0" />
                </properties>
              </test-case>
              <test-case id="1090" name="NavigationQuickFix_Creation_IsValid" fullname="TinyWalnutGames.MetVD.Tests.AINavigationTests.NavigationQuickFix_Creation_IsValid" methodname="NavigationQuickFix_Creation_IsValid" classname="TinyWalnutGames.MetVD.Tests.AINavigationTests" runstate="Runnable" seed="75153062" result="Passed" start-time="2025-09-08 19:35:29Z" end-time="2025-09-08 19:35:29Z" duration="0.000648" asserts="0">
                <properties>
                  <property name="retryIteration" value="0" />
                  <property name="repeatIteration" value="0" />
                </properties>
              </test-case>
              <test-case id="1088" name="NavigationValidationReport_Creation_IsValid" fullname="TinyWalnutGames.MetVD.Tests.AINavigationTests.NavigationValidationReport_Creation_IsValid" methodname="NavigationValidationReport_Creation_IsValid" classname="TinyWalnutGames.MetVD.Tests.AINavigationTests" runstate="Runnable" seed="2019413309" result="Passed" start-time="2025-09-08 19:35:29Z" end-time="2025-09-08 19:35:29Z" duration="0.004342" asserts="0">
                <properties>
                  <property name="retryIteration" value="0" />
                  <property name="repeatIteration" value="0" />
                </properties>
              </test-case>
              <test-case id="1087" name="NavigationValidationSystem_Creation_DoesNotThrow" fullname="TinyWalnutGames.MetVD.Tests.AINavigationTests.NavigationValidationSystem_Creation_DoesNotThrow" methodname="NavigationValidationSystem_Creation_DoesNotThrow" classname="TinyWalnutGames.MetVD.Tests.AINavigationTests" runstate="Runnable" seed="1370211796" result="Passed" start-time="2025-09-08 19:35:29Z" end-time="2025-09-08 19:35:29Z" duration="0.002131" asserts="0">
                <properties>
                  <property name="retryIteration" value="0" />
                  <property name="repeatIteration" value="0" />
                </properties>
              </test-case>
              <test-case id="1093" name="NavigationValidationUtility_GenerateQuickFixSuggestions_DoesNotThrow" fullname="TinyWalnutGames.MetVD.Tests.AINavigationTests.NavigationValidationUtility_GenerateQuickFixSuggestions_DoesNotThrow" methodname="NavigationValidationUtility_GenerateQuickFixSuggestions_DoesNotThrow" classname="TinyWalnutGames.MetVD.Tests.AINavigationTests" runstate="Runnable" seed="1149406003" result="Passed" start-time="2025-09-08 19:35:29Z" end-time="2025-09-08 19:35:29Z" duration="0.003082" asserts="0">
                <properties>
                  <property name="retryIteration" value="0" />
                  <property name="repeatIteration" value="0" />
                </properties>
              </test-case>
              <test-case id="1091" name="NavigationValidationUtility_GenerateValidationReport_DoesNotThrow" fullname="TinyWalnutGames.MetVD.Tests.AINavigationTests.NavigationValidationUtility_GenerateValidationReport_DoesNotThrow" methodname="NavigationValidationUtility_GenerateValidationReport_DoesNotThrow" classname="TinyWalnutGames.MetVD.Tests.AINavigationTests" runstate="Runnable" seed="1811412683" result="Passed" start-time="2025-09-08 19:35:29Z" end-time="2025-09-08 19:35:29Z" duration="0.002972" asserts="0">
                <properties>
                  <property name="retryIteration" value="0" />
                  <property name="repeatIteration" value="0" />
                </properties>
              </test-case>
              <test-case id="1092" name="NavigationValidationUtility_IsPathPossible_ReturnsExpectedResult" fullname="TinyWalnutGames.MetVD.Tests.AINavigationTests.NavigationValidationUtility_IsPathPossible_ReturnsExpectedResult" methodname="NavigationValidationUtility_IsPathPossible_ReturnsExpectedResult" classname="TinyWalnutGames.MetVD.Tests.AINavigationTests" runstate="Runnable" seed="1222891043" result="Failed" start-time="2025-09-08 19:35:29Z" end-time="2025-09-08 19:35:29Z" duration="0.001962" asserts="0">
                <properties>
                  <property name="retryIteration" value="0" />
                  <property name="repeatIteration" value="0" />
                </properties>
                <failure>
                  <message><![CDATA[  Expected: True
  But was:  False
]]></message>
                  <stack-trace><![CDATA[at TinyWalnutGames.MetVD.Tests.AINavigationTests.NavigationValidationUtility_IsPathPossible_ReturnsExpectedResult () [0x0002a] in E:\Tiny_Walnut_Games\TWG-MetVanDamn\Assets\MetVanDAMN\Authoring\Tests\AINavigationTests.cs:349
]]></stack-trace>
                </failure>
              </test-case>
              <test-case id="1073" name="NavLink_BasicCreation_IsValid" fullname="TinyWalnutGames.MetVD.Tests.AINavigationTests.NavLink_BasicCreation_IsValid" methodname="NavLink_BasicCreation_IsValid" classname="TinyWalnutGames.MetVD.Tests.AINavigationTests" runstate="Runnable" seed="642759727" result="Passed" start-time="2025-09-08 19:35:29Z" end-time="2025-09-08 19:35:29Z" duration="0.000663" asserts="0">
                <properties>
                  <property name="retryIteration" value="0" />
                  <property name="repeatIteration" value="0" />
                </properties>
              </test-case>
              <test-case id="1105" name="NavLink_CalculateArcTraversalCost_DownwardMovement_LowerCost" fullname="TinyWalnutGames.MetVD.Tests.AINavigationTests.NavLink_CalculateArcTraversalCost_DownwardMovement_LowerCost" methodname="NavLink_CalculateArcTraversalCost_DownwardMovement_LowerCost" classname="TinyWalnutGames.MetVD.Tests.AINavigationTests" runstate="Runnable" seed="1908520473" result="Passed" start-time="2025-09-08 19:35:29Z" end-time="2025-09-08 19:35:29Z" duration="0.000620" asserts="0">
                <properties>
                  <property name="retryIteration" value="0" />
                  <property name="repeatIteration" value="0" />
                </properties>
              </test-case>
              <test-case id="1104" name="NavLink_CalculateArcTraversalCost_ImpossibleJump_ReturnsHighCost" fullname="TinyWalnutGames.MetVD.Tests.AINavigationTests.NavLink_CalculateArcTraversalCost_ImpossibleJump_ReturnsHighCost" methodname="NavLink_CalculateArcTraversalCost_ImpossibleJump_ReturnsHighCost" classname="TinyWalnutGames.MetVD.Tests.AINavigationTests" runstate="Runnable" seed="1465350238" result="Passed" start-time="2025-09-08 19:35:29Z" end-time="2025-09-08 19:35:29Z" duration="0.000591" asserts="0">
                <properties>
                  <property name="retryIteration" value="0" />
                  <property name="repeatIteration" value="0" />
                </properties>
              </test-case>
              <test-case id="1100" name="NavLink_CalculateArcTraversalCost_WithArcJump_ProvidesBetterControl" fullname="TinyWalnutGames.MetVD.Tests.AINavigationTests.NavLink_CalculateArcTraversalCost_WithArcJump_ProvidesBetterControl" methodname="NavLink_CalculateArcTraversalCost_WithArcJump_ProvidesBetterControl" classname="TinyWalnutGames.MetVD.Tests.AINavigationTests" runstate="Runnable" seed="899825111" result="Passed" start-time="2025-09-08 19:35:29Z" end-time="2025-09-08 19:35:29Z" duration="0.000645" asserts="0">
                <properties>
                  <property name="retryIteration" value="0" />
                  <property name="repeatIteration" value="0" />
                </properties>
              </test-case>
              <test-case id="1098" name="NavLink_CalculateArcTraversalCost_WithBasicJump_ReturnsCorrectCost" fullname="TinyWalnutGames.MetVD.Tests.AINavigationTests.NavLink_CalculateArcTraversalCost_WithBasicJump_ReturnsCorrectCost" methodname="NavLink_CalculateArcTraversalCost_WithBasicJump_ReturnsCorrectCost" classname="TinyWalnutGames.MetVD.Tests.AINavigationTests" runstate="Runnable" seed="76156753" result="Passed" start-time="2025-09-08 19:35:29Z" end-time="2025-09-08 19:35:29Z" duration="0.000602" asserts="0">
                <properties>
                  <property name="retryIteration" value="0" />
                  <property name="repeatIteration" value="0" />
                </properties>
              </test-case>
              <test-case id="1101" name="NavLink_CalculateArcTraversalCost_WithChargedJump_HandlesVariableHeight" fullname="TinyWalnutGames.MetVD.Tests.AINavigationTests.NavLink_CalculateArcTraversalCost_WithChargedJump_HandlesVariableHeight" methodname="NavLink_CalculateArcTraversalCost_WithChargedJump_HandlesVariableHeight" classname="TinyWalnutGames.MetVD.Tests.AINavigationTests" runstate="Runnable" seed="1698197121" result="Passed" start-time="2025-09-08 19:35:29Z" end-time="2025-09-08 19:35:29Z" duration="0.000619" asserts="0">
                <properties>
                  <property name="retryIteration" value="0" />
                  <property name="repeatIteration" value="0" />
                </properties>
              </test-case>
              <test-case id="1099" name="NavLink_CalculateArcTraversalCost_WithDoubleJump_HandlesHigherJumps" fullname="TinyWalnutGames.MetVD.Tests.AINavigationTests.NavLink_CalculateArcTraversalCost_WithDoubleJump_HandlesHigherJumps" methodname="NavLink_CalculateArcTraversalCost_WithDoubleJump_HandlesHigherJumps" classname="TinyWalnutGames.MetVD.Tests.AINavigationTests" runstate="Runnable" seed="1233746461" result="Passed" start-time="2025-09-08 19:35:29Z" end-time="2025-09-08 19:35:29Z" duration="0.000609" asserts="0">
                <properties>
                  <property name="retryIteration" value="0" />
                  <property name="repeatIteration" value="0" />
                </properties>
              </test-case>
              <test-case id="1106" name="NavLink_CalculateArcTraversalCost_WithGlideSpeed_ReducesFallCost" fullname="TinyWalnutGames.MetVD.Tests.AINavigationTests.NavLink_CalculateArcTraversalCost_WithGlideSpeed_ReducesFallCost" methodname="NavLink_CalculateArcTraversalCost_WithGlideSpeed_ReducesFallCost" classname="TinyWalnutGames.MetVD.Tests.AINavigationTests" runstate="Runnable" seed="1343850523" result="Passed" start-time="2025-09-08 19:35:29Z" end-time="2025-09-08 19:35:29Z" duration="0.000648" asserts="0">
                <properties>
                  <property name="retryIteration" value="0" />
                  <property name="repeatIteration" value="0" />
                </properties>
              </test-case>
              <test-case id="1103" name="NavLink_CalculateArcTraversalCost_WithGrapple_HandlesArcTrajectory" fullname="TinyWalnutGames.MetVD.Tests.AINavigationTests.NavLink_CalculateArcTraversalCost_WithGrapple_HandlesArcTrajectory" methodname="NavLink_CalculateArcTraversalCost_WithGrapple_HandlesArcTrajectory" classname="TinyWalnutGames.MetVD.Tests.AINavigationTests" runstate="Runnable" seed="301007213" result="Passed" start-time="2025-09-08 19:35:29Z" end-time="2025-09-08 19:35:29Z" duration="0.000590" asserts="0">
                <properties>
                  <property name="retryIteration" value="0" />
                  <property name="repeatIteration" value="0" />
                </properties>
              </test-case>
              <test-case id="1102" name="NavLink_CalculateArcTraversalCost_WithTeleportArc_HandlesLongDistances" fullname="TinyWalnutGames.MetVD.Tests.AINavigationTests.NavLink_CalculateArcTraversalCost_WithTeleportArc_HandlesLongDistances" methodname="NavLink_CalculateArcTraversalCost_WithTeleportArc_HandlesLongDistances" classname="TinyWalnutGames.MetVD.Tests.AINavigationTests" runstate="Runnable" seed="603674128" result="Passed" start-time="2025-09-08 19:35:29Z" end-time="2025-09-08 19:35:29Z" duration="0.000633" asserts="0">
                <properties>
                  <property name="retryIteration" value="0" />
                  <property name="repeatIteration" value="0" />
                </properties>
              </test-case>
              <test-case id="1080" name="NavLink_CalculateTraversalCost_WithPolarityMismatch_IncreasesBaseCost" fullname="TinyWalnutGames.MetVD.Tests.AINavigationTests.NavLink_CalculateTraversalCost_WithPolarityMismatch_IncreasesBaseCost" methodname="NavLink_CalculateTraversalCost_WithPolarityMismatch_IncreasesBaseCost" classname="TinyWalnutGames.MetVD.Tests.AINavigationTests" runstate="Runnable" seed="1201789024" result="Passed" start-time="2025-09-08 19:35:29Z" end-time="2025-09-08 19:35:29Z" duration="0.000615" asserts="0">
                <properties>
                  <property name="retryIteration" value="0" />
                  <property name="repeatIteration" value="0" />
                </properties>
              </test-case>
              <test-case id="1077" name="NavLink_CanTraverseWith_MatchingCapabilities_ReturnsTrue" fullname="TinyWalnutGames.MetVD.Tests.AINavigationTests.NavLink_CanTraverseWith_MatchingCapabilities_ReturnsTrue" methodname="NavLink_CanTraverseWith_MatchingCapabilities_ReturnsTrue" classname="TinyWalnutGames.MetVD.Tests.AINavigationTests" runstate="Runnable" seed="1505118464" result="Passed" start-time="2025-09-08 19:35:29Z" end-time="2025-09-08 19:35:29Z" duration="0.000566" asserts="0">
                <properties>
                  <property name="retryIteration" value="0" />
                  <property name="repeatIteration" value="0" />
                </properties>
              </test-case>
              <test-case id="1078" name="NavLink_CanTraverseWith_MismatchedPolarity_ReturnsFalse" fullname="TinyWalnutGames.MetVD.Tests.AINavigationTests.NavLink_CanTraverseWith_MismatchedPolarity_ReturnsFalse" methodname="NavLink_CanTraverseWith_MismatchedPolarity_ReturnsFalse" classname="TinyWalnutGames.MetVD.Tests.AINavigationTests" runstate="Runnable" seed="715854295" result="Passed" start-time="2025-09-08 19:35:29Z" end-time="2025-09-08 19:35:29Z" duration="0.000540" asserts="0">
                <properties>
                  <property name="retryIteration" value="0" />
                  <property name="repeatIteration" value="0" />
                </properties>
              </test-case>
              <test-case id="1079" name="NavLink_CanTraverseWith_SoftGate_ReturnsTrue" fullname="TinyWalnutGames.MetVD.Tests.AINavigationTests.NavLink_CanTraverseWith_SoftGate_ReturnsTrue" methodname="NavLink_CanTraverseWith_SoftGate_ReturnsTrue" classname="TinyWalnutGames.MetVD.Tests.AINavigationTests" runstate="Runnable" seed="969644623" result="Passed" start-time="2025-09-08 19:35:29Z" end-time="2025-09-08 19:35:29Z" duration="0.000557" asserts="0">
                <properties>
                  <property name="retryIteration" value="0" />
                  <property name="repeatIteration" value="0" />
                </properties>
              </test-case>
              <test-case id="1081" name="NavLink_GetDestination_Bidirectional_ReturnsCorrectDestination" fullname="TinyWalnutGames.MetVD.Tests.AINavigationTests.NavLink_GetDestination_Bidirectional_ReturnsCorrectDestination" methodname="NavLink_GetDestination_Bidirectional_ReturnsCorrectDestination" classname="TinyWalnutGames.MetVD.Tests.AINavigationTests" runstate="Runnable" seed="1067905401" result="Passed" start-time="2025-09-08 19:35:29Z" end-time="2025-09-08 19:35:29Z" duration="0.000602" asserts="0">
                <properties>
                  <property name="retryIteration" value="0" />
                  <property name="repeatIteration" value="0" />
                </properties>
              </test-case>
              <test-case id="1082" name="NavLink_GetDestination_OneWay_ReturnsCorrectDestination" fullname="TinyWalnutGames.MetVD.Tests.AINavigationTests.NavLink_GetDestination_OneWay_ReturnsCorrectDestination" methodname="NavLink_GetDestination_OneWay_ReturnsCorrectDestination" classname="TinyWalnutGames.MetVD.Tests.AINavigationTests" runstate="Runnable" seed="1143214225" result="Passed" start-time="2025-09-08 19:35:29Z" end-time="2025-09-08 19:35:29Z" duration="0.000553" asserts="0">
                <properties>
                  <property name="retryIteration" value="0" />
                  <property name="repeatIteration" value="0" />
                </properties>
              </test-case>
              <test-case id="1072" name="NavNode_BasicCreation_IsValid" fullname="TinyWalnutGames.MetVD.Tests.AINavigationTests.NavNode_BasicCreation_IsValid" methodname="NavNode_BasicCreation_IsValid" classname="TinyWalnutGames.MetVD.Tests.AINavigationTests" runstate="Runnable" seed="262380328" result="Passed" start-time="2025-09-08 19:35:29Z" end-time="2025-09-08 19:35:29Z" duration="0.000875" asserts="0">
                <properties>
                  <property name="retryIteration" value="0" />
                  <property name="repeatIteration" value="0" />
                </properties>
              </test-case>
            </test-suite>
          </test-suite>
        </test-suite>
      </test-suite>
    </test-suite>
    <test-suite type="Assembly" id="1127" name="TinyWalnutGames.Tools.Editor.Tests.dll" fullname="E:/Tiny_Walnut_Games/TWG-MetVanDamn/Library/ScriptAssemblies/TinyWalnutGames.Tools.Editor.Tests.dll" runstate="Runnable" testcasecount="7" result="Failed" site="Child" start-time="2025-09-08 19:35:29Z" end-time="2025-09-08 19:35:29Z" duration="0.060079" total="7" passed="6" failed="1" inconclusive="0" skipped="0" asserts="0">
      <properties>
        <property name="_PID" value="21768" />
        <property name="_APPDOMAIN" value="Unity Child Domain" />
        <property name="platform" value="EditMode" />
        <property name="EditorOnly" value="True" />
      </properties>
      <failure>
        <message><![CDATA[One or more child tests had errors]]></message>
      </failure>
      <test-suite type="TestSuite" id="1128" name="TinyWalnutGames" fullname="TinyWalnutGames" runstate="Runnable" testcasecount="7" result="Failed" site="Child" start-time="2025-09-08 19:35:29Z" end-time="2025-09-08 19:35:29Z" duration="0.056216" total="7" passed="6" failed="1" inconclusive="0" skipped="0" asserts="0">
        <properties />
        <failure>
          <message><![CDATA[One or more child tests had errors]]></message>
        </failure>
        <test-suite type="TestSuite" id="1129" name="Tools" fullname="TinyWalnutGames.Tools" runstate="Runnable" testcasecount="7" result="Failed" site="Child" start-time="2025-09-08 19:35:29Z" end-time="2025-09-08 19:35:29Z" duration="0.052921" total="7" passed="6" failed="1" inconclusive="0" skipped="0" asserts="0">
          <properties />
          <failure>
            <message><![CDATA[One or more child tests had errors]]></message>
          </failure>
          <test-suite type="TestSuite" id="1130" name="Editor" fullname="TinyWalnutGames.Tools.Editor" runstate="Runnable" testcasecount="7" result="Failed" site="Child" start-time="2025-09-08 19:35:29Z" end-time="2025-09-08 19:35:29Z" duration="0.049977" total="7" passed="6" failed="1" inconclusive="0" skipped="0" asserts="0">
            <properties />
            <failure>
              <message><![CDATA[One or more child tests had errors]]></message>
            </failure>
            <test-suite type="TestSuite" id="1131" name="Tests" fullname="TinyWalnutGames.Tools.Editor.Tests" runstate="Runnable" testcasecount="7" result="Failed" site="Child" start-time="2025-09-08 19:35:29Z" end-time="2025-09-08 19:35:29Z" duration="0.047054" total="7" passed="6" failed="1" inconclusive="0" skipped="0" asserts="0">
              <properties />
              <failure>
                <message><![CDATA[One or more child tests had errors]]></message>
              </failure>
              <test-suite type="TestFixture" id="1119" name="BiomeRegionExtractorTests" fullname="TinyWalnutGames.Tools.Editor.Tests.BiomeRegionExtractorTests" classname="TinyWalnutGames.Tools.Editor.Tests.BiomeRegionExtractorTests" runstate="Runnable" testcasecount="7" result="Failed" site="Child" start-time="2025-09-08 19:35:29Z" end-time="2025-09-08 19:35:29Z" duration="0.043855" total="7" passed="6" failed="1" inconclusive="0" skipped="0" asserts="0">
                <properties />
                <failure>
                  <message><![CDATA[One or more child tests had errors]]></message>
                </failure>
                <test-case id="1121" name="BiomeMapping_DataStructure_WorksCorrectly" fullname="TinyWalnutGames.Tools.Editor.Tests.BiomeRegionExtractorTests.BiomeMapping_DataStructure_WorksCorrectly" methodname="BiomeMapping_DataStructure_WorksCorrectly" classname="TinyWalnutGames.Tools.Editor.Tests.BiomeRegionExtractorTests" runstate="Runnable" seed="1143094742" result="Passed" start-time="2025-09-08 19:35:29Z" end-time="2025-09-08 19:35:29Z" duration="0.005621" asserts="0">
                  <properties>
                    <property name="retryIteration" value="0" />
                    <property name="repeatIteration" value="0" />
                  </properties>
                </test-case>
                <test-case id="1122" name="BiomeMetadata_Serialization_WorksCorrectly" fullname="TinyWalnutGames.Tools.Editor.Tests.BiomeRegionExtractorTests.BiomeMetadata_Serialization_WorksCorrectly" methodname="BiomeMetadata_Serialization_WorksCorrectly" classname="TinyWalnutGames.Tools.Editor.Tests.BiomeRegionExtractorTests" runstate="Runnable" seed="1505884466" result="Passed" start-time="2025-09-08 19:35:29Z" end-time="2025-09-08 19:35:29Z" duration="0.005632" asserts="0">
                  <properties>
                    <property name="retryIteration" value="0" />
                    <property name="repeatIteration" value="0" />
                  </properties>
                </test-case>
                <test-case id="1120" name="BiomeRegionExtractor_CanBeCreated" fullname="TinyWalnutGames.Tools.Editor.Tests.BiomeRegionExtractorTests.BiomeRegionExtractor_CanBeCreated" methodname="BiomeRegionExtractor_CanBeCreated" classname="TinyWalnutGames.Tools.Editor.Tests.BiomeRegionExtractorTests" runstate="Runnable" seed="1689761779" result="Failed" start-time="2025-09-08 19:35:29Z" end-time="2025-09-08 19:35:29Z" duration="0.007321" asserts="0">
                  <properties>
                    <property name="retryIteration" value="0" />
                    <property name="repeatIteration" value="0" />
                  </properties>
                  <failure>
                    <message><![CDATA[  Expected: No Exception to be thrown
  But was:  <System.NullReferenceException: Object reference not set to an instance of an object
  at UnityEditor.EditorWindow.Close () [0x0006c] in <e926e9c7db684472928e12ac2693beec>:0 
  at TinyWalnutGames.Tools.Editor.Tests.BiomeRegionExtractorTests+<>c.<BiomeRegionExtractor_CanBeCreated>b__5_0 () [0x0000b] in E:\Tiny_Walnut_Games\TWG-MetVanDamn\Assets\Tools\Editor\Tests\BiomeRegionExtractorTests.cs:68 
  at NUnit.Framework.Constraints.ThrowsConstraint+VoidInvocationDescriptor.Invoke () [0x00000] in <f577cd9686154d6ab10efd7e65e64366>:0 
  at NUnit.Framework.Constraints.ThrowsConstraint+ExceptionInterceptor.Intercept (System.Object invocation) [0x00041] in <f577cd9686154d6ab10efd7e65e64366>:0 >
]]></message>
                    <stack-trace><![CDATA[at TinyWalnutGames.Tools.Editor.Tests.BiomeRegionExtractorTests.BiomeRegionExtractor_CanBeCreated () [0x00000] in E:\Tiny_Walnut_Games\TWG-MetVanDamn\Assets\Tools\Editor\Tests\BiomeRegionExtractorTests.cs:64
]]></stack-trace>
                  </failure>
                </test-case>
                <test-case id="1125" name="CellSizeValidation_DetectsInvalidValues" fullname="TinyWalnutGames.Tools.Editor.Tests.BiomeRegionExtractorTests.CellSizeValidation_DetectsInvalidValues" methodname="CellSizeValidation_DetectsInvalidValues" classname="TinyWalnutGames.Tools.Editor.Tests.BiomeRegionExtractorTests" runstate="Runnable" seed="419581277" result="Passed" start-time="2025-09-08 19:35:29Z" end-time="2025-09-08 19:35:29Z" duration="0.004914" asserts="0">
                  <properties>
                    <property name="retryIteration" value="0" />
                    <property name="repeatIteration" value="0" />
                  </properties>
                </test-case>
                <test-case id="1123" name="ColorComparison_WithTolerance_WorksCorrectly" fullname="TinyWalnutGames.Tools.Editor.Tests.BiomeRegionExtractorTests.ColorComparison_WithTolerance_WorksCorrectly" methodname="ColorComparison_WithTolerance_WorksCorrectly" classname="TinyWalnutGames.Tools.Editor.Tests.BiomeRegionExtractorTests" runstate="Runnable" seed="1361417267" result="Passed" start-time="2025-09-08 19:35:29Z" end-time="2025-09-08 19:35:29Z" duration="0.004947" asserts="0">
                  <properties>
                    <property name="retryIteration" value="0" />
                    <property name="repeatIteration" value="0" />
                  </properties>
                </test-case>
                <test-case id="1124" name="FileNamingPattern_Replacement_WorksCorrectly" fullname="TinyWalnutGames.Tools.Editor.Tests.BiomeRegionExtractorTests.FileNamingPattern_Replacement_WorksCorrectly" methodname="FileNamingPattern_Replacement_WorksCorrectly" classname="TinyWalnutGames.Tools.Editor.Tests.BiomeRegionExtractorTests" runstate="Runnable" seed="1517119862" result="Passed" start-time="2025-09-08 19:35:29Z" end-time="2025-09-08 19:35:29Z" duration="0.004829" asserts="0">
                  <properties>
                    <property name="retryIteration" value="0" />
                    <property name="repeatIteration" value="0" />
                  </properties>
                </test-case>
                <test-case id="1126" name="GridDimensions_CalculatedCorrectly" fullname="TinyWalnutGames.Tools.Editor.Tests.BiomeRegionExtractorTests.GridDimensions_CalculatedCorrectly" methodname="GridDimensions_CalculatedCorrectly" classname="TinyWalnutGames.Tools.Editor.Tests.BiomeRegionExtractorTests" runstate="Runnable" seed="1052725423" result="Passed" start-time="2025-09-08 19:35:29Z" end-time="2025-09-08 19:35:29Z" duration="0.004879" asserts="0">
                  <properties>
                    <property name="retryIteration" value="0" />
                    <property name="repeatIteration" value="0" />
                  </properties>
                  <output><![CDATA[Saving results to: C:/Users/Jerry/AppData/LocalLow/DefaultCompany/TWG-MetVanDamn\TestResults.xml
]]></output>
                </test-case>
              </test-suite>
            </test-suite>
          </test-suite>
        </test-suite>
      </test-suite>
    </test-suite>
  </test-suite>
</test-run>